[0.007s] Invoking command in '/home/tdt/tool/ros/build/my_msgs': CMAKE_PREFIX_PATH=${CMAKE_PREFIX_PATH}:/opt/ros/humble /usr/bin/cmake --build /home/tdt/tool/ros/build/my_msgs -- -j24 -l24
[0.043s] [  3%] Built target my_msgs__cpp
[0.046s] [ 12%] Built target my_msgs__rosidl_generator_c
[0.051s] [ 12%] Built target ament_cmake_python_copy_my_msgs
[0.061s] [ 22%] Built target my_msgs__rosidl_typesupport_fastrtps_cpp
[0.064s] [ 32%] Built target my_msgs__rosidl_typesupport_introspection_cpp
[0.065s] [ 51%] Built target my_msgs__rosidl_typesupport_introspection_c
[0.065s] [ 51%] Built target my_msgs__rosidl_typesupport_cpp
[0.065s] [ 61%] Built target my_msgs__rosidl_typesupport_c
[0.065s] [ 70%] Built target my_msgs__rosidl_typesupport_fastrtps_c
[0.076s] [ 70%] Built target my_msgs
[0.089s] [ 74%] Built target my_msgs__py
[0.103s] [ 80%] Built target my_msgs__rosidl_generator_py
[0.119s] [ 93%] Built target my_msgs__rosidl_typesupport_fastrtps_c__pyext
[0.119s] [ 93%] Built target my_msgs__rosidl_typesupport_introspection_c__pyext
[0.120s] [100%] Built target my_msgs__rosidl_typesupport_c__pyext
[0.175s] running egg_info
[0.175s] writing my_msgs.egg-info/PKG-INFO
[0.175s] writing dependency_links to my_msgs.egg-info/dependency_links.txt
[0.175s] writing top-level names to my_msgs.egg-info/top_level.txt
[0.176s] reading manifest file 'my_msgs.egg-info/SOURCES.txt'
[0.176s] writing manifest file 'my_msgs.egg-info/SOURCES.txt'
[0.191s] [100%] Built target ament_cmake_python_build_my_msgs_egg
