[0.005s] Invoking command in '/home/tdt/tool/ros/project1/build/project1': CMAKE_PREFIX_PATH=${CMAKE_PREFIX_PATH}:/opt/ros/humble /usr/bin/cmake --build /home/tdt/tool/ros/project1/build/project1 -- -j24 -l24
[0.018s] -- Found ament_cmake: 1.3.12 (/opt/ros/humble/share/ament_cmake/cmake)
[0.075s] -- Found ament_cmake_auto: 1.3.12 (/opt/ros/humble/share/ament_cmake_auto/cmake)
[0.102s] -- Using all available rosidl_typesupport_c: rosidl_typesupport_fastrtps_c;rosidl_typesupport_introspection_c
[0.103s] -- Found rosidl_adapter: 3.1.7 (/opt/ros/humble/share/rosidl_adapter/cmake)
[0.118s] -- Using all available rosidl_typesupport_cpp: rosidl_typesupport_fastrtps_cpp;rosidl_typesupport_introspection_cpp
[0.142s] -- Found rmw_implementation_cmake: 6.1.2 (/opt/ros/humble/share/rmw_implementation_cmake/cmake)
[0.143s] -- Found rmw_fastrtps_cpp: 6.2.8 (/opt/ros/humble/share/rmw_fastrtps_cpp/cmake)
[0.183s] -- Using RMW implementation 'rmw_fastrtps_cpp' as default
[0.205s] [31mCMake Error at /opt/ros/humble/share/rosidl_cmake/cmake/rosidl_generate_interfaces.cmake:93 (message):
[0.205s]   rosidl_generate_interfaces() the passed file 'msg/1.msg' doesn't exist
[0.205s]   relative to the CMAKE_CURRENT_SOURCE_DIR '/home/tdt/tool/ros/project1'
[0.205s] Call Stack (most recent call first):
[0.205s]   CMakeLists.txt:18 (rosidl_generate_interfaces)
[0.205s] 
[0.205s] -- Configuring incomplete, errors occurred!
[0.205s] See also "/home/tdt/tool/ros/project1/build/project1/CMakeFiles/CMakeOutput.log".
[0.205s] [0m
[0.207s] gmake: *** [Makefile:308: cmake_check_build_system] Error 1
[0.209s] Invoked command in '/home/tdt/tool/ros/project1/build/project1' returned '2': CMAKE_PREFIX_PATH=${CMAKE_PREFIX_PATH}:/opt/ros/humble /usr/bin/cmake --build /home/tdt/tool/ros/project1/build/project1 -- -j24 -l24
