[0.011s] Invoking command in '/home/tdt/tool/ros/build/project1': CMAKE_PREFIX_PATH=${CMAKE_PREFIX_PATH}:/opt/ros/humble /usr/bin/cmake /home/tdt/tool/ros/src/project1 -DCMAKE_INSTALL_PREFIX=/home/tdt/tool/ros/install/project1
[0.015s] -- Found ament_cmake: 1.3.12 (/opt/ros/humble/share/ament_cmake/cmake)
[0.085s] -- Found ament_cmake_auto: 1.3.12 (/opt/ros/humble/share/ament_cmake_auto/cmake)
[0.122s] -- Using all available rosidl_typesupport_c: rosidl_typesupport_fastrtps_c;rosidl_typesupport_introspection_c
[0.123s] -- Found rosidl_adapter: 3.1.7 (/opt/ros/humble/share/rosidl_adapter/cmake)
[0.139s] -- Using all available rosidl_typesupport_cpp: rosidl_typesupport_fastrtps_cpp;rosidl_typesupport_introspection_cpp
[0.169s] -- Found rmw_implementation_cmake: 6.1.2 (/opt/ros/humble/share/rmw_implementation_cmake/cmake)
[0.170s] -- Found rmw_fastrtps_cpp: 6.2.8 (/opt/ros/humble/share/rmw_fastrtps_cpp/cmake)
[0.222s] -- Using RMW implementation 'rmw_fastrtps_cpp' as default
[0.248s] [31mCMake Error at /opt/ros/humble/share/rosidl_cmake/cmake/rosidl_generate_interfaces.cmake:93 (message):
[0.248s]   rosidl_generate_interfaces() the passed file '../my_msgs/msg/1.msg' doesn't
[0.248s]   exist relative to the CMAKE_CURRENT_SOURCE_DIR
[0.248s]   '/home/tdt/tool/ros/src/project1'
[0.248s] Call Stack (most recent call first):
[0.248s]   CMakeLists.txt:18 (rosidl_generate_interfaces)
[0.248s] 
[0.248s] [0m
[0.248s] -- Configuring incomplete, errors occurred!
[0.248s] See also "/home/tdt/tool/ros/build/project1/CMakeFiles/CMakeOutput.log".
[0.252s] Invoked command in '/home/tdt/tool/ros/build/project1' returned '1': CMAKE_PREFIX_PATH=${CMAKE_PREFIX_PATH}:/opt/ros/humble /usr/bin/cmake /home/tdt/tool/ros/src/project1 -DCMAKE_INSTALL_PREFIX=/home/tdt/tool/ros/install/project1
