-- Found ament_cmake: 1.3.12 (/opt/ros/humble/share/ament_cmake/cmake)
-- Found rosidl_default_generators: 1.2.0 (/opt/ros/humble/share/rosidl_default_generators/cmake)
-- Using all available rosidl_typesupport_c: rosidl_typesupport_fastrtps_c;rosidl_typesupport_introspection_c
-- Found rosidl_adapter: 3.1.7 (/opt/ros/humble/share/rosidl_adapter/cmake)
-- Using all available rosidl_typesupport_cpp: rosidl_typesupport_fastrtps_cpp;rosidl_typesupport_introspection_cpp
-- Found ament_cmake_ros: 0.10.0 (/opt/ros/humble/share/ament_cmake_ros/cmake)
-- Using all available rosidl_typesupport_c: rosidl_typesupport_fastrtps_c;rosidl_typesupport_introspection_c
-- Using all available rosidl_typesupport_cpp: rosidl_typesupport_fastrtps_cpp;rosidl_typesupport_introspection_cpp
-- Found python_cmake_module: 0.10.0 (/opt/ros/humble/share/python_cmake_module/cmake)
-- Using PYTHON_EXECUTABLE: /usr/bin/python3
-- Using PYTHON_INCLUDE_DIRS: /usr/include/python3.10
-- Using PYTHON_LIBRARIES: /usr/lib/x86_64-linux-gnu/libpython3.10.so
-- Configuring done
-- Generating done
-- Build files have been written to: /home/tdt/tool/ros/build/my_msgs
[  3%] [34m[1mGenerating C code for ROS interfaces[0m
[  6%] [34m[1mGenerating C++ code for ROS interfaces[0m
[  6%] Built target ament_cmake_python_copy_my_msgs
[  6%] Built target my_msgs__cpp
running egg_info
writing my_msgs.egg-info/PKG-INFO
writing dependency_links to my_msgs.egg-info/dependency_links.txt
writing top-level names to my_msgs.egg-info/top_level.txt
[35m[1mConsolidate compiler generated dependencies of target my_msgs__rosidl_generator_c[0m
reading manifest file 'my_msgs.egg-info/SOURCES.txt'
writing manifest file 'my_msgs.egg-info/SOURCES.txt'
[ 12%] [34m[1mGenerating C++ type support dispatch for ROS interfaces[0m
[ 12%] [34m[1mGenerating C++ type support for eProsima Fast-RTPS[0m
[ 16%] [34m[1mGenerating C++ introspection for ROS interfaces[0m
[ 19%] [32mBuilding C object CMakeFiles/my_msgs__rosidl_generator_c.dir/rosidl_generator_c/my_msgs/msg/detail/msg1__functions.c.o[0m
[ 19%] Built target ament_cmake_python_build_my_msgs_egg
[ 22%] [32m[1mLinking C shared library libmy_msgs__rosidl_generator_c.so[0m
[ 22%] Built target my_msgs__rosidl_generator_c
[ 25%] [34m[1mGenerating C type support dispatch for ROS interfaces[0m
[ 32%] [34m[1mGenerating C introspection for ROS interfaces[0m
[ 32%] [34m[1mGenerating C type support for eProsima Fast-RTPS[0m
[35m[1mConsolidate compiler generated dependencies of target my_msgs__rosidl_typesupport_fastrtps_cpp[0m
[35m[1mConsolidate compiler generated dependencies of target my_msgs__rosidl_typesupport_cpp[0m
[ 35%] [32mBuilding CXX object CMakeFiles/my_msgs__rosidl_typesupport_fastrtps_cpp.dir/rosidl_typesupport_fastrtps_cpp/my_msgs/msg/detail/dds_fastrtps/msg1__type_support.cpp.o[0m
[35m[1mConsolidate compiler generated dependencies of target my_msgs__rosidl_typesupport_introspection_cpp[0m
[ 38%] [32mBuilding CXX object CMakeFiles/my_msgs__rosidl_typesupport_cpp.dir/rosidl_typesupport_cpp/my_msgs/msg/msg1__type_support.cpp.o[0m
[ 41%] [32mBuilding CXX object CMakeFiles/my_msgs__rosidl_typesupport_introspection_cpp.dir/rosidl_typesupport_introspection_cpp/my_msgs/msg/detail/msg1__type_support.cpp.o[0m
[35m[1mConsolidate compiler generated dependencies of target my_msgs__rosidl_typesupport_c[0m
[ 45%] [32mBuilding CXX object CMakeFiles/my_msgs__rosidl_typesupport_c.dir/rosidl_typesupport_c/my_msgs/msg/msg1__type_support.cpp.o[0m
[35m[1mConsolidate compiler generated dependencies of target my_msgs__rosidl_typesupport_fastrtps_c[0m
[35m[1mConsolidate compiler generated dependencies of target my_msgs__rosidl_typesupport_introspection_c[0m
[ 48%] [32mBuilding CXX object CMakeFiles/my_msgs__rosidl_typesupport_fastrtps_c.dir/rosidl_typesupport_fastrtps_c/my_msgs/msg/detail/msg1__type_support_c.cpp.o[0m
[ 51%] [32mBuilding C object CMakeFiles/my_msgs__rosidl_typesupport_introspection_c.dir/rosidl_typesupport_introspection_c/my_msgs/msg/detail/msg1__type_support.c.o[0m
[ 54%] [32m[1mLinking CXX shared library libmy_msgs__rosidl_typesupport_c.so[0m
[ 58%] [32m[1mLinking C shared library libmy_msgs__rosidl_typesupport_introspection_c.so[0m
[ 58%] Built target my_msgs__rosidl_typesupport_c
[ 61%] Built target my_msgs__rosidl_typesupport_introspection_c
[ 61%] [32m[1mLinking CXX shared library libmy_msgs__rosidl_typesupport_cpp.so[0m
[ 61%] Built target my_msgs__rosidl_typesupport_cpp
[ 64%] [32m[1mLinking CXX shared library libmy_msgs__rosidl_typesupport_introspection_cpp.so[0m
[ 67%] [32m[1mLinking CXX shared library libmy_msgs__rosidl_typesupport_fastrtps_cpp.so[0m
[ 67%] Built target my_msgs__rosidl_typesupport_introspection_cpp
[ 67%] Built target my_msgs__rosidl_typesupport_fastrtps_cpp
[ 70%] [32m[1mLinking CXX shared library libmy_msgs__rosidl_typesupport_fastrtps_c.so[0m
[ 70%] Built target my_msgs__rosidl_typesupport_fastrtps_c
[ 70%] Built target my_msgs
[ 74%] [34m[1mGenerating Python code for ROS interfaces[0m
[ 74%] Built target my_msgs__py
[35m[1mConsolidate compiler generated dependencies of target my_msgs__rosidl_generator_py[0m
[ 77%] [32mBuilding C object CMakeFiles/my_msgs__rosidl_generator_py.dir/rosidl_generator_py/my_msgs/msg/_msg1_s.c.o[0m
[ 80%] [32m[1mLinking C shared library rosidl_generator_py/my_msgs/libmy_msgs__rosidl_generator_py.so[0m
[ 80%] Built target my_msgs__rosidl_generator_py
[35m[1mConsolidate compiler generated dependencies of target my_msgs__rosidl_typesupport_fastrtps_c__pyext[0m
[35m[1mConsolidate compiler generated dependencies of target my_msgs__rosidl_typesupport_c__pyext[0m
[35m[1mConsolidate compiler generated dependencies of target my_msgs__rosidl_typesupport_introspection_c__pyext[0m
[ 83%] [32mBuilding C object CMakeFiles/my_msgs__rosidl_typesupport_fastrtps_c__pyext.dir/rosidl_generator_py/my_msgs/_my_msgs_s.ep.rosidl_typesupport_fastrtps_c.c.o[0m
[ 90%] [32mBuilding C object CMakeFiles/my_msgs__rosidl_typesupport_c__pyext.dir/rosidl_generator_py/my_msgs/_my_msgs_s.ep.rosidl_typesupport_c.c.o[0m
[ 90%] [32mBuilding C object CMakeFiles/my_msgs__rosidl_typesupport_introspection_c__pyext.dir/rosidl_generator_py/my_msgs/_my_msgs_s.ep.rosidl_typesupport_introspection_c.c.o[0m
[ 93%] [32m[1mLinking C shared library rosidl_generator_py/my_msgs/my_msgs_s__rosidl_typesupport_fastrtps_c.cpython-310-x86_64-linux-gnu.so[0m
[100%] [32m[1mLinking C shared library rosidl_generator_py/my_msgs/my_msgs_s__rosidl_typesupport_c.cpython-310-x86_64-linux-gnu.so[0m
[ 96%] [32m[1mLinking C shared library rosidl_generator_py/my_msgs/my_msgs_s__rosidl_typesupport_introspection_c.cpython-310-x86_64-linux-gnu.so[0m
[100%] Built target my_msgs__rosidl_typesupport_fastrtps_c__pyext
[100%] Built target my_msgs__rosidl_typesupport_c__pyext
[100%] Built target my_msgs__rosidl_typesupport_introspection_c__pyext
-- Install configuration: ""
-- Up-to-date: /home/tdt/tool/ros/install/my_msgs/share/ament_index/resource_index/rosidl_interfaces/my_msgs
-- Up-to-date: /home/tdt/tool/ros/install/my_msgs/include/my_msgs/my_msgs
-- Up-to-date: /home/tdt/tool/ros/install/my_msgs/include/my_msgs/my_msgs/msg
-- Up-to-date: /home/tdt/tool/ros/install/my_msgs/include/my_msgs/my_msgs/msg/detail
-- Installing: /home/tdt/tool/ros/install/my_msgs/include/my_msgs/my_msgs/msg/detail/msg1__functions.h
-- Installing: /home/tdt/tool/ros/install/my_msgs/include/my_msgs/my_msgs/msg/detail/msg1__functions.c
-- Installing: /home/tdt/tool/ros/install/my_msgs/include/my_msgs/my_msgs/msg/detail/msg1__struct.h
-- Installing: /home/tdt/tool/ros/install/my_msgs/include/my_msgs/my_msgs/msg/detail/msg1__type_support.h
-- Installing: /home/tdt/tool/ros/install/my_msgs/include/my_msgs/my_msgs/msg/msg1.h
-- Up-to-date: /home/tdt/tool/ros/install/my_msgs/include/my_msgs/my_msgs/msg/rosidl_generator_c__visibility_control.h
-- Up-to-date: /home/tdt/tool/ros/install/my_msgs/share/my_msgs/environment/library_path.sh
-- Installing: /home/tdt/tool/ros/install/my_msgs/share/my_msgs/environment/library_path.dsv
-- Installing: /home/tdt/tool/ros/install/my_msgs/lib/libmy_msgs__rosidl_generator_c.so
-- Set runtime path of "/home/tdt/tool/ros/install/my_msgs/lib/libmy_msgs__rosidl_generator_c.so" to ""
-- Up-to-date: /home/tdt/tool/ros/install/my_msgs/include/my_msgs/my_msgs
-- Up-to-date: /home/tdt/tool/ros/install/my_msgs/include/my_msgs/my_msgs/msg
-- Up-to-date: /home/tdt/tool/ros/install/my_msgs/include/my_msgs/my_msgs/msg/detail
-- Installing: /home/tdt/tool/ros/install/my_msgs/include/my_msgs/my_msgs/msg/detail/msg1__rosidl_typesupport_fastrtps_c.h
-- Up-to-date: /home/tdt/tool/ros/install/my_msgs/include/my_msgs/my_msgs/msg/rosidl_typesupport_fastrtps_c__visibility_control.h
-- Installing: /home/tdt/tool/ros/install/my_msgs/lib/libmy_msgs__rosidl_typesupport_fastrtps_c.so
-- Set runtime path of "/home/tdt/tool/ros/install/my_msgs/lib/libmy_msgs__rosidl_typesupport_fastrtps_c.so" to ""
-- Up-to-date: /home/tdt/tool/ros/install/my_msgs/include/my_msgs/my_msgs
-- Up-to-date: /home/tdt/tool/ros/install/my_msgs/include/my_msgs/my_msgs/msg
-- Up-to-date: /home/tdt/tool/ros/install/my_msgs/include/my_msgs/my_msgs/msg/detail
-- Installing: /home/tdt/tool/ros/install/my_msgs/include/my_msgs/my_msgs/msg/detail/msg1__type_support.c
-- Installing: /home/tdt/tool/ros/install/my_msgs/include/my_msgs/my_msgs/msg/detail/msg1__rosidl_typesupport_introspection_c.h
-- Up-to-date: /home/tdt/tool/ros/install/my_msgs/include/my_msgs/my_msgs/msg/rosidl_typesupport_introspection_c__visibility_control.h
-- Installing: /home/tdt/tool/ros/install/my_msgs/lib/libmy_msgs__rosidl_typesupport_introspection_c.so
-- Set runtime path of "/home/tdt/tool/ros/install/my_msgs/lib/libmy_msgs__rosidl_typesupport_introspection_c.so" to ""
-- Installing: /home/tdt/tool/ros/install/my_msgs/lib/libmy_msgs__rosidl_typesupport_c.so
-- Set runtime path of "/home/tdt/tool/ros/install/my_msgs/lib/libmy_msgs__rosidl_typesupport_c.so" to ""
-- Up-to-date: /home/tdt/tool/ros/install/my_msgs/include/my_msgs/my_msgs
-- Up-to-date: /home/tdt/tool/ros/install/my_msgs/include/my_msgs/my_msgs/msg
-- Up-to-date: /home/tdt/tool/ros/install/my_msgs/include/my_msgs/my_msgs/msg/detail
-- Installing: /home/tdt/tool/ros/install/my_msgs/include/my_msgs/my_msgs/msg/detail/msg1__builder.hpp
-- Installing: /home/tdt/tool/ros/install/my_msgs/include/my_msgs/my_msgs/msg/detail/msg1__traits.hpp
-- Installing: /home/tdt/tool/ros/install/my_msgs/include/my_msgs/my_msgs/msg/detail/msg1__type_support.hpp
-- Installing: /home/tdt/tool/ros/install/my_msgs/include/my_msgs/my_msgs/msg/detail/msg1__struct.hpp
-- Up-to-date: /home/tdt/tool/ros/install/my_msgs/include/my_msgs/my_msgs/msg/rosidl_generator_cpp__visibility_control.hpp
-- Installing: /home/tdt/tool/ros/install/my_msgs/include/my_msgs/my_msgs/msg/msg1.hpp
-- Up-to-date: /home/tdt/tool/ros/install/my_msgs/include/my_msgs/my_msgs
-- Up-to-date: /home/tdt/tool/ros/install/my_msgs/include/my_msgs/my_msgs/msg
-- Up-to-date: /home/tdt/tool/ros/install/my_msgs/include/my_msgs/my_msgs/msg/detail
-- Up-to-date: /home/tdt/tool/ros/install/my_msgs/include/my_msgs/my_msgs/msg/detail/dds_fastrtps
-- Installing: /home/tdt/tool/ros/install/my_msgs/include/my_msgs/my_msgs/msg/detail/msg1__rosidl_typesupport_fastrtps_cpp.hpp
-- Up-to-date: /home/tdt/tool/ros/install/my_msgs/include/my_msgs/my_msgs/msg/rosidl_typesupport_fastrtps_cpp__visibility_control.h
-- Installing: /home/tdt/tool/ros/install/my_msgs/lib/libmy_msgs__rosidl_typesupport_fastrtps_cpp.so
-- Set runtime path of "/home/tdt/tool/ros/install/my_msgs/lib/libmy_msgs__rosidl_typesupport_fastrtps_cpp.so" to ""
-- Up-to-date: /home/tdt/tool/ros/install/my_msgs/include/my_msgs/my_msgs
-- Up-to-date: /home/tdt/tool/ros/install/my_msgs/include/my_msgs/my_msgs/msg
-- Up-to-date: /home/tdt/tool/ros/install/my_msgs/include/my_msgs/my_msgs/msg/detail
-- Installing: /home/tdt/tool/ros/install/my_msgs/include/my_msgs/my_msgs/msg/detail/msg1__rosidl_typesupport_introspection_cpp.hpp
-- Installing: /home/tdt/tool/ros/install/my_msgs/include/my_msgs/my_msgs/msg/detail/msg1__type_support.cpp
-- Installing: /home/tdt/tool/ros/install/my_msgs/lib/libmy_msgs__rosidl_typesupport_introspection_cpp.so
-- Set runtime path of "/home/tdt/tool/ros/install/my_msgs/lib/libmy_msgs__rosidl_typesupport_introspection_cpp.so" to ""
-- Installing: /home/tdt/tool/ros/install/my_msgs/lib/libmy_msgs__rosidl_typesupport_cpp.so
-- Set runtime path of "/home/tdt/tool/ros/install/my_msgs/lib/libmy_msgs__rosidl_typesupport_cpp.so" to ""
-- Up-to-date: /home/tdt/tool/ros/install/my_msgs/share/my_msgs/environment/pythonpath.sh
-- Installing: /home/tdt/tool/ros/install/my_msgs/share/my_msgs/environment/pythonpath.dsv
-- Up-to-date: /home/tdt/tool/ros/install/my_msgs/local/lib/python3.10/dist-packages/my_msgs-0.0.0-py3.10.egg-info
-- Installing: /home/tdt/tool/ros/install/my_msgs/local/lib/python3.10/dist-packages/my_msgs-0.0.0-py3.10.egg-info/SOURCES.txt
-- Installing: /home/tdt/tool/ros/install/my_msgs/local/lib/python3.10/dist-packages/my_msgs-0.0.0-py3.10.egg-info/dependency_links.txt
-- Installing: /home/tdt/tool/ros/install/my_msgs/local/lib/python3.10/dist-packages/my_msgs-0.0.0-py3.10.egg-info/PKG-INFO
-- Installing: /home/tdt/tool/ros/install/my_msgs/local/lib/python3.10/dist-packages/my_msgs-0.0.0-py3.10.egg-info/top_level.txt
-- Up-to-date: /home/tdt/tool/ros/install/my_msgs/local/lib/python3.10/dist-packages/my_msgs
-- Installing: /home/tdt/tool/ros/install/my_msgs/local/lib/python3.10/dist-packages/my_msgs/libmy_msgs__rosidl_generator_py.so
-- Installing: /home/tdt/tool/ros/install/my_msgs/local/lib/python3.10/dist-packages/my_msgs/_my_msgs_s.ep.rosidl_typesupport_introspection_c.c
-- Installing: /home/tdt/tool/ros/install/my_msgs/local/lib/python3.10/dist-packages/my_msgs/__init__.py
-- Up-to-date: /home/tdt/tool/ros/install/my_msgs/local/lib/python3.10/dist-packages/my_msgs/msg
-- Installing: /home/tdt/tool/ros/install/my_msgs/local/lib/python3.10/dist-packages/my_msgs/msg/__init__.py
-- Installing: /home/tdt/tool/ros/install/my_msgs/local/lib/python3.10/dist-packages/my_msgs/msg/_msg1.py
-- Installing: /home/tdt/tool/ros/install/my_msgs/local/lib/python3.10/dist-packages/my_msgs/msg/_msg1_s.c
-- Installing: /home/tdt/tool/ros/install/my_msgs/local/lib/python3.10/dist-packages/my_msgs/my_msgs_s__rosidl_typesupport_introspection_c.cpython-310-x86_64-linux-gnu.so
-- Installing: /home/tdt/tool/ros/install/my_msgs/local/lib/python3.10/dist-packages/my_msgs/_my_msgs_s.ep.rosidl_typesupport_fastrtps_c.c
-- Installing: /home/tdt/tool/ros/install/my_msgs/local/lib/python3.10/dist-packages/my_msgs/my_msgs_s__rosidl_typesupport_c.cpython-310-x86_64-linux-gnu.so
-- Installing: /home/tdt/tool/ros/install/my_msgs/local/lib/python3.10/dist-packages/my_msgs/_my_msgs_s.ep.rosidl_typesupport_c.c
-- Installing: /home/tdt/tool/ros/install/my_msgs/local/lib/python3.10/dist-packages/my_msgs/my_msgs_s__rosidl_typesupport_fastrtps_c.cpython-310-x86_64-linux-gnu.so
Listing '/home/tdt/tool/ros/install/my_msgs/local/lib/python3.10/dist-packages/my_msgs'...
Compiling '/home/tdt/tool/ros/install/my_msgs/local/lib/python3.10/dist-packages/my_msgs/__init__.py'...
Listing '/home/tdt/tool/ros/install/my_msgs/local/lib/python3.10/dist-packages/my_msgs/msg'...
Compiling '/home/tdt/tool/ros/install/my_msgs/local/lib/python3.10/dist-packages/my_msgs/msg/__init__.py'...
Compiling '/home/tdt/tool/ros/install/my_msgs/local/lib/python3.10/dist-packages/my_msgs/msg/_msg1.py'...
-- Installing: /home/tdt/tool/ros/install/my_msgs/local/lib/python3.10/dist-packages/my_msgs/my_msgs_s__rosidl_typesupport_fastrtps_c.cpython-310-x86_64-linux-gnu.so
-- Set runtime path of "/home/tdt/tool/ros/install/my_msgs/local/lib/python3.10/dist-packages/my_msgs/my_msgs_s__rosidl_typesupport_fastrtps_c.cpython-310-x86_64-linux-gnu.so" to ""
-- Installing: /home/tdt/tool/ros/install/my_msgs/local/lib/python3.10/dist-packages/my_msgs/my_msgs_s__rosidl_typesupport_introspection_c.cpython-310-x86_64-linux-gnu.so
-- Set runtime path of "/home/tdt/tool/ros/install/my_msgs/local/lib/python3.10/dist-packages/my_msgs/my_msgs_s__rosidl_typesupport_introspection_c.cpython-310-x86_64-linux-gnu.so" to ""
-- Installing: /home/tdt/tool/ros/install/my_msgs/local/lib/python3.10/dist-packages/my_msgs/my_msgs_s__rosidl_typesupport_c.cpython-310-x86_64-linux-gnu.so
-- Set runtime path of "/home/tdt/tool/ros/install/my_msgs/local/lib/python3.10/dist-packages/my_msgs/my_msgs_s__rosidl_typesupport_c.cpython-310-x86_64-linux-gnu.so" to ""
-- Installing: /home/tdt/tool/ros/install/my_msgs/lib/libmy_msgs__rosidl_generator_py.so
-- Set runtime path of "/home/tdt/tool/ros/install/my_msgs/lib/libmy_msgs__rosidl_generator_py.so" to ""
-- Installing: /home/tdt/tool/ros/install/my_msgs/share/my_msgs/msg/Msg1.idl
-- Installing: /home/tdt/tool/ros/install/my_msgs/share/my_msgs/msg/Msg1.msg
-- Installing: /home/tdt/tool/ros/install/my_msgs/share/ament_index/resource_index/package_run_dependencies/my_msgs
-- Installing: /home/tdt/tool/ros/install/my_msgs/share/ament_index/resource_index/parent_prefix_path/my_msgs
-- Up-to-date: /home/tdt/tool/ros/install/my_msgs/share/my_msgs/environment/ament_prefix_path.sh
-- Installing: /home/tdt/tool/ros/install/my_msgs/share/my_msgs/environment/ament_prefix_path.dsv
-- Up-to-date: /home/tdt/tool/ros/install/my_msgs/share/my_msgs/environment/path.sh
-- Installing: /home/tdt/tool/ros/install/my_msgs/share/my_msgs/environment/path.dsv
-- Up-to-date: /home/tdt/tool/ros/install/my_msgs/share/my_msgs/local_setup.bash
-- Up-to-date: /home/tdt/tool/ros/install/my_msgs/share/my_msgs/local_setup.sh
-- Up-to-date: /home/tdt/tool/ros/install/my_msgs/share/my_msgs/local_setup.zsh
-- Installing: /home/tdt/tool/ros/install/my_msgs/share/my_msgs/local_setup.dsv
-- Installing: /home/tdt/tool/ros/install/my_msgs/share/my_msgs/package.dsv
-- Up-to-date: /home/tdt/tool/ros/install/my_msgs/share/ament_index/resource_index/packages/my_msgs
-- Old export file "/home/tdt/tool/ros/install/my_msgs/share/my_msgs/cmake/export_my_msgs__rosidl_generator_cExport.cmake" will be replaced.  Removing files [/home/tdt/tool/ros/install/my_msgs/share/my_msgs/cmake/export_my_msgs__rosidl_generator_cExport-noconfig.cmake].
-- Installing: /home/tdt/tool/ros/install/my_msgs/share/my_msgs/cmake/export_my_msgs__rosidl_generator_cExport.cmake
-- Installing: /home/tdt/tool/ros/install/my_msgs/share/my_msgs/cmake/export_my_msgs__rosidl_generator_cExport-noconfig.cmake
-- Old export file "/home/tdt/tool/ros/install/my_msgs/share/my_msgs/cmake/export_my_msgs__rosidl_typesupport_fastrtps_cExport.cmake" will be replaced.  Removing files [/home/tdt/tool/ros/install/my_msgs/share/my_msgs/cmake/export_my_msgs__rosidl_typesupport_fastrtps_cExport-noconfig.cmake].
-- Installing: /home/tdt/tool/ros/install/my_msgs/share/my_msgs/cmake/export_my_msgs__rosidl_typesupport_fastrtps_cExport.cmake
-- Installing: /home/tdt/tool/ros/install/my_msgs/share/my_msgs/cmake/export_my_msgs__rosidl_typesupport_fastrtps_cExport-noconfig.cmake
-- Old export file "/home/tdt/tool/ros/install/my_msgs/share/my_msgs/cmake/my_msgs__rosidl_typesupport_introspection_cExport.cmake" will be replaced.  Removing files [/home/tdt/tool/ros/install/my_msgs/share/my_msgs/cmake/my_msgs__rosidl_typesupport_introspection_cExport-noconfig.cmake].
-- Installing: /home/tdt/tool/ros/install/my_msgs/share/my_msgs/cmake/my_msgs__rosidl_typesupport_introspection_cExport.cmake
-- Installing: /home/tdt/tool/ros/install/my_msgs/share/my_msgs/cmake/my_msgs__rosidl_typesupport_introspection_cExport-noconfig.cmake
-- Old export file "/home/tdt/tool/ros/install/my_msgs/share/my_msgs/cmake/my_msgs__rosidl_typesupport_cExport.cmake" will be replaced.  Removing files [/home/tdt/tool/ros/install/my_msgs/share/my_msgs/cmake/my_msgs__rosidl_typesupport_cExport-noconfig.cmake].
-- Installing: /home/tdt/tool/ros/install/my_msgs/share/my_msgs/cmake/my_msgs__rosidl_typesupport_cExport.cmake
-- Installing: /home/tdt/tool/ros/install/my_msgs/share/my_msgs/cmake/my_msgs__rosidl_typesupport_cExport-noconfig.cmake
-- Installing: /home/tdt/tool/ros/install/my_msgs/share/my_msgs/cmake/export_my_msgs__rosidl_generator_cppExport.cmake
-- Old export file "/home/tdt/tool/ros/install/my_msgs/share/my_msgs/cmake/export_my_msgs__rosidl_typesupport_fastrtps_cppExport.cmake" will be replaced.  Removing files [/home/tdt/tool/ros/install/my_msgs/share/my_msgs/cmake/export_my_msgs__rosidl_typesupport_fastrtps_cppExport-noconfig.cmake].
-- Installing: /home/tdt/tool/ros/install/my_msgs/share/my_msgs/cmake/export_my_msgs__rosidl_typesupport_fastrtps_cppExport.cmake
-- Installing: /home/tdt/tool/ros/install/my_msgs/share/my_msgs/cmake/export_my_msgs__rosidl_typesupport_fastrtps_cppExport-noconfig.cmake
-- Old export file "/home/tdt/tool/ros/install/my_msgs/share/my_msgs/cmake/my_msgs__rosidl_typesupport_introspection_cppExport.cmake" will be replaced.  Removing files [/home/tdt/tool/ros/install/my_msgs/share/my_msgs/cmake/my_msgs__rosidl_typesupport_introspection_cppExport-noconfig.cmake].
-- Installing: /home/tdt/tool/ros/install/my_msgs/share/my_msgs/cmake/my_msgs__rosidl_typesupport_introspection_cppExport.cmake
-- Installing: /home/tdt/tool/ros/install/my_msgs/share/my_msgs/cmake/my_msgs__rosidl_typesupport_introspection_cppExport-noconfig.cmake
-- Old export file "/home/tdt/tool/ros/install/my_msgs/share/my_msgs/cmake/my_msgs__rosidl_typesupport_cppExport.cmake" will be replaced.  Removing files [/home/tdt/tool/ros/install/my_msgs/share/my_msgs/cmake/my_msgs__rosidl_typesupport_cppExport-noconfig.cmake].
-- Installing: /home/tdt/tool/ros/install/my_msgs/share/my_msgs/cmake/my_msgs__rosidl_typesupport_cppExport.cmake
-- Installing: /home/tdt/tool/ros/install/my_msgs/share/my_msgs/cmake/my_msgs__rosidl_typesupport_cppExport-noconfig.cmake
-- Old export file "/home/tdt/tool/ros/install/my_msgs/share/my_msgs/cmake/export_my_msgs__rosidl_generator_pyExport.cmake" will be replaced.  Removing files [/home/tdt/tool/ros/install/my_msgs/share/my_msgs/cmake/export_my_msgs__rosidl_generator_pyExport-noconfig.cmake].
-- Installing: /home/tdt/tool/ros/install/my_msgs/share/my_msgs/cmake/export_my_msgs__rosidl_generator_pyExport.cmake
-- Installing: /home/tdt/tool/ros/install/my_msgs/share/my_msgs/cmake/export_my_msgs__rosidl_generator_pyExport-noconfig.cmake
-- Up-to-date: /home/tdt/tool/ros/install/my_msgs/share/my_msgs/cmake/rosidl_cmake-extras.cmake
-- Up-to-date: /home/tdt/tool/ros/install/my_msgs/share/my_msgs/cmake/ament_cmake_export_include_directories-extras.cmake
-- Up-to-date: /home/tdt/tool/ros/install/my_msgs/share/my_msgs/cmake/ament_cmake_export_libraries-extras.cmake
-- Installing: /home/tdt/tool/ros/install/my_msgs/share/my_msgs/cmake/ament_cmake_export_targets-extras.cmake
-- Installing: /home/tdt/tool/ros/install/my_msgs/share/my_msgs/cmake/rosidl_cmake_export_typesupport_targets-extras.cmake
-- Installing: /home/tdt/tool/ros/install/my_msgs/share/my_msgs/cmake/ament_cmake_export_dependencies-extras.cmake
-- Up-to-date: /home/tdt/tool/ros/install/my_msgs/share/my_msgs/cmake/rosidl_cmake_export_typesupport_libraries-extras.cmake
-- Installing: /home/tdt/tool/ros/install/my_msgs/share/my_msgs/cmake/my_msgsConfig.cmake
-- Up-to-date: /home/tdt/tool/ros/install/my_msgs/share/my_msgs/cmake/my_msgsConfig-version.cmake
-- Installing: /home/tdt/tool/ros/install/my_msgs/share/my_msgs/package.xml
