[0.005s] Invoking command in '/home/tdt/tool/ros/build/my_msgs': CMAKE_PREFIX_PATH=/opt/ros/humble /usr/bin/cmake --build /home/tdt/tool/ros/build/my_msgs -- -j24 -l24
[0.029s] -- Found ament_cmake: 1.3.12 (/opt/ros/humble/share/ament_cmake/cmake)
[0.092s] -- Found rosidl_default_generators: 1.2.0 (/opt/ros/humble/share/rosidl_default_generators/cmake)
[0.093s] -- Using all available rosidl_typesupport_c: rosidl_typesupport_fastrtps_c;rosidl_typesupport_introspection_c
[0.094s] -- Found rosidl_adapter: 3.1.7 (/opt/ros/humble/share/rosidl_adapter/cmake)
[0.110s] -- Using all available rosidl_typesupport_cpp: rosidl_typesupport_fastrtps_cpp;rosidl_typesupport_introspection_cpp
[0.238s] -- Found ament_cmake_ros: 0.10.0 (/opt/ros/humble/share/ament_cmake_ros/cmake)
[0.332s] -- Using all available rosidl_typesupport_c: rosidl_typesupport_fastrtps_c;rosidl_typesupport_introspection_c
[0.448s] -- Using all available rosidl_typesupport_cpp: rosidl_typesupport_fastrtps_cpp;rosidl_typesupport_introspection_cpp
[0.461s] -- Found python_cmake_module: 0.10.0 (/opt/ros/humble/share/python_cmake_module/cmake)
[0.477s] -- Using PYTHON_EXECUTABLE: /usr/bin/python3
[0.477s] -- Using PYTHON_INCLUDE_DIRS: /usr/include/python3.10
[0.477s] -- Using PYTHON_LIBRARIES: /usr/lib/x86_64-linux-gnu/libpython3.10.so
[0.486s] -- Configuring done
[0.503s] -- Generating done
[0.509s] -- Build files have been written to: /home/tdt/tool/ros/build/my_msgs
[0.522s] [  3%] [34m[1mGenerating C code for ROS interfaces[0m
[0.528s] [  6%] [34m[1mGenerating C++ code for ROS interfaces[0m
[0.538s] [  6%] Built target ament_cmake_python_copy_my_msgs
[0.659s] [  6%] Built target my_msgs__cpp
[0.661s] running egg_info
[0.662s] writing my_msgs.egg-info/PKG-INFO
[0.662s] writing dependency_links to my_msgs.egg-info/dependency_links.txt
[0.662s] writing top-level names to my_msgs.egg-info/top_level.txt
[0.662s] [35m[1mConsolidate compiler generated dependencies of target my_msgs__rosidl_generator_c[0m
[0.664s] reading manifest file 'my_msgs.egg-info/SOURCES.txt'
[0.666s] writing manifest file 'my_msgs.egg-info/SOURCES.txt'
[0.666s] [ 12%] [34m[1mGenerating C++ type support dispatch for ROS interfaces[0m
[0.666s] [ 12%] [34m[1mGenerating C++ type support for eProsima Fast-RTPS[0m
[0.666s] [ 16%] [34m[1mGenerating C++ introspection for ROS interfaces[0m
[0.671s] [ 19%] [32mBuilding C object CMakeFiles/my_msgs__rosidl_generator_c.dir/rosidl_generator_c/my_msgs/msg/detail/msg1__functions.c.o[0m
[0.683s] [ 19%] Built target ament_cmake_python_build_my_msgs_egg
[0.748s] [ 22%] [32m[1mLinking C shared library libmy_msgs__rosidl_generator_c.so[0m
[0.782s] [ 22%] Built target my_msgs__rosidl_generator_c
[0.789s] [ 25%] [34m[1mGenerating C type support dispatch for ROS interfaces[0m
[0.790s] [ 32%] [34m[1mGenerating C introspection for ROS interfaces[0m
[0.790s] [ 32%] [34m[1mGenerating C type support for eProsima Fast-RTPS[0m
[0.816s] [35m[1mConsolidate compiler generated dependencies of target my_msgs__rosidl_typesupport_fastrtps_cpp[0m
[0.826s] [35m[1mConsolidate compiler generated dependencies of target my_msgs__rosidl_typesupport_cpp[0m
[0.826s] [ 35%] [32mBuilding CXX object CMakeFiles/my_msgs__rosidl_typesupport_fastrtps_cpp.dir/rosidl_typesupport_fastrtps_cpp/my_msgs/msg/detail/dds_fastrtps/msg1__type_support.cpp.o[0m
[0.833s] [35m[1mConsolidate compiler generated dependencies of target my_msgs__rosidl_typesupport_introspection_cpp[0m
[0.836s] [ 38%] [32mBuilding CXX object CMakeFiles/my_msgs__rosidl_typesupport_cpp.dir/rosidl_typesupport_cpp/my_msgs/msg/msg1__type_support.cpp.o[0m
[0.842s] [ 41%] [32mBuilding CXX object CMakeFiles/my_msgs__rosidl_typesupport_introspection_cpp.dir/rosidl_typesupport_introspection_cpp/my_msgs/msg/detail/msg1__type_support.cpp.o[0m
[0.943s] [35m[1mConsolidate compiler generated dependencies of target my_msgs__rosidl_typesupport_c[0m
[0.951s] [ 45%] [32mBuilding CXX object CMakeFiles/my_msgs__rosidl_typesupport_c.dir/rosidl_typesupport_c/my_msgs/msg/msg1__type_support.cpp.o[0m
[0.960s] [35m[1mConsolidate compiler generated dependencies of target my_msgs__rosidl_typesupport_fastrtps_c[0m
[0.962s] [35m[1mConsolidate compiler generated dependencies of target my_msgs__rosidl_typesupport_introspection_c[0m
[0.971s] [ 48%] [32mBuilding CXX object CMakeFiles/my_msgs__rosidl_typesupport_fastrtps_c.dir/rosidl_typesupport_fastrtps_c/my_msgs/msg/detail/msg1__type_support_c.cpp.o[0m
[0.974s] [ 51%] [32mBuilding C object CMakeFiles/my_msgs__rosidl_typesupport_introspection_c.dir/rosidl_typesupport_introspection_c/my_msgs/msg/detail/msg1__type_support.c.o[0m
[0.979s] [ 54%] [32m[1mLinking CXX shared library libmy_msgs__rosidl_typesupport_c.so[0m
[1.006s] [ 58%] [32m[1mLinking C shared library libmy_msgs__rosidl_typesupport_introspection_c.so[0m
[1.013s] [ 58%] Built target my_msgs__rosidl_typesupport_c
[1.032s] [ 61%] Built target my_msgs__rosidl_typesupport_introspection_c
[1.032s] [ 61%] [32m[1mLinking CXX shared library libmy_msgs__rosidl_typesupport_cpp.so[0m
[1.079s] [ 61%] Built target my_msgs__rosidl_typesupport_cpp
[1.121s] [ 64%] [32m[1mLinking CXX shared library libmy_msgs__rosidl_typesupport_introspection_cpp.so[0m
[1.126s] [ 67%] [32m[1mLinking CXX shared library libmy_msgs__rosidl_typesupport_fastrtps_cpp.so[0m
[1.166s] [ 67%] Built target my_msgs__rosidl_typesupport_introspection_cpp
[1.172s] [ 67%] Built target my_msgs__rosidl_typesupport_fastrtps_cpp
[1.205s] [ 70%] [32m[1mLinking CXX shared library libmy_msgs__rosidl_typesupport_fastrtps_c.so[0m
[1.252s] [ 70%] Built target my_msgs__rosidl_typesupport_fastrtps_c
[1.263s] [ 70%] Built target my_msgs
[1.273s] [ 74%] [34m[1mGenerating Python code for ROS interfaces[0m
[1.420s] [ 74%] Built target my_msgs__py
[1.428s] [35m[1mConsolidate compiler generated dependencies of target my_msgs__rosidl_generator_py[0m
[1.434s] [ 77%] [32mBuilding C object CMakeFiles/my_msgs__rosidl_generator_py.dir/rosidl_generator_py/my_msgs/msg/_msg1_s.c.o[0m
[1.488s] [ 80%] [32m[1mLinking C shared library rosidl_generator_py/my_msgs/libmy_msgs__rosidl_generator_py.so[0m
[1.511s] [ 80%] Built target my_msgs__rosidl_generator_py
[1.518s] [35m[1mConsolidate compiler generated dependencies of target my_msgs__rosidl_typesupport_fastrtps_c__pyext[0m
[1.521s] [35m[1mConsolidate compiler generated dependencies of target my_msgs__rosidl_typesupport_c__pyext[0m
[1.522s] [35m[1mConsolidate compiler generated dependencies of target my_msgs__rosidl_typesupport_introspection_c__pyext[0m
[1.525s] [ 83%] [32mBuilding C object CMakeFiles/my_msgs__rosidl_typesupport_fastrtps_c__pyext.dir/rosidl_generator_py/my_msgs/_my_msgs_s.ep.rosidl_typesupport_fastrtps_c.c.o[0m
[1.528s] [ 90%] [32mBuilding C object CMakeFiles/my_msgs__rosidl_typesupport_c__pyext.dir/rosidl_generator_py/my_msgs/_my_msgs_s.ep.rosidl_typesupport_c.c.o[0m
[1.528s] [ 90%] [32mBuilding C object CMakeFiles/my_msgs__rosidl_typesupport_introspection_c__pyext.dir/rosidl_generator_py/my_msgs/_my_msgs_s.ep.rosidl_typesupport_introspection_c.c.o[0m
[1.583s] [ 93%] [32m[1mLinking C shared library rosidl_generator_py/my_msgs/my_msgs_s__rosidl_typesupport_fastrtps_c.cpython-310-x86_64-linux-gnu.so[0m
[1.585s] [100%] [32m[1mLinking C shared library rosidl_generator_py/my_msgs/my_msgs_s__rosidl_typesupport_c.cpython-310-x86_64-linux-gnu.so[0m
[1.585s] [ 96%] [32m[1mLinking C shared library rosidl_generator_py/my_msgs/my_msgs_s__rosidl_typesupport_introspection_c.cpython-310-x86_64-linux-gnu.so[0m
[1.604s] [100%] Built target my_msgs__rosidl_typesupport_fastrtps_c__pyext
[1.605s] [100%] Built target my_msgs__rosidl_typesupport_c__pyext
[1.605s] [100%] Built target my_msgs__rosidl_typesupport_introspection_c__pyext
[1.614s] Invoked command in '/home/tdt/tool/ros/build/my_msgs' returned '0': CMAKE_PREFIX_PATH=/opt/ros/humble /usr/bin/cmake --build /home/tdt/tool/ros/build/my_msgs -- -j24 -l24
[1.620s] Invoking command in '/home/tdt/tool/ros/build/my_msgs': CMAKE_PREFIX_PATH=/opt/ros/humble /usr/bin/cmake --install /home/tdt/tool/ros/build/my_msgs
[1.626s] -- Install configuration: ""
[1.626s] -- Up-to-date: /home/tdt/tool/ros/install/my_msgs/share/ament_index/resource_index/rosidl_interfaces/my_msgs
[1.626s] -- Up-to-date: /home/tdt/tool/ros/install/my_msgs/include/my_msgs/my_msgs
[1.626s] -- Up-to-date: /home/tdt/tool/ros/install/my_msgs/include/my_msgs/my_msgs/msg
[1.626s] -- Up-to-date: /home/tdt/tool/ros/install/my_msgs/include/my_msgs/my_msgs/msg/detail
[1.626s] -- Installing: /home/tdt/tool/ros/install/my_msgs/include/my_msgs/my_msgs/msg/detail/msg1__functions.h
[1.626s] -- Installing: /home/tdt/tool/ros/install/my_msgs/include/my_msgs/my_msgs/msg/detail/msg1__functions.c
[1.626s] -- Installing: /home/tdt/tool/ros/install/my_msgs/include/my_msgs/my_msgs/msg/detail/msg1__struct.h
[1.626s] -- Installing: /home/tdt/tool/ros/install/my_msgs/include/my_msgs/my_msgs/msg/detail/msg1__type_support.h
[1.626s] -- Installing: /home/tdt/tool/ros/install/my_msgs/include/my_msgs/my_msgs/msg/msg1.h
[1.626s] -- Up-to-date: /home/tdt/tool/ros/install/my_msgs/include/my_msgs/my_msgs/msg/rosidl_generator_c__visibility_control.h
[1.626s] -- Up-to-date: /home/tdt/tool/ros/install/my_msgs/share/my_msgs/environment/library_path.sh
[1.627s] -- Installing: /home/tdt/tool/ros/install/my_msgs/share/my_msgs/environment/library_path.dsv
[1.627s] -- Installing: /home/tdt/tool/ros/install/my_msgs/lib/libmy_msgs__rosidl_generator_c.so
[1.628s] -- Set runtime path of "/home/tdt/tool/ros/install/my_msgs/lib/libmy_msgs__rosidl_generator_c.so" to ""
[1.628s] -- Up-to-date: /home/tdt/tool/ros/install/my_msgs/include/my_msgs/my_msgs
[1.628s] -- Up-to-date: /home/tdt/tool/ros/install/my_msgs/include/my_msgs/my_msgs/msg
[1.628s] -- Up-to-date: /home/tdt/tool/ros/install/my_msgs/include/my_msgs/my_msgs/msg/detail
[1.628s] -- Installing: /home/tdt/tool/ros/install/my_msgs/include/my_msgs/my_msgs/msg/detail/msg1__rosidl_typesupport_fastrtps_c.h
[1.628s] -- Up-to-date: /home/tdt/tool/ros/install/my_msgs/include/my_msgs/my_msgs/msg/rosidl_typesupport_fastrtps_c__visibility_control.h
[1.628s] -- Installing: /home/tdt/tool/ros/install/my_msgs/lib/libmy_msgs__rosidl_typesupport_fastrtps_c.so
[1.630s] -- Set runtime path of "/home/tdt/tool/ros/install/my_msgs/lib/libmy_msgs__rosidl_typesupport_fastrtps_c.so" to ""
[1.631s] -- Up-to-date: /home/tdt/tool/ros/install/my_msgs/include/my_msgs/my_msgs
[1.631s] -- Up-to-date: /home/tdt/tool/ros/install/my_msgs/include/my_msgs/my_msgs/msg
[1.631s] -- Up-to-date: /home/tdt/tool/ros/install/my_msgs/include/my_msgs/my_msgs/msg/detail
[1.631s] -- Installing: /home/tdt/tool/ros/install/my_msgs/include/my_msgs/my_msgs/msg/detail/msg1__type_support.c
[1.631s] -- Installing: /home/tdt/tool/ros/install/my_msgs/include/my_msgs/my_msgs/msg/detail/msg1__rosidl_typesupport_introspection_c.h
[1.631s] -- Up-to-date: /home/tdt/tool/ros/install/my_msgs/include/my_msgs/my_msgs/msg/rosidl_typesupport_introspection_c__visibility_control.h
[1.631s] -- Installing: /home/tdt/tool/ros/install/my_msgs/lib/libmy_msgs__rosidl_typesupport_introspection_c.so
[1.631s] -- Set runtime path of "/home/tdt/tool/ros/install/my_msgs/lib/libmy_msgs__rosidl_typesupport_introspection_c.so" to ""
[1.631s] -- Installing: /home/tdt/tool/ros/install/my_msgs/lib/libmy_msgs__rosidl_typesupport_c.so
[1.631s] -- Set runtime path of "/home/tdt/tool/ros/install/my_msgs/lib/libmy_msgs__rosidl_typesupport_c.so" to ""
[1.631s] -- Up-to-date: /home/tdt/tool/ros/install/my_msgs/include/my_msgs/my_msgs
[1.631s] -- Up-to-date: /home/tdt/tool/ros/install/my_msgs/include/my_msgs/my_msgs/msg
[1.631s] -- Up-to-date: /home/tdt/tool/ros/install/my_msgs/include/my_msgs/my_msgs/msg/detail
[1.631s] -- Installing: /home/tdt/tool/ros/install/my_msgs/include/my_msgs/my_msgs/msg/detail/msg1__builder.hpp
[1.631s] -- Installing: /home/tdt/tool/ros/install/my_msgs/include/my_msgs/my_msgs/msg/detail/msg1__traits.hpp
[1.631s] -- Installing: /home/tdt/tool/ros/install/my_msgs/include/my_msgs/my_msgs/msg/detail/msg1__type_support.hpp
[1.631s] -- Installing: /home/tdt/tool/ros/install/my_msgs/include/my_msgs/my_msgs/msg/detail/msg1__struct.hpp
[1.631s] -- Up-to-date: /home/tdt/tool/ros/install/my_msgs/include/my_msgs/my_msgs/msg/rosidl_generator_cpp__visibility_control.hpp
[1.631s] -- Installing: /home/tdt/tool/ros/install/my_msgs/include/my_msgs/my_msgs/msg/msg1.hpp
[1.631s] -- Up-to-date: /home/tdt/tool/ros/install/my_msgs/include/my_msgs/my_msgs
[1.631s] -- Up-to-date: /home/tdt/tool/ros/install/my_msgs/include/my_msgs/my_msgs/msg
[1.631s] -- Up-to-date: /home/tdt/tool/ros/install/my_msgs/include/my_msgs/my_msgs/msg/detail
[1.631s] -- Up-to-date: /home/tdt/tool/ros/install/my_msgs/include/my_msgs/my_msgs/msg/detail/dds_fastrtps
[1.631s] -- Installing: /home/tdt/tool/ros/install/my_msgs/include/my_msgs/my_msgs/msg/detail/msg1__rosidl_typesupport_fastrtps_cpp.hpp
[1.631s] -- Up-to-date: /home/tdt/tool/ros/install/my_msgs/include/my_msgs/my_msgs/msg/rosidl_typesupport_fastrtps_cpp__visibility_control.h
[1.631s] -- Installing: /home/tdt/tool/ros/install/my_msgs/lib/libmy_msgs__rosidl_typesupport_fastrtps_cpp.so
[1.631s] -- Set runtime path of "/home/tdt/tool/ros/install/my_msgs/lib/libmy_msgs__rosidl_typesupport_fastrtps_cpp.so" to ""
[1.631s] -- Up-to-date: /home/tdt/tool/ros/install/my_msgs/include/my_msgs/my_msgs
[1.631s] -- Up-to-date: /home/tdt/tool/ros/install/my_msgs/include/my_msgs/my_msgs/msg
[1.631s] -- Up-to-date: /home/tdt/tool/ros/install/my_msgs/include/my_msgs/my_msgs/msg/detail
[1.631s] -- Installing: /home/tdt/tool/ros/install/my_msgs/include/my_msgs/my_msgs/msg/detail/msg1__rosidl_typesupport_introspection_cpp.hpp
[1.631s] -- Installing: /home/tdt/tool/ros/install/my_msgs/include/my_msgs/my_msgs/msg/detail/msg1__type_support.cpp
[1.631s] -- Installing: /home/tdt/tool/ros/install/my_msgs/lib/libmy_msgs__rosidl_typesupport_introspection_cpp.so
[1.631s] -- Set runtime path of "/home/tdt/tool/ros/install/my_msgs/lib/libmy_msgs__rosidl_typesupport_introspection_cpp.so" to ""
[1.631s] -- Installing: /home/tdt/tool/ros/install/my_msgs/lib/libmy_msgs__rosidl_typesupport_cpp.so
[1.631s] -- Set runtime path of "/home/tdt/tool/ros/install/my_msgs/lib/libmy_msgs__rosidl_typesupport_cpp.so" to ""
[1.631s] -- Up-to-date: /home/tdt/tool/ros/install/my_msgs/share/my_msgs/environment/pythonpath.sh
[1.631s] -- Installing: /home/tdt/tool/ros/install/my_msgs/share/my_msgs/environment/pythonpath.dsv
[1.631s] -- Up-to-date: /home/tdt/tool/ros/install/my_msgs/local/lib/python3.10/dist-packages/my_msgs-0.0.0-py3.10.egg-info
[1.631s] -- Installing: /home/tdt/tool/ros/install/my_msgs/local/lib/python3.10/dist-packages/my_msgs-0.0.0-py3.10.egg-info/SOURCES.txt
[1.631s] -- Installing: /home/tdt/tool/ros/install/my_msgs/local/lib/python3.10/dist-packages/my_msgs-0.0.0-py3.10.egg-info/dependency_links.txt
[1.631s] -- Installing: /home/tdt/tool/ros/install/my_msgs/local/lib/python3.10/dist-packages/my_msgs-0.0.0-py3.10.egg-info/PKG-INFO
[1.631s] -- Installing: /home/tdt/tool/ros/install/my_msgs/local/lib/python3.10/dist-packages/my_msgs-0.0.0-py3.10.egg-info/top_level.txt
[1.631s] -- Up-to-date: /home/tdt/tool/ros/install/my_msgs/local/lib/python3.10/dist-packages/my_msgs
[1.631s] -- Installing: /home/tdt/tool/ros/install/my_msgs/local/lib/python3.10/dist-packages/my_msgs/libmy_msgs__rosidl_generator_py.so
[1.632s] -- Installing: /home/tdt/tool/ros/install/my_msgs/local/lib/python3.10/dist-packages/my_msgs/_my_msgs_s.ep.rosidl_typesupport_introspection_c.c
[1.632s] -- Installing: /home/tdt/tool/ros/install/my_msgs/local/lib/python3.10/dist-packages/my_msgs/__init__.py
[1.632s] -- Up-to-date: /home/tdt/tool/ros/install/my_msgs/local/lib/python3.10/dist-packages/my_msgs/msg
[1.632s] -- Installing: /home/tdt/tool/ros/install/my_msgs/local/lib/python3.10/dist-packages/my_msgs/msg/__init__.py
[1.633s] -- Installing: /home/tdt/tool/ros/install/my_msgs/local/lib/python3.10/dist-packages/my_msgs/msg/_msg1.py
[1.634s] -- Installing: /home/tdt/tool/ros/install/my_msgs/local/lib/python3.10/dist-packages/my_msgs/msg/_msg1_s.c
[1.634s] -- Installing: /home/tdt/tool/ros/install/my_msgs/local/lib/python3.10/dist-packages/my_msgs/my_msgs_s__rosidl_typesupport_introspection_c.cpython-310-x86_64-linux-gnu.so
[1.634s] -- Installing: /home/tdt/tool/ros/install/my_msgs/local/lib/python3.10/dist-packages/my_msgs/_my_msgs_s.ep.rosidl_typesupport_fastrtps_c.c
[1.634s] -- Installing: /home/tdt/tool/ros/install/my_msgs/local/lib/python3.10/dist-packages/my_msgs/my_msgs_s__rosidl_typesupport_c.cpython-310-x86_64-linux-gnu.so
[1.634s] -- Installing: /home/tdt/tool/ros/install/my_msgs/local/lib/python3.10/dist-packages/my_msgs/_my_msgs_s.ep.rosidl_typesupport_c.c
[1.634s] -- Installing: /home/tdt/tool/ros/install/my_msgs/local/lib/python3.10/dist-packages/my_msgs/my_msgs_s__rosidl_typesupport_fastrtps_c.cpython-310-x86_64-linux-gnu.so
[1.653s] Listing '/home/tdt/tool/ros/install/my_msgs/local/lib/python3.10/dist-packages/my_msgs'...
[1.653s] Compiling '/home/tdt/tool/ros/install/my_msgs/local/lib/python3.10/dist-packages/my_msgs/__init__.py'...
[1.653s] Listing '/home/tdt/tool/ros/install/my_msgs/local/lib/python3.10/dist-packages/my_msgs/msg'...
[1.653s] Compiling '/home/tdt/tool/ros/install/my_msgs/local/lib/python3.10/dist-packages/my_msgs/msg/__init__.py'...
[1.653s] Compiling '/home/tdt/tool/ros/install/my_msgs/local/lib/python3.10/dist-packages/my_msgs/msg/_msg1.py'...
[1.655s] -- Installing: /home/tdt/tool/ros/install/my_msgs/local/lib/python3.10/dist-packages/my_msgs/my_msgs_s__rosidl_typesupport_fastrtps_c.cpython-310-x86_64-linux-gnu.so
[1.656s] -- Set runtime path of "/home/tdt/tool/ros/install/my_msgs/local/lib/python3.10/dist-packages/my_msgs/my_msgs_s__rosidl_typesupport_fastrtps_c.cpython-310-x86_64-linux-gnu.so" to ""
[1.656s] -- Installing: /home/tdt/tool/ros/install/my_msgs/local/lib/python3.10/dist-packages/my_msgs/my_msgs_s__rosidl_typesupport_introspection_c.cpython-310-x86_64-linux-gnu.so
[1.657s] -- Set runtime path of "/home/tdt/tool/ros/install/my_msgs/local/lib/python3.10/dist-packages/my_msgs/my_msgs_s__rosidl_typesupport_introspection_c.cpython-310-x86_64-linux-gnu.so" to ""
[1.657s] -- Installing: /home/tdt/tool/ros/install/my_msgs/local/lib/python3.10/dist-packages/my_msgs/my_msgs_s__rosidl_typesupport_c.cpython-310-x86_64-linux-gnu.so
[1.657s] -- Set runtime path of "/home/tdt/tool/ros/install/my_msgs/local/lib/python3.10/dist-packages/my_msgs/my_msgs_s__rosidl_typesupport_c.cpython-310-x86_64-linux-gnu.so" to ""
[1.657s] -- Installing: /home/tdt/tool/ros/install/my_msgs/lib/libmy_msgs__rosidl_generator_py.so
[1.657s] -- Set runtime path of "/home/tdt/tool/ros/install/my_msgs/lib/libmy_msgs__rosidl_generator_py.so" to ""
[1.657s] -- Installing: /home/tdt/tool/ros/install/my_msgs/share/my_msgs/msg/Msg1.idl
[1.657s] -- Installing: /home/tdt/tool/ros/install/my_msgs/share/my_msgs/msg/Msg1.msg
[1.657s] -- Installing: /home/tdt/tool/ros/install/my_msgs/share/ament_index/resource_index/package_run_dependencies/my_msgs
[1.657s] -- Installing: /home/tdt/tool/ros/install/my_msgs/share/ament_index/resource_index/parent_prefix_path/my_msgs
[1.657s] -- Up-to-date: /home/tdt/tool/ros/install/my_msgs/share/my_msgs/environment/ament_prefix_path.sh
[1.657s] -- Installing: /home/tdt/tool/ros/install/my_msgs/share/my_msgs/environment/ament_prefix_path.dsv
[1.657s] -- Up-to-date: /home/tdt/tool/ros/install/my_msgs/share/my_msgs/environment/path.sh
[1.657s] -- Installing: /home/tdt/tool/ros/install/my_msgs/share/my_msgs/environment/path.dsv
[1.657s] -- Up-to-date: /home/tdt/tool/ros/install/my_msgs/share/my_msgs/local_setup.bash
[1.657s] -- Up-to-date: /home/tdt/tool/ros/install/my_msgs/share/my_msgs/local_setup.sh
[1.657s] -- Up-to-date: /home/tdt/tool/ros/install/my_msgs/share/my_msgs/local_setup.zsh
[1.657s] -- Installing: /home/tdt/tool/ros/install/my_msgs/share/my_msgs/local_setup.dsv
[1.657s] -- Installing: /home/tdt/tool/ros/install/my_msgs/share/my_msgs/package.dsv
[1.657s] -- Up-to-date: /home/tdt/tool/ros/install/my_msgs/share/ament_index/resource_index/packages/my_msgs
[1.657s] -- Old export file "/home/tdt/tool/ros/install/my_msgs/share/my_msgs/cmake/export_my_msgs__rosidl_generator_cExport.cmake" will be replaced.  Removing files [/home/tdt/tool/ros/install/my_msgs/share/my_msgs/cmake/export_my_msgs__rosidl_generator_cExport-noconfig.cmake].
[1.658s] -- Installing: /home/tdt/tool/ros/install/my_msgs/share/my_msgs/cmake/export_my_msgs__rosidl_generator_cExport.cmake
[1.658s] -- Installing: /home/tdt/tool/ros/install/my_msgs/share/my_msgs/cmake/export_my_msgs__rosidl_generator_cExport-noconfig.cmake
[1.658s] -- Old export file "/home/tdt/tool/ros/install/my_msgs/share/my_msgs/cmake/export_my_msgs__rosidl_typesupport_fastrtps_cExport.cmake" will be replaced.  Removing files [/home/tdt/tool/ros/install/my_msgs/share/my_msgs/cmake/export_my_msgs__rosidl_typesupport_fastrtps_cExport-noconfig.cmake].
[1.658s] -- Installing: /home/tdt/tool/ros/install/my_msgs/share/my_msgs/cmake/export_my_msgs__rosidl_typesupport_fastrtps_cExport.cmake
[1.658s] -- Installing: /home/tdt/tool/ros/install/my_msgs/share/my_msgs/cmake/export_my_msgs__rosidl_typesupport_fastrtps_cExport-noconfig.cmake
[1.658s] -- Old export file "/home/tdt/tool/ros/install/my_msgs/share/my_msgs/cmake/my_msgs__rosidl_typesupport_introspection_cExport.cmake" will be replaced.  Removing files [/home/tdt/tool/ros/install/my_msgs/share/my_msgs/cmake/my_msgs__rosidl_typesupport_introspection_cExport-noconfig.cmake].
[1.658s] -- Installing: /home/tdt/tool/ros/install/my_msgs/share/my_msgs/cmake/my_msgs__rosidl_typesupport_introspection_cExport.cmake
[1.658s] -- Installing: /home/tdt/tool/ros/install/my_msgs/share/my_msgs/cmake/my_msgs__rosidl_typesupport_introspection_cExport-noconfig.cmake
[1.658s] -- Old export file "/home/tdt/tool/ros/install/my_msgs/share/my_msgs/cmake/my_msgs__rosidl_typesupport_cExport.cmake" will be replaced.  Removing files [/home/tdt/tool/ros/install/my_msgs/share/my_msgs/cmake/my_msgs__rosidl_typesupport_cExport-noconfig.cmake].
[1.658s] -- Installing: /home/tdt/tool/ros/install/my_msgs/share/my_msgs/cmake/my_msgs__rosidl_typesupport_cExport.cmake
[1.658s] -- Installing: /home/tdt/tool/ros/install/my_msgs/share/my_msgs/cmake/my_msgs__rosidl_typesupport_cExport-noconfig.cmake
[1.658s] -- Installing: /home/tdt/tool/ros/install/my_msgs/share/my_msgs/cmake/export_my_msgs__rosidl_generator_cppExport.cmake
[1.658s] -- Old export file "/home/tdt/tool/ros/install/my_msgs/share/my_msgs/cmake/export_my_msgs__rosidl_typesupport_fastrtps_cppExport.cmake" will be replaced.  Removing files [/home/tdt/tool/ros/install/my_msgs/share/my_msgs/cmake/export_my_msgs__rosidl_typesupport_fastrtps_cppExport-noconfig.cmake].
[1.658s] -- Installing: /home/tdt/tool/ros/install/my_msgs/share/my_msgs/cmake/export_my_msgs__rosidl_typesupport_fastrtps_cppExport.cmake
[1.658s] -- Installing: /home/tdt/tool/ros/install/my_msgs/share/my_msgs/cmake/export_my_msgs__rosidl_typesupport_fastrtps_cppExport-noconfig.cmake
[1.658s] -- Old export file "/home/tdt/tool/ros/install/my_msgs/share/my_msgs/cmake/my_msgs__rosidl_typesupport_introspection_cppExport.cmake" will be replaced.  Removing files [/home/tdt/tool/ros/install/my_msgs/share/my_msgs/cmake/my_msgs__rosidl_typesupport_introspection_cppExport-noconfig.cmake].
[1.658s] -- Installing: /home/tdt/tool/ros/install/my_msgs/share/my_msgs/cmake/my_msgs__rosidl_typesupport_introspection_cppExport.cmake
[1.658s] -- Installing: /home/tdt/tool/ros/install/my_msgs/share/my_msgs/cmake/my_msgs__rosidl_typesupport_introspection_cppExport-noconfig.cmake
[1.658s] -- Old export file "/home/tdt/tool/ros/install/my_msgs/share/my_msgs/cmake/my_msgs__rosidl_typesupport_cppExport.cmake" will be replaced.  Removing files [/home/tdt/tool/ros/install/my_msgs/share/my_msgs/cmake/my_msgs__rosidl_typesupport_cppExport-noconfig.cmake].
[1.658s] -- Installing: /home/tdt/tool/ros/install/my_msgs/share/my_msgs/cmake/my_msgs__rosidl_typesupport_cppExport.cmake
[1.658s] -- Installing: /home/tdt/tool/ros/install/my_msgs/share/my_msgs/cmake/my_msgs__rosidl_typesupport_cppExport-noconfig.cmake
[1.658s] -- Old export file "/home/tdt/tool/ros/install/my_msgs/share/my_msgs/cmake/export_my_msgs__rosidl_generator_pyExport.cmake" will be replaced.  Removing files [/home/tdt/tool/ros/install/my_msgs/share/my_msgs/cmake/export_my_msgs__rosidl_generator_pyExport-noconfig.cmake].
[1.658s] -- Installing: /home/tdt/tool/ros/install/my_msgs/share/my_msgs/cmake/export_my_msgs__rosidl_generator_pyExport.cmake
[1.659s] -- Installing: /home/tdt/tool/ros/install/my_msgs/share/my_msgs/cmake/export_my_msgs__rosidl_generator_pyExport-noconfig.cmake
[1.659s] -- Up-to-date: /home/tdt/tool/ros/install/my_msgs/share/my_msgs/cmake/rosidl_cmake-extras.cmake
[1.659s] -- Up-to-date: /home/tdt/tool/ros/install/my_msgs/share/my_msgs/cmake/ament_cmake_export_include_directories-extras.cmake
[1.659s] -- Up-to-date: /home/tdt/tool/ros/install/my_msgs/share/my_msgs/cmake/ament_cmake_export_libraries-extras.cmake
[1.659s] -- Installing: /home/tdt/tool/ros/install/my_msgs/share/my_msgs/cmake/ament_cmake_export_targets-extras.cmake
[1.659s] -- Installing: /home/tdt/tool/ros/install/my_msgs/share/my_msgs/cmake/rosidl_cmake_export_typesupport_targets-extras.cmake
[1.659s] -- Installing: /home/tdt/tool/ros/install/my_msgs/share/my_msgs/cmake/ament_cmake_export_dependencies-extras.cmake
[1.659s] -- Up-to-date: /home/tdt/tool/ros/install/my_msgs/share/my_msgs/cmake/rosidl_cmake_export_typesupport_libraries-extras.cmake
[1.659s] -- Installing: /home/tdt/tool/ros/install/my_msgs/share/my_msgs/cmake/my_msgsConfig.cmake
[1.659s] -- Up-to-date: /home/tdt/tool/ros/install/my_msgs/share/my_msgs/cmake/my_msgsConfig-version.cmake
[1.659s] -- Installing: /home/tdt/tool/ros/install/my_msgs/share/my_msgs/package.xml
[1.660s] Invoked command in '/home/tdt/tool/ros/build/my_msgs' returned '0': CMAKE_PREFIX_PATH=/opt/ros/humble /usr/bin/cmake --install /home/tdt/tool/ros/build/my_msgs
