[ 50%] Built target listener_node
[100%] Built target talker1_node
-- Install configuration: ""
-- Up-to-date: /home/tdt/tool/ros/project1/install/project1/include
-- Up-to-date: /home/tdt/tool/ros/project1/install/project1/include/project1
-- Up-to-date: /home/tdt/tool/ros/project1/install/project1/lib/project1/talker1_node
-- Up-to-date: /home/tdt/tool/ros/project1/install/project1/lib/project1/listener_node
-- Up-to-date: /home/tdt/tool/ros/project1/install/project1/share/ament_index/resource_index/package_run_dependencies/project1
-- Up-to-date: /home/tdt/tool/ros/project1/install/project1/share/ament_index/resource_index/parent_prefix_path/project1
-- Up-to-date: /home/tdt/tool/ros/project1/install/project1/share/project1/environment/ament_prefix_path.sh
-- Up-to-date: /home/tdt/tool/ros/project1/install/project1/share/project1/environment/ament_prefix_path.dsv
-- Up-to-date: /home/tdt/tool/ros/project1/install/project1/share/project1/environment/path.sh
-- Up-to-date: /home/tdt/tool/ros/project1/install/project1/share/project1/environment/path.dsv
-- Up-to-date: /home/tdt/tool/ros/project1/install/project1/share/project1/local_setup.bash
-- Up-to-date: /home/tdt/tool/ros/project1/install/project1/share/project1/local_setup.sh
-- Up-to-date: /home/tdt/tool/ros/project1/install/project1/share/project1/local_setup.zsh
-- Up-to-date: /home/tdt/tool/ros/project1/install/project1/share/project1/local_setup.dsv
-- Installing: /home/tdt/tool/ros/project1/install/project1/share/project1/package.dsv
-- Up-to-date: /home/tdt/tool/ros/project1/install/project1/share/ament_index/resource_index/packages/project1
-- Up-to-date: /home/tdt/tool/ros/project1/install/project1/share/project1/cmake/ament_cmake_export_dependencies-extras.cmake
-- Up-to-date: /home/tdt/tool/ros/project1/install/project1/share/project1/cmake/ament_cmake_export_include_directories-extras.cmake
-- Up-to-date: /home/tdt/tool/ros/project1/install/project1/share/project1/cmake/project1Config.cmake
-- Up-to-date: /home/tdt/tool/ros/project1/install/project1/share/project1/cmake/project1Config-version.cmake
-- Up-to-date: /home/tdt/tool/ros/project1/install/project1/share/project1/package.xml
