[0.007s] Invoking command in '/home/tdt/tool/ros/build/project1': CMAKE_PREFIX_PATH=/home/tdt/tool/ros/install/my_msgs:/home/tdt/tool/ros/install/project1:/opt/ros/humble LD_LIBRARY_PATH=/home/tdt/tool/ros/install/my_msgs/lib:/home/tdt/tool/ros/install/project1/lib:/opt/ros/humble/opt/rviz_ogre_vendor/lib:/opt/ros/humble/lib/x86_64-linux-gnu:/opt/ros/humble/lib /usr/bin/cmake --build /home/tdt/tool/ros/build/project1 -- -j24 -l24
[0.023s] -- Found ament_cmake: 1.3.12 (/opt/ros/humble/share/ament_cmake/cmake)
[0.093s] -- Found ament_cmake_auto: 1.3.12 (/opt/ros/humble/share/ament_cmake_auto/cmake)
[0.093s] -- Found my_msgs: 0.0.0 (/home/tdt/tool/ros/install/my_msgs/share/my_msgs/cmake)
[0.105s] -- Found rosidl_generator_c: 3.1.7 (/opt/ros/humble/share/rosidl_generator_c/cmake)
[0.106s] -- Found rosidl_adapter: 3.1.7 (/opt/ros/humble/share/rosidl_adapter/cmake)
[0.109s] -- Found rosidl_generator_cpp: 3.1.7 (/opt/ros/humble/share/rosidl_generator_cpp/cmake)
[0.113s] -- Using all available rosidl_typesupport_c: rosidl_typesupport_fastrtps_c;rosidl_typesupport_introspection_c
[0.119s] -- Using all available rosidl_typesupport_cpp: rosidl_typesupport_fastrtps_cpp;rosidl_typesupport_introspection_cpp
[0.180s] -- Found rmw_implementation_cmake: 6.1.2 (/opt/ros/humble/share/rmw_implementation_cmake/cmake)
[0.180s] -- Found rmw_fastrtps_cpp: 6.2.8 (/opt/ros/humble/share/rmw_fastrtps_cpp/cmake)
[0.228s] -- Using RMW implementation 'rmw_fastrtps_cpp' as default
[0.371s] -- Found ament_cmake_cppcheck: 0.12.14 (/opt/ros/humble/share/ament_cmake_cppcheck/cmake)
[0.372s] -- Found ament_cmake_cpplint: 0.12.14 (/opt/ros/humble/share/ament_cmake_cpplint/cmake)
[0.373s] -- Found ament_cmake_uncrustify: 0.12.14 (/opt/ros/humble/share/ament_cmake_uncrustify/cmake)
[0.374s] -- Found ament_cmake_ros: 0.10.0 (/opt/ros/humble/share/ament_cmake_ros/cmake)
[0.610s] -- Using all available rosidl_typesupport_c: rosidl_typesupport_fastrtps_c;rosidl_typesupport_introspection_c
[0.703s] -- Using all available rosidl_typesupport_cpp: rosidl_typesupport_fastrtps_cpp;rosidl_typesupport_introspection_cpp
[0.720s] -- Found python_cmake_module: 0.10.0 (/opt/ros/humble/share/python_cmake_module/cmake)
[0.738s] -- Using PYTHON_EXECUTABLE: /usr/bin/python3
[0.738s] -- Using PYTHON_INCLUDE_DIRS: /usr/include/python3.10
[0.738s] -- Using PYTHON_LIBRARIES: /usr/lib/x86_64-linux-gnu/libpython3.10.so
[0.752s] -- Found ament_cmake_flake8: 0.12.14 (/opt/ros/humble/share/ament_cmake_flake8/cmake)
[0.752s] -- Found ament_cmake_pep257: 0.12.14 (/opt/ros/humble/share/ament_cmake_pep257/cmake)
[0.757s] [0mIn this package, headers install destination is set to `include` by ament_auto_package. It is recommended to install `include/project1` instead and will be the default behavior of ament_auto_package from ROS 2 Kilted Kaiju. On distributions before Kilted, ament_auto_package behaves the same way when you use USE_SCOPED_HEADER_INSTALL_DIR option.[0m
[0.759s] -- Configuring done
[0.781s] -- Generating done
[0.789s] -- Build files have been written to: /home/tdt/tool/ros/build/project1
[0.811s] [35m[1mConsolidate compiler generated dependencies of target talker1_node[0m
[0.812s] [35m[1mConsolidate compiler generated dependencies of target project1__rosidl_generator_c[0m
[0.817s] [  2%] [32mBuilding CXX object CMakeFiles/listener1_node.dir/src/listener1.cpp.o[0m
[0.818s] [  5%] Built target project1__cpp
[0.821s] [ 14%] Built target project1__rosidl_generator_c
[0.825s] [ 17%] [32mBuilding CXX object CMakeFiles/talker1_node.dir/src/talker1.cpp.o[0m
[0.828s] [35m[1mConsolidate compiler generated dependencies of target project1__rosidl_typesupport_introspection_cpp[0m
[0.828s] [35m[1mConsolidate compiler generated dependencies of target project1__rosidl_typesupport_fastrtps_cpp[0m
[0.829s] [35m[1mConsolidate compiler generated dependencies of target project1__rosidl_typesupport_introspection_c[0m
[0.829s] [35m[1mConsolidate compiler generated dependencies of target project1__rosidl_typesupport_c[0m
[0.831s] [35m[1mConsolidate compiler generated dependencies of target project1__rosidl_typesupport_fastrtps_c[0m
[0.831s] [35m[1mConsolidate compiler generated dependencies of target project1__rosidl_typesupport_cpp[0m
[0.838s] [ 17%] Built target ament_cmake_python_copy_project1
[0.838s] [ 34%] Built target project1__rosidl_typesupport_introspection_cpp
[0.839s] [ 34%] Built target project1__rosidl_typesupport_introspection_c
[0.839s] [ 42%] Built target project1__rosidl_typesupport_fastrtps_cpp
[0.840s] [ 51%] Built target project1__rosidl_typesupport_c
[0.841s] [ 60%] Built target project1__rosidl_typesupport_fastrtps_c
[0.853s] [ 68%] Built target project1__rosidl_typesupport_cpp
[0.871s] [ 68%] Built target project1
[0.886s] [ 71%] Built target project1__py
[0.897s] [35m[1mConsolidate compiler generated dependencies of target project1__rosidl_generator_py[0m
[0.905s] [ 77%] Built target project1__rosidl_generator_py
[0.913s] [35m[1mConsolidate compiler generated dependencies of target project1__rosidl_typesupport_introspection_c__pyext[0m
[0.916s] [35m[1mConsolidate compiler generated dependencies of target project1__rosidl_typesupport_fastrtps_c__pyext[0m
[0.916s] [35m[1mConsolidate compiler generated dependencies of target project1__rosidl_typesupport_c__pyext[0m
[0.923s] [ 82%] Built target project1__rosidl_typesupport_introspection_c__pyext
[0.926s] [ 88%] Built target project1__rosidl_typesupport_c__pyext
[0.926s] [ 94%] Built target project1__rosidl_typesupport_fastrtps_c__pyext
[1.000s] running egg_info
[1.001s] writing project1.egg-info/PKG-INFO
[1.001s] writing dependency_links to project1.egg-info/dependency_links.txt
[1.001s] writing top-level names to project1.egg-info/top_level.txt
[1.002s] reading manifest file 'project1.egg-info/SOURCES.txt'
[1.002s] writing manifest file 'project1.egg-info/SOURCES.txt'
[1.021s] [ 94%] Built target ament_cmake_python_build_project1_egg
[3.265s] [ 97%] [32m[1mLinking CXX executable talker1_node[0m
[3.383s] [ 97%] Built target talker1_node
[5.425s] [100%] [32m[1mLinking CXX executable listener1_node[0m
[5.649s] [100%] Built target listener1_node
[5.657s] Invoked command in '/home/tdt/tool/ros/build/project1' returned '0': CMAKE_PREFIX_PATH=/home/tdt/tool/ros/install/my_msgs:/home/tdt/tool/ros/install/project1:/opt/ros/humble LD_LIBRARY_PATH=/home/tdt/tool/ros/install/my_msgs/lib:/home/tdt/tool/ros/install/project1/lib:/opt/ros/humble/opt/rviz_ogre_vendor/lib:/opt/ros/humble/lib/x86_64-linux-gnu:/opt/ros/humble/lib /usr/bin/cmake --build /home/tdt/tool/ros/build/project1 -- -j24 -l24
[5.658s] Invoking command in '/home/tdt/tool/ros/build/project1': CMAKE_PREFIX_PATH=/home/tdt/tool/ros/install/my_msgs:/home/tdt/tool/ros/install/project1:/opt/ros/humble LD_LIBRARY_PATH=/home/tdt/tool/ros/install/my_msgs/lib:/home/tdt/tool/ros/install/project1/lib:/opt/ros/humble/opt/rviz_ogre_vendor/lib:/opt/ros/humble/lib/x86_64-linux-gnu:/opt/ros/humble/lib /usr/bin/cmake --install /home/tdt/tool/ros/build/project1
[5.663s] -- Install configuration: ""
[5.663s] -- Up-to-date: /home/tdt/tool/ros/install/project1/share/ament_index/resource_index/rosidl_interfaces/project1
[5.663s] -- Up-to-date: /home/tdt/tool/ros/install/project1/include/project1/project1
[5.663s] -- Up-to-date: /home/tdt/tool/ros/install/project1/include/project1/project1/msg
[5.663s] -- Up-to-date: /home/tdt/tool/ros/install/project1/include/project1/project1/msg/detail
[5.663s] -- Up-to-date: /home/tdt/tool/ros/install/project1/include/project1/project1/msg/detail/msg1__functions.h
[5.663s] -- Up-to-date: /home/tdt/tool/ros/install/project1/include/project1/project1/msg/detail/msg1__functions.c
[5.663s] -- Up-to-date: /home/tdt/tool/ros/install/project1/include/project1/project1/msg/detail/msg1__struct.h
[5.663s] -- Up-to-date: /home/tdt/tool/ros/install/project1/include/project1/project1/msg/detail/msg1__type_support.h
[5.663s] -- Up-to-date: /home/tdt/tool/ros/install/project1/include/project1/project1/msg/msg1.h
[5.664s] -- Up-to-date: /home/tdt/tool/ros/install/project1/include/project1/project1/msg/rosidl_generator_c__visibility_control.h
[5.664s] -- Up-to-date: /home/tdt/tool/ros/install/project1/share/project1/environment/library_path.sh
[5.664s] -- Installing: /home/tdt/tool/ros/install/project1/share/project1/environment/library_path.dsv
[5.664s] -- Up-to-date: /home/tdt/tool/ros/install/project1/lib/libproject1__rosidl_generator_c.so
[5.664s] -- Up-to-date: /home/tdt/tool/ros/install/project1/include/project1/project1
[5.664s] -- Up-to-date: /home/tdt/tool/ros/install/project1/include/project1/project1/msg
[5.664s] -- Up-to-date: /home/tdt/tool/ros/install/project1/include/project1/project1/msg/detail
[5.664s] -- Up-to-date: /home/tdt/tool/ros/install/project1/include/project1/project1/msg/detail/msg1__rosidl_typesupport_fastrtps_c.h
[5.664s] -- Up-to-date: /home/tdt/tool/ros/install/project1/include/project1/project1/msg/rosidl_typesupport_fastrtps_c__visibility_control.h
[5.664s] -- Up-to-date: /home/tdt/tool/ros/install/project1/lib/libproject1__rosidl_typesupport_fastrtps_c.so
[5.664s] -- Up-to-date: /home/tdt/tool/ros/install/project1/include/project1/project1
[5.664s] -- Up-to-date: /home/tdt/tool/ros/install/project1/include/project1/project1/msg
[5.664s] -- Up-to-date: /home/tdt/tool/ros/install/project1/include/project1/project1/msg/detail
[5.664s] -- Up-to-date: /home/tdt/tool/ros/install/project1/include/project1/project1/msg/detail/msg1__builder.hpp
[5.664s] -- Up-to-date: /home/tdt/tool/ros/install/project1/include/project1/project1/msg/detail/msg1__traits.hpp
[5.664s] -- Up-to-date: /home/tdt/tool/ros/install/project1/include/project1/project1/msg/detail/msg1__type_support.hpp
[5.664s] -- Up-to-date: /home/tdt/tool/ros/install/project1/include/project1/project1/msg/detail/msg1__struct.hpp
[5.664s] -- Up-to-date: /home/tdt/tool/ros/install/project1/include/project1/project1/msg/rosidl_generator_cpp__visibility_control.hpp
[5.664s] -- Up-to-date: /home/tdt/tool/ros/install/project1/include/project1/project1/msg/msg1.hpp
[5.664s] -- Up-to-date: /home/tdt/tool/ros/install/project1/include/project1/project1
[5.664s] -- Up-to-date: /home/tdt/tool/ros/install/project1/include/project1/project1/msg
[5.664s] -- Up-to-date: /home/tdt/tool/ros/install/project1/include/project1/project1/msg/detail
[5.664s] -- Up-to-date: /home/tdt/tool/ros/install/project1/include/project1/project1/msg/detail/dds_fastrtps
[5.664s] -- Up-to-date: /home/tdt/tool/ros/install/project1/include/project1/project1/msg/detail/msg1__rosidl_typesupport_fastrtps_cpp.hpp
[5.664s] -- Up-to-date: /home/tdt/tool/ros/install/project1/include/project1/project1/msg/rosidl_typesupport_fastrtps_cpp__visibility_control.h
[5.664s] -- Up-to-date: /home/tdt/tool/ros/install/project1/lib/libproject1__rosidl_typesupport_fastrtps_cpp.so
[5.664s] -- Up-to-date: /home/tdt/tool/ros/install/project1/include/project1/project1
[5.664s] -- Up-to-date: /home/tdt/tool/ros/install/project1/include/project1/project1/msg
[5.664s] -- Up-to-date: /home/tdt/tool/ros/install/project1/include/project1/project1/msg/detail
[5.664s] -- Up-to-date: /home/tdt/tool/ros/install/project1/include/project1/project1/msg/detail/msg1__type_support.c
[5.664s] -- Up-to-date: /home/tdt/tool/ros/install/project1/include/project1/project1/msg/detail/msg1__rosidl_typesupport_introspection_c.h
[5.664s] -- Up-to-date: /home/tdt/tool/ros/install/project1/include/project1/project1/msg/rosidl_typesupport_introspection_c__visibility_control.h
[5.664s] -- Up-to-date: /home/tdt/tool/ros/install/project1/lib/libproject1__rosidl_typesupport_introspection_c.so
[5.665s] -- Up-to-date: /home/tdt/tool/ros/install/project1/lib/libproject1__rosidl_typesupport_c.so
[5.665s] -- Up-to-date: /home/tdt/tool/ros/install/project1/include/project1/project1
[5.665s] -- Up-to-date: /home/tdt/tool/ros/install/project1/include/project1/project1/msg
[5.665s] -- Up-to-date: /home/tdt/tool/ros/install/project1/include/project1/project1/msg/detail
[5.665s] -- Up-to-date: /home/tdt/tool/ros/install/project1/include/project1/project1/msg/detail/msg1__rosidl_typesupport_introspection_cpp.hpp
[5.665s] -- Up-to-date: /home/tdt/tool/ros/install/project1/include/project1/project1/msg/detail/msg1__type_support.cpp
[5.665s] -- Up-to-date: /home/tdt/tool/ros/install/project1/lib/libproject1__rosidl_typesupport_introspection_cpp.so
[5.667s] -- Up-to-date: /home/tdt/tool/ros/install/project1/lib/libproject1__rosidl_typesupport_cpp.so
[5.667s] -- Up-to-date: /home/tdt/tool/ros/install/project1/share/project1/environment/pythonpath.sh
[5.667s] -- Installing: /home/tdt/tool/ros/install/project1/share/project1/environment/pythonpath.dsv
[5.667s] -- Up-to-date: /home/tdt/tool/ros/install/project1/local/lib/python3.10/dist-packages/project1-0.0.0-py3.10.egg-info
[5.667s] -- Installing: /home/tdt/tool/ros/install/project1/local/lib/python3.10/dist-packages/project1-0.0.0-py3.10.egg-info/SOURCES.txt
[5.667s] -- Installing: /home/tdt/tool/ros/install/project1/local/lib/python3.10/dist-packages/project1-0.0.0-py3.10.egg-info/dependency_links.txt
[5.667s] -- Installing: /home/tdt/tool/ros/install/project1/local/lib/python3.10/dist-packages/project1-0.0.0-py3.10.egg-info/PKG-INFO
[5.667s] -- Installing: /home/tdt/tool/ros/install/project1/local/lib/python3.10/dist-packages/project1-0.0.0-py3.10.egg-info/top_level.txt
[5.667s] -- Up-to-date: /home/tdt/tool/ros/install/project1/local/lib/python3.10/dist-packages/project1
[5.667s] -- Installing: /home/tdt/tool/ros/install/project1/local/lib/python3.10/dist-packages/project1/__init__.py
[5.667s] -- Up-to-date: /home/tdt/tool/ros/install/project1/local/lib/python3.10/dist-packages/project1/_project1_s.ep.rosidl_typesupport_introspection_c.c
[5.667s] -- Up-to-date: /home/tdt/tool/ros/install/project1/local/lib/python3.10/dist-packages/project1/msg
[5.667s] -- Up-to-date: /home/tdt/tool/ros/install/project1/local/lib/python3.10/dist-packages/project1/msg/__init__.py
[5.667s] -- Up-to-date: /home/tdt/tool/ros/install/project1/local/lib/python3.10/dist-packages/project1/msg/_msg1.py
[5.667s] -- Up-to-date: /home/tdt/tool/ros/install/project1/local/lib/python3.10/dist-packages/project1/msg/_msg1_s.c
[5.667s] -- Up-to-date: /home/tdt/tool/ros/install/project1/local/lib/python3.10/dist-packages/project1/libproject1__rosidl_generator_py.so
[5.667s] -- Up-to-date: /home/tdt/tool/ros/install/project1/local/lib/python3.10/dist-packages/project1/project1_s__rosidl_typesupport_fastrtps_c.cpython-310-x86_64-linux-gnu.so
[5.667s] -- Up-to-date: /home/tdt/tool/ros/install/project1/local/lib/python3.10/dist-packages/project1/project1_s__rosidl_typesupport_c.cpython-310-x86_64-linux-gnu.so
[5.667s] -- Up-to-date: /home/tdt/tool/ros/install/project1/local/lib/python3.10/dist-packages/project1/_project1_s.ep.rosidl_typesupport_fastrtps_c.c
[5.667s] -- Up-to-date: /home/tdt/tool/ros/install/project1/local/lib/python3.10/dist-packages/project1/_project1_s.ep.rosidl_typesupport_c.c
[5.667s] -- Up-to-date: /home/tdt/tool/ros/install/project1/local/lib/python3.10/dist-packages/project1/project1_s__rosidl_typesupport_introspection_c.cpython-310-x86_64-linux-gnu.so
[5.687s] Listing '/home/tdt/tool/ros/install/project1/local/lib/python3.10/dist-packages/project1'...
[5.687s] Compiling '/home/tdt/tool/ros/install/project1/local/lib/python3.10/dist-packages/project1/__init__.py'...
[5.687s] Listing '/home/tdt/tool/ros/install/project1/local/lib/python3.10/dist-packages/project1/msg'...
[5.690s] -- Up-to-date: /home/tdt/tool/ros/install/project1/local/lib/python3.10/dist-packages/project1/project1_s__rosidl_typesupport_fastrtps_c.cpython-310-x86_64-linux-gnu.so
[5.690s] -- Up-to-date: /home/tdt/tool/ros/install/project1/local/lib/python3.10/dist-packages/project1/project1_s__rosidl_typesupport_introspection_c.cpython-310-x86_64-linux-gnu.so
[5.690s] -- Up-to-date: /home/tdt/tool/ros/install/project1/local/lib/python3.10/dist-packages/project1/project1_s__rosidl_typesupport_c.cpython-310-x86_64-linux-gnu.so
[5.690s] -- Up-to-date: /home/tdt/tool/ros/install/project1/lib/libproject1__rosidl_generator_py.so
[5.690s] -- Up-to-date: /home/tdt/tool/ros/install/project1/share/project1/msg/Msg1.idl
[5.691s] -- Up-to-date: /home/tdt/tool/ros/install/project1/share/project1/msg/Msg1.msg
[5.691s] -- Up-to-date: /home/tdt/tool/ros/install/project1/include
[5.691s] -- Up-to-date: /home/tdt/tool/ros/install/project1/include/project1
[5.691s] -- Installing: /home/tdt/tool/ros/install/project1/lib/project1/talker1_node
[5.691s] -- Set runtime path of "/home/tdt/tool/ros/install/project1/lib/project1/talker1_node" to ""
[5.691s] -- Installing: /home/tdt/tool/ros/install/project1/lib/project1/listener1_node
[5.692s] -- Set runtime path of "/home/tdt/tool/ros/install/project1/lib/project1/listener1_node" to ""
[5.692s] -- Up-to-date: /home/tdt/tool/ros/install/project1/share/ament_index/resource_index/package_run_dependencies/project1
[5.692s] -- Up-to-date: /home/tdt/tool/ros/install/project1/share/ament_index/resource_index/parent_prefix_path/project1
[5.692s] -- Up-to-date: /home/tdt/tool/ros/install/project1/share/project1/environment/ament_prefix_path.sh
[5.692s] -- Installing: /home/tdt/tool/ros/install/project1/share/project1/environment/ament_prefix_path.dsv
[5.692s] -- Up-to-date: /home/tdt/tool/ros/install/project1/share/project1/environment/path.sh
[5.692s] -- Installing: /home/tdt/tool/ros/install/project1/share/project1/environment/path.dsv
[5.694s] -- Up-to-date: /home/tdt/tool/ros/install/project1/share/project1/local_setup.bash
[5.694s] -- Up-to-date: /home/tdt/tool/ros/install/project1/share/project1/local_setup.sh
[5.694s] -- Up-to-date: /home/tdt/tool/ros/install/project1/share/project1/local_setup.zsh
[5.694s] -- Installing: /home/tdt/tool/ros/install/project1/share/project1/local_setup.dsv
[5.694s] -- Installing: /home/tdt/tool/ros/install/project1/share/project1/package.dsv
[5.694s] -- Up-to-date: /home/tdt/tool/ros/install/project1/share/ament_index/resource_index/packages/project1
[5.694s] -- Up-to-date: /home/tdt/tool/ros/install/project1/share/project1/cmake/export_project1__rosidl_generator_cExport.cmake
[5.694s] -- Up-to-date: /home/tdt/tool/ros/install/project1/share/project1/cmake/export_project1__rosidl_generator_cExport-noconfig.cmake
[5.694s] -- Up-to-date: /home/tdt/tool/ros/install/project1/share/project1/cmake/export_project1__rosidl_typesupport_fastrtps_cExport.cmake
[5.694s] -- Up-to-date: /home/tdt/tool/ros/install/project1/share/project1/cmake/export_project1__rosidl_typesupport_fastrtps_cExport-noconfig.cmake
[5.694s] -- Up-to-date: /home/tdt/tool/ros/install/project1/share/project1/cmake/export_project1__rosidl_generator_cppExport.cmake
[5.694s] -- Up-to-date: /home/tdt/tool/ros/install/project1/share/project1/cmake/export_project1__rosidl_typesupport_fastrtps_cppExport.cmake
[5.694s] -- Up-to-date: /home/tdt/tool/ros/install/project1/share/project1/cmake/export_project1__rosidl_typesupport_fastrtps_cppExport-noconfig.cmake
[5.694s] -- Up-to-date: /home/tdt/tool/ros/install/project1/share/project1/cmake/project1__rosidl_typesupport_introspection_cExport.cmake
[5.694s] -- Up-to-date: /home/tdt/tool/ros/install/project1/share/project1/cmake/project1__rosidl_typesupport_introspection_cExport-noconfig.cmake
[5.694s] -- Up-to-date: /home/tdt/tool/ros/install/project1/share/project1/cmake/project1__rosidl_typesupport_cExport.cmake
[5.694s] -- Up-to-date: /home/tdt/tool/ros/install/project1/share/project1/cmake/project1__rosidl_typesupport_cExport-noconfig.cmake
[5.695s] -- Up-to-date: /home/tdt/tool/ros/install/project1/share/project1/cmake/project1__rosidl_typesupport_introspection_cppExport.cmake
[5.695s] -- Up-to-date: /home/tdt/tool/ros/install/project1/share/project1/cmake/project1__rosidl_typesupport_introspection_cppExport-noconfig.cmake
[5.695s] -- Up-to-date: /home/tdt/tool/ros/install/project1/share/project1/cmake/project1__rosidl_typesupport_cppExport.cmake
[5.695s] -- Up-to-date: /home/tdt/tool/ros/install/project1/share/project1/cmake/project1__rosidl_typesupport_cppExport-noconfig.cmake
[5.695s] -- Up-to-date: /home/tdt/tool/ros/install/project1/share/project1/cmake/export_project1__rosidl_generator_pyExport.cmake
[5.695s] -- Up-to-date: /home/tdt/tool/ros/install/project1/share/project1/cmake/export_project1__rosidl_generator_pyExport-noconfig.cmake
[5.695s] -- Up-to-date: /home/tdt/tool/ros/install/project1/share/project1/cmake/rosidl_cmake-extras.cmake
[5.695s] -- Up-to-date: /home/tdt/tool/ros/install/project1/share/project1/cmake/ament_cmake_export_dependencies-extras.cmake
[5.695s] -- Up-to-date: /home/tdt/tool/ros/install/project1/share/project1/cmake/ament_cmake_export_include_directories-extras.cmake
[5.695s] -- Up-to-date: /home/tdt/tool/ros/install/project1/share/project1/cmake/ament_cmake_export_libraries-extras.cmake
[5.695s] -- Up-to-date: /home/tdt/tool/ros/install/project1/share/project1/cmake/ament_cmake_export_targets-extras.cmake
[5.696s] -- Up-to-date: /home/tdt/tool/ros/install/project1/share/project1/cmake/rosidl_cmake_export_typesupport_targets-extras.cmake
[5.696s] -- Up-to-date: /home/tdt/tool/ros/install/project1/share/project1/cmake/rosidl_cmake_export_typesupport_libraries-extras.cmake
[5.696s] -- Up-to-date: /home/tdt/tool/ros/install/project1/share/project1/cmake/project1Config.cmake
[5.696s] -- Up-to-date: /home/tdt/tool/ros/install/project1/share/project1/cmake/project1Config-version.cmake
[5.696s] -- Up-to-date: /home/tdt/tool/ros/install/project1/share/project1/package.xml
[5.696s] Invoked command in '/home/tdt/tool/ros/build/project1' returned '0': CMAKE_PREFIX_PATH=/home/tdt/tool/ros/install/my_msgs:/home/tdt/tool/ros/install/project1:/opt/ros/humble LD_LIBRARY_PATH=/home/tdt/tool/ros/install/my_msgs/lib:/home/tdt/tool/ros/install/project1/lib:/opt/ros/humble/opt/rviz_ogre_vendor/lib:/opt/ros/humble/lib/x86_64-linux-gnu:/opt/ros/humble/lib /usr/bin/cmake --install /home/tdt/tool/ros/build/project1
