[0.006s] Invoking command in '/home/tdt/tool/ros/build/project1': CMAKE_PREFIX_PATH=/home/tdt/tool/ros/install/my_msgs:/home/tdt/tool/ros/install/project1:/opt/ros/humble /usr/bin/cmake --build /home/tdt/tool/ros/build/project1 -- -j24 -l24
[0.023s] -- Found ament_cmake: 1.3.12 (/opt/ros/humble/share/ament_cmake/cmake)
[0.095s] -- Found ament_cmake_auto: 1.3.12 (/opt/ros/humble/share/ament_cmake_auto/cmake)
[0.147s] -- Found rosidl_generator_c: 3.1.7 (/opt/ros/humble/share/rosidl_generator_c/cmake)
[0.148s] -- Found rosidl_adapter: 3.1.7 (/opt/ros/humble/share/rosidl_adapter/cmake)
[0.151s] -- Found rosidl_generator_cpp: 3.1.7 (/opt/ros/humble/share/rosidl_generator_cpp/cmake)
[0.156s] -- Using all available rosidl_typesupport_c: rosidl_typesupport_fastrtps_c;rosidl_typesupport_introspection_c
[0.162s] -- Using all available rosidl_typesupport_cpp: rosidl_typesupport_fastrtps_cpp;rosidl_typesupport_introspection_cpp
[0.181s] -- Found rmw_implementation_cmake: 6.1.2 (/opt/ros/humble/share/rmw_implementation_cmake/cmake)
[0.181s] -- Found rmw_fastrtps_cpp: 6.2.8 (/opt/ros/humble/share/rmw_fastrtps_cpp/cmake)
[0.233s] -- Using RMW implementation 'rmw_fastrtps_cpp' as default
[0.265s] [31mCMake Error at /opt/ros/humble/share/rosidl_cmake/cmake/rosidl_generate_interfaces.cmake:93 (message):
[0.265s]   rosidl_generate_interfaces() the passed file 'msg/Msg1.msg' doesn't exist
[0.265s]   relative to the CMAKE_CURRENT_SOURCE_DIR '/home/tdt/tool/ros/src/project1'
[0.265s] Call Stack (most recent call first):
[0.265s]   CMakeLists.txt:21 (rosidl_generate_interfaces)
[0.265s] 
[0.265s] [0m
[0.266s] -- Configuring incomplete, errors occurred!
[0.266s] See also "/home/tdt/tool/ros/build/project1/CMakeFiles/CMakeOutput.log".
[0.269s] gmake: *** [Makefile:308: cmake_check_build_system] Error 1
[0.271s] Invoked command in '/home/tdt/tool/ros/build/project1' returned '2': CMAKE_PREFIX_PATH=/home/tdt/tool/ros/install/my_msgs:/home/tdt/tool/ros/install/project1:/opt/ros/humble /usr/bin/cmake --build /home/tdt/tool/ros/build/project1 -- -j24 -l24
