[0.006s] Invoking command in '/home/tdt/tool/ros/build/project1': CMAKE_PREFIX_PATH=/home/tdt/tool/ros/install/my_msgs:/home/tdt/tool/ros/install/project1:/opt/ros/humble /usr/bin/cmake --build /home/tdt/tool/ros/build/project1 -- -j24 -l24
[0.021s] -- Found ament_cmake: 1.3.12 (/opt/ros/humble/share/ament_cmake/cmake)
[0.080s] -- Found ament_cmake_auto: 1.3.12 (/opt/ros/humble/share/ament_cmake_auto/cmake)
[0.120s] -- Found rosidl_generator_c: 3.1.7 (/opt/ros/humble/share/rosidl_generator_c/cmake)
[0.121s] -- Found rosidl_adapter: 3.1.7 (/opt/ros/humble/share/rosidl_adapter/cmake)
[0.124s] -- Found rosidl_generator_cpp: 3.1.7 (/opt/ros/humble/share/rosidl_generator_cpp/cmake)
[0.128s] -- Using all available rosidl_typesupport_c: rosidl_typesupport_fastrtps_c;rosidl_typesupport_introspection_c
[0.134s] -- Using all available rosidl_typesupport_cpp: rosidl_typesupport_fastrtps_cpp;rosidl_typesupport_introspection_cpp
[0.152s] -- Found rmw_implementation_cmake: 6.1.2 (/opt/ros/humble/share/rmw_implementation_cmake/cmake)
[0.153s] -- Found rmw_fastrtps_cpp: 6.2.8 (/opt/ros/humble/share/rmw_fastrtps_cpp/cmake)
[0.197s] -- Using RMW implementation 'rmw_fastrtps_cpp' as default
[0.228s] [0mIn this package, headers install destination is set to `include` by ament_auto_package. It is recommended to install `include/project1` instead and will be the default behavior of ament_auto_package from ROS 2 Kilted Kaiju. On distributions before Kilted, ament_auto_package behaves the same way when you use USE_SCOPED_HEADER_INSTALL_DIR option.[0m
[0.229s] -- Configuring done
[0.235s] -- Generating done
[0.237s] -- Build files have been written to: /home/tdt/tool/ros/build/project1
[0.255s] [35m[1mConsolidate compiler generated dependencies of target talker1_node[0m
[0.255s] [35m[1mConsolidate compiler generated dependencies of target listener_node[0m
[0.267s] [ 25%] [32mBuilding CXX object CMakeFiles/listener_node.dir/src/listener.cpp.o[0m
[0.268s] [ 50%] [32mBuilding CXX object CMakeFiles/talker1_node.dir/src/talker1.cpp.o[0m
[1.851s] In file included from [01m[K/opt/ros/humble/include/rclcpp/rclcpp/logging.hpp:24[m[K,
[1.851s]                  from [01m[K/opt/ros/humble/include/rclcpp/rclcpp/client.hpp:40[m[K,
[1.851s]                  from [01m[K/opt/ros/humble/include/rclcpp/rclcpp/callback_group.hpp:24[m[K,
[1.851s]                  from [01m[K/opt/ros/humble/include/rclcpp/rclcpp/any_executable.hpp:20[m[K,
[1.851s]                  from [01m[K/opt/ros/humble/include/rclcpp/rclcpp/memory_strategy.hpp:25[m[K,
[1.851s]                  from [01m[K/opt/ros/humble/include/rclcpp/rclcpp/memory_strategies.hpp:18[m[K,
[1.851s]                  from [01m[K/opt/ros/humble/include/rclcpp/rclcpp/executor_options.hpp:20[m[K,
[1.851s]                  from [01m[K/opt/ros/humble/include/rclcpp/rclcpp/executor.hpp:37[m[K,
[1.852s]                  from [01m[K/opt/ros/humble/include/rclcpp/rclcpp/executors/multi_threaded_executor.hpp:25[m[K,
[1.852s]                  from [01m[K/opt/ros/humble/include/rclcpp/rclcpp/executors.hpp:21[m[K,
[1.852s]                  from [01m[K/opt/ros/humble/include/rclcpp/rclcpp/rclcpp.hpp:155[m[K,
[1.852s]                  from [01m[K/home/tdt/tool/ros/src/project1/src/listener.cpp:1[m[K:
[1.852s] [01m[K/home/tdt/tool/ros/src/project1/src/listener.cpp:[m[K In member function ‘[01m[Kvoid MinimalSubscriber::topic_callback(const String&) const[m[K’:
[1.852s] [01m[K/home/tdt/tool/ros/src/project1/src/listener.cpp:16:63:[m[K [01;31m[Kerror: [m[K‘[01m[Kconst String[m[K’ {aka ‘[01m[Kconst struct std_msgs::msg::String_<std::allocator<void> >[m[K’} has no member named ‘[01m[Ks[m[K’
[1.852s]    16 |             RCLCPP_INFO(this->get_logger(), "收到: '%s'", msg.[01;31m[Ks[m[K.c_str());
[1.852s]       |                                                               [01;31m[K^[m[K
[1.852s] [01m[K/home/tdt/tool/ros/src/project1/src/listener.cpp:18:34:[m[K [01;31m[Kerror: [m[K‘[01m[Kconst String[m[K’ {aka ‘[01m[Kconst struct std_msgs::msg::String_<std::allocator<void> >[m[K’} has no member named ‘[01m[Knum[m[K’
[1.852s]    18 |             cv::putText(img, msg.[01;31m[Knum[m[K, cv::Point(50, 200), cv::FONT_HERSHEY_SIMPLEX, 0.8, cv::Scalar(0, 0, 0), 2);
[1.852s]       |                                  [01;31m[K^~~[m[K
[2.522s] [ 75%] [32m[1mLinking CXX executable talker1_node[0m
[2.640s] [ 75%] Built target talker1_node
[3.284s] gmake[2]: *** [CMakeFiles/listener_node.dir/build.make:76: CMakeFiles/listener_node.dir/src/listener.cpp.o] Error 1
[3.285s] gmake[1]: *** [CMakeFiles/Makefile2:165: CMakeFiles/listener_node.dir/all] Error 2
[3.285s] gmake: *** [Makefile:146: all] Error 2
[3.287s] Invoked command in '/home/tdt/tool/ros/build/project1' returned '2': CMAKE_PREFIX_PATH=/home/tdt/tool/ros/install/my_msgs:/home/tdt/tool/ros/install/project1:/opt/ros/humble /usr/bin/cmake --build /home/tdt/tool/ros/build/project1 -- -j24 -l24
