[0.008s] Invoking command in '/home/tdt/tool/ros/build/project1': CMAKE_PREFIX_PATH=/home/tdt/tool/ros/install/my_msgs:/home/tdt/tool/ros/install/project1:/opt/ros/humble /usr/bin/cmake --build /home/tdt/tool/ros/build/project1 -- -j24 -l24
[0.036s] [35m[1mConsolidate compiler generated dependencies of target listener_node[0m
[0.039s] [ 50%] Built target talker1_node
[0.046s] [ 75%] [32mBuilding CXX object CMakeFiles/listener_node.dir/src/listener.cpp.o[0m
[4.192s] [100%] [32m[1mLinking CXX executable listener_node[0m
[4.400s] [100%] Built target listener_node
[4.408s] Invoked command in '/home/tdt/tool/ros/build/project1' returned '0': CMAKE_PREFIX_PATH=/home/tdt/tool/ros/install/my_msgs:/home/tdt/tool/ros/install/project1:/opt/ros/humble /usr/bin/cmake --build /home/tdt/tool/ros/build/project1 -- -j24 -l24
[4.413s] Invoking command in '/home/tdt/tool/ros/build/project1': CMAKE_PREFIX_PATH=/home/tdt/tool/ros/install/my_msgs:/home/tdt/tool/ros/install/project1:/opt/ros/humble /usr/bin/cmake --install /home/tdt/tool/ros/build/project1
[4.417s] -- Install configuration: ""
[4.418s] -- Up-to-date: /home/tdt/tool/ros/install/project1/include
[4.418s] -- Up-to-date: /home/tdt/tool/ros/install/project1/include/project1
[4.418s] -- Installing: /home/tdt/tool/ros/install/project1/lib/project1/talker1_node
[4.418s] -- Set runtime path of "/home/tdt/tool/ros/install/project1/lib/project1/talker1_node" to ""
[4.419s] -- Installing: /home/tdt/tool/ros/install/project1/lib/project1/listener_node
[4.420s] -- Set runtime path of "/home/tdt/tool/ros/install/project1/lib/project1/listener_node" to ""
[4.420s] -- Installing: /home/tdt/tool/ros/install/project1/share/ament_index/resource_index/package_run_dependencies/project1
[4.420s] -- Installing: /home/tdt/tool/ros/install/project1/share/ament_index/resource_index/parent_prefix_path/project1
[4.421s] -- Up-to-date: /home/tdt/tool/ros/install/project1/share/project1/environment/ament_prefix_path.sh
[4.421s] -- Installing: /home/tdt/tool/ros/install/project1/share/project1/environment/ament_prefix_path.dsv
[4.421s] -- Up-to-date: /home/tdt/tool/ros/install/project1/share/project1/environment/path.sh
[4.421s] -- Installing: /home/tdt/tool/ros/install/project1/share/project1/environment/path.dsv
[4.421s] -- Up-to-date: /home/tdt/tool/ros/install/project1/share/project1/local_setup.bash
[4.421s] -- Up-to-date: /home/tdt/tool/ros/install/project1/share/project1/local_setup.sh
[4.421s] -- Up-to-date: /home/tdt/tool/ros/install/project1/share/project1/local_setup.zsh
[4.421s] -- Installing: /home/tdt/tool/ros/install/project1/share/project1/local_setup.dsv
[4.421s] -- Installing: /home/tdt/tool/ros/install/project1/share/project1/package.dsv
[4.422s] -- Up-to-date: /home/tdt/tool/ros/install/project1/share/ament_index/resource_index/packages/project1
[4.422s] -- Installing: /home/tdt/tool/ros/install/project1/share/project1/cmake/ament_cmake_export_dependencies-extras.cmake
[4.422s] -- Up-to-date: /home/tdt/tool/ros/install/project1/share/project1/cmake/ament_cmake_export_include_directories-extras.cmake
[4.422s] -- Up-to-date: /home/tdt/tool/ros/install/project1/share/project1/cmake/project1Config.cmake
[4.422s] -- Up-to-date: /home/tdt/tool/ros/install/project1/share/project1/cmake/project1Config-version.cmake
[4.422s] -- Installing: /home/tdt/tool/ros/install/project1/share/project1/package.xml
[4.423s] Invoked command in '/home/tdt/tool/ros/build/project1' returned '0': CMAKE_PREFIX_PATH=/home/tdt/tool/ros/install/my_msgs:/home/tdt/tool/ros/install/project1:/opt/ros/humble /usr/bin/cmake --install /home/tdt/tool/ros/build/project1
