[0.007s] Invoking command in '/home/tdt/tool/ros/build/project1': CMAKE_PREFIX_PATH=/home/tdt/tool/ros/install/my_msgs:/home/tdt/tool/ros/install/project1:/opt/ros/humble LD_LIBRARY_PATH=/home/tdt/tool/ros/install/my_msgs/lib:/home/tdt/tool/ros/install/project1/lib:/opt/ros/humble/opt/rviz_ogre_vendor/lib:/opt/ros/humble/lib/x86_64-linux-gnu:/opt/ros/humble/lib /usr/bin/cmake --build /home/tdt/tool/ros/build/project1 -- -j24 -l24
[0.043s] [35m[1mConsolidate compiler generated dependencies of target talker1_node[0m
[0.043s] [  2%] Built target project1__cpp
[0.043s] [ 11%] Built target project1__rosidl_generator_c
[0.049s] [ 17%] Built target listener1_node
[0.050s] [ 17%] Built target ament_cmake_python_copy_project1
[0.053s] [ 20%] [32mBuilding CXX object CMakeFiles/talker1_node.dir/src/talker1.cpp.o[0m
[0.059s] [ 28%] Built target project1__rosidl_typesupport_fastrtps_cpp
[0.060s] [ 37%] Built target project1__rosidl_typesupport_cpp
[0.064s] [ 45%] Built target project1__rosidl_typesupport_fastrtps_c
[0.064s] [ 54%] Built target project1__rosidl_typesupport_introspection_c
[0.064s] [ 62%] Built target project1__rosidl_typesupport_c
[0.064s] [ 71%] Built target project1__rosidl_typesupport_introspection_cpp
[0.079s] [ 71%] Built target project1
[0.095s] [ 74%] Built target project1__py
[0.114s] [ 80%] Built target project1__rosidl_generator_py
[0.133s] [ 94%] Built target project1__rosidl_typesupport_fastrtps_c__pyext
[0.133s] [ 91%] Built target project1__rosidl_typesupport_introspection_c__pyext
[0.134s] [ 97%] Built target project1__rosidl_typesupport_c__pyext
[0.192s] running egg_info
[0.193s] writing project1.egg-info/PKG-INFO
[0.193s] writing dependency_links to project1.egg-info/dependency_links.txt
[0.193s] writing top-level names to project1.egg-info/top_level.txt
[0.194s] reading manifest file 'project1.egg-info/SOURCES.txt'
[0.194s] writing manifest file 'project1.egg-info/SOURCES.txt'
[0.212s] [ 97%] Built target ament_cmake_python_build_project1_egg
[2.182s] [100%] [32m[1mLinking CXX executable talker1_node[0m
[2.283s] [100%] Built target talker1_node
[2.292s] Invoked command in '/home/tdt/tool/ros/build/project1' returned '0': CMAKE_PREFIX_PATH=/home/tdt/tool/ros/install/my_msgs:/home/tdt/tool/ros/install/project1:/opt/ros/humble LD_LIBRARY_PATH=/home/tdt/tool/ros/install/my_msgs/lib:/home/tdt/tool/ros/install/project1/lib:/opt/ros/humble/opt/rviz_ogre_vendor/lib:/opt/ros/humble/lib/x86_64-linux-gnu:/opt/ros/humble/lib /usr/bin/cmake --build /home/tdt/tool/ros/build/project1 -- -j24 -l24
[2.294s] Invoking command in '/home/tdt/tool/ros/build/project1': CMAKE_PREFIX_PATH=/home/tdt/tool/ros/install/my_msgs:/home/tdt/tool/ros/install/project1:/opt/ros/humble LD_LIBRARY_PATH=/home/tdt/tool/ros/install/my_msgs/lib:/home/tdt/tool/ros/install/project1/lib:/opt/ros/humble/opt/rviz_ogre_vendor/lib:/opt/ros/humble/lib/x86_64-linux-gnu:/opt/ros/humble/lib /usr/bin/cmake --install /home/tdt/tool/ros/build/project1
[2.296s] -- Install configuration: ""
[2.297s] -- Up-to-date: /home/tdt/tool/ros/install/project1/share/ament_index/resource_index/rosidl_interfaces/project1
[2.297s] -- Up-to-date: /home/tdt/tool/ros/install/project1/include/project1/project1
[2.297s] -- Up-to-date: /home/tdt/tool/ros/install/project1/include/project1/project1/msg
[2.297s] -- Up-to-date: /home/tdt/tool/ros/install/project1/include/project1/project1/msg/detail
[2.297s] -- Up-to-date: /home/tdt/tool/ros/install/project1/include/project1/project1/msg/detail/msg1__functions.h
[2.297s] -- Up-to-date: /home/tdt/tool/ros/install/project1/include/project1/project1/msg/detail/msg1__functions.c
[2.297s] -- Up-to-date: /home/tdt/tool/ros/install/project1/include/project1/project1/msg/detail/msg1__struct.h
[2.297s] -- Up-to-date: /home/tdt/tool/ros/install/project1/include/project1/project1/msg/detail/msg1__type_support.h
[2.297s] -- Up-to-date: /home/tdt/tool/ros/install/project1/include/project1/project1/msg/msg1.h
[2.297s] -- Up-to-date: /home/tdt/tool/ros/install/project1/include/project1/project1/msg/rosidl_generator_c__visibility_control.h
[2.297s] -- Up-to-date: /home/tdt/tool/ros/install/project1/share/project1/environment/library_path.sh
[2.297s] -- Up-to-date: /home/tdt/tool/ros/install/project1/share/project1/environment/library_path.dsv
[2.297s] -- Up-to-date: /home/tdt/tool/ros/install/project1/lib/libproject1__rosidl_generator_c.so
[2.297s] -- Up-to-date: /home/tdt/tool/ros/install/project1/include/project1/project1
[2.297s] -- Up-to-date: /home/tdt/tool/ros/install/project1/include/project1/project1/msg
[2.297s] -- Up-to-date: /home/tdt/tool/ros/install/project1/include/project1/project1/msg/detail
[2.297s] -- Up-to-date: /home/tdt/tool/ros/install/project1/include/project1/project1/msg/detail/msg1__rosidl_typesupport_fastrtps_c.h
[2.297s] -- Up-to-date: /home/tdt/tool/ros/install/project1/include/project1/project1/msg/rosidl_typesupport_fastrtps_c__visibility_control.h
[2.297s] -- Up-to-date: /home/tdt/tool/ros/install/project1/lib/libproject1__rosidl_typesupport_fastrtps_c.so
[2.297s] -- Up-to-date: /home/tdt/tool/ros/install/project1/include/project1/project1
[2.297s] -- Up-to-date: /home/tdt/tool/ros/install/project1/include/project1/project1/msg
[2.297s] -- Up-to-date: /home/tdt/tool/ros/install/project1/include/project1/project1/msg/detail
[2.297s] -- Up-to-date: /home/tdt/tool/ros/install/project1/include/project1/project1/msg/detail/msg1__builder.hpp
[2.297s] -- Up-to-date: /home/tdt/tool/ros/install/project1/include/project1/project1/msg/detail/msg1__traits.hpp
[2.297s] -- Up-to-date: /home/tdt/tool/ros/install/project1/include/project1/project1/msg/detail/msg1__type_support.hpp
[2.297s] -- Up-to-date: /home/tdt/tool/ros/install/project1/include/project1/project1/msg/detail/msg1__struct.hpp
[2.297s] -- Up-to-date: /home/tdt/tool/ros/install/project1/include/project1/project1/msg/rosidl_generator_cpp__visibility_control.hpp
[2.297s] -- Up-to-date: /home/tdt/tool/ros/install/project1/include/project1/project1/msg/msg1.hpp
[2.297s] -- Up-to-date: /home/tdt/tool/ros/install/project1/include/project1/project1
[2.297s] -- Up-to-date: /home/tdt/tool/ros/install/project1/include/project1/project1/msg
[2.297s] -- Up-to-date: /home/tdt/tool/ros/install/project1/include/project1/project1/msg/detail
[2.297s] -- Up-to-date: /home/tdt/tool/ros/install/project1/include/project1/project1/msg/detail/dds_fastrtps
[2.297s] -- Up-to-date: /home/tdt/tool/ros/install/project1/include/project1/project1/msg/detail/msg1__rosidl_typesupport_fastrtps_cpp.hpp
[2.297s] -- Up-to-date: /home/tdt/tool/ros/install/project1/include/project1/project1/msg/rosidl_typesupport_fastrtps_cpp__visibility_control.h
[2.298s] -- Up-to-date: /home/tdt/tool/ros/install/project1/lib/libproject1__rosidl_typesupport_fastrtps_cpp.so
[2.298s] -- Up-to-date: /home/tdt/tool/ros/install/project1/include/project1/project1
[2.298s] -- Up-to-date: /home/tdt/tool/ros/install/project1/include/project1/project1/msg
[2.298s] -- Up-to-date: /home/tdt/tool/ros/install/project1/include/project1/project1/msg/detail
[2.298s] -- Up-to-date: /home/tdt/tool/ros/install/project1/include/project1/project1/msg/detail/msg1__type_support.c
[2.298s] -- Up-to-date: /home/tdt/tool/ros/install/project1/include/project1/project1/msg/detail/msg1__rosidl_typesupport_introspection_c.h
[2.298s] -- Up-to-date: /home/tdt/tool/ros/install/project1/include/project1/project1/msg/rosidl_typesupport_introspection_c__visibility_control.h
[2.298s] -- Up-to-date: /home/tdt/tool/ros/install/project1/lib/libproject1__rosidl_typesupport_introspection_c.so
[2.299s] -- Up-to-date: /home/tdt/tool/ros/install/project1/lib/libproject1__rosidl_typesupport_c.so
[2.299s] -- Up-to-date: /home/tdt/tool/ros/install/project1/include/project1/project1
[2.299s] -- Up-to-date: /home/tdt/tool/ros/install/project1/include/project1/project1/msg
[2.299s] -- Up-to-date: /home/tdt/tool/ros/install/project1/include/project1/project1/msg/detail
[2.299s] -- Up-to-date: /home/tdt/tool/ros/install/project1/include/project1/project1/msg/detail/msg1__rosidl_typesupport_introspection_cpp.hpp
[2.299s] -- Up-to-date: /home/tdt/tool/ros/install/project1/include/project1/project1/msg/detail/msg1__type_support.cpp
[2.299s] -- Up-to-date: /home/tdt/tool/ros/install/project1/lib/libproject1__rosidl_typesupport_introspection_cpp.so
[2.299s] -- Up-to-date: /home/tdt/tool/ros/install/project1/lib/libproject1__rosidl_typesupport_cpp.so
[2.299s] -- Up-to-date: /home/tdt/tool/ros/install/project1/share/project1/environment/pythonpath.sh
[2.299s] -- Up-to-date: /home/tdt/tool/ros/install/project1/share/project1/environment/pythonpath.dsv
[2.299s] -- Up-to-date: /home/tdt/tool/ros/install/project1/local/lib/python3.10/dist-packages/project1-0.0.0-py3.10.egg-info
[2.299s] -- Installing: /home/tdt/tool/ros/install/project1/local/lib/python3.10/dist-packages/project1-0.0.0-py3.10.egg-info/SOURCES.txt
[2.299s] -- Installing: /home/tdt/tool/ros/install/project1/local/lib/python3.10/dist-packages/project1-0.0.0-py3.10.egg-info/dependency_links.txt
[2.299s] -- Installing: /home/tdt/tool/ros/install/project1/local/lib/python3.10/dist-packages/project1-0.0.0-py3.10.egg-info/PKG-INFO
[2.299s] -- Installing: /home/tdt/tool/ros/install/project1/local/lib/python3.10/dist-packages/project1-0.0.0-py3.10.egg-info/top_level.txt
[2.299s] -- Up-to-date: /home/tdt/tool/ros/install/project1/local/lib/python3.10/dist-packages/project1
[2.299s] -- Up-to-date: /home/tdt/tool/ros/install/project1/local/lib/python3.10/dist-packages/project1/__init__.py
[2.299s] -- Up-to-date: /home/tdt/tool/ros/install/project1/local/lib/python3.10/dist-packages/project1/_project1_s.ep.rosidl_typesupport_introspection_c.c
[2.299s] -- Up-to-date: /home/tdt/tool/ros/install/project1/local/lib/python3.10/dist-packages/project1/msg
[2.299s] -- Up-to-date: /home/tdt/tool/ros/install/project1/local/lib/python3.10/dist-packages/project1/msg/__init__.py
[2.299s] -- Up-to-date: /home/tdt/tool/ros/install/project1/local/lib/python3.10/dist-packages/project1/msg/_msg1.py
[2.299s] -- Up-to-date: /home/tdt/tool/ros/install/project1/local/lib/python3.10/dist-packages/project1/msg/_msg1_s.c
[2.299s] -- Up-to-date: /home/tdt/tool/ros/install/project1/local/lib/python3.10/dist-packages/project1/libproject1__rosidl_generator_py.so
[2.299s] -- Up-to-date: /home/tdt/tool/ros/install/project1/local/lib/python3.10/dist-packages/project1/project1_s__rosidl_typesupport_fastrtps_c.cpython-310-x86_64-linux-gnu.so
[2.299s] -- Up-to-date: /home/tdt/tool/ros/install/project1/local/lib/python3.10/dist-packages/project1/project1_s__rosidl_typesupport_c.cpython-310-x86_64-linux-gnu.so
[2.299s] -- Up-to-date: /home/tdt/tool/ros/install/project1/local/lib/python3.10/dist-packages/project1/_project1_s.ep.rosidl_typesupport_fastrtps_c.c
[2.299s] -- Up-to-date: /home/tdt/tool/ros/install/project1/local/lib/python3.10/dist-packages/project1/_project1_s.ep.rosidl_typesupport_c.c
[2.299s] -- Up-to-date: /home/tdt/tool/ros/install/project1/local/lib/python3.10/dist-packages/project1/project1_s__rosidl_typesupport_introspection_c.cpython-310-x86_64-linux-gnu.so
[2.316s] Listing '/home/tdt/tool/ros/install/project1/local/lib/python3.10/dist-packages/project1'...
[2.316s] Listing '/home/tdt/tool/ros/install/project1/local/lib/python3.10/dist-packages/project1/msg'...
[2.319s] -- Up-to-date: /home/tdt/tool/ros/install/project1/local/lib/python3.10/dist-packages/project1/project1_s__rosidl_typesupport_fastrtps_c.cpython-310-x86_64-linux-gnu.so
[2.319s] -- Up-to-date: /home/tdt/tool/ros/install/project1/local/lib/python3.10/dist-packages/project1/project1_s__rosidl_typesupport_introspection_c.cpython-310-x86_64-linux-gnu.so
[2.319s] -- Up-to-date: /home/tdt/tool/ros/install/project1/local/lib/python3.10/dist-packages/project1/project1_s__rosidl_typesupport_c.cpython-310-x86_64-linux-gnu.so
[2.319s] -- Up-to-date: /home/tdt/tool/ros/install/project1/lib/libproject1__rosidl_generator_py.so
[2.319s] -- Up-to-date: /home/tdt/tool/ros/install/project1/share/project1/msg/Msg1.idl
[2.319s] -- Up-to-date: /home/tdt/tool/ros/install/project1/share/project1/msg/Msg1.msg
[2.319s] -- Up-to-date: /home/tdt/tool/ros/install/project1/include/project1
[2.319s] -- Up-to-date: /home/tdt/tool/ros/install/project1/include/project1/project1
[2.319s] -- Installing: /home/tdt/tool/ros/install/project1/lib/project1/talker1_node
[2.320s] -- Set runtime path of "/home/tdt/tool/ros/install/project1/lib/project1/talker1_node" to ""
[2.320s] -- Up-to-date: /home/tdt/tool/ros/install/project1/lib/project1/listener1_node
[2.320s] -- Up-to-date: /home/tdt/tool/ros/install/project1/share/ament_index/resource_index/package_run_dependencies/project1
[2.320s] -- Up-to-date: /home/tdt/tool/ros/install/project1/share/ament_index/resource_index/parent_prefix_path/project1
[2.320s] -- Up-to-date: /home/tdt/tool/ros/install/project1/share/project1/environment/ament_prefix_path.sh
[2.320s] -- Up-to-date: /home/tdt/tool/ros/install/project1/share/project1/environment/ament_prefix_path.dsv
[2.320s] -- Up-to-date: /home/tdt/tool/ros/install/project1/share/project1/environment/path.sh
[2.320s] -- Up-to-date: /home/tdt/tool/ros/install/project1/share/project1/environment/path.dsv
[2.320s] -- Up-to-date: /home/tdt/tool/ros/install/project1/share/project1/local_setup.bash
[2.320s] -- Up-to-date: /home/tdt/tool/ros/install/project1/share/project1/local_setup.sh
[2.320s] -- Up-to-date: /home/tdt/tool/ros/install/project1/share/project1/local_setup.zsh
[2.320s] -- Up-to-date: /home/tdt/tool/ros/install/project1/share/project1/local_setup.dsv
[2.320s] -- Installing: /home/tdt/tool/ros/install/project1/share/project1/package.dsv
[2.320s] -- Up-to-date: /home/tdt/tool/ros/install/project1/share/ament_index/resource_index/packages/project1
[2.320s] -- Up-to-date: /home/tdt/tool/ros/install/project1/share/project1/cmake/export_project1__rosidl_generator_cExport.cmake
[2.320s] -- Up-to-date: /home/tdt/tool/ros/install/project1/share/project1/cmake/export_project1__rosidl_generator_cExport-noconfig.cmake
[2.320s] -- Up-to-date: /home/tdt/tool/ros/install/project1/share/project1/cmake/export_project1__rosidl_typesupport_fastrtps_cExport.cmake
[2.321s] -- Up-to-date: /home/tdt/tool/ros/install/project1/share/project1/cmake/export_project1__rosidl_typesupport_fastrtps_cExport-noconfig.cmake
[2.321s] -- Up-to-date: /home/tdt/tool/ros/install/project1/share/project1/cmake/export_project1__rosidl_generator_cppExport.cmake
[2.321s] -- Up-to-date: /home/tdt/tool/ros/install/project1/share/project1/cmake/export_project1__rosidl_typesupport_fastrtps_cppExport.cmake
[2.321s] -- Up-to-date: /home/tdt/tool/ros/install/project1/share/project1/cmake/export_project1__rosidl_typesupport_fastrtps_cppExport-noconfig.cmake
[2.321s] -- Up-to-date: /home/tdt/tool/ros/install/project1/share/project1/cmake/project1__rosidl_typesupport_introspection_cExport.cmake
[2.321s] -- Up-to-date: /home/tdt/tool/ros/install/project1/share/project1/cmake/project1__rosidl_typesupport_introspection_cExport-noconfig.cmake
[2.321s] -- Up-to-date: /home/tdt/tool/ros/install/project1/share/project1/cmake/project1__rosidl_typesupport_cExport.cmake
[2.321s] -- Up-to-date: /home/tdt/tool/ros/install/project1/share/project1/cmake/project1__rosidl_typesupport_cExport-noconfig.cmake
[2.321s] -- Up-to-date: /home/tdt/tool/ros/install/project1/share/project1/cmake/project1__rosidl_typesupport_introspection_cppExport.cmake
[2.321s] -- Up-to-date: /home/tdt/tool/ros/install/project1/share/project1/cmake/project1__rosidl_typesupport_introspection_cppExport-noconfig.cmake
[2.321s] -- Up-to-date: /home/tdt/tool/ros/install/project1/share/project1/cmake/project1__rosidl_typesupport_cppExport.cmake
[2.321s] -- Up-to-date: /home/tdt/tool/ros/install/project1/share/project1/cmake/project1__rosidl_typesupport_cppExport-noconfig.cmake
[2.321s] -- Up-to-date: /home/tdt/tool/ros/install/project1/share/project1/cmake/export_project1__rosidl_generator_pyExport.cmake
[2.321s] -- Up-to-date: /home/tdt/tool/ros/install/project1/share/project1/cmake/export_project1__rosidl_generator_pyExport-noconfig.cmake
[2.321s] -- Up-to-date: /home/tdt/tool/ros/install/project1/share/project1/cmake/rosidl_cmake-extras.cmake
[2.321s] -- Up-to-date: /home/tdt/tool/ros/install/project1/share/project1/cmake/ament_cmake_export_dependencies-extras.cmake
[2.321s] -- Up-to-date: /home/tdt/tool/ros/install/project1/share/project1/cmake/ament_cmake_export_include_directories-extras.cmake
[2.321s] -- Up-to-date: /home/tdt/tool/ros/install/project1/share/project1/cmake/ament_cmake_export_libraries-extras.cmake
[2.321s] -- Up-to-date: /home/tdt/tool/ros/install/project1/share/project1/cmake/ament_cmake_export_targets-extras.cmake
[2.321s] -- Up-to-date: /home/tdt/tool/ros/install/project1/share/project1/cmake/rosidl_cmake_export_typesupport_targets-extras.cmake
[2.321s] -- Up-to-date: /home/tdt/tool/ros/install/project1/share/project1/cmake/rosidl_cmake_export_typesupport_libraries-extras.cmake
[2.321s] -- Up-to-date: /home/tdt/tool/ros/install/project1/share/project1/cmake/project1Config.cmake
[2.321s] -- Up-to-date: /home/tdt/tool/ros/install/project1/share/project1/cmake/project1Config-version.cmake
[2.321s] -- Up-to-date: /home/tdt/tool/ros/install/project1/share/project1/package.xml
[2.323s] Invoked command in '/home/tdt/tool/ros/build/project1' returned '0': CMAKE_PREFIX_PATH=/home/tdt/tool/ros/install/my_msgs:/home/tdt/tool/ros/install/project1:/opt/ros/humble LD_LIBRARY_PATH=/home/tdt/tool/ros/install/my_msgs/lib:/home/tdt/tool/ros/install/project1/lib:/opt/ros/humble/opt/rviz_ogre_vendor/lib:/opt/ros/humble/lib/x86_64-linux-gnu:/opt/ros/humble/lib /usr/bin/cmake --install /home/tdt/tool/ros/build/project1
