[0.007s] Invoking command in '/home/tdt/tool/ros/build/project1': CMAKE_PREFIX_PATH=/home/tdt/tool/ros/install/my_msgs:/home/tdt/tool/ros/install/project1:/opt/ros/humble /usr/bin/cmake --build /home/tdt/tool/ros/build/project1 -- -j24 -l24
[0.040s] [35m[1mConsolidate compiler generated dependencies of target talker1_node[0m
[0.040s] [35m[1mConsolidate compiler generated dependencies of target listener_node[0m
[0.055s] [ 75%] [32mBuilding CXX object CMakeFiles/listener_node.dir/src/listener.cpp.o[0m
[0.055s] [ 75%] Built target talker1_node
[1.420s] In file included from [01m[K/opt/ros/humble/include/rclcpp/rclcpp/logging.hpp:24[m[K,
[1.420s]                  from [01m[K/opt/ros/humble/include/rclcpp/rclcpp/client.hpp:40[m[K,
[1.420s]                  from [01m[K/opt/ros/humble/include/rclcpp/rclcpp/callback_group.hpp:24[m[K,
[1.420s]                  from [01m[K/opt/ros/humble/include/rclcpp/rclcpp/any_executable.hpp:20[m[K,
[1.420s]                  from [01m[K/opt/ros/humble/include/rclcpp/rclcpp/memory_strategy.hpp:25[m[K,
[1.420s]                  from [01m[K/opt/ros/humble/include/rclcpp/rclcpp/memory_strategies.hpp:18[m[K,
[1.420s]                  from [01m[K/opt/ros/humble/include/rclcpp/rclcpp/executor_options.hpp:20[m[K,
[1.420s]                  from [01m[K/opt/ros/humble/include/rclcpp/rclcpp/executor.hpp:37[m[K,
[1.420s]                  from [01m[K/opt/ros/humble/include/rclcpp/rclcpp/executors/multi_threaded_executor.hpp:25[m[K,
[1.420s]                  from [01m[K/opt/ros/humble/include/rclcpp/rclcpp/executors.hpp:21[m[K,
[1.420s]                  from [01m[K/opt/ros/humble/include/rclcpp/rclcpp/rclcpp.hpp:155[m[K,
[1.420s]                  from [01m[K/home/tdt/tool/ros/src/project1/src/listener.cpp:1[m[K:
[1.420s] [01m[K/home/tdt/tool/ros/src/project1/src/listener.cpp:[m[K In member function ‘[01m[Kvoid MinimalSubscriber::topic_callback(const String&) const[m[K’:
[1.422s] [01m[K/home/tdt/tool/ros/src/project1/src/listener.cpp:16:63:[m[K [01;31m[Kerror: [m[K‘[01m[Kconst String[m[K’ {aka ‘[01m[Kconst struct std_msgs::msg::String_<std::allocator<void> >[m[K’} has no member named ‘[01m[Ks[m[K’
[1.422s]    16 |             RCLCPP_INFO(this->get_logger(), "收到: '%s'", msg.[01;31m[Ks[m[K.c_str());
[1.422s]       |                                                               [01;31m[K^[m[K
[1.422s] [01m[K/home/tdt/tool/ros/src/project1/src/listener.cpp:18:34:[m[K [01;31m[Kerror: [m[K‘[01m[Kconst String[m[K’ {aka ‘[01m[Kconst struct std_msgs::msg::String_<std::allocator<void> >[m[K’} has no member named ‘[01m[Ks[m[K’
[1.422s]    18 |             cv::putText(img, msg.[01;31m[Ks[m[K.c_str(), cv::Point(50, 200), cv::FONT_HERSHEY_SIMPLEX, 0.8, cv::Scalar(0, 0, 0), 2);
[1.422s]       |                                  [01;31m[K^[m[K
[2.710s] gmake[2]: *** [CMakeFiles/listener_node.dir/build.make:76: CMakeFiles/listener_node.dir/src/listener.cpp.o] Error 1
[2.711s] gmake[1]: *** [CMakeFiles/Makefile2:165: CMakeFiles/listener_node.dir/all] Error 2
[2.711s] gmake: *** [Makefile:146: all] Error 2
[2.713s] Invoked command in '/home/tdt/tool/ros/build/project1' returned '2': CMAKE_PREFIX_PATH=/home/tdt/tool/ros/install/my_msgs:/home/tdt/tool/ros/install/project1:/opt/ros/humble /usr/bin/cmake --build /home/tdt/tool/ros/build/project1 -- -j24 -l24
