[0.046s] [34mcolcon[0m [1;30mDEBUG[0m [32mCommand line arguments: ['/usr/bin/colcon', 'build', '--packages-select', 'my_msgs', 'project1'][0m
[0.046s] [34mcolcon[0m [1;30mDEBUG[0m [32mParsed command line arguments: Namespace(log_base=None, log_level=None, verb_name='build', build_base='build', install_base='install', merge_install=False, symlink_install=False, test_result_base=None, continue_on_error=False, executor='parallel', parallel_workers=24, event_handlers=None, ignore_user_meta=False, metas=['./colcon.meta'], base_paths=['.'], packages_ignore=None, packages_ignore_regex=None, paths=None, packages_up_to=None, packages_up_to_regex=None, packages_above=None, packages_above_and_dependencies=None, packages_above_depth=None, packages_select_by_dep=None, packages_skip_by_dep=None, packages_skip_up_to=None, packages_select_build_failed=False, packages_skip_build_finished=False, packages_select_test_failures=False, packages_skip_test_passed=False, packages_select=['my_msgs', 'project1'], packages_skip=None, packages_select_regex=None, packages_skip_regex=None, packages_start=None, packages_end=None, allow_overriding=[], cmake_args=None, cmake_target=None, cmake_target_skip_unavailable=False, cmake_clean_cache=False, cmake_clean_first=False, cmake_force_configure=False, ament_cmake_args=None, catkin_cmake_args=None, catkin_skip_building_tests=False, verb_parser=<colcon_defaults.argument_parser.defaults.DefaultArgumentsDecorator object at 0x7990152065f0>, verb_extension=<colcon_core.verb.build.BuildVerb object at 0x7990153440a0>, main=<bound method BuildVerb.main of <colcon_core.verb.build.BuildVerb object at 0x7990153440a0>>)[0m
[0.107s] [34mcolcon.colcon_core.package_discovery[0m [1;30mLevel 1[0m discover_packages(colcon_meta) check parameters
[0.107s] [34mcolcon.colcon_core.package_discovery[0m [1;30mLevel 1[0m discover_packages(recursive) check parameters
[0.107s] [34mcolcon.colcon_core.package_discovery[0m [1;30mLevel 1[0m discover_packages(ignore) check parameters
[0.107s] [34mcolcon.colcon_core.package_discovery[0m [1;30mLevel 1[0m discover_packages(path) check parameters
[0.107s] [34mcolcon.colcon_core.package_discovery[0m [1;30mLevel 1[0m discover_packages(colcon_meta) discover
[0.107s] [34mcolcon.colcon_core.package_discovery[0m [1;30mLevel 1[0m discover_packages(recursive) discover
[0.107s] [34mcolcon.colcon_core.package_discovery[0m [1;30mINFO[0m Crawling recursively for packages in '/home/tdt/tool/ros'
[0.108s] [34mcolcon.colcon_core.package_identification[0m [1;30mLevel 1[0m _identify(.) by extensions ['ignore', 'ignore_ament_install']
[0.108s] [34mcolcon.colcon_core.package_identification[0m [1;30mLevel 1[0m _identify(.) by extension 'ignore'
[0.108s] [34mcolcon.colcon_core.package_identification[0m [1;30mLevel 1[0m _identify(.) by extension 'ignore_ament_install'
[0.108s] [34mcolcon.colcon_core.package_identification[0m [1;30mLevel 1[0m _identify(.) by extensions ['colcon_pkg']
[0.108s] [34mcolcon.colcon_core.package_identification[0m [1;30mLevel 1[0m _identify(.) by extension 'colcon_pkg'
[0.108s] [34mcolcon.colcon_core.package_identification[0m [1;30mLevel 1[0m _identify(.) by extensions ['colcon_meta']
[0.108s] [34mcolcon.colcon_core.package_identification[0m [1;30mLevel 1[0m _identify(.) by extension 'colcon_meta'
[0.108s] [34mcolcon.colcon_core.package_identification[0m [1;30mLevel 1[0m _identify(.) by extensions ['ros']
[0.108s] [34mcolcon.colcon_core.package_identification[0m [1;30mLevel 1[0m _identify(.) by extension 'ros'
[0.112s] [34mcolcon.colcon_core.package_identification[0m [1;30mLevel 1[0m _identify(.) by extensions ['cmake', 'python']
[0.112s] [34mcolcon.colcon_core.package_identification[0m [1;30mLevel 1[0m _identify(.) by extension 'cmake'
[0.112s] [34mcolcon.colcon_core.package_identification[0m [1;30mLevel 1[0m _identify(.) by extension 'python'
[0.112s] [34mcolcon.colcon_core.package_identification[0m [1;30mLevel 1[0m _identify(.) by extensions ['python_setup_py']
[0.112s] [34mcolcon.colcon_core.package_identification[0m [1;30mLevel 1[0m _identify(.) by extension 'python_setup_py'
[0.112s] [34mcolcon.colcon_core.package_identification[0m [1;30mLevel 1[0m _identify(build) by extensions ['ignore', 'ignore_ament_install']
[0.112s] [34mcolcon.colcon_core.package_identification[0m [1;30mLevel 1[0m _identify(build) by extension 'ignore'
[0.112s] [34mcolcon.colcon_core.package_identification[0m [1;30mLevel 1[0m _identify(build) ignored
[0.113s] [34mcolcon.colcon_core.package_identification[0m [1;30mLevel 1[0m _identify(install) by extensions ['ignore', 'ignore_ament_install']
[0.113s] [34mcolcon.colcon_core.package_identification[0m [1;30mLevel 1[0m _identify(install) by extension 'ignore'
[0.113s] [34mcolcon.colcon_core.package_identification[0m [1;30mLevel 1[0m _identify(install) ignored
[0.113s] [34mcolcon.colcon_core.package_identification[0m [1;30mLevel 1[0m _identify(log) by extensions ['ignore', 'ignore_ament_install']
[0.113s] [34mcolcon.colcon_core.package_identification[0m [1;30mLevel 1[0m _identify(log) by extension 'ignore'
[0.113s] [34mcolcon.colcon_core.package_identification[0m [1;30mLevel 1[0m _identify(log) ignored
[0.113s] [34mcolcon.colcon_core.package_identification[0m [1;30mLevel 1[0m _identify(src) by extensions ['ignore', 'ignore_ament_install']
[0.113s] [34mcolcon.colcon_core.package_identification[0m [1;30mLevel 1[0m _identify(src) by extension 'ignore'
[0.113s] [34mcolcon.colcon_core.package_identification[0m [1;30mLevel 1[0m _identify(src) by extension 'ignore_ament_install'
[0.113s] [34mcolcon.colcon_core.package_identification[0m [1;30mLevel 1[0m _identify(src) by extensions ['colcon_pkg']
[0.113s] [34mcolcon.colcon_core.package_identification[0m [1;30mLevel 1[0m _identify(src) by extension 'colcon_pkg'
[0.113s] [34mcolcon.colcon_core.package_identification[0m [1;30mLevel 1[0m _identify(src) by extensions ['colcon_meta']
[0.113s] [34mcolcon.colcon_core.package_identification[0m [1;30mLevel 1[0m _identify(src) by extension 'colcon_meta'
[0.113s] [34mcolcon.colcon_core.package_identification[0m [1;30mLevel 1[0m _identify(src) by extensions ['ros']
[0.113s] [34mcolcon.colcon_core.package_identification[0m [1;30mLevel 1[0m _identify(src) by extension 'ros'
[0.113s] [34mcolcon.colcon_core.package_identification[0m [1;30mLevel 1[0m _identify(src) by extensions ['cmake', 'python']
[0.113s] [34mcolcon.colcon_core.package_identification[0m [1;30mLevel 1[0m _identify(src) by extension 'cmake'
[0.113s] [34mcolcon.colcon_core.package_identification[0m [1;30mLevel 1[0m _identify(src) by extension 'python'
[0.113s] [34mcolcon.colcon_core.package_identification[0m [1;30mLevel 1[0m _identify(src) by extensions ['python_setup_py']
[0.113s] [34mcolcon.colcon_core.package_identification[0m [1;30mLevel 1[0m _identify(src) by extension 'python_setup_py'
[0.113s] [34mcolcon.colcon_core.package_identification[0m [1;30mLevel 1[0m _identify(src/my_msgs) by extensions ['ignore', 'ignore_ament_install']
[0.113s] [34mcolcon.colcon_core.package_identification[0m [1;30mLevel 1[0m _identify(src/my_msgs) by extension 'ignore'
[0.113s] [34mcolcon.colcon_core.package_identification[0m [1;30mLevel 1[0m _identify(src/my_msgs) by extension 'ignore_ament_install'
[0.113s] [34mcolcon.colcon_core.package_identification[0m [1;30mLevel 1[0m _identify(src/my_msgs) by extensions ['colcon_pkg']
[0.113s] [34mcolcon.colcon_core.package_identification[0m [1;30mLevel 1[0m _identify(src/my_msgs) by extension 'colcon_pkg'
[0.113s] [34mcolcon.colcon_core.package_identification[0m [1;30mLevel 1[0m _identify(src/my_msgs) by extensions ['colcon_meta']
[0.113s] [34mcolcon.colcon_core.package_identification[0m [1;30mLevel 1[0m _identify(src/my_msgs) by extension 'colcon_meta'
[0.113s] [34mcolcon.colcon_core.package_identification[0m [1;30mLevel 1[0m _identify(src/my_msgs) by extensions ['ros']
[0.113s] [34mcolcon.colcon_core.package_identification[0m [1;30mLevel 1[0m _identify(src/my_msgs) by extension 'ros'
[0.114s] [34mcolcon.colcon_core.package_identification[0m [1;30mDEBUG[0m [32mPackage 'src/my_msgs' with type 'ros.ament_cmake' and name 'my_msgs'[0m
[0.114s] [34mcolcon.colcon_core.package_identification[0m [1;30mLevel 1[0m _identify(src/project1) by extensions ['ignore', 'ignore_ament_install']
[0.114s] [34mcolcon.colcon_core.package_identification[0m [1;30mLevel 1[0m _identify(src/project1) by extension 'ignore'
[0.114s] [34mcolcon.colcon_core.package_identification[0m [1;30mLevel 1[0m _identify(src/project1) by extension 'ignore_ament_install'
[0.114s] [34mcolcon.colcon_core.package_identification[0m [1;30mLevel 1[0m _identify(src/project1) by extensions ['colcon_pkg']
[0.114s] [34mcolcon.colcon_core.package_identification[0m [1;30mLevel 1[0m _identify(src/project1) by extension 'colcon_pkg'
[0.114s] [34mcolcon.colcon_core.package_identification[0m [1;30mLevel 1[0m _identify(src/project1) by extensions ['colcon_meta']
[0.114s] [34mcolcon.colcon_core.package_identification[0m [1;30mLevel 1[0m _identify(src/project1) by extension 'colcon_meta'
[0.115s] [34mcolcon.colcon_core.package_identification[0m [1;30mLevel 1[0m _identify(src/project1) by extensions ['ros']
[0.115s] [34mcolcon.colcon_core.package_identification[0m [1;30mLevel 1[0m _identify(src/project1) by extension 'ros'
[0.115s] [34mcolcon.colcon_core.package_identification[0m [1;30mDEBUG[0m [32mPackage 'src/project1' with type 'ros.ament_cmake' and name 'project1'[0m
[0.115s] [34mcolcon.colcon_core.package_discovery[0m [1;30mLevel 1[0m discover_packages(recursive) using defaults
[0.115s] [34mcolcon.colcon_core.package_discovery[0m [1;30mLevel 1[0m discover_packages(ignore) discover
[0.115s] [34mcolcon.colcon_core.package_discovery[0m [1;30mLevel 1[0m discover_packages(ignore) using defaults
[0.115s] [34mcolcon.colcon_core.package_discovery[0m [1;30mLevel 1[0m discover_packages(path) discover
[0.115s] [34mcolcon.colcon_core.package_discovery[0m [1;30mLevel 1[0m discover_packages(path) using defaults
[0.127s] [34mcolcon.colcon_core.package_discovery[0m [1;30mLevel 1[0m discover_packages(prefix_path) check parameters
[0.127s] [34mcolcon.colcon_core.package_discovery[0m [1;30mLevel 1[0m discover_packages(prefix_path) discover
[0.128s] [34mcolcon.colcon_installed_package_information.package_discovery[0m [1;30mDEBUG[0m [32mFound 271 installed packages in /opt/ros/humble[0m
[0.129s] [34mcolcon.colcon_core.package_discovery[0m [1;30mLevel 1[0m discover_packages(prefix_path) using defaults
[0.142s] [34mcolcon.colcon_core.verb[0m [1;30mLevel 5[0m set package 'my_msgs' build argument 'cmake_args' from command line to 'None'
[0.142s] [34mcolcon.colcon_core.verb[0m [1;30mLevel 5[0m set package 'my_msgs' build argument 'cmake_target' from command line to 'None'
[0.142s] [34mcolcon.colcon_core.verb[0m [1;30mLevel 5[0m set package 'my_msgs' build argument 'cmake_target_skip_unavailable' from command line to 'False'
[0.142s] [34mcolcon.colcon_core.verb[0m [1;30mLevel 5[0m set package 'my_msgs' build argument 'cmake_clean_cache' from command line to 'False'
[0.142s] [34mcolcon.colcon_core.verb[0m [1;30mLevel 5[0m set package 'my_msgs' build argument 'cmake_clean_first' from command line to 'False'
[0.142s] [34mcolcon.colcon_core.verb[0m [1;30mLevel 5[0m set package 'my_msgs' build argument 'cmake_force_configure' from command line to 'False'
[0.142s] [34mcolcon.colcon_core.verb[0m [1;30mLevel 5[0m set package 'my_msgs' build argument 'ament_cmake_args' from command line to 'None'
[0.142s] [34mcolcon.colcon_core.verb[0m [1;30mLevel 5[0m set package 'my_msgs' build argument 'catkin_cmake_args' from command line to 'None'
[0.142s] [34mcolcon.colcon_core.verb[0m [1;30mLevel 5[0m set package 'my_msgs' build argument 'catkin_skip_building_tests' from command line to 'False'
[0.142s] [34mcolcon.colcon_core.verb[0m [1;30mDEBUG[0m [32mBuilding package 'my_msgs' with the following arguments: {'ament_cmake_args': None, 'build_base': '/home/tdt/tool/ros/build/my_msgs', 'catkin_cmake_args': None, 'catkin_skip_building_tests': False, 'cmake_args': None, 'cmake_clean_cache': False, 'cmake_clean_first': False, 'cmake_force_configure': False, 'cmake_target': None, 'cmake_target_skip_unavailable': False, 'install_base': '/home/tdt/tool/ros/install/my_msgs', 'merge_install': False, 'path': '/home/tdt/tool/ros/src/my_msgs', 'symlink_install': False, 'test_result_base': None}[0m
[0.142s] [34mcolcon.colcon_core.verb[0m [1;30mLevel 5[0m set package 'project1' build argument 'cmake_args' from command line to 'None'
[0.142s] [34mcolcon.colcon_core.verb[0m [1;30mLevel 5[0m set package 'project1' build argument 'cmake_target' from command line to 'None'
[0.142s] [34mcolcon.colcon_core.verb[0m [1;30mLevel 5[0m set package 'project1' build argument 'cmake_target_skip_unavailable' from command line to 'False'
[0.142s] [34mcolcon.colcon_core.verb[0m [1;30mLevel 5[0m set package 'project1' build argument 'cmake_clean_cache' from command line to 'False'
[0.142s] [34mcolcon.colcon_core.verb[0m [1;30mLevel 5[0m set package 'project1' build argument 'cmake_clean_first' from command line to 'False'
[0.142s] [34mcolcon.colcon_core.verb[0m [1;30mLevel 5[0m set package 'project1' build argument 'cmake_force_configure' from command line to 'False'
[0.142s] [34mcolcon.colcon_core.verb[0m [1;30mLevel 5[0m set package 'project1' build argument 'ament_cmake_args' from command line to 'None'
[0.142s] [34mcolcon.colcon_core.verb[0m [1;30mLevel 5[0m set package 'project1' build argument 'catkin_cmake_args' from command line to 'None'
[0.142s] [34mcolcon.colcon_core.verb[0m [1;30mLevel 5[0m set package 'project1' build argument 'catkin_skip_building_tests' from command line to 'False'
[0.142s] [34mcolcon.colcon_core.verb[0m [1;30mDEBUG[0m [32mBuilding package 'project1' with the following arguments: {'ament_cmake_args': None, 'build_base': '/home/tdt/tool/ros/build/project1', 'catkin_cmake_args': None, 'catkin_skip_building_tests': False, 'cmake_args': None, 'cmake_clean_cache': False, 'cmake_clean_first': False, 'cmake_force_configure': False, 'cmake_target': None, 'cmake_target_skip_unavailable': False, 'install_base': '/home/tdt/tool/ros/install/project1', 'merge_install': False, 'path': '/home/tdt/tool/ros/src/project1', 'symlink_install': False, 'test_result_base': None}[0m
[0.142s] [34mcolcon.colcon_core.executor[0m [1;30mINFO[0m Executing jobs using 'parallel' executor
[0.143s] [34mcolcon.colcon_parallel_executor.executor.parallel[0m [1;30mDEBUG[0m [32mrun_until_complete[0m
[0.143s] [34mcolcon.colcon_ros.task.ament_cmake.build[0m [1;30mINFO[0m Building ROS package in '/home/tdt/tool/ros/src/my_msgs' with build type 'ament_cmake'
[0.143s] [34mcolcon.colcon_cmake.task.cmake.build[0m [1;30mINFO[0m Building CMake package in '/home/tdt/tool/ros/src/my_msgs'
[0.144s] [34mcolcon.colcon_core.plugin_system[0m [1;30mINFO[0m Skipping extension 'colcon_core.shell.bat': Not used on non-Windows systems
[0.144s] [34mcolcon.colcon_core.shell[0m [1;30mINFO[0m Skip shell extension 'powershell' for command environment: Not usable outside of PowerShell
[0.144s] [34mcolcon.colcon_core.shell[0m [1;30mDEBUG[0m [32mSkip shell extension 'dsv' for command environment[0m
[0.149s] [34mcolcon.colcon_core.event_handler.log_command[0m [1;30mDEBUG[0m [32mInvoking command in '/home/tdt/tool/ros/build/my_msgs': CMAKE_PREFIX_PATH=/opt/ros/humble /usr/bin/cmake --build /home/tdt/tool/ros/build/my_msgs -- -j24 -l24[0m
[0.328s] [34mcolcon.colcon_core.event_handler.log_command[0m [1;30mDEBUG[0m [32mInvoked command in '/home/tdt/tool/ros/build/my_msgs' returned '0': CMAKE_PREFIX_PATH=/opt/ros/humble /usr/bin/cmake --build /home/tdt/tool/ros/build/my_msgs -- -j24 -l24[0m
[0.333s] [34mcolcon.colcon_core.event_handler.log_command[0m [1;30mDEBUG[0m [32mInvoking command in '/home/tdt/tool/ros/build/my_msgs': CMAKE_PREFIX_PATH=/opt/ros/humble /usr/bin/cmake --install /home/tdt/tool/ros/build/my_msgs[0m
[0.371s] [34mcolcon.colcon_core.environment[0m [1;30mLevel 1[0m create_environment_scripts_only(my_msgs)
[0.371s] [34mcolcon.colcon_core.event_handler.log_command[0m [1;30mDEBUG[0m [32mInvoked command in '/home/tdt/tool/ros/build/my_msgs' returned '0': CMAKE_PREFIX_PATH=/opt/ros/humble /usr/bin/cmake --install /home/tdt/tool/ros/build/my_msgs[0m
[0.372s] [34mcolcon.colcon_core.environment[0m [1;30mLevel 1[0m checking '/home/tdt/tool/ros/install/my_msgs' for CMake module files
[0.373s] [34mcolcon.colcon_core.environment[0m [1;30mLevel 1[0m checking '/home/tdt/tool/ros/install/my_msgs' for CMake config files
[0.373s] [34mcolcon.colcon_core.shell[0m [1;30mLevel 1[0m create_environment_hook('my_msgs', 'cmake_prefix_path')
[0.373s] [34mcolcon.colcon_core.shell[0m [1;30mINFO[0m Creating environment hook '/home/tdt/tool/ros/install/my_msgs/share/my_msgs/hook/cmake_prefix_path.ps1'
[0.373s] [34mcolcon.colcon_core.shell[0m [1;30mINFO[0m Creating environment descriptor '/home/tdt/tool/ros/install/my_msgs/share/my_msgs/hook/cmake_prefix_path.dsv'
[0.373s] [34mcolcon.colcon_core.shell[0m [1;30mINFO[0m Creating environment hook '/home/tdt/tool/ros/install/my_msgs/share/my_msgs/hook/cmake_prefix_path.sh'
[0.374s] [34mcolcon.colcon_core.environment[0m [1;30mLevel 1[0m checking '/home/tdt/tool/ros/install/my_msgs/lib'
[0.374s] [34mcolcon.colcon_core.shell[0m [1;30mLevel 1[0m create_environment_hook('my_msgs', 'ld_library_path_lib')
[0.374s] [34mcolcon.colcon_core.shell[0m [1;30mINFO[0m Creating environment hook '/home/tdt/tool/ros/install/my_msgs/share/my_msgs/hook/ld_library_path_lib.ps1'
[0.374s] [34mcolcon.colcon_core.shell[0m [1;30mINFO[0m Creating environment descriptor '/home/tdt/tool/ros/install/my_msgs/share/my_msgs/hook/ld_library_path_lib.dsv'
[0.374s] [34mcolcon.colcon_core.shell[0m [1;30mINFO[0m Creating environment hook '/home/tdt/tool/ros/install/my_msgs/share/my_msgs/hook/ld_library_path_lib.sh'
[0.375s] [34mcolcon.colcon_core.environment[0m [1;30mLevel 1[0m checking '/home/tdt/tool/ros/install/my_msgs/bin'
[0.375s] [34mcolcon.colcon_core.environment[0m [1;30mLevel 1[0m checking '/home/tdt/tool/ros/install/my_msgs/lib/pkgconfig/my_msgs.pc'
[0.375s] [34mcolcon.colcon_core.environment[0m [1;30mLevel 1[0m checking '/home/tdt/tool/ros/install/my_msgs/lib/python3.10/site-packages'
[0.375s] [34mcolcon.colcon_core.environment[0m [1;30mLevel 1[0m checking '/home/tdt/tool/ros/install/my_msgs/bin'
[0.375s] [34mcolcon.colcon_core.shell[0m [1;30mINFO[0m Creating package script '/home/tdt/tool/ros/install/my_msgs/share/my_msgs/package.ps1'
[0.376s] [34mcolcon.colcon_core.shell[0m [1;30mINFO[0m Creating package descriptor '/home/tdt/tool/ros/install/my_msgs/share/my_msgs/package.dsv'
[0.376s] [34mcolcon.colcon_core.shell[0m [1;30mINFO[0m Creating package script '/home/tdt/tool/ros/install/my_msgs/share/my_msgs/package.sh'
[0.376s] [34mcolcon.colcon_core.shell[0m [1;30mINFO[0m Creating package script '/home/tdt/tool/ros/install/my_msgs/share/my_msgs/package.bash'
[0.377s] [34mcolcon.colcon_core.shell[0m [1;30mINFO[0m Creating package script '/home/tdt/tool/ros/install/my_msgs/share/my_msgs/package.zsh'
[0.377s] [34mcolcon.colcon_core.environment[0m [1;30mLevel 1[0m create_file_with_runtime_dependencies(/home/tdt/tool/ros/install/my_msgs/share/colcon-core/packages/my_msgs)
[0.377s] [34mcolcon.colcon_core.environment[0m [1;30mLevel 1[0m create_environment_scripts_only(my_msgs)
[0.377s] [34mcolcon.colcon_core.environment[0m [1;30mLevel 1[0m checking '/home/tdt/tool/ros/install/my_msgs' for CMake module files
[0.378s] [34mcolcon.colcon_core.environment[0m [1;30mLevel 1[0m checking '/home/tdt/tool/ros/install/my_msgs' for CMake config files
[0.378s] [34mcolcon.colcon_core.shell[0m [1;30mLevel 1[0m create_environment_hook('my_msgs', 'cmake_prefix_path')
[0.378s] [34mcolcon.colcon_core.shell[0m [1;30mINFO[0m Creating environment hook '/home/tdt/tool/ros/install/my_msgs/share/my_msgs/hook/cmake_prefix_path.ps1'
[0.378s] [34mcolcon.colcon_core.shell[0m [1;30mINFO[0m Creating environment descriptor '/home/tdt/tool/ros/install/my_msgs/share/my_msgs/hook/cmake_prefix_path.dsv'
[0.378s] [34mcolcon.colcon_core.shell[0m [1;30mINFO[0m Creating environment hook '/home/tdt/tool/ros/install/my_msgs/share/my_msgs/hook/cmake_prefix_path.sh'
[0.379s] [34mcolcon.colcon_core.environment[0m [1;30mLevel 1[0m checking '/home/tdt/tool/ros/install/my_msgs/lib'
[0.379s] [34mcolcon.colcon_core.shell[0m [1;30mLevel 1[0m create_environment_hook('my_msgs', 'ld_library_path_lib')
[0.379s] [34mcolcon.colcon_core.shell[0m [1;30mINFO[0m Creating environment hook '/home/tdt/tool/ros/install/my_msgs/share/my_msgs/hook/ld_library_path_lib.ps1'
[0.379s] [34mcolcon.colcon_core.shell[0m [1;30mINFO[0m Creating environment descriptor '/home/tdt/tool/ros/install/my_msgs/share/my_msgs/hook/ld_library_path_lib.dsv'
[0.379s] [34mcolcon.colcon_core.shell[0m [1;30mINFO[0m Creating environment hook '/home/tdt/tool/ros/install/my_msgs/share/my_msgs/hook/ld_library_path_lib.sh'
[0.380s] [34mcolcon.colcon_core.environment[0m [1;30mLevel 1[0m checking '/home/tdt/tool/ros/install/my_msgs/bin'
[0.380s] [34mcolcon.colcon_core.environment[0m [1;30mLevel 1[0m checking '/home/tdt/tool/ros/install/my_msgs/lib/pkgconfig/my_msgs.pc'
[0.380s] [34mcolcon.colcon_core.environment[0m [1;30mLevel 1[0m checking '/home/tdt/tool/ros/install/my_msgs/lib/python3.10/site-packages'
[0.380s] [34mcolcon.colcon_core.environment[0m [1;30mLevel 1[0m checking '/home/tdt/tool/ros/install/my_msgs/bin'
[0.380s] [34mcolcon.colcon_core.shell[0m [1;30mINFO[0m Creating package script '/home/tdt/tool/ros/install/my_msgs/share/my_msgs/package.ps1'
[0.380s] [34mcolcon.colcon_core.shell[0m [1;30mINFO[0m Creating package descriptor '/home/tdt/tool/ros/install/my_msgs/share/my_msgs/package.dsv'
[0.381s] [34mcolcon.colcon_core.shell[0m [1;30mINFO[0m Creating package script '/home/tdt/tool/ros/install/my_msgs/share/my_msgs/package.sh'
[0.381s] [34mcolcon.colcon_core.shell[0m [1;30mINFO[0m Creating package script '/home/tdt/tool/ros/install/my_msgs/share/my_msgs/package.bash'
[0.381s] [34mcolcon.colcon_core.shell[0m [1;30mINFO[0m Creating package script '/home/tdt/tool/ros/install/my_msgs/share/my_msgs/package.zsh'
[0.381s] [34mcolcon.colcon_core.environment[0m [1;30mLevel 1[0m create_file_with_runtime_dependencies(/home/tdt/tool/ros/install/my_msgs/share/colcon-core/packages/my_msgs)
[0.382s] [34mcolcon.colcon_ros.task.ament_cmake.build[0m [1;30mINFO[0m Building ROS package in '/home/tdt/tool/ros/src/project1' with build type 'ament_cmake'
[0.382s] [34mcolcon.colcon_cmake.task.cmake.build[0m [1;30mINFO[0m Building CMake package in '/home/tdt/tool/ros/src/project1'
[0.382s] [34mcolcon.colcon_core.shell[0m [1;30mINFO[0m Skip shell extension 'powershell' for command environment: Not usable outside of PowerShell
[0.382s] [34mcolcon.colcon_core.shell[0m [1;30mDEBUG[0m [32mSkip shell extension 'dsv' for command environment[0m
[0.390s] [34mcolcon.colcon_core.event_handler.log_command[0m [1;30mDEBUG[0m [32mInvoking command in '/home/tdt/tool/ros/build/project1': AMENT_PREFIX_PATH=/home/tdt/tool/ros/install/my_msgs:${AMENT_PREFIX_PATH} CMAKE_PREFIX_PATH=/home/tdt/tool/ros/install/my_msgs:/opt/ros/humble LD_LIBRARY_PATH=/home/tdt/tool/ros/install/my_msgs/lib:${LD_LIBRARY_PATH} PYTHONPATH=/home/tdt/tool/ros/install/my_msgs/local/lib/python3.10/dist-packages:${PYTHONPATH} /usr/bin/cmake --build /home/tdt/tool/ros/build/project1 -- -j24 -l24[0m
[2.661s] [34mcolcon.colcon_core.event_handler.log_command[0m [1;30mDEBUG[0m [32mInvoked command in '/home/tdt/tool/ros/build/project1' returned '0': AMENT_PREFIX_PATH=/home/tdt/tool/ros/install/my_msgs:${AMENT_PREFIX_PATH} CMAKE_PREFIX_PATH=/home/tdt/tool/ros/install/my_msgs:/opt/ros/humble LD_LIBRARY_PATH=/home/tdt/tool/ros/install/my_msgs/lib:${LD_LIBRARY_PATH} PYTHONPATH=/home/tdt/tool/ros/install/my_msgs/local/lib/python3.10/dist-packages:${PYTHONPATH} /usr/bin/cmake --build /home/tdt/tool/ros/build/project1 -- -j24 -l24[0m
[2.662s] [34mcolcon.colcon_core.event_handler.log_command[0m [1;30mDEBUG[0m [32mInvoking command in '/home/tdt/tool/ros/build/project1': AMENT_PREFIX_PATH=/home/tdt/tool/ros/install/my_msgs:${AMENT_PREFIX_PATH} CMAKE_PREFIX_PATH=/home/tdt/tool/ros/install/my_msgs:/opt/ros/humble LD_LIBRARY_PATH=/home/tdt/tool/ros/install/my_msgs/lib:${LD_LIBRARY_PATH} PYTHONPATH=/home/tdt/tool/ros/install/my_msgs/local/lib/python3.10/dist-packages:${PYTHONPATH} /usr/bin/cmake --install /home/tdt/tool/ros/build/project1[0m
[2.694s] [34mcolcon.colcon_core.environment[0m [1;30mLevel 1[0m create_environment_scripts_only(project1)
[2.695s] [34mcolcon.colcon_core.environment[0m [1;30mLevel 1[0m checking '/home/tdt/tool/ros/install/project1' for CMake module files
[2.695s] [34mcolcon.colcon_core.event_handler.log_command[0m [1;30mDEBUG[0m [32mInvoked command in '/home/tdt/tool/ros/build/project1' returned '0': AMENT_PREFIX_PATH=/home/tdt/tool/ros/install/my_msgs:${AMENT_PREFIX_PATH} CMAKE_PREFIX_PATH=/home/tdt/tool/ros/install/my_msgs:/opt/ros/humble LD_LIBRARY_PATH=/home/tdt/tool/ros/install/my_msgs/lib:${LD_LIBRARY_PATH} PYTHONPATH=/home/tdt/tool/ros/install/my_msgs/local/lib/python3.10/dist-packages:${PYTHONPATH} /usr/bin/cmake --install /home/tdt/tool/ros/build/project1[0m
[2.695s] [34mcolcon.colcon_core.environment[0m [1;30mLevel 1[0m checking '/home/tdt/tool/ros/install/project1' for CMake config files
[2.695s] [34mcolcon.colcon_core.shell[0m [1;30mLevel 1[0m create_environment_hook('project1', 'cmake_prefix_path')
[2.695s] [34mcolcon.colcon_core.shell[0m [1;30mINFO[0m Creating environment hook '/home/tdt/tool/ros/install/project1/share/project1/hook/cmake_prefix_path.ps1'
[2.696s] [34mcolcon.colcon_core.shell[0m [1;30mINFO[0m Creating environment descriptor '/home/tdt/tool/ros/install/project1/share/project1/hook/cmake_prefix_path.dsv'
[2.696s] [34mcolcon.colcon_core.shell[0m [1;30mINFO[0m Creating environment hook '/home/tdt/tool/ros/install/project1/share/project1/hook/cmake_prefix_path.sh'
[2.696s] [34mcolcon.colcon_core.environment[0m [1;30mLevel 1[0m checking '/home/tdt/tool/ros/install/project1/lib'
[2.696s] [34mcolcon.colcon_core.shell[0m [1;30mLevel 1[0m create_environment_hook('project1', 'ld_library_path_lib')
[2.696s] [34mcolcon.colcon_core.shell[0m [1;30mINFO[0m Creating environment hook '/home/tdt/tool/ros/install/project1/share/project1/hook/ld_library_path_lib.ps1'
[2.696s] [34mcolcon.colcon_core.shell[0m [1;30mINFO[0m Creating environment descriptor '/home/tdt/tool/ros/install/project1/share/project1/hook/ld_library_path_lib.dsv'
[2.696s] [34mcolcon.colcon_core.shell[0m [1;30mINFO[0m Creating environment hook '/home/tdt/tool/ros/install/project1/share/project1/hook/ld_library_path_lib.sh'
[2.697s] [34mcolcon.colcon_core.environment[0m [1;30mLevel 1[0m checking '/home/tdt/tool/ros/install/project1/bin'
[2.697s] [34mcolcon.colcon_core.environment[0m [1;30mLevel 1[0m checking '/home/tdt/tool/ros/install/project1/lib/pkgconfig/project1.pc'
[2.697s] [34mcolcon.colcon_core.environment[0m [1;30mLevel 1[0m checking '/home/tdt/tool/ros/install/project1/lib/python3.10/site-packages'
[2.697s] [34mcolcon.colcon_core.environment[0m [1;30mLevel 1[0m checking '/home/tdt/tool/ros/install/project1/bin'
[2.697s] [34mcolcon.colcon_core.shell[0m [1;30mINFO[0m Creating package script '/home/tdt/tool/ros/install/project1/share/project1/package.ps1'
[2.697s] [34mcolcon.colcon_core.shell[0m [1;30mINFO[0m Creating package descriptor '/home/tdt/tool/ros/install/project1/share/project1/package.dsv'
[2.697s] [34mcolcon.colcon_core.shell[0m [1;30mINFO[0m Creating package script '/home/tdt/tool/ros/install/project1/share/project1/package.sh'
[2.698s] [34mcolcon.colcon_core.shell[0m [1;30mINFO[0m Creating package script '/home/tdt/tool/ros/install/project1/share/project1/package.bash'
[2.698s] [34mcolcon.colcon_core.shell[0m [1;30mINFO[0m Creating package script '/home/tdt/tool/ros/install/project1/share/project1/package.zsh'
[2.698s] [34mcolcon.colcon_core.environment[0m [1;30mLevel 1[0m create_file_with_runtime_dependencies(/home/tdt/tool/ros/install/project1/share/colcon-core/packages/project1)
[2.698s] [34mcolcon.colcon_core.environment[0m [1;30mLevel 1[0m create_environment_scripts_only(project1)
[2.698s] [34mcolcon.colcon_core.environment[0m [1;30mLevel 1[0m checking '/home/tdt/tool/ros/install/project1' for CMake module files
[2.699s] [34mcolcon.colcon_core.environment[0m [1;30mLevel 1[0m checking '/home/tdt/tool/ros/install/project1' for CMake config files
[2.699s] [34mcolcon.colcon_core.shell[0m [1;30mLevel 1[0m create_environment_hook('project1', 'cmake_prefix_path')
[2.699s] [34mcolcon.colcon_core.shell[0m [1;30mINFO[0m Creating environment hook '/home/tdt/tool/ros/install/project1/share/project1/hook/cmake_prefix_path.ps1'
[2.699s] [34mcolcon.colcon_core.shell[0m [1;30mINFO[0m Creating environment descriptor '/home/tdt/tool/ros/install/project1/share/project1/hook/cmake_prefix_path.dsv'
[2.699s] [34mcolcon.colcon_core.shell[0m [1;30mINFO[0m Creating environment hook '/home/tdt/tool/ros/install/project1/share/project1/hook/cmake_prefix_path.sh'
[2.699s] [34mcolcon.colcon_core.environment[0m [1;30mLevel 1[0m checking '/home/tdt/tool/ros/install/project1/lib'
[2.699s] [34mcolcon.colcon_core.shell[0m [1;30mLevel 1[0m create_environment_hook('project1', 'ld_library_path_lib')
[2.699s] [34mcolcon.colcon_core.shell[0m [1;30mINFO[0m Creating environment hook '/home/tdt/tool/ros/install/project1/share/project1/hook/ld_library_path_lib.ps1'
[2.700s] [34mcolcon.colcon_core.shell[0m [1;30mINFO[0m Creating environment descriptor '/home/tdt/tool/ros/install/project1/share/project1/hook/ld_library_path_lib.dsv'
[2.700s] [34mcolcon.colcon_core.shell[0m [1;30mINFO[0m Creating environment hook '/home/tdt/tool/ros/install/project1/share/project1/hook/ld_library_path_lib.sh'
[2.700s] [34mcolcon.colcon_core.environment[0m [1;30mLevel 1[0m checking '/home/tdt/tool/ros/install/project1/bin'
[2.700s] [34mcolcon.colcon_core.environment[0m [1;30mLevel 1[0m checking '/home/tdt/tool/ros/install/project1/lib/pkgconfig/project1.pc'
[2.700s] [34mcolcon.colcon_core.environment[0m [1;30mLevel 1[0m checking '/home/tdt/tool/ros/install/project1/lib/python3.10/site-packages'
[2.700s] [34mcolcon.colcon_core.environment[0m [1;30mLevel 1[0m checking '/home/tdt/tool/ros/install/project1/bin'
[2.700s] [34mcolcon.colcon_core.shell[0m [1;30mINFO[0m Creating package script '/home/tdt/tool/ros/install/project1/share/project1/package.ps1'
[2.701s] [34mcolcon.colcon_core.shell[0m [1;30mINFO[0m Creating package descriptor '/home/tdt/tool/ros/install/project1/share/project1/package.dsv'
[2.701s] [34mcolcon.colcon_core.shell[0m [1;30mINFO[0m Creating package script '/home/tdt/tool/ros/install/project1/share/project1/package.sh'
[2.701s] [34mcolcon.colcon_core.shell[0m [1;30mINFO[0m Creating package script '/home/tdt/tool/ros/install/project1/share/project1/package.bash'
[2.701s] [34mcolcon.colcon_core.shell[0m [1;30mINFO[0m Creating package script '/home/tdt/tool/ros/install/project1/share/project1/package.zsh'
[2.701s] [34mcolcon.colcon_core.environment[0m [1;30mLevel 1[0m create_file_with_runtime_dependencies(/home/tdt/tool/ros/install/project1/share/colcon-core/packages/project1)
[2.702s] [34mcolcon.colcon_parallel_executor.executor.parallel[0m [1;30mDEBUG[0m [32mclosing loop[0m
[2.702s] [34mcolcon.colcon_parallel_executor.executor.parallel[0m [1;30mDEBUG[0m [32mloop closed[0m
[2.702s] [34mcolcon.colcon_parallel_executor.executor.parallel[0m [1;30mDEBUG[0m [32mrun_until_complete finished with '0'[0m
[2.702s] [34mcolcon.colcon_core.event_reactor[0m [1;30mDEBUG[0m [32mjoining thread[0m
[2.704s] [34mcolcon.colcon_core.plugin_system[0m [1;30mINFO[0m Skipping extension 'colcon_notification.desktop_notification.terminal_notifier': Not used on non-Darwin systems
[2.704s] [34mcolcon.colcon_core.plugin_system[0m [1;30mINFO[0m Skipping extension 'colcon_notification.desktop_notification.win32': Not used on non-Windows systems
[2.704s] [34mcolcon.colcon_notification.desktop_notification[0m [1;30mINFO[0m Sending desktop notification using 'notify2'
[2.713s] [34mcolcon.colcon_core.event_reactor[0m [1;30mDEBUG[0m [32mjoined thread[0m
[2.715s] [34mcolcon.colcon_core.shell[0m [1;30mINFO[0m Creating prefix script '/home/tdt/tool/ros/install/local_setup.ps1'
[2.715s] [34mcolcon.colcon_core.shell[0m [1;30mINFO[0m Creating prefix util module '/home/tdt/tool/ros/install/_local_setup_util_ps1.py'
[2.716s] [34mcolcon.colcon_core.shell[0m [1;30mINFO[0m Creating prefix chain script '/home/tdt/tool/ros/install/setup.ps1'
[2.716s] [34mcolcon.colcon_core.shell[0m [1;30mINFO[0m Creating prefix script '/home/tdt/tool/ros/install/local_setup.sh'
[2.717s] [34mcolcon.colcon_core.shell[0m [1;30mINFO[0m Creating prefix util module '/home/tdt/tool/ros/install/_local_setup_util_sh.py'
[2.717s] [34mcolcon.colcon_core.shell[0m [1;30mINFO[0m Creating prefix chain script '/home/tdt/tool/ros/install/setup.sh'
[2.718s] [34mcolcon.colcon_core.shell[0m [1;30mINFO[0m Creating prefix script '/home/tdt/tool/ros/install/local_setup.bash'
[2.718s] [34mcolcon.colcon_core.shell[0m [1;30mINFO[0m Creating prefix chain script '/home/tdt/tool/ros/install/setup.bash'
[2.718s] [34mcolcon.colcon_core.shell[0m [1;30mINFO[0m Creating prefix script '/home/tdt/tool/ros/install/local_setup.zsh'
[2.719s] [34mcolcon.colcon_core.shell[0m [1;30mINFO[0m Creating prefix chain script '/home/tdt/tool/ros/install/setup.zsh'
