[0.005s] Invoking command in '/home/tdt/tool/ros/build/project1': AMENT_PREFIX_PATH=/home/tdt/tool/ros/install/my_msgs:${AMENT_PREFIX_PATH} CMAKE_PREFIX_PATH=/home/tdt/tool/ros/install/my_msgs:/opt/ros/humble LD_LIBRARY_PATH=/home/tdt/tool/ros/install/my_msgs/lib:${LD_LIBRARY_PATH} PYTHONPATH=/home/tdt/tool/ros/install/my_msgs/local/lib/python3.10/dist-packages:${PYTHONPATH} /usr/bin/cmake --build /home/tdt/tool/ros/build/project1 -- -j24 -l24
[0.042s] [  2%] Built target project1__cpp
[0.044s] [ 11%] Built target project1__rosidl_generator_c
[0.050s] [ 17%] [32mBuilding CXX object CMakeFiles/talker1_node.dir/src/talker1.cpp.o[0m
[0.050s] [ 20%] Built target listener1_node
[0.052s] [ 20%] Built target ament_cmake_python_copy_project1
[0.061s] [ 28%] Built target project1__rosidl_typesupport_introspection_cpp
[0.061s] [ 37%] Built target project1__rosidl_typesupport_fastrtps_cpp
[0.061s] [ 45%] Built target project1__rosidl_typesupport_fastrtps_c
[0.061s] [ 54%] Built target project1__rosidl_typesupport_c
[0.061s] [ 62%] Built target project1__rosidl_typesupport_cpp
[0.061s] [ 71%] Built target project1__rosidl_typesupport_introspection_c
[0.075s] [ 71%] Built target project1
[0.088s] [ 74%] Built target project1__py
[0.104s] [ 80%] Built target project1__rosidl_generator_py
[0.121s] [ 85%] Built target project1__rosidl_typesupport_fastrtps_c__pyext
[0.121s] [ 91%] Built target project1__rosidl_typesupport_introspection_c__pyext
[0.122s] [ 97%] Built target project1__rosidl_typesupport_c__pyext
[0.190s] running egg_info
[0.190s] writing project1.egg-info/PKG-INFO
[0.191s] writing dependency_links to project1.egg-info/dependency_links.txt
[0.191s] writing top-level names to project1.egg-info/top_level.txt
[0.192s] reading manifest file 'project1.egg-info/SOURCES.txt'
[0.192s] writing manifest file 'project1.egg-info/SOURCES.txt'
[0.213s] [ 97%] Built target ament_cmake_python_build_project1_egg
[2.158s] [100%] [32m[1mLinking CXX executable talker1_node[0m
[2.269s] [100%] Built target talker1_node
[2.277s] Invoked command in '/home/tdt/tool/ros/build/project1' returned '0': AMENT_PREFIX_PATH=/home/tdt/tool/ros/install/my_msgs:${AMENT_PREFIX_PATH} CMAKE_PREFIX_PATH=/home/tdt/tool/ros/install/my_msgs:/opt/ros/humble LD_LIBRARY_PATH=/home/tdt/tool/ros/install/my_msgs/lib:${LD_LIBRARY_PATH} PYTHONPATH=/home/tdt/tool/ros/install/my_msgs/local/lib/python3.10/dist-packages:${PYTHONPATH} /usr/bin/cmake --build /home/tdt/tool/ros/build/project1 -- -j24 -l24
[2.278s] Invoking command in '/home/tdt/tool/ros/build/project1': AMENT_PREFIX_PATH=/home/tdt/tool/ros/install/my_msgs:${AMENT_PREFIX_PATH} CMAKE_PREFIX_PATH=/home/tdt/tool/ros/install/my_msgs:/opt/ros/humble LD_LIBRARY_PATH=/home/tdt/tool/ros/install/my_msgs/lib:${LD_LIBRARY_PATH} PYTHONPATH=/home/tdt/tool/ros/install/my_msgs/local/lib/python3.10/dist-packages:${PYTHONPATH} /usr/bin/cmake --install /home/tdt/tool/ros/build/project1
[2.282s] -- Install configuration: ""
[2.282s] -- Up-to-date: /home/tdt/tool/ros/install/project1/share/ament_index/resource_index/rosidl_interfaces/project1
[2.282s] -- Up-to-date: /home/tdt/tool/ros/install/project1/include/project1/project1
[2.282s] -- Up-to-date: /home/tdt/tool/ros/install/project1/include/project1/project1/msg
[2.282s] -- Up-to-date: /home/tdt/tool/ros/install/project1/include/project1/project1/msg/detail
[2.283s] -- Up-to-date: /home/tdt/tool/ros/install/project1/include/project1/project1/msg/detail/msg1__functions.h
[2.283s] -- Up-to-date: /home/tdt/tool/ros/install/project1/include/project1/project1/msg/detail/msg1__functions.c
[2.283s] -- Up-to-date: /home/tdt/tool/ros/install/project1/include/project1/project1/msg/detail/msg1__struct.h
[2.283s] -- Up-to-date: /home/tdt/tool/ros/install/project1/include/project1/project1/msg/detail/msg1__type_support.h
[2.283s] -- Up-to-date: /home/tdt/tool/ros/install/project1/include/project1/project1/msg/msg1.h
[2.283s] -- Up-to-date: /home/tdt/tool/ros/install/project1/include/project1/project1/msg/rosidl_generator_c__visibility_control.h
[2.283s] -- Up-to-date: /home/tdt/tool/ros/install/project1/share/project1/environment/library_path.sh
[2.283s] -- Up-to-date: /home/tdt/tool/ros/install/project1/share/project1/environment/library_path.dsv
[2.283s] -- Up-to-date: /home/tdt/tool/ros/install/project1/lib/libproject1__rosidl_generator_c.so
[2.284s] -- Up-to-date: /home/tdt/tool/ros/install/project1/include/project1/project1
[2.284s] -- Up-to-date: /home/tdt/tool/ros/install/project1/include/project1/project1/msg
[2.284s] -- Up-to-date: /home/tdt/tool/ros/install/project1/include/project1/project1/msg/detail
[2.284s] -- Up-to-date: /home/tdt/tool/ros/install/project1/include/project1/project1/msg/detail/msg1__rosidl_typesupport_fastrtps_c.h
[2.284s] -- Up-to-date: /home/tdt/tool/ros/install/project1/include/project1/project1/msg/rosidl_typesupport_fastrtps_c__visibility_control.h
[2.285s] -- Up-to-date: /home/tdt/tool/ros/install/project1/lib/libproject1__rosidl_typesupport_fastrtps_c.so
[2.285s] -- Up-to-date: /home/tdt/tool/ros/install/project1/include/project1/project1
[2.285s] -- Up-to-date: /home/tdt/tool/ros/install/project1/include/project1/project1/msg
[2.285s] -- Up-to-date: /home/tdt/tool/ros/install/project1/include/project1/project1/msg/detail
[2.286s] -- Up-to-date: /home/tdt/tool/ros/install/project1/include/project1/project1/msg/detail/msg1__builder.hpp
[2.286s] -- Up-to-date: /home/tdt/tool/ros/install/project1/include/project1/project1/msg/detail/msg1__traits.hpp
[2.286s] -- Up-to-date: /home/tdt/tool/ros/install/project1/include/project1/project1/msg/detail/msg1__type_support.hpp
[2.286s] -- Up-to-date: /home/tdt/tool/ros/install/project1/include/project1/project1/msg/detail/msg1__struct.hpp
[2.286s] -- Up-to-date: /home/tdt/tool/ros/install/project1/include/project1/project1/msg/rosidl_generator_cpp__visibility_control.hpp
[2.286s] -- Up-to-date: /home/tdt/tool/ros/install/project1/include/project1/project1/msg/msg1.hpp
[2.286s] -- Up-to-date: /home/tdt/tool/ros/install/project1/include/project1/project1
[2.286s] -- Up-to-date: /home/tdt/tool/ros/install/project1/include/project1/project1/msg
[2.286s] -- Up-to-date: /home/tdt/tool/ros/install/project1/include/project1/project1/msg/detail
[2.286s] -- Up-to-date: /home/tdt/tool/ros/install/project1/include/project1/project1/msg/detail/dds_fastrtps
[2.286s] -- Up-to-date: /home/tdt/tool/ros/install/project1/include/project1/project1/msg/detail/msg1__rosidl_typesupport_fastrtps_cpp.hpp
[2.286s] -- Up-to-date: /home/tdt/tool/ros/install/project1/include/project1/project1/msg/rosidl_typesupport_fastrtps_cpp__visibility_control.h
[2.286s] -- Up-to-date: /home/tdt/tool/ros/install/project1/lib/libproject1__rosidl_typesupport_fastrtps_cpp.so
[2.286s] -- Up-to-date: /home/tdt/tool/ros/install/project1/include/project1/project1
[2.286s] -- Up-to-date: /home/tdt/tool/ros/install/project1/include/project1/project1/msg
[2.286s] -- Up-to-date: /home/tdt/tool/ros/install/project1/include/project1/project1/msg/detail
[2.286s] -- Up-to-date: /home/tdt/tool/ros/install/project1/include/project1/project1/msg/detail/msg1__type_support.c
[2.287s] -- Up-to-date: /home/tdt/tool/ros/install/project1/include/project1/project1/msg/detail/msg1__rosidl_typesupport_introspection_c.h
[2.287s] -- Up-to-date: /home/tdt/tool/ros/install/project1/include/project1/project1/msg/rosidl_typesupport_introspection_c__visibility_control.h
[2.287s] -- Up-to-date: /home/tdt/tool/ros/install/project1/lib/libproject1__rosidl_typesupport_introspection_c.so
[2.287s] -- Up-to-date: /home/tdt/tool/ros/install/project1/lib/libproject1__rosidl_typesupport_c.so
[2.287s] -- Up-to-date: /home/tdt/tool/ros/install/project1/include/project1/project1
[2.287s] -- Up-to-date: /home/tdt/tool/ros/install/project1/include/project1/project1/msg
[2.287s] -- Up-to-date: /home/tdt/tool/ros/install/project1/include/project1/project1/msg/detail
[2.287s] -- Up-to-date: /home/tdt/tool/ros/install/project1/include/project1/project1/msg/detail/msg1__rosidl_typesupport_introspection_cpp.hpp
[2.287s] -- Up-to-date: /home/tdt/tool/ros/install/project1/include/project1/project1/msg/detail/msg1__type_support.cpp
[2.287s] -- Up-to-date: /home/tdt/tool/ros/install/project1/lib/libproject1__rosidl_typesupport_introspection_cpp.so
[2.287s] -- Up-to-date: /home/tdt/tool/ros/install/project1/lib/libproject1__rosidl_typesupport_cpp.so
[2.287s] -- Up-to-date: /home/tdt/tool/ros/install/project1/share/project1/environment/pythonpath.sh
[2.287s] -- Up-to-date: /home/tdt/tool/ros/install/project1/share/project1/environment/pythonpath.dsv
[2.287s] -- Up-to-date: /home/tdt/tool/ros/install/project1/local/lib/python3.10/dist-packages/project1-0.0.0-py3.10.egg-info
[2.287s] -- Installing: /home/tdt/tool/ros/install/project1/local/lib/python3.10/dist-packages/project1-0.0.0-py3.10.egg-info/SOURCES.txt
[2.287s] -- Installing: /home/tdt/tool/ros/install/project1/local/lib/python3.10/dist-packages/project1-0.0.0-py3.10.egg-info/dependency_links.txt
[2.287s] -- Installing: /home/tdt/tool/ros/install/project1/local/lib/python3.10/dist-packages/project1-0.0.0-py3.10.egg-info/PKG-INFO
[2.287s] -- Installing: /home/tdt/tool/ros/install/project1/local/lib/python3.10/dist-packages/project1-0.0.0-py3.10.egg-info/top_level.txt
[2.287s] -- Up-to-date: /home/tdt/tool/ros/install/project1/local/lib/python3.10/dist-packages/project1
[2.287s] -- Up-to-date: /home/tdt/tool/ros/install/project1/local/lib/python3.10/dist-packages/project1/__init__.py
[2.287s] -- Up-to-date: /home/tdt/tool/ros/install/project1/local/lib/python3.10/dist-packages/project1/_project1_s.ep.rosidl_typesupport_introspection_c.c
[2.287s] -- Up-to-date: /home/tdt/tool/ros/install/project1/local/lib/python3.10/dist-packages/project1/msg
[2.287s] -- Up-to-date: /home/tdt/tool/ros/install/project1/local/lib/python3.10/dist-packages/project1/msg/__init__.py
[2.287s] -- Up-to-date: /home/tdt/tool/ros/install/project1/local/lib/python3.10/dist-packages/project1/msg/_msg1.py
[2.287s] -- Up-to-date: /home/tdt/tool/ros/install/project1/local/lib/python3.10/dist-packages/project1/msg/_msg1_s.c
[2.287s] -- Up-to-date: /home/tdt/tool/ros/install/project1/local/lib/python3.10/dist-packages/project1/libproject1__rosidl_generator_py.so
[2.287s] -- Up-to-date: /home/tdt/tool/ros/install/project1/local/lib/python3.10/dist-packages/project1/project1_s__rosidl_typesupport_fastrtps_c.cpython-310-x86_64-linux-gnu.so
[2.287s] -- Up-to-date: /home/tdt/tool/ros/install/project1/local/lib/python3.10/dist-packages/project1/project1_s__rosidl_typesupport_c.cpython-310-x86_64-linux-gnu.so
[2.287s] -- Up-to-date: /home/tdt/tool/ros/install/project1/local/lib/python3.10/dist-packages/project1/_project1_s.ep.rosidl_typesupport_fastrtps_c.c
[2.287s] -- Up-to-date: /home/tdt/tool/ros/install/project1/local/lib/python3.10/dist-packages/project1/_project1_s.ep.rosidl_typesupport_c.c
[2.287s] -- Up-to-date: /home/tdt/tool/ros/install/project1/local/lib/python3.10/dist-packages/project1/project1_s__rosidl_typesupport_introspection_c.cpython-310-x86_64-linux-gnu.so
[2.305s] Listing '/home/tdt/tool/ros/install/project1/local/lib/python3.10/dist-packages/project1'...
[2.305s] Listing '/home/tdt/tool/ros/install/project1/local/lib/python3.10/dist-packages/project1/msg'...
[2.308s] -- Up-to-date: /home/tdt/tool/ros/install/project1/local/lib/python3.10/dist-packages/project1/project1_s__rosidl_typesupport_fastrtps_c.cpython-310-x86_64-linux-gnu.so
[2.308s] -- Up-to-date: /home/tdt/tool/ros/install/project1/local/lib/python3.10/dist-packages/project1/project1_s__rosidl_typesupport_introspection_c.cpython-310-x86_64-linux-gnu.so
[2.308s] -- Up-to-date: /home/tdt/tool/ros/install/project1/local/lib/python3.10/dist-packages/project1/project1_s__rosidl_typesupport_c.cpython-310-x86_64-linux-gnu.so
[2.308s] -- Up-to-date: /home/tdt/tool/ros/install/project1/lib/libproject1__rosidl_generator_py.so
[2.308s] -- Up-to-date: /home/tdt/tool/ros/install/project1/share/project1/msg/Msg1.idl
[2.308s] -- Up-to-date: /home/tdt/tool/ros/install/project1/share/project1/msg/Msg1.msg
[2.308s] -- Up-to-date: /home/tdt/tool/ros/install/project1/include/project1
[2.308s] -- Up-to-date: /home/tdt/tool/ros/install/project1/include/project1/project1
[2.308s] -- Installing: /home/tdt/tool/ros/install/project1/lib/project1/talker1_node
[2.308s] -- Set runtime path of "/home/tdt/tool/ros/install/project1/lib/project1/talker1_node" to ""
[2.308s] -- Up-to-date: /home/tdt/tool/ros/install/project1/lib/project1/listener1_node
[2.308s] -- Up-to-date: /home/tdt/tool/ros/install/project1/share/ament_index/resource_index/package_run_dependencies/project1
[2.308s] -- Up-to-date: /home/tdt/tool/ros/install/project1/share/ament_index/resource_index/parent_prefix_path/project1
[2.308s] -- Up-to-date: /home/tdt/tool/ros/install/project1/share/project1/environment/ament_prefix_path.sh
[2.308s] -- Up-to-date: /home/tdt/tool/ros/install/project1/share/project1/environment/ament_prefix_path.dsv
[2.308s] -- Up-to-date: /home/tdt/tool/ros/install/project1/share/project1/environment/path.sh
[2.308s] -- Up-to-date: /home/tdt/tool/ros/install/project1/share/project1/environment/path.dsv
[2.308s] -- Up-to-date: /home/tdt/tool/ros/install/project1/share/project1/local_setup.bash
[2.308s] -- Up-to-date: /home/tdt/tool/ros/install/project1/share/project1/local_setup.sh
[2.308s] -- Up-to-date: /home/tdt/tool/ros/install/project1/share/project1/local_setup.zsh
[2.308s] -- Up-to-date: /home/tdt/tool/ros/install/project1/share/project1/local_setup.dsv
[2.308s] -- Installing: /home/tdt/tool/ros/install/project1/share/project1/package.dsv
[2.308s] -- Up-to-date: /home/tdt/tool/ros/install/project1/share/ament_index/resource_index/packages/project1
[2.308s] -- Up-to-date: /home/tdt/tool/ros/install/project1/share/project1/cmake/export_project1__rosidl_generator_cExport.cmake
[2.308s] -- Up-to-date: /home/tdt/tool/ros/install/project1/share/project1/cmake/export_project1__rosidl_generator_cExport-noconfig.cmake
[2.309s] -- Up-to-date: /home/tdt/tool/ros/install/project1/share/project1/cmake/export_project1__rosidl_typesupport_fastrtps_cExport.cmake
[2.309s] -- Up-to-date: /home/tdt/tool/ros/install/project1/share/project1/cmake/export_project1__rosidl_typesupport_fastrtps_cExport-noconfig.cmake
[2.309s] -- Up-to-date: /home/tdt/tool/ros/install/project1/share/project1/cmake/export_project1__rosidl_generator_cppExport.cmake
[2.309s] -- Up-to-date: /home/tdt/tool/ros/install/project1/share/project1/cmake/export_project1__rosidl_typesupport_fastrtps_cppExport.cmake
[2.309s] -- Up-to-date: /home/tdt/tool/ros/install/project1/share/project1/cmake/export_project1__rosidl_typesupport_fastrtps_cppExport-noconfig.cmake
[2.309s] -- Up-to-date: /home/tdt/tool/ros/install/project1/share/project1/cmake/project1__rosidl_typesupport_introspection_cExport.cmake
[2.309s] -- Up-to-date: /home/tdt/tool/ros/install/project1/share/project1/cmake/project1__rosidl_typesupport_introspection_cExport-noconfig.cmake
[2.309s] -- Up-to-date: /home/tdt/tool/ros/install/project1/share/project1/cmake/project1__rosidl_typesupport_cExport.cmake
[2.309s] -- Up-to-date: /home/tdt/tool/ros/install/project1/share/project1/cmake/project1__rosidl_typesupport_cExport-noconfig.cmake
[2.309s] -- Up-to-date: /home/tdt/tool/ros/install/project1/share/project1/cmake/project1__rosidl_typesupport_introspection_cppExport.cmake
[2.309s] -- Up-to-date: /home/tdt/tool/ros/install/project1/share/project1/cmake/project1__rosidl_typesupport_introspection_cppExport-noconfig.cmake
[2.309s] -- Up-to-date: /home/tdt/tool/ros/install/project1/share/project1/cmake/project1__rosidl_typesupport_cppExport.cmake
[2.309s] -- Up-to-date: /home/tdt/tool/ros/install/project1/share/project1/cmake/project1__rosidl_typesupport_cppExport-noconfig.cmake
[2.309s] -- Up-to-date: /home/tdt/tool/ros/install/project1/share/project1/cmake/export_project1__rosidl_generator_pyExport.cmake
[2.309s] -- Up-to-date: /home/tdt/tool/ros/install/project1/share/project1/cmake/export_project1__rosidl_generator_pyExport-noconfig.cmake
[2.309s] -- Up-to-date: /home/tdt/tool/ros/install/project1/share/project1/cmake/rosidl_cmake-extras.cmake
[2.309s] -- Up-to-date: /home/tdt/tool/ros/install/project1/share/project1/cmake/ament_cmake_export_dependencies-extras.cmake
[2.309s] -- Up-to-date: /home/tdt/tool/ros/install/project1/share/project1/cmake/ament_cmake_export_include_directories-extras.cmake
[2.309s] -- Up-to-date: /home/tdt/tool/ros/install/project1/share/project1/cmake/ament_cmake_export_libraries-extras.cmake
[2.309s] -- Up-to-date: /home/tdt/tool/ros/install/project1/share/project1/cmake/ament_cmake_export_targets-extras.cmake
[2.309s] -- Up-to-date: /home/tdt/tool/ros/install/project1/share/project1/cmake/rosidl_cmake_export_typesupport_targets-extras.cmake
[2.309s] -- Up-to-date: /home/tdt/tool/ros/install/project1/share/project1/cmake/rosidl_cmake_export_typesupport_libraries-extras.cmake
[2.309s] -- Up-to-date: /home/tdt/tool/ros/install/project1/share/project1/cmake/project1Config.cmake
[2.309s] -- Up-to-date: /home/tdt/tool/ros/install/project1/share/project1/cmake/project1Config-version.cmake
[2.309s] -- Up-to-date: /home/tdt/tool/ros/install/project1/share/project1/package.xml
[2.311s] Invoked command in '/home/tdt/tool/ros/build/project1' returned '0': AMENT_PREFIX_PATH=/home/tdt/tool/ros/install/my_msgs:${AMENT_PREFIX_PATH} CMAKE_PREFIX_PATH=/home/tdt/tool/ros/install/my_msgs:/opt/ros/humble LD_LIBRARY_PATH=/home/tdt/tool/ros/install/my_msgs/lib:${LD_LIBRARY_PATH} PYTHONPATH=/home/tdt/tool/ros/install/my_msgs/local/lib/python3.10/dist-packages:${PYTHONPATH} /usr/bin/cmake --install /home/tdt/tool/ros/build/project1
