[0.007s] Invoking command in '/home/tdt/tool/ros/build/project1': CMAKE_PREFIX_PATH=${CMAKE_PREFIX_PATH}:/opt/ros/humble /usr/bin/cmake /home/tdt/tool/ros/src/project1 -DCMAKE_INSTALL_PREFIX=/home/tdt/tool/ros/install/project1
[0.038s] -- The C compiler identification is GNU 11.4.0
[0.069s] -- The CXX compiler identification is GNU 11.4.0
[0.074s] -- Detecting C compiler ABI info
[0.113s] -- Detecting C compiler ABI info - done
[0.117s] -- Check for working C compiler: /usr/bin/cc - skipped
[0.118s] -- Detecting C compile features
[0.118s] -- Detecting C compile features - done
[0.120s] -- Detecting CXX compiler ABI info
[0.165s] -- Detecting CXX compiler ABI info - done
[0.169s] -- Check for working CXX compiler: /usr/bin/c++ - skipped
[0.169s] -- Detecting CXX compile features
[0.170s] -- Detecting CXX compile features - done
[0.170s] -- Found ament_cmake: 1.3.12 (/opt/ros/humble/share/ament_cmake/cmake)
[0.256s] -- Found Python3: /usr/bin/python3 (found version "3.10.12") found components: Interpreter 
[0.298s] -- Found ament_cmake_auto: 1.3.12 (/opt/ros/humble/share/ament_cmake_auto/cmake)
[0.339s] -- Using all available rosidl_typesupport_c: rosidl_typesupport_fastrtps_c;rosidl_typesupport_introspection_c
[0.341s] -- Found rosidl_adapter: 3.1.7 (/opt/ros/humble/share/rosidl_adapter/cmake)
[0.359s] -- Using all available rosidl_typesupport_cpp: rosidl_typesupport_fastrtps_cpp;rosidl_typesupport_introspection_cpp
[0.394s] -- Found rmw_implementation_cmake: 6.1.2 (/opt/ros/humble/share/rmw_implementation_cmake/cmake)
[0.395s] -- Found rmw_fastrtps_cpp: 6.2.8 (/opt/ros/humble/share/rmw_fastrtps_cpp/cmake)
[0.446s] -- Found OpenSSL: /usr/lib/x86_64-linux-gnu/libcrypto.so (found version "3.0.2")  
[0.459s] -- Found FastRTPS: /opt/ros/humble/include  
[0.483s] -- Using RMW implementation 'rmw_fastrtps_cpp' as default
[0.486s] -- Looking for pthread.h
[0.529s] -- Looking for pthread.h - found
[0.529s] -- Performing Test CMAKE_HAVE_LIBC_PTHREAD
[0.569s] -- Performing Test CMAKE_HAVE_LIBC_PTHREAD - Success
[0.569s] -- Found Threads: TRUE  
[0.597s] [31mCMake Error at /opt/ros/humble/share/rosidl_cmake/cmake/rosidl_generate_interfaces.cmake:93 (message):
[0.597s]   rosidl_generate_interfaces() the passed file 'msg/1.msg' doesn't exist
[0.597s]   relative to the CMAKE_CURRENT_SOURCE_DIR '/home/tdt/tool/ros/src/project1'
[0.597s] Call Stack (most recent call first):
[0.598s]   CMakeLists.txt:18 (rosidl_generate_interfaces)
[0.598s] 
[0.598s] [0m
[0.598s] -- Configuring incomplete, errors occurred!
[0.598s] See also "/home/tdt/tool/ros/build/project1/CMakeFiles/CMakeOutput.log".
[0.603s] Invoked command in '/home/tdt/tool/ros/build/project1' returned '1': CMAKE_PREFIX_PATH=${CMAKE_PREFIX_PATH}:/opt/ros/humble /usr/bin/cmake /home/tdt/tool/ros/src/project1 -DCMAKE_INSTALL_PREFIX=/home/tdt/tool/ros/install/project1
