[0.053s] [34mcolcon[0m [1;30mDEBUG[0m [32mCommand line arguments: ['/usr/bin/colcon', 'build', '--packages-select', 'project1'][0m
[0.053s] [34mcolcon[0m [1;30mDEBUG[0m [32mParsed command line arguments: Namespace(log_base=None, log_level=None, verb_name='build', build_base='build', install_base='install', merge_install=False, symlink_install=False, test_result_base=None, continue_on_error=False, executor='parallel', parallel_workers=24, event_handlers=None, ignore_user_meta=False, metas=['./colcon.meta'], base_paths=['.'], packages_ignore=None, packages_ignore_regex=None, paths=None, packages_up_to=None, packages_up_to_regex=None, packages_above=None, packages_above_and_dependencies=None, packages_above_depth=None, packages_select_by_dep=None, packages_skip_by_dep=None, packages_skip_up_to=None, packages_select_build_failed=False, packages_skip_build_finished=False, packages_select_test_failures=False, packages_skip_test_passed=False, packages_select=['project1'], packages_skip=None, packages_select_regex=None, packages_skip_regex=None, packages_start=None, packages_end=None, allow_overriding=[], cmake_args=None, cmake_target=None, cmake_target_skip_unavailable=False, cmake_clean_cache=False, cmake_clean_first=False, cmake_force_configure=False, ament_cmake_args=None, catkin_cmake_args=None, catkin_skip_building_tests=False, verb_parser=<colcon_defaults.argument_parser.defaults.DefaultArgumentsDecorator object at 0x7d29c6dae5c0>, verb_extension=<colcon_core.verb.build.BuildVerb object at 0x7d29c6f48070>, main=<bound method BuildVerb.main of <colcon_core.verb.build.BuildVerb object at 0x7d29c6f48070>>)[0m
[0.120s] [34mcolcon.colcon_core.package_discovery[0m [1;30mLevel 1[0m discover_packages(colcon_meta) check parameters
[0.121s] [34mcolcon.colcon_core.package_discovery[0m [1;30mLevel 1[0m discover_packages(recursive) check parameters
[0.121s] [34mcolcon.colcon_core.package_discovery[0m [1;30mLevel 1[0m discover_packages(ignore) check parameters
[0.121s] [34mcolcon.colcon_core.package_discovery[0m [1;30mLevel 1[0m discover_packages(path) check parameters
[0.121s] [34mcolcon.colcon_core.package_discovery[0m [1;30mLevel 1[0m discover_packages(colcon_meta) discover
[0.121s] [34mcolcon.colcon_core.package_discovery[0m [1;30mLevel 1[0m discover_packages(recursive) discover
[0.121s] [34mcolcon.colcon_core.package_discovery[0m [1;30mINFO[0m Crawling recursively for packages in '/home/tdt/tool/ros/project1'
[0.121s] [34mcolcon.colcon_core.package_identification[0m [1;30mLevel 1[0m _identify(.) by extensions ['ignore', 'ignore_ament_install']
[0.121s] [34mcolcon.colcon_core.package_identification[0m [1;30mLevel 1[0m _identify(.) by extension 'ignore'
[0.121s] [34mcolcon.colcon_core.package_identification[0m [1;30mLevel 1[0m _identify(.) by extension 'ignore_ament_install'
[0.121s] [34mcolcon.colcon_core.package_identification[0m [1;30mLevel 1[0m _identify(.) by extensions ['colcon_pkg']
[0.121s] [34mcolcon.colcon_core.package_identification[0m [1;30mLevel 1[0m _identify(.) by extension 'colcon_pkg'
[0.121s] [34mcolcon.colcon_core.package_identification[0m [1;30mLevel 1[0m _identify(.) by extensions ['colcon_meta']
[0.121s] [34mcolcon.colcon_core.package_identification[0m [1;30mLevel 1[0m _identify(.) by extension 'colcon_meta'
[0.121s] [34mcolcon.colcon_core.package_identification[0m [1;30mLevel 1[0m _identify(.) by extensions ['ros']
[0.121s] [34mcolcon.colcon_core.package_identification[0m [1;30mLevel 1[0m _identify(.) by extension 'ros'
[0.127s] [34mcolcon.colcon_core.package_identification[0m [1;30mDEBUG[0m [32mPackage '.' with type 'ros.ament_cmake' and name 'project1'[0m
[0.127s] [34mcolcon.colcon_core.package_discovery[0m [1;30mLevel 1[0m discover_packages(recursive) using defaults
[0.127s] [34mcolcon.colcon_core.package_discovery[0m [1;30mLevel 1[0m discover_packages(ignore) discover
[0.127s] [34mcolcon.colcon_core.package_discovery[0m [1;30mLevel 1[0m discover_packages(ignore) using defaults
[0.127s] [34mcolcon.colcon_core.package_discovery[0m [1;30mLevel 1[0m discover_packages(path) discover
[0.127s] [34mcolcon.colcon_core.package_discovery[0m [1;30mLevel 1[0m discover_packages(path) using defaults
[0.142s] [34mcolcon.colcon_core.package_discovery[0m [1;30mLevel 1[0m discover_packages(prefix_path) check parameters
[0.142s] [34mcolcon.colcon_core.package_discovery[0m [1;30mLevel 1[0m discover_packages(prefix_path) discover
[0.143s] [34mcolcon.colcon_installed_package_information.package_discovery[0m [1;30mDEBUG[0m [32mFound 1 installed packages in /home/tdt/tool/ros/project1/install[0m
[0.143s] [34mcolcon.colcon_installed_package_information.package_discovery[0m [1;30mDEBUG[0m [32mFound 271 installed packages in /opt/ros/humble[0m
[0.144s] [34mcolcon.colcon_core.package_discovery[0m [1;30mLevel 1[0m discover_packages(prefix_path) using defaults
[0.159s] [34mcolcon.colcon_core.verb[0m [1;30mLevel 5[0m set package 'project1' build argument 'cmake_args' from command line to 'None'
[0.159s] [34mcolcon.colcon_core.verb[0m [1;30mLevel 5[0m set package 'project1' build argument 'cmake_target' from command line to 'None'
[0.159s] [34mcolcon.colcon_core.verb[0m [1;30mLevel 5[0m set package 'project1' build argument 'cmake_target_skip_unavailable' from command line to 'False'
[0.159s] [34mcolcon.colcon_core.verb[0m [1;30mLevel 5[0m set package 'project1' build argument 'cmake_clean_cache' from command line to 'False'
[0.159s] [34mcolcon.colcon_core.verb[0m [1;30mLevel 5[0m set package 'project1' build argument 'cmake_clean_first' from command line to 'False'
[0.159s] [34mcolcon.colcon_core.verb[0m [1;30mLevel 5[0m set package 'project1' build argument 'cmake_force_configure' from command line to 'False'
[0.159s] [34mcolcon.colcon_core.verb[0m [1;30mLevel 5[0m set package 'project1' build argument 'ament_cmake_args' from command line to 'None'
[0.159s] [34mcolcon.colcon_core.verb[0m [1;30mLevel 5[0m set package 'project1' build argument 'catkin_cmake_args' from command line to 'None'
[0.159s] [34mcolcon.colcon_core.verb[0m [1;30mLevel 5[0m set package 'project1' build argument 'catkin_skip_building_tests' from command line to 'False'
[0.159s] [34mcolcon.colcon_core.verb[0m [1;30mDEBUG[0m [32mBuilding package 'project1' with the following arguments: {'ament_cmake_args': None, 'build_base': '/home/tdt/tool/ros/project1/build/project1', 'catkin_cmake_args': None, 'catkin_skip_building_tests': False, 'cmake_args': None, 'cmake_clean_cache': False, 'cmake_clean_first': False, 'cmake_force_configure': False, 'cmake_target': None, 'cmake_target_skip_unavailable': False, 'install_base': '/home/tdt/tool/ros/project1/install/project1', 'merge_install': False, 'path': '/home/tdt/tool/ros/project1', 'symlink_install': False, 'test_result_base': None}[0m
[0.159s] [34mcolcon.colcon_core.executor[0m [1;30mINFO[0m Executing jobs using 'parallel' executor
[0.160s] [34mcolcon.colcon_parallel_executor.executor.parallel[0m [1;30mDEBUG[0m [32mrun_until_complete[0m
[0.160s] [34mcolcon.colcon_ros.task.ament_cmake.build[0m [1;30mINFO[0m Building ROS package in '/home/tdt/tool/ros/project1' with build type 'ament_cmake'
[0.160s] [34mcolcon.colcon_cmake.task.cmake.build[0m [1;30mINFO[0m Building CMake package in '/home/tdt/tool/ros/project1'
[0.161s] [34mcolcon.colcon_core.plugin_system[0m [1;30mINFO[0m Skipping extension 'colcon_core.shell.bat': Not used on non-Windows systems
[0.161s] [34mcolcon.colcon_core.shell[0m [1;30mINFO[0m Skip shell extension 'powershell' for command environment: Not usable outside of PowerShell
[0.161s] [34mcolcon.colcon_core.shell[0m [1;30mDEBUG[0m [32mSkip shell extension 'dsv' for command environment[0m
[0.168s] [34mcolcon.colcon_core.event_handler.log_command[0m [1;30mDEBUG[0m [32mInvoking command in '/home/tdt/tool/ros/project1/build/project1': CMAKE_PREFIX_PATH=${CMAKE_PREFIX_PATH}:/opt/ros/humble /usr/bin/cmake --build /home/tdt/tool/ros/project1/build/project1 -- -j24 -l24[0m
[5.281s] [34mcolcon.colcon_core.event_handler.log_command[0m [1;30mDEBUG[0m [32mInvoked command in '/home/tdt/tool/ros/project1/build/project1' returned '0': CMAKE_PREFIX_PATH=${CMAKE_PREFIX_PATH}:/opt/ros/humble /usr/bin/cmake --build /home/tdt/tool/ros/project1/build/project1 -- -j24 -l24[0m
[5.286s] [34mcolcon.colcon_core.event_handler.log_command[0m [1;30mDEBUG[0m [32mInvoking command in '/home/tdt/tool/ros/project1/build/project1': CMAKE_PREFIX_PATH=${CMAKE_PREFIX_PATH}:/opt/ros/humble /usr/bin/cmake --install /home/tdt/tool/ros/project1/build/project1[0m
[5.296s] [34mcolcon.colcon_core.environment[0m [1;30mLevel 1[0m create_environment_scripts_only(project1)
[5.296s] [34mcolcon.colcon_core.event_handler.log_command[0m [1;30mDEBUG[0m [32mInvoked command in '/home/tdt/tool/ros/project1/build/project1' returned '0': CMAKE_PREFIX_PATH=${CMAKE_PREFIX_PATH}:/opt/ros/humble /usr/bin/cmake --install /home/tdt/tool/ros/project1/build/project1[0m
[5.298s] [34mcolcon.colcon_core.environment[0m [1;30mLevel 1[0m checking '/home/tdt/tool/ros/project1/install/project1' for CMake module files
[5.298s] [34mcolcon.colcon_core.environment[0m [1;30mLevel 1[0m checking '/home/tdt/tool/ros/project1/install/project1' for CMake config files
[5.298s] [34mcolcon.colcon_core.shell[0m [1;30mLevel 1[0m create_environment_hook('project1', 'cmake_prefix_path')
[5.298s] [34mcolcon.colcon_core.shell[0m [1;30mINFO[0m Creating environment hook '/home/tdt/tool/ros/project1/install/project1/share/project1/hook/cmake_prefix_path.ps1'
[5.299s] [34mcolcon.colcon_core.shell[0m [1;30mINFO[0m Creating environment descriptor '/home/tdt/tool/ros/project1/install/project1/share/project1/hook/cmake_prefix_path.dsv'
[5.299s] [34mcolcon.colcon_core.shell[0m [1;30mINFO[0m Creating environment hook '/home/tdt/tool/ros/project1/install/project1/share/project1/hook/cmake_prefix_path.sh'
[5.300s] [34mcolcon.colcon_core.environment[0m [1;30mLevel 1[0m checking '/home/tdt/tool/ros/project1/install/project1/lib'
[5.300s] [34mcolcon.colcon_core.environment[0m [1;30mLevel 1[0m checking '/home/tdt/tool/ros/project1/install/project1/bin'
[5.300s] [34mcolcon.colcon_core.environment[0m [1;30mLevel 1[0m checking '/home/tdt/tool/ros/project1/install/project1/lib/pkgconfig/project1.pc'
[5.300s] [34mcolcon.colcon_core.environment[0m [1;30mLevel 1[0m checking '/home/tdt/tool/ros/project1/install/project1/lib/python3.10/site-packages'
[5.300s] [34mcolcon.colcon_core.environment[0m [1;30mLevel 1[0m checking '/home/tdt/tool/ros/project1/install/project1/bin'
[5.301s] [34mcolcon.colcon_core.shell[0m [1;30mINFO[0m Creating package script '/home/tdt/tool/ros/project1/install/project1/share/project1/package.ps1'
[5.301s] [34mcolcon.colcon_core.shell[0m [1;30mINFO[0m Creating package descriptor '/home/tdt/tool/ros/project1/install/project1/share/project1/package.dsv'
[5.301s] [34mcolcon.colcon_core.shell[0m [1;30mINFO[0m Creating package script '/home/tdt/tool/ros/project1/install/project1/share/project1/package.sh'
[5.301s] [34mcolcon.colcon_core.shell[0m [1;30mINFO[0m Creating package script '/home/tdt/tool/ros/project1/install/project1/share/project1/package.bash'
[5.302s] [34mcolcon.colcon_core.shell[0m [1;30mINFO[0m Creating package script '/home/tdt/tool/ros/project1/install/project1/share/project1/package.zsh'
[5.302s] [34mcolcon.colcon_core.environment[0m [1;30mLevel 1[0m create_file_with_runtime_dependencies(/home/tdt/tool/ros/project1/install/project1/share/colcon-core/packages/project1)
[5.302s] [34mcolcon.colcon_core.environment[0m [1;30mLevel 1[0m create_environment_scripts_only(project1)
[5.302s] [34mcolcon.colcon_core.environment[0m [1;30mLevel 1[0m checking '/home/tdt/tool/ros/project1/install/project1' for CMake module files
[5.303s] [34mcolcon.colcon_core.environment[0m [1;30mLevel 1[0m checking '/home/tdt/tool/ros/project1/install/project1' for CMake config files
[5.303s] [34mcolcon.colcon_core.shell[0m [1;30mLevel 1[0m create_environment_hook('project1', 'cmake_prefix_path')
[5.303s] [34mcolcon.colcon_core.shell[0m [1;30mINFO[0m Creating environment hook '/home/tdt/tool/ros/project1/install/project1/share/project1/hook/cmake_prefix_path.ps1'
[5.303s] [34mcolcon.colcon_core.shell[0m [1;30mINFO[0m Creating environment descriptor '/home/tdt/tool/ros/project1/install/project1/share/project1/hook/cmake_prefix_path.dsv'
[5.303s] [34mcolcon.colcon_core.shell[0m [1;30mINFO[0m Creating environment hook '/home/tdt/tool/ros/project1/install/project1/share/project1/hook/cmake_prefix_path.sh'
[5.304s] [34mcolcon.colcon_core.environment[0m [1;30mLevel 1[0m checking '/home/tdt/tool/ros/project1/install/project1/lib'
[5.304s] [34mcolcon.colcon_core.environment[0m [1;30mLevel 1[0m checking '/home/tdt/tool/ros/project1/install/project1/bin'
[5.304s] [34mcolcon.colcon_core.environment[0m [1;30mLevel 1[0m checking '/home/tdt/tool/ros/project1/install/project1/lib/pkgconfig/project1.pc'
[5.304s] [34mcolcon.colcon_core.environment[0m [1;30mLevel 1[0m checking '/home/tdt/tool/ros/project1/install/project1/lib/python3.10/site-packages'
[5.304s] [34mcolcon.colcon_core.environment[0m [1;30mLevel 1[0m checking '/home/tdt/tool/ros/project1/install/project1/bin'
[5.304s] [34mcolcon.colcon_core.shell[0m [1;30mINFO[0m Creating package script '/home/tdt/tool/ros/project1/install/project1/share/project1/package.ps1'
[5.305s] [34mcolcon.colcon_core.shell[0m [1;30mINFO[0m Creating package descriptor '/home/tdt/tool/ros/project1/install/project1/share/project1/package.dsv'
[5.305s] [34mcolcon.colcon_core.shell[0m [1;30mINFO[0m Creating package script '/home/tdt/tool/ros/project1/install/project1/share/project1/package.sh'
[5.305s] [34mcolcon.colcon_core.shell[0m [1;30mINFO[0m Creating package script '/home/tdt/tool/ros/project1/install/project1/share/project1/package.bash'
[5.305s] [34mcolcon.colcon_core.shell[0m [1;30mINFO[0m Creating package script '/home/tdt/tool/ros/project1/install/project1/share/project1/package.zsh'
[5.305s] [34mcolcon.colcon_core.environment[0m [1;30mLevel 1[0m create_file_with_runtime_dependencies(/home/tdt/tool/ros/project1/install/project1/share/colcon-core/packages/project1)
[5.306s] [34mcolcon.colcon_parallel_executor.executor.parallel[0m [1;30mDEBUG[0m [32mclosing loop[0m
[5.306s] [34mcolcon.colcon_parallel_executor.executor.parallel[0m [1;30mDEBUG[0m [32mloop closed[0m
[5.306s] [34mcolcon.colcon_parallel_executor.executor.parallel[0m [1;30mDEBUG[0m [32mrun_until_complete finished with '0'[0m
[5.306s] [34mcolcon.colcon_core.event_reactor[0m [1;30mDEBUG[0m [32mjoining thread[0m
[5.310s] [34mcolcon.colcon_core.plugin_system[0m [1;30mINFO[0m Skipping extension 'colcon_notification.desktop_notification.terminal_notifier': Not used on non-Darwin systems
[5.310s] [34mcolcon.colcon_core.plugin_system[0m [1;30mINFO[0m Skipping extension 'colcon_notification.desktop_notification.win32': Not used on non-Windows systems
[5.310s] [34mcolcon.colcon_notification.desktop_notification[0m [1;30mINFO[0m Sending desktop notification using 'notify2'
[5.319s] [34mcolcon.colcon_core.event_reactor[0m [1;30mDEBUG[0m [32mjoined thread[0m
[5.319s] [34mcolcon.colcon_core.shell[0m [1;30mINFO[0m Creating prefix script '/home/tdt/tool/ros/project1/install/local_setup.ps1'
[5.320s] [34mcolcon.colcon_core.shell[0m [1;30mINFO[0m Creating prefix util module '/home/tdt/tool/ros/project1/install/_local_setup_util_ps1.py'
[5.320s] [34mcolcon.colcon_core.shell[0m [1;30mINFO[0m Creating prefix chain script '/home/tdt/tool/ros/project1/install/setup.ps1'
[5.321s] [34mcolcon.colcon_core.shell[0m [1;30mINFO[0m Creating prefix script '/home/tdt/tool/ros/project1/install/local_setup.sh'
[5.321s] [34mcolcon.colcon_core.shell[0m [1;30mINFO[0m Creating prefix util module '/home/tdt/tool/ros/project1/install/_local_setup_util_sh.py'
[5.321s] [34mcolcon.colcon_core.shell[0m [1;30mINFO[0m Creating prefix chain script '/home/tdt/tool/ros/project1/install/setup.sh'
[5.322s] [34mcolcon.colcon_core.shell[0m [1;30mINFO[0m Creating prefix script '/home/tdt/tool/ros/project1/install/local_setup.bash'
[5.322s] [34mcolcon.colcon_core.shell[0m [1;30mINFO[0m Creating prefix chain script '/home/tdt/tool/ros/project1/install/setup.bash'
[5.323s] [34mcolcon.colcon_core.shell[0m [1;30mINFO[0m Creating prefix script '/home/tdt/tool/ros/project1/install/local_setup.zsh'
[5.323s] [34mcolcon.colcon_core.shell[0m [1;30mINFO[0m Creating prefix chain script '/home/tdt/tool/ros/project1/install/setup.zsh'
