[0.006s] Invoking command in '/home/tdt/tool/ros/build/my_custom_msgs': CMAKE_PREFIX_PATH=${CMAKE_PREFIX_PATH}:/opt/ros/humble /usr/bin/cmake /home/tdt/tool/ros/src/my_msgs -DCMAKE_INSTALL_PREFIX=/home/tdt/tool/ros/install/my_custom_msgs
[0.041s] -- The C compiler identification is GNU 11.4.0
[0.073s] -- The CXX compiler identification is GNU 11.4.0
[0.077s] -- Detecting C compiler ABI info
[0.120s] -- Detecting C compiler ABI info - done
[0.123s] -- Check for working C compiler: /usr/bin/cc - skipped
[0.123s] -- Detecting C compile features
[0.123s] -- Detecting C compile features - done
[0.124s] -- Detecting CXX compiler ABI info
[0.166s] -- Detecting CXX compiler ABI info - done
[0.170s] -- Check for working CXX compiler: /usr/bin/c++ - skipped
[0.170s] -- Detecting CXX compile features
[0.170s] -- Detecting CXX compile features - done
[0.171s] -- Found ament_cmake: 1.3.12 (/opt/ros/humble/share/ament_cmake/cmake)
[0.251s] -- Found Python3: /usr/bin/python3 (found version "3.10.12") found components: Interpreter 
[0.289s] -- Found rclcpp: 16.0.15 (/opt/ros/humble/share/rclcpp/cmake)
[0.305s] -- Found rosidl_generator_c: 3.1.7 (/opt/ros/humble/share/rosidl_generator_c/cmake)
[0.307s] -- Found rosidl_adapter: 3.1.7 (/opt/ros/humble/share/rosidl_adapter/cmake)
[0.311s] -- Found rosidl_generator_cpp: 3.1.7 (/opt/ros/humble/share/rosidl_generator_cpp/cmake)
[0.316s] -- Using all available rosidl_typesupport_c: rosidl_typesupport_fastrtps_c;rosidl_typesupport_introspection_c
[0.322s] -- Using all available rosidl_typesupport_cpp: rosidl_typesupport_fastrtps_cpp;rosidl_typesupport_introspection_cpp
[0.342s] -- Found rmw_implementation_cmake: 6.1.2 (/opt/ros/humble/share/rmw_implementation_cmake/cmake)
[0.343s] -- Found rmw_fastrtps_cpp: 6.2.8 (/opt/ros/humble/share/rmw_fastrtps_cpp/cmake)
[0.391s] -- Found OpenSSL: /usr/lib/x86_64-linux-gnu/libcrypto.so (found version "3.0.2")  
[0.404s] -- Found FastRTPS: /opt/ros/humble/include  
[0.427s] -- Using RMW implementation 'rmw_fastrtps_cpp' as default
[0.430s] -- Looking for pthread.h
[0.475s] -- Looking for pthread.h - found
[0.475s] -- Performing Test CMAKE_HAVE_LIBC_PTHREAD
[0.526s] -- Performing Test CMAKE_HAVE_LIBC_PTHREAD - Success
[0.527s] -- Found Threads: TRUE  
[0.552s] -- Found rclpy: 3.3.17 (/opt/ros/humble/share/rclpy/cmake)
[0.552s] -- Found rosidl_default_generators: 1.2.0 (/opt/ros/humble/share/rosidl_default_generators/cmake)
[0.556s] [31mCMake Error at /opt/ros/humble/share/rosidl_cmake/cmake/rosidl_generate_interfaces.cmake:93 (message):
[0.556s]   rosidl_generate_interfaces() the passed file 'msg/Msg.msg' doesn't exist
[0.556s]   relative to the CMAKE_CURRENT_SOURCE_DIR '/home/tdt/tool/ros/src/my_msgs'
[0.556s] Call Stack (most recent call first):
[0.556s]   CMakeLists.txt:22 (rosidl_generate_interfaces)
[0.556s] 
[0.556s] [0m
[0.556s] -- Configuring incomplete, errors occurred!
[0.556s] See also "/home/tdt/tool/ros/build/my_custom_msgs/CMakeFiles/CMakeOutput.log".
[0.562s] Invoked command in '/home/tdt/tool/ros/build/my_custom_msgs' returned '1': CMAKE_PREFIX_PATH=${CMAKE_PREFIX_PATH}:/opt/ros/humble /usr/bin/cmake /home/tdt/tool/ros/src/my_msgs -DCMAKE_INSTALL_PREFIX=/home/tdt/tool/ros/install/my_custom_msgs
