-- Found ament_cmake: 1.3.12 (/opt/ros/humble/share/ament_cmake/cmake)
-- Found ament_cmake_auto: 1.3.12 (/opt/ros/humble/share/ament_cmake_auto/cmake)
-- Found rosidl_generator_c: 3.1.7 (/opt/ros/humble/share/rosidl_generator_c/cmake)
-- Found rosidl_adapter: 3.1.7 (/opt/ros/humble/share/rosidl_adapter/cmake)
-- Found rosidl_generator_cpp: 3.1.7 (/opt/ros/humble/share/rosidl_generator_cpp/cmake)
-- Using all available rosidl_typesupport_c: rosidl_typesupport_fastrtps_c;rosidl_typesupport_introspection_c
-- Using all available rosidl_typesupport_cpp: rosidl_typesupport_fastrtps_cpp;rosidl_typesupport_introspection_cpp
-- Found rmw_implementation_cmake: 6.1.2 (/opt/ros/humble/share/rmw_implementation_cmake/cmake)
-- Found rmw_fastrtps_cpp: 6.2.8 (/opt/ros/humble/share/rmw_fastrtps_cpp/cmake)
-- Using RMW implementation 'rmw_fastrtps_cpp' as default
-- Configuring done
-- Generating done
-- Build files have been written to: /home/tdt/tool/ros/project1/build/project1
[35m[1mConsolidate compiler generated dependencies of target talker1_node[0m
[35m[1mConsolidate compiler generated dependencies of target listener_node[0m
[ 25%] [32mBuilding CXX object CMakeFiles/listener_node.dir/src/listener.cpp.o[0m
[ 50%] [32mBuilding CXX object CMakeFiles/talker1_node.dir/src/talker1.cpp.o[0m
[ 75%] [32m[1mLinking CXX executable talker1_node[0m
[ 75%] Built target talker1_node
[100%] [32m[1mLinking CXX executable listener_node[0m
[100%] Built target listener_node
-- Install configuration: ""
-- Up-to-date: /home/tdt/tool/ros/project1/install/project1/include
-- Up-to-date: /home/tdt/tool/ros/project1/install/project1/include/project1
-- Installing: /home/tdt/tool/ros/project1/install/project1/lib/project1/talker1_node
-- Set runtime path of "/home/tdt/tool/ros/project1/install/project1/lib/project1/talker1_node" to ""
-- Installing: /home/tdt/tool/ros/project1/install/project1/lib/project1/listener_node
-- Set runtime path of "/home/tdt/tool/ros/project1/install/project1/lib/project1/listener_node" to ""
-- Installing: /home/tdt/tool/ros/project1/install/project1/share/ament_index/resource_index/package_run_dependencies/project1
-- Up-to-date: /home/tdt/tool/ros/project1/install/project1/share/ament_index/resource_index/parent_prefix_path/project1
-- Up-to-date: /home/tdt/tool/ros/project1/install/project1/share/project1/environment/ament_prefix_path.sh
-- Installing: /home/tdt/tool/ros/project1/install/project1/share/project1/environment/ament_prefix_path.dsv
-- Up-to-date: /home/tdt/tool/ros/project1/install/project1/share/project1/environment/path.sh
-- Installing: /home/tdt/tool/ros/project1/install/project1/share/project1/environment/path.dsv
-- Up-to-date: /home/tdt/tool/ros/project1/install/project1/share/project1/local_setup.bash
-- Up-to-date: /home/tdt/tool/ros/project1/install/project1/share/project1/local_setup.sh
-- Up-to-date: /home/tdt/tool/ros/project1/install/project1/share/project1/local_setup.zsh
-- Installing: /home/tdt/tool/ros/project1/install/project1/share/project1/local_setup.dsv
-- Installing: /home/tdt/tool/ros/project1/install/project1/share/project1/package.dsv
-- Up-to-date: /home/tdt/tool/ros/project1/install/project1/share/ament_index/resource_index/packages/project1
-- Installing: /home/tdt/tool/ros/project1/install/project1/share/project1/cmake/ament_cmake_export_dependencies-extras.cmake
-- Up-to-date: /home/tdt/tool/ros/project1/install/project1/share/project1/cmake/ament_cmake_export_include_directories-extras.cmake
-- Up-to-date: /home/tdt/tool/ros/project1/install/project1/share/project1/cmake/project1Config.cmake
-- Up-to-date: /home/tdt/tool/ros/project1/install/project1/share/project1/cmake/project1Config-version.cmake
-- Installing: /home/tdt/tool/ros/project1/install/project1/share/project1/package.xml
