[0.007s] Invoking command in '/home/tdt/tool/ros/project1/build/project1': CMAKE_PREFIX_PATH=${CMAKE_PREFIX_PATH}:/opt/ros/humble /usr/bin/cmake --build /home/tdt/tool/ros/project1/build/project1 -- -j24 -l24
[0.021s] -- Found ament_cmake: 1.3.12 (/opt/ros/humble/share/ament_cmake/cmake)
[0.088s] -- Found ament_cmake_auto: 1.3.12 (/opt/ros/humble/share/ament_cmake_auto/cmake)
[0.136s] -- Found rosidl_generator_c: 3.1.7 (/opt/ros/humble/share/rosidl_generator_c/cmake)
[0.136s] -- Found rosidl_adapter: 3.1.7 (/opt/ros/humble/share/rosidl_adapter/cmake)
[0.139s] -- Found rosidl_generator_cpp: 3.1.7 (/opt/ros/humble/share/rosidl_generator_cpp/cmake)
[0.144s] -- Using all available rosidl_typesupport_c: rosidl_typesupport_fastrtps_c;rosidl_typesupport_introspection_c
[0.150s] -- Using all available rosidl_typesupport_cpp: rosidl_typesupport_fastrtps_cpp;rosidl_typesupport_introspection_cpp
[0.166s] -- Found rmw_implementation_cmake: 6.1.2 (/opt/ros/humble/share/rmw_implementation_cmake/cmake)
[0.167s] -- Found rmw_fastrtps_cpp: 6.2.8 (/opt/ros/humble/share/rmw_fastrtps_cpp/cmake)
[0.218s] -- Using RMW implementation 'rmw_fastrtps_cpp' as default
[0.246s] [0mIn this package, headers install destination is set to `include` by ament_auto_package. It is recommended to install `include/project1` instead and will be the default behavior of ament_auto_package from ROS 2 Kilted Kaiju. On distributions before Kilted, ament_auto_package behaves the same way when you use USE_SCOPED_HEADER_INSTALL_DIR option.[0m
[0.248s] -- Configuring done
[0.255s] -- Generating done
[0.258s] -- Build files have been written to: /home/tdt/tool/ros/project1/build/project1
[0.274s] [35m[1mConsolidate compiler generated dependencies of target talker1_node[0m
[0.274s] [35m[1mConsolidate compiler generated dependencies of target listener_node[0m
[0.284s] [ 25%] [32mBuilding CXX object CMakeFiles/listener_node.dir/src/listener.cpp.o[0m
[0.285s] [ 50%] [32mBuilding CXX object CMakeFiles/talker1_node.dir/src/talker1.cpp.o[0m
[2.592s] [ 75%] [32m[1mLinking CXX executable talker1_node[0m
[2.720s] [ 75%] Built target talker1_node
[4.861s] [100%] [32m[1mLinking CXX executable listener_node[0m
[5.112s] [100%] Built target listener_node
[5.120s] Invoked command in '/home/tdt/tool/ros/project1/build/project1' returned '0': CMAKE_PREFIX_PATH=${CMAKE_PREFIX_PATH}:/opt/ros/humble /usr/bin/cmake --build /home/tdt/tool/ros/project1/build/project1 -- -j24 -l24
[5.125s] Invoking command in '/home/tdt/tool/ros/project1/build/project1': CMAKE_PREFIX_PATH=${CMAKE_PREFIX_PATH}:/opt/ros/humble /usr/bin/cmake --install /home/tdt/tool/ros/project1/build/project1
[5.130s] -- Install configuration: ""
[5.131s] -- Up-to-date: /home/tdt/tool/ros/project1/install/project1/include
[5.131s] -- Up-to-date: /home/tdt/tool/ros/project1/install/project1/include/project1
[5.131s] -- Installing: /home/tdt/tool/ros/project1/install/project1/lib/project1/talker1_node
[5.131s] -- Set runtime path of "/home/tdt/tool/ros/project1/install/project1/lib/project1/talker1_node" to ""
[5.131s] -- Installing: /home/tdt/tool/ros/project1/install/project1/lib/project1/listener_node
[5.133s] -- Set runtime path of "/home/tdt/tool/ros/project1/install/project1/lib/project1/listener_node" to ""
[5.133s] -- Installing: /home/tdt/tool/ros/project1/install/project1/share/ament_index/resource_index/package_run_dependencies/project1
[5.133s] -- Up-to-date: /home/tdt/tool/ros/project1/install/project1/share/ament_index/resource_index/parent_prefix_path/project1
[5.133s] -- Up-to-date: /home/tdt/tool/ros/project1/install/project1/share/project1/environment/ament_prefix_path.sh
[5.133s] -- Installing: /home/tdt/tool/ros/project1/install/project1/share/project1/environment/ament_prefix_path.dsv
[5.133s] -- Up-to-date: /home/tdt/tool/ros/project1/install/project1/share/project1/environment/path.sh
[5.133s] -- Installing: /home/tdt/tool/ros/project1/install/project1/share/project1/environment/path.dsv
[5.133s] -- Up-to-date: /home/tdt/tool/ros/project1/install/project1/share/project1/local_setup.bash
[5.133s] -- Up-to-date: /home/tdt/tool/ros/project1/install/project1/share/project1/local_setup.sh
[5.133s] -- Up-to-date: /home/tdt/tool/ros/project1/install/project1/share/project1/local_setup.zsh
[5.134s] -- Installing: /home/tdt/tool/ros/project1/install/project1/share/project1/local_setup.dsv
[5.134s] -- Installing: /home/tdt/tool/ros/project1/install/project1/share/project1/package.dsv
[5.134s] -- Up-to-date: /home/tdt/tool/ros/project1/install/project1/share/ament_index/resource_index/packages/project1
[5.134s] -- Installing: /home/tdt/tool/ros/project1/install/project1/share/project1/cmake/ament_cmake_export_dependencies-extras.cmake
[5.135s] -- Up-to-date: /home/tdt/tool/ros/project1/install/project1/share/project1/cmake/ament_cmake_export_include_directories-extras.cmake
[5.135s] -- Up-to-date: /home/tdt/tool/ros/project1/install/project1/share/project1/cmake/project1Config.cmake
[5.135s] -- Up-to-date: /home/tdt/tool/ros/project1/install/project1/share/project1/cmake/project1Config-version.cmake
[5.135s] -- Installing: /home/tdt/tool/ros/project1/install/project1/share/project1/package.xml
[5.135s] Invoked command in '/home/tdt/tool/ros/project1/build/project1' returned '0': CMAKE_PREFIX_PATH=${CMAKE_PREFIX_PATH}:/opt/ros/humble /usr/bin/cmake --install /home/tdt/tool/ros/project1/build/project1
