[0.010s] Invoking command in '/home/tdt/tool/ros/build/project1': CMAKE_PREFIX_PATH=/home/tdt/tool/ros/install/my_msgs:/home/tdt/tool/ros/install/project1:/opt/ros/humble LD_LIBRARY_PATH=/home/tdt/tool/ros/install/my_msgs/lib:/home/tdt/tool/ros/install/project1/lib:/opt/ros/humble/opt/rviz_ogre_vendor/lib:/opt/ros/humble/lib/x86_64-linux-gnu:/opt/ros/humble/lib /usr/bin/cmake --build /home/tdt/tool/ros/build/project1 -- -j24 -l24
[0.040s] [35m[1mConsolidate compiler generated dependencies of target talker1_node[0m
[0.042s] [  2%] Built target project1__cpp
[0.044s] [ 11%] Built target project1__rosidl_generator_c
[0.047s] [ 11%] Built target ament_cmake_python_copy_project1
[0.050s] [ 20%] Built target listener1_node
[0.051s] [ 22%] Built target talker1_node
[0.060s] [ 37%] Built target project1__rosidl_typesupport_fastrtps_cpp
[0.061s] [ 45%] Built target project1__rosidl_typesupport_introspection_cpp
[0.061s] [ 48%] Built target project1__rosidl_typesupport_c
[0.061s] [ 57%] Built target project1__rosidl_typesupport_introspection_c
[0.063s] [ 65%] Built target project1__rosidl_typesupport_fastrtps_c
[0.071s] [ 74%] Built target project1__rosidl_typesupport_cpp
[0.085s] [ 74%] Built target project1
[0.099s] [ 77%] Built target project1__py
[0.112s] [ 82%] Built target project1__rosidl_generator_py
[0.129s] [ 88%] Built target project1__rosidl_typesupport_fastrtps_c__pyext
[0.130s] [ 94%] Built target project1__rosidl_typesupport_introspection_c__pyext
[0.130s] [100%] Built target project1__rosidl_typesupport_c__pyext
[0.177s] running egg_info
[0.177s] writing project1.egg-info/PKG-INFO
[0.177s] writing dependency_links to project1.egg-info/dependency_links.txt
[0.177s] writing top-level names to project1.egg-info/top_level.txt
[0.178s] reading manifest file 'project1.egg-info/SOURCES.txt'
[0.179s] writing manifest file 'project1.egg-info/SOURCES.txt'
[0.196s] [100%] Built target ament_cmake_python_build_project1_egg
[0.206s] Invoked command in '/home/tdt/tool/ros/build/project1' returned '0': CMAKE_PREFIX_PATH=/home/tdt/tool/ros/install/my_msgs:/home/tdt/tool/ros/install/project1:/opt/ros/humble LD_LIBRARY_PATH=/home/tdt/tool/ros/install/my_msgs/lib:/home/tdt/tool/ros/install/project1/lib:/opt/ros/humble/opt/rviz_ogre_vendor/lib:/opt/ros/humble/lib/x86_64-linux-gnu:/opt/ros/humble/lib /usr/bin/cmake --build /home/tdt/tool/ros/build/project1 -- -j24 -l24
[0.208s] Invoking command in '/home/tdt/tool/ros/build/project1': CMAKE_PREFIX_PATH=/home/tdt/tool/ros/install/my_msgs:/home/tdt/tool/ros/install/project1:/opt/ros/humble LD_LIBRARY_PATH=/home/tdt/tool/ros/install/my_msgs/lib:/home/tdt/tool/ros/install/project1/lib:/opt/ros/humble/opt/rviz_ogre_vendor/lib:/opt/ros/humble/lib/x86_64-linux-gnu:/opt/ros/humble/lib /usr/bin/cmake --install /home/tdt/tool/ros/build/project1
[0.213s] -- Install configuration: ""
[0.213s] -- Up-to-date: /home/tdt/tool/ros/install/project1/share/ament_index/resource_index/rosidl_interfaces/project1
[0.213s] -- Up-to-date: /home/tdt/tool/ros/install/project1/include/project1/project1
[0.213s] -- Up-to-date: /home/tdt/tool/ros/install/project1/include/project1/project1/msg
[0.213s] -- Up-to-date: /home/tdt/tool/ros/install/project1/include/project1/project1/msg/detail
[0.213s] -- Up-to-date: /home/tdt/tool/ros/install/project1/include/project1/project1/msg/detail/msg1__functions.h
[0.213s] -- Up-to-date: /home/tdt/tool/ros/install/project1/include/project1/project1/msg/detail/msg1__functions.c
[0.213s] -- Up-to-date: /home/tdt/tool/ros/install/project1/include/project1/project1/msg/detail/msg1__struct.h
[0.213s] -- Up-to-date: /home/tdt/tool/ros/install/project1/include/project1/project1/msg/detail/msg1__type_support.h
[0.213s] -- Up-to-date: /home/tdt/tool/ros/install/project1/include/project1/project1/msg/msg1.h
[0.213s] -- Up-to-date: /home/tdt/tool/ros/install/project1/include/project1/project1/msg/rosidl_generator_c__visibility_control.h
[0.213s] -- Up-to-date: /home/tdt/tool/ros/install/project1/share/project1/environment/library_path.sh
[0.213s] -- Up-to-date: /home/tdt/tool/ros/install/project1/share/project1/environment/library_path.dsv
[0.213s] -- Up-to-date: /home/tdt/tool/ros/install/project1/lib/libproject1__rosidl_generator_c.so
[0.213s] -- Up-to-date: /home/tdt/tool/ros/install/project1/include/project1/project1
[0.213s] -- Up-to-date: /home/tdt/tool/ros/install/project1/include/project1/project1/msg
[0.213s] -- Up-to-date: /home/tdt/tool/ros/install/project1/include/project1/project1/msg/detail
[0.213s] -- Up-to-date: /home/tdt/tool/ros/install/project1/include/project1/project1/msg/detail/msg1__rosidl_typesupport_fastrtps_c.h
[0.213s] -- Up-to-date: /home/tdt/tool/ros/install/project1/include/project1/project1/msg/rosidl_typesupport_fastrtps_c__visibility_control.h
[0.213s] -- Up-to-date: /home/tdt/tool/ros/install/project1/lib/libproject1__rosidl_typesupport_fastrtps_c.so
[0.214s] -- Up-to-date: /home/tdt/tool/ros/install/project1/include/project1/project1
[0.214s] -- Up-to-date: /home/tdt/tool/ros/install/project1/include/project1/project1/msg
[0.214s] -- Up-to-date: /home/tdt/tool/ros/install/project1/include/project1/project1/msg/detail
[0.214s] -- Up-to-date: /home/tdt/tool/ros/install/project1/include/project1/project1/msg/detail/msg1__builder.hpp
[0.214s] -- Up-to-date: /home/tdt/tool/ros/install/project1/include/project1/project1/msg/detail/msg1__traits.hpp
[0.214s] -- Up-to-date: /home/tdt/tool/ros/install/project1/include/project1/project1/msg/detail/msg1__type_support.hpp
[0.214s] -- Up-to-date: /home/tdt/tool/ros/install/project1/include/project1/project1/msg/detail/msg1__struct.hpp
[0.214s] -- Up-to-date: /home/tdt/tool/ros/install/project1/include/project1/project1/msg/rosidl_generator_cpp__visibility_control.hpp
[0.214s] -- Up-to-date: /home/tdt/tool/ros/install/project1/include/project1/project1/msg/msg1.hpp
[0.214s] -- Up-to-date: /home/tdt/tool/ros/install/project1/include/project1/project1
[0.214s] -- Up-to-date: /home/tdt/tool/ros/install/project1/include/project1/project1/msg
[0.214s] -- Up-to-date: /home/tdt/tool/ros/install/project1/include/project1/project1/msg/detail
[0.214s] -- Up-to-date: /home/tdt/tool/ros/install/project1/include/project1/project1/msg/detail/dds_fastrtps
[0.214s] -- Up-to-date: /home/tdt/tool/ros/install/project1/include/project1/project1/msg/detail/msg1__rosidl_typesupport_fastrtps_cpp.hpp
[0.214s] -- Up-to-date: /home/tdt/tool/ros/install/project1/include/project1/project1/msg/rosidl_typesupport_fastrtps_cpp__visibility_control.h
[0.214s] -- Up-to-date: /home/tdt/tool/ros/install/project1/lib/libproject1__rosidl_typesupport_fastrtps_cpp.so
[0.214s] -- Up-to-date: /home/tdt/tool/ros/install/project1/include/project1/project1
[0.214s] -- Up-to-date: /home/tdt/tool/ros/install/project1/include/project1/project1/msg
[0.214s] -- Up-to-date: /home/tdt/tool/ros/install/project1/include/project1/project1/msg/detail
[0.214s] -- Up-to-date: /home/tdt/tool/ros/install/project1/include/project1/project1/msg/detail/msg1__type_support.c
[0.214s] -- Up-to-date: /home/tdt/tool/ros/install/project1/include/project1/project1/msg/detail/msg1__rosidl_typesupport_introspection_c.h
[0.214s] -- Up-to-date: /home/tdt/tool/ros/install/project1/include/project1/project1/msg/rosidl_typesupport_introspection_c__visibility_control.h
[0.214s] -- Up-to-date: /home/tdt/tool/ros/install/project1/lib/libproject1__rosidl_typesupport_introspection_c.so
[0.214s] -- Up-to-date: /home/tdt/tool/ros/install/project1/lib/libproject1__rosidl_typesupport_c.so
[0.214s] -- Up-to-date: /home/tdt/tool/ros/install/project1/include/project1/project1
[0.214s] -- Up-to-date: /home/tdt/tool/ros/install/project1/include/project1/project1/msg
[0.214s] -- Up-to-date: /home/tdt/tool/ros/install/project1/include/project1/project1/msg/detail
[0.214s] -- Up-to-date: /home/tdt/tool/ros/install/project1/include/project1/project1/msg/detail/msg1__rosidl_typesupport_introspection_cpp.hpp
[0.214s] -- Up-to-date: /home/tdt/tool/ros/install/project1/include/project1/project1/msg/detail/msg1__type_support.cpp
[0.214s] -- Up-to-date: /home/tdt/tool/ros/install/project1/lib/libproject1__rosidl_typesupport_introspection_cpp.so
[0.215s] -- Up-to-date: /home/tdt/tool/ros/install/project1/lib/libproject1__rosidl_typesupport_cpp.so
[0.215s] -- Up-to-date: /home/tdt/tool/ros/install/project1/share/project1/environment/pythonpath.sh
[0.215s] -- Up-to-date: /home/tdt/tool/ros/install/project1/share/project1/environment/pythonpath.dsv
[0.215s] -- Up-to-date: /home/tdt/tool/ros/install/project1/local/lib/python3.10/dist-packages/project1-0.0.0-py3.10.egg-info
[0.215s] -- Installing: /home/tdt/tool/ros/install/project1/local/lib/python3.10/dist-packages/project1-0.0.0-py3.10.egg-info/SOURCES.txt
[0.215s] -- Installing: /home/tdt/tool/ros/install/project1/local/lib/python3.10/dist-packages/project1-0.0.0-py3.10.egg-info/dependency_links.txt
[0.215s] -- Installing: /home/tdt/tool/ros/install/project1/local/lib/python3.10/dist-packages/project1-0.0.0-py3.10.egg-info/PKG-INFO
[0.215s] -- Installing: /home/tdt/tool/ros/install/project1/local/lib/python3.10/dist-packages/project1-0.0.0-py3.10.egg-info/top_level.txt
[0.215s] -- Up-to-date: /home/tdt/tool/ros/install/project1/local/lib/python3.10/dist-packages/project1
[0.215s] -- Up-to-date: /home/tdt/tool/ros/install/project1/local/lib/python3.10/dist-packages/project1/__init__.py
[0.215s] -- Up-to-date: /home/tdt/tool/ros/install/project1/local/lib/python3.10/dist-packages/project1/_project1_s.ep.rosidl_typesupport_introspection_c.c
[0.215s] -- Up-to-date: /home/tdt/tool/ros/install/project1/local/lib/python3.10/dist-packages/project1/msg
[0.215s] -- Up-to-date: /home/tdt/tool/ros/install/project1/local/lib/python3.10/dist-packages/project1/msg/__init__.py
[0.215s] -- Up-to-date: /home/tdt/tool/ros/install/project1/local/lib/python3.10/dist-packages/project1/msg/_msg1.py
[0.215s] -- Up-to-date: /home/tdt/tool/ros/install/project1/local/lib/python3.10/dist-packages/project1/msg/_msg1_s.c
[0.215s] -- Up-to-date: /home/tdt/tool/ros/install/project1/local/lib/python3.10/dist-packages/project1/libproject1__rosidl_generator_py.so
[0.215s] -- Up-to-date: /home/tdt/tool/ros/install/project1/local/lib/python3.10/dist-packages/project1/project1_s__rosidl_typesupport_fastrtps_c.cpython-310-x86_64-linux-gnu.so
[0.215s] -- Up-to-date: /home/tdt/tool/ros/install/project1/local/lib/python3.10/dist-packages/project1/project1_s__rosidl_typesupport_c.cpython-310-x86_64-linux-gnu.so
[0.215s] -- Up-to-date: /home/tdt/tool/ros/install/project1/local/lib/python3.10/dist-packages/project1/_project1_s.ep.rosidl_typesupport_fastrtps_c.c
[0.215s] -- Up-to-date: /home/tdt/tool/ros/install/project1/local/lib/python3.10/dist-packages/project1/_project1_s.ep.rosidl_typesupport_c.c
[0.215s] -- Up-to-date: /home/tdt/tool/ros/install/project1/local/lib/python3.10/dist-packages/project1/project1_s__rosidl_typesupport_introspection_c.cpython-310-x86_64-linux-gnu.so
[0.235s] Listing '/home/tdt/tool/ros/install/project1/local/lib/python3.10/dist-packages/project1'...
[0.235s] Listing '/home/tdt/tool/ros/install/project1/local/lib/python3.10/dist-packages/project1/msg'...
[0.238s] -- Up-to-date: /home/tdt/tool/ros/install/project1/local/lib/python3.10/dist-packages/project1/project1_s__rosidl_typesupport_fastrtps_c.cpython-310-x86_64-linux-gnu.so
[0.238s] -- Up-to-date: /home/tdt/tool/ros/install/project1/local/lib/python3.10/dist-packages/project1/project1_s__rosidl_typesupport_introspection_c.cpython-310-x86_64-linux-gnu.so
[0.238s] -- Up-to-date: /home/tdt/tool/ros/install/project1/local/lib/python3.10/dist-packages/project1/project1_s__rosidl_typesupport_c.cpython-310-x86_64-linux-gnu.so
[0.238s] -- Up-to-date: /home/tdt/tool/ros/install/project1/lib/libproject1__rosidl_generator_py.so
[0.238s] -- Up-to-date: /home/tdt/tool/ros/install/project1/share/project1/msg/Msg1.idl
[0.238s] -- Up-to-date: /home/tdt/tool/ros/install/project1/share/project1/msg/Msg1.msg
[0.238s] -- Up-to-date: /home/tdt/tool/ros/install/project1/include/project1
[0.238s] -- Up-to-date: /home/tdt/tool/ros/install/project1/include/project1/project1
[0.238s] -- Up-to-date: /home/tdt/tool/ros/install/project1/lib/project1/talker1_node
[0.238s] -- Up-to-date: /home/tdt/tool/ros/install/project1/lib/project1/listener1_node
[0.238s] -- Up-to-date: /home/tdt/tool/ros/install/project1/share/ament_index/resource_index/package_run_dependencies/project1
[0.238s] -- Up-to-date: /home/tdt/tool/ros/install/project1/share/ament_index/resource_index/parent_prefix_path/project1
[0.238s] -- Up-to-date: /home/tdt/tool/ros/install/project1/share/project1/environment/ament_prefix_path.sh
[0.238s] -- Up-to-date: /home/tdt/tool/ros/install/project1/share/project1/environment/ament_prefix_path.dsv
[0.238s] -- Up-to-date: /home/tdt/tool/ros/install/project1/share/project1/environment/path.sh
[0.238s] -- Up-to-date: /home/tdt/tool/ros/install/project1/share/project1/environment/path.dsv
[0.239s] -- Up-to-date: /home/tdt/tool/ros/install/project1/share/project1/local_setup.bash
[0.239s] -- Up-to-date: /home/tdt/tool/ros/install/project1/share/project1/local_setup.sh
[0.239s] -- Up-to-date: /home/tdt/tool/ros/install/project1/share/project1/local_setup.zsh
[0.239s] -- Up-to-date: /home/tdt/tool/ros/install/project1/share/project1/local_setup.dsv
[0.239s] -- Installing: /home/tdt/tool/ros/install/project1/share/project1/package.dsv
[0.239s] -- Up-to-date: /home/tdt/tool/ros/install/project1/share/ament_index/resource_index/packages/project1
[0.239s] -- Up-to-date: /home/tdt/tool/ros/install/project1/share/project1/cmake/export_project1__rosidl_generator_cExport.cmake
[0.239s] -- Up-to-date: /home/tdt/tool/ros/install/project1/share/project1/cmake/export_project1__rosidl_generator_cExport-noconfig.cmake
[0.239s] -- Up-to-date: /home/tdt/tool/ros/install/project1/share/project1/cmake/export_project1__rosidl_typesupport_fastrtps_cExport.cmake
[0.239s] -- Up-to-date: /home/tdt/tool/ros/install/project1/share/project1/cmake/export_project1__rosidl_typesupport_fastrtps_cExport-noconfig.cmake
[0.239s] -- Up-to-date: /home/tdt/tool/ros/install/project1/share/project1/cmake/export_project1__rosidl_generator_cppExport.cmake
[0.239s] -- Up-to-date: /home/tdt/tool/ros/install/project1/share/project1/cmake/export_project1__rosidl_typesupport_fastrtps_cppExport.cmake
[0.239s] -- Up-to-date: /home/tdt/tool/ros/install/project1/share/project1/cmake/export_project1__rosidl_typesupport_fastrtps_cppExport-noconfig.cmake
[0.239s] -- Up-to-date: /home/tdt/tool/ros/install/project1/share/project1/cmake/project1__rosidl_typesupport_introspection_cExport.cmake
[0.239s] -- Up-to-date: /home/tdt/tool/ros/install/project1/share/project1/cmake/project1__rosidl_typesupport_introspection_cExport-noconfig.cmake
[0.239s] -- Up-to-date: /home/tdt/tool/ros/install/project1/share/project1/cmake/project1__rosidl_typesupport_cExport.cmake
[0.239s] -- Up-to-date: /home/tdt/tool/ros/install/project1/share/project1/cmake/project1__rosidl_typesupport_cExport-noconfig.cmake
[0.239s] -- Up-to-date: /home/tdt/tool/ros/install/project1/share/project1/cmake/project1__rosidl_typesupport_introspection_cppExport.cmake
[0.239s] -- Up-to-date: /home/tdt/tool/ros/install/project1/share/project1/cmake/project1__rosidl_typesupport_introspection_cppExport-noconfig.cmake
[0.239s] -- Up-to-date: /home/tdt/tool/ros/install/project1/share/project1/cmake/project1__rosidl_typesupport_cppExport.cmake
[0.239s] -- Up-to-date: /home/tdt/tool/ros/install/project1/share/project1/cmake/project1__rosidl_typesupport_cppExport-noconfig.cmake
[0.239s] -- Up-to-date: /home/tdt/tool/ros/install/project1/share/project1/cmake/export_project1__rosidl_generator_pyExport.cmake
[0.239s] -- Up-to-date: /home/tdt/tool/ros/install/project1/share/project1/cmake/export_project1__rosidl_generator_pyExport-noconfig.cmake
[0.239s] -- Up-to-date: /home/tdt/tool/ros/install/project1/share/project1/cmake/rosidl_cmake-extras.cmake
[0.239s] -- Up-to-date: /home/tdt/tool/ros/install/project1/share/project1/cmake/ament_cmake_export_dependencies-extras.cmake
[0.239s] -- Up-to-date: /home/tdt/tool/ros/install/project1/share/project1/cmake/ament_cmake_export_include_directories-extras.cmake
[0.239s] -- Up-to-date: /home/tdt/tool/ros/install/project1/share/project1/cmake/ament_cmake_export_libraries-extras.cmake
[0.239s] -- Up-to-date: /home/tdt/tool/ros/install/project1/share/project1/cmake/ament_cmake_export_targets-extras.cmake
[0.239s] -- Up-to-date: /home/tdt/tool/ros/install/project1/share/project1/cmake/rosidl_cmake_export_typesupport_targets-extras.cmake
[0.240s] -- Up-to-date: /home/tdt/tool/ros/install/project1/share/project1/cmake/rosidl_cmake_export_typesupport_libraries-extras.cmake
[0.240s] -- Up-to-date: /home/tdt/tool/ros/install/project1/share/project1/cmake/project1Config.cmake
[0.240s] -- Up-to-date: /home/tdt/tool/ros/install/project1/share/project1/cmake/project1Config-version.cmake
[0.240s] -- Up-to-date: /home/tdt/tool/ros/install/project1/share/project1/package.xml
[0.242s] Invoked command in '/home/tdt/tool/ros/build/project1' returned '0': CMAKE_PREFIX_PATH=/home/tdt/tool/ros/install/my_msgs:/home/tdt/tool/ros/install/project1:/opt/ros/humble LD_LIBRARY_PATH=/home/tdt/tool/ros/install/my_msgs/lib:/home/tdt/tool/ros/install/project1/lib:/opt/ros/humble/opt/rviz_ogre_vendor/lib:/opt/ros/humble/lib/x86_64-linux-gnu:/opt/ros/humble/lib /usr/bin/cmake --install /home/tdt/tool/ros/build/project1
