[0.007s] Invoking command in '/home/tdt/tool/ros/build/project1': CMAKE_PREFIX_PATH=${CMAKE_PREFIX_PATH}:/opt/ros/humble /usr/bin/cmake /home/tdt/tool/ros/src/project1 -DCMAKE_INSTALL_PREFIX=/home/tdt/tool/ros/install/project1
[0.013s] -- Found ament_cmake: 1.3.12 (/opt/ros/humble/share/ament_cmake/cmake)
[0.088s] -- Found ament_cmake_auto: 1.3.12 (/opt/ros/humble/share/ament_cmake_auto/cmake)
[0.125s] -- Using all available rosidl_typesupport_c: rosidl_typesupport_fastrtps_c;rosidl_typesupport_introspection_c
[0.126s] -- Found rosidl_adapter: 3.1.7 (/opt/ros/humble/share/rosidl_adapter/cmake)
[0.141s] -- Using all available rosidl_typesupport_cpp: rosidl_typesupport_fastrtps_cpp;rosidl_typesupport_introspection_cpp
[0.173s] -- Found rmw_implementation_cmake: 6.1.2 (/opt/ros/humble/share/rmw_implementation_cmake/cmake)
[0.173s] -- Found rmw_fastrtps_cpp: 6.2.8 (/opt/ros/humble/share/rmw_fastrtps_cpp/cmake)
[0.225s] -- Using RMW implementation 'rmw_fastrtps_cpp' as default
[0.252s] [0mIn this package, headers install destination is set to `include` by ament_auto_package. It is recommended to install `include/project1` instead and will be the default behavior of ament_auto_package from ROS 2 Kilted Kaiju. On distributions before Kilted, ament_auto_package behaves the same way when you use USE_SCOPED_HEADER_INSTALL_DIR option.[0m
[0.253s] -- Configuring done
[0.263s] -- Generating done
[0.263s] -- Build files have been written to: /home/tdt/tool/ros/build/project1
[0.266s] Invoked command in '/home/tdt/tool/ros/build/project1' returned '0': CMAKE_PREFIX_PATH=${CMAKE_PREFIX_PATH}:/opt/ros/humble /usr/bin/cmake /home/tdt/tool/ros/src/project1 -DCMAKE_INSTALL_PREFIX=/home/tdt/tool/ros/install/project1
[0.270s] Invoking command in '/home/tdt/tool/ros/build/project1': CMAKE_PREFIX_PATH=${CMAKE_PREFIX_PATH}:/opt/ros/humble /usr/bin/cmake --build /home/tdt/tool/ros/build/project1 -- -j24 -l24
[0.296s] [ 50%] [32mBuilding CXX object CMakeFiles/listener_node.dir/src/listener.cpp.o[0m
[0.296s] [ 50%] [32mBuilding CXX object CMakeFiles/talker1_node.dir/src/talker1.cpp.o[0m
[2.462s] [ 75%] [32m[1mLinking CXX executable talker1_node[0m
[2.578s] [ 75%] Built target talker1_node
[4.474s] [100%] [32m[1mLinking CXX executable listener_node[0m
[4.680s] [100%] Built target listener_node
