[0.015s] Invoking command in '/home/tdt/tool/ros/build/project1': CMAKE_PREFIX_PATH=${CMAKE_PREFIX_PATH}:/opt/ros/humble /usr/bin/cmake /home/tdt/tool/ros/src/project1 -DCMAKE_INSTALL_PREFIX=/home/tdt/tool/ros/install/project1
[0.022s] -- Found ament_cmake: 1.3.12 (/opt/ros/humble/share/ament_cmake/cmake)
[0.095s] -- Found ament_cmake_auto: 1.3.12 (/opt/ros/humble/share/ament_cmake_auto/cmake)
[0.131s] -- Using all available rosidl_typesupport_c: rosidl_typesupport_fastrtps_c;rosidl_typesupport_introspection_c
[0.132s] -- Found rosidl_adapter: 3.1.7 (/opt/ros/humble/share/rosidl_adapter/cmake)
[0.146s] -- Using all available rosidl_typesupport_cpp: rosidl_typesupport_fastrtps_cpp;rosidl_typesupport_introspection_cpp
[0.175s] -- Found rmw_implementation_cmake: 6.1.2 (/opt/ros/humble/share/rmw_implementation_cmake/cmake)
[0.176s] -- Found rmw_fastrtps_cpp: 6.2.8 (/opt/ros/humble/share/rmw_fastrtps_cpp/cmake)
[0.226s] -- Using RMW implementation 'rmw_fastrtps_cpp' as default
[0.340s] [31mCMake Error at /opt/ros/humble/share/rosidl_adapter/cmake/rosidl_adapt_interfaces.cmake:59 (message):
[0.340s]   execute_process(/usr/bin/python3 -m rosidl_adapter --package-name project1
[0.340s]   --arguments-file
[0.340s]   /home/tdt/tool/ros/build/project1/rosidl_adapter__arguments__project1.json
[0.340s]   --output-dir /home/tdt/tool/ros/build/project1/rosidl_adapter/project1
[0.340s]   --output-file
[0.341s]   /home/tdt/tool/ros/build/project1/rosidl_adapter/project1.idls) returned
[0.341s]   error code 1:
[0.341s] 
[0.341s]   Traceback (most recent call last):
[0.341s] 
[0.341s]     File "/usr/lib/python3.10/runpy.py", line 196, in _run_module_as_main
[0.341s]       return _run_code(code, main_globals, None,
[0.341s]     File "/usr/lib/python3.10/runpy.py", line 86, in _run_code
[0.341s]       exec(code, run_globals)
[0.341s]     File "/opt/ros/humble/local/lib/python3.10/dist-packages/rosidl_adapter/__main__.py", line 19, in <module>
[0.341s]       sys.exit(main())
[0.341s]     File "/opt/ros/humble/local/lib/python3.10/dist-packages/rosidl_adapter/main.py", line 53, in main
[0.341s]       abs_idl_file = convert_to_idl(
[0.341s]     File "/opt/ros/humble/local/lib/python3.10/dist-packages/rosidl_adapter/__init__.py", line 19, in convert_to_idl
[0.341s]       return convert_msg_to_idl(
[0.341s]     File "/opt/ros/humble/local/lib/python3.10/dist-packages/rosidl_adapter/msg/__init__.py", line 28, in convert_msg_to_idl
[0.341s]       msg = parse_message_string(package_name, input_file.stem, content)
[0.341s]     File "/opt/ros/humble/local/lib/python3.10/dist-packages/rosidl_adapter/parser.py", line 544, in parse_message_string
[0.341s]       msg = MessageSpecification(pkg_name, msg_name, fields, constants)
[0.341s]     File "/opt/ros/humble/local/lib/python3.10/dist-packages/rosidl_adapter/parser.py", line 388, in __init__
[0.341s]       self.base_type = BaseType(
[0.341s]     File "/opt/ros/humble/local/lib/python3.10/dist-packages/rosidl_adapter/parser.py", line 205, in __init__
[0.341s]       raise InvalidResourceName(
[0.341s] 
[0.341s]   rosidl_adapter.parser.InvalidResourceName: '1' is an invalid message name.
[0.341s]   It should have the pattern '^[A-Z][A-Za-z0-9]*$'
[0.341s] 
[0.341s] Call Stack (most recent call first):
[0.341s]   /opt/ros/humble/share/rosidl_cmake/cmake/rosidl_generate_interfaces.cmake:130 (rosidl_adapt_interfaces)
[0.341s]   CMakeLists.txt:18 (rosidl_generate_interfaces)
[0.341s] 
[0.341s] [0m
[0.342s] -- Configuring incomplete, errors occurred!
[0.342s] See also "/home/tdt/tool/ros/build/project1/CMakeFiles/CMakeOutput.log".
[0.347s] Invoked command in '/home/tdt/tool/ros/build/project1' returned '1': CMAKE_PREFIX_PATH=${CMAKE_PREFIX_PATH}:/opt/ros/humble /usr/bin/cmake /home/tdt/tool/ros/src/project1 -DCMAKE_INSTALL_PREFIX=/home/tdt/tool/ros/install/project1
