[0.013s] Invoking command in '/home/tdt/tool/ros/build/my_msgs': CMAKE_PREFIX_PATH=${CMAKE_PREFIX_PATH}:/opt/ros/humble /usr/bin/cmake --build /home/tdt/tool/ros/build/my_msgs -- -j24 -l24
[0.037s] Invoked command in '/home/tdt/tool/ros/build/my_msgs' returned '0': CMAKE_PREFIX_PATH=${CMAKE_PREFIX_PATH}:/opt/ros/humble /usr/bin/cmake --build /home/tdt/tool/ros/build/my_msgs -- -j24 -l24
[0.042s] Invoking command in '/home/tdt/tool/ros/build/my_msgs': CMAKE_PREFIX_PATH=${CMAKE_PREFIX_PATH}:/opt/ros/humble /usr/bin/cmake --install /home/tdt/tool/ros/build/my_msgs
[0.046s] -- Install configuration: ""
[0.046s] -- Installing: /home/tdt/tool/ros/install/my_msgs/share/ament_index/resource_index/package_run_dependencies/my_msgs
[0.046s] -- Installing: /home/tdt/tool/ros/install/my_msgs/share/ament_index/resource_index/parent_prefix_path/my_msgs
[0.046s] -- Installing: /home/tdt/tool/ros/install/my_msgs/share/my_msgs/environment/ament_prefix_path.sh
[0.046s] -- Installing: /home/tdt/tool/ros/install/my_msgs/share/my_msgs/environment/ament_prefix_path.dsv
[0.046s] -- Installing: /home/tdt/tool/ros/install/my_msgs/share/my_msgs/environment/path.sh
[0.046s] -- Installing: /home/tdt/tool/ros/install/my_msgs/share/my_msgs/environment/path.dsv
[0.046s] -- Installing: /home/tdt/tool/ros/install/my_msgs/share/my_msgs/local_setup.bash
[0.046s] -- Installing: /home/tdt/tool/ros/install/my_msgs/share/my_msgs/local_setup.sh
[0.047s] -- Installing: /home/tdt/tool/ros/install/my_msgs/share/my_msgs/local_setup.zsh
[0.047s] -- Installing: /home/tdt/tool/ros/install/my_msgs/share/my_msgs/local_setup.dsv
[0.047s] -- Installing: /home/tdt/tool/ros/install/my_msgs/share/my_msgs/package.dsv
[0.047s] -- Installing: /home/tdt/tool/ros/install/my_msgs/share/ament_index/resource_index/packages/my_msgs
[0.048s] -- Installing: /home/tdt/tool/ros/install/my_msgs/share/my_msgs/cmake/my_msgsConfig.cmake
[0.048s] -- Installing: /home/tdt/tool/ros/install/my_msgs/share/my_msgs/cmake/my_msgsConfig-version.cmake
[0.048s] -- Installing: /home/tdt/tool/ros/install/my_msgs/share/my_msgs/package.xml
[0.049s] Invoked command in '/home/tdt/tool/ros/build/my_msgs' returned '0': CMAKE_PREFIX_PATH=${CMAKE_PREFIX_PATH}:/opt/ros/humble /usr/bin/cmake --install /home/tdt/tool/ros/build/my_msgs
