[0.006s] Invoking command in '/home/tdt/tool/ros/build/project1': CMAKE_PREFIX_PATH=/home/tdt/tool/ros/install/my_msgs:/home/tdt/tool/ros/install/project1:/opt/ros/humble /usr/bin/cmake --build /home/tdt/tool/ros/build/project1 -- -j24 -l24
[0.024s] -- Found ament_cmake: 1.3.12 (/opt/ros/humble/share/ament_cmake/cmake)
[0.096s] -- Found ament_cmake_auto: 1.3.12 (/opt/ros/humble/share/ament_cmake_auto/cmake)
[0.097s] -- Found my_msgs: 0.0.0 (/home/tdt/tool/ros/install/my_msgs/share/my_msgs/cmake)
[0.109s] -- Found rosidl_generator_c: 3.1.7 (/opt/ros/humble/share/rosidl_generator_c/cmake)
[0.110s] -- Found rosidl_adapter: 3.1.7 (/opt/ros/humble/share/rosidl_adapter/cmake)
[0.113s] -- Found rosidl_generator_cpp: 3.1.7 (/opt/ros/humble/share/rosidl_generator_cpp/cmake)
[0.118s] -- Using all available rosidl_typesupport_c: rosidl_typesupport_fastrtps_c;rosidl_typesupport_introspection_c
[0.125s] -- Using all available rosidl_typesupport_cpp: rosidl_typesupport_fastrtps_cpp;rosidl_typesupport_introspection_cpp
[0.197s] -- Found rmw_implementation_cmake: 6.1.2 (/opt/ros/humble/share/rmw_implementation_cmake/cmake)
[0.198s] -- Found rmw_fastrtps_cpp: 6.2.8 (/opt/ros/humble/share/rmw_fastrtps_cpp/cmake)
[0.272s] -- Using RMW implementation 'rmw_fastrtps_cpp' as default
[0.440s] -- Found ament_cmake_cppcheck: 0.12.14 (/opt/ros/humble/share/ament_cmake_cppcheck/cmake)
[0.441s] -- Found ament_cmake_cpplint: 0.12.14 (/opt/ros/humble/share/ament_cmake_cpplint/cmake)
[0.444s] -- Found ament_cmake_uncrustify: 0.12.14 (/opt/ros/humble/share/ament_cmake_uncrustify/cmake)
[0.444s] -- Found ament_cmake_ros: 0.10.0 (/opt/ros/humble/share/ament_cmake_ros/cmake)
[0.652s] -- Using all available rosidl_typesupport_c: rosidl_typesupport_fastrtps_c;rosidl_typesupport_introspection_c
[0.734s] -- Using all available rosidl_typesupport_cpp: rosidl_typesupport_fastrtps_cpp;rosidl_typesupport_introspection_cpp
[0.747s] -- Found PythonInterp: /usr/bin/python3 (found suitable version "3.10.12", minimum required is "3.6") 
[0.748s] -- Found python_cmake_module: 0.10.0 (/opt/ros/humble/share/python_cmake_module/cmake)
[0.763s] -- Found PythonLibs: /usr/lib/x86_64-linux-gnu/libpython3.10.so (found suitable version "3.10.12", minimum required is "3.5") 
[0.763s] -- Using PYTHON_EXECUTABLE: /usr/bin/python3
[0.763s] -- Using PYTHON_INCLUDE_DIRS: /usr/include/python3.10
[0.763s] -- Using PYTHON_LIBRARIES: /usr/lib/x86_64-linux-gnu/libpython3.10.so
[0.776s] -- Found PythonExtra: .so  
[0.805s] -- Found ament_cmake_flake8: 0.12.14 (/opt/ros/humble/share/ament_cmake_flake8/cmake)
[0.806s] -- Found ament_cmake_pep257: 0.12.14 (/opt/ros/humble/share/ament_cmake_pep257/cmake)
[0.810s] [0mIn this package, headers install destination is set to `include` by ament_auto_package. It is recommended to install `include/project1` instead and will be the default behavior of ament_auto_package from ROS 2 Kilted Kaiju. On distributions before Kilted, ament_auto_package behaves the same way when you use USE_SCOPED_HEADER_INSTALL_DIR option.[0m
[0.812s] -- Configuring done
[0.831s] -- Generating done
[0.838s] -- Build files have been written to: /home/tdt/tool/ros/build/project1
[0.857s] [  2%] [34m[1mGenerating C code for ROS interfaces[0m
[0.860s] [35m[1mConsolidate compiler generated dependencies of target listener_node[0m
[0.860s] [35m[1mConsolidate compiler generated dependencies of target talker1_node[0m
[0.864s] [  5%] [34m[1mGenerating C++ code for ROS interfaces[0m
[0.871s] [  5%] Built target ament_cmake_python_copy_project1
[0.876s] [ 11%] [32mBuilding CXX object CMakeFiles/talker1_node.dir/src/talker1.cpp.o[0m
[0.876s] [ 11%] [32mBuilding CXX object CMakeFiles/listener_node.dir/src/listener.cpp.o[0m
[1.023s] [ 11%] Built target project1__cpp
[1.031s] [ 14%] [32mBuilding C object CMakeFiles/project1__rosidl_generator_c.dir/rosidl_generator_c/project1/msg/detail/msg1__functions.c.o[0m
[1.031s] [ 17%] [34m[1mGenerating C++ type support dispatch for ROS interfaces[0m
[1.032s] [ 20%] [34m[1mGenerating C++ type support for eProsima Fast-RTPS[0m
[1.033s] [ 22%] [34m[1mGenerating C++ introspection for ROS interfaces[0m
[1.033s] running egg_info
[1.034s] creating project1.egg-info
[1.035s] writing project1.egg-info/PKG-INFO
[1.035s] writing dependency_links to project1.egg-info/dependency_links.txt
[1.035s] writing top-level names to project1.egg-info/top_level.txt
[1.035s] writing manifest file 'project1.egg-info/SOURCES.txt'
[1.036s] reading manifest file 'project1.egg-info/SOURCES.txt'
[1.036s] writing manifest file 'project1.egg-info/SOURCES.txt'
[1.061s] [ 22%] Built target ament_cmake_python_build_project1_egg
[1.067s] [ 25%] [32m[1mLinking C shared library libproject1__rosidl_generator_c.so[0m
[1.100s] [ 25%] Built target project1__rosidl_generator_c
[1.105s] [ 28%] [34m[1mGenerating C type support for eProsima Fast-RTPS[0m
[1.107s] [ 31%] [34m[1mGenerating C type support dispatch for ROS interfaces[0m
[1.107s] [ 34%] [34m[1mGenerating C introspection for ROS interfaces[0m
[1.195s] [ 37%] [32mBuilding CXX object CMakeFiles/project1__rosidl_typesupport_cpp.dir/rosidl_typesupport_cpp/project1/msg/msg1__type_support.cpp.o[0m
[1.213s] [ 40%] [32mBuilding CXX object CMakeFiles/project1__rosidl_typesupport_introspection_cpp.dir/rosidl_typesupport_introspection_cpp/project1/msg/detail/msg1__type_support.cpp.o[0m
[1.215s] [ 42%] [32mBuilding CXX object CMakeFiles/project1__rosidl_typesupport_fastrtps_cpp.dir/rosidl_typesupport_fastrtps_cpp/project1/msg/detail/dds_fastrtps/msg1__type_support.cpp.o[0m
[1.288s] [ 45%] [32mBuilding CXX object CMakeFiles/project1__rosidl_typesupport_c.dir/rosidl_typesupport_c/project1/msg/msg1__type_support.cpp.o[0m
[1.313s] [ 48%] [32mBuilding CXX object CMakeFiles/project1__rosidl_typesupport_fastrtps_c.dir/rosidl_typesupport_fastrtps_c/project1/msg/detail/msg1__type_support_c.cpp.o[0m
[1.313s] [ 51%] [32m[1mLinking CXX shared library libproject1__rosidl_typesupport_c.so[0m
[1.314s] [ 54%] [32mBuilding C object CMakeFiles/project1__rosidl_typesupport_introspection_c.dir/rosidl_typesupport_introspection_c/project1/msg/detail/msg1__type_support.c.o[0m
[1.343s] [ 57%] [32m[1mLinking C shared library libproject1__rosidl_typesupport_introspection_c.so[0m
[1.350s] [ 57%] Built target project1__rosidl_typesupport_c
[1.370s] [ 57%] Built target project1__rosidl_typesupport_introspection_c
[1.421s] [ 60%] [32m[1mLinking CXX shared library libproject1__rosidl_typesupport_cpp.so[0m
[1.454s] [ 60%] Built target project1__rosidl_typesupport_cpp
[1.496s] [ 62%] [32m[1mLinking CXX shared library libproject1__rosidl_typesupport_introspection_cpp.so[0m
[1.504s] [ 65%] [32m[1mLinking CXX shared library libproject1__rosidl_typesupport_fastrtps_cpp.so[0m
[1.528s] [ 68%] [32m[1mLinking CXX shared library libproject1__rosidl_typesupport_fastrtps_c.so[0m
[1.542s] [ 68%] Built target project1__rosidl_typesupport_introspection_cpp
[1.560s] [ 68%] Built target project1__rosidl_typesupport_fastrtps_cpp
[1.583s] [ 68%] Built target project1__rosidl_typesupport_fastrtps_c
[1.596s] [ 68%] Built target project1
[1.611s] [ 71%] [34m[1mGenerating Python code for ROS interfaces[0m
[1.775s] [ 71%] Built target project1__py
[1.790s] [ 74%] [32mBuilding C object CMakeFiles/project1__rosidl_generator_py.dir/rosidl_generator_py/project1/msg/_msg1_s.c.o[0m
[1.847s] [ 77%] [32m[1mLinking C shared library rosidl_generator_py/project1/libproject1__rosidl_generator_py.so[0m
[1.880s] [ 77%] Built target project1__rosidl_generator_py
[1.894s] [ 80%] [32mBuilding C object CMakeFiles/project1__rosidl_typesupport_introspection_c__pyext.dir/rosidl_generator_py/project1/_project1_s.ep.rosidl_typesupport_introspection_c.c.o[0m
[1.896s] [ 82%] [32mBuilding C object CMakeFiles/project1__rosidl_typesupport_c__pyext.dir/rosidl_generator_py/project1/_project1_s.ep.rosidl_typesupport_c.c.o[0m
[1.897s] [ 85%] [32mBuilding C object CMakeFiles/project1__rosidl_typesupport_fastrtps_c__pyext.dir/rosidl_generator_py/project1/_project1_s.ep.rosidl_typesupport_fastrtps_c.c.o[0m
[1.958s] [ 88%] [32m[1mLinking C shared library rosidl_generator_py/project1/project1_s__rosidl_typesupport_c.cpython-310-x86_64-linux-gnu.so[0m
[1.958s] [ 94%] [32m[1mLinking C shared library rosidl_generator_py/project1/project1_s__rosidl_typesupport_introspection_c.cpython-310-x86_64-linux-gnu.so[0m
[1.958s] [ 94%] [32m[1mLinking C shared library rosidl_generator_py/project1/project1_s__rosidl_typesupport_fastrtps_c.cpython-310-x86_64-linux-gnu.so[0m
[1.987s] [ 94%] Built target project1__rosidl_typesupport_fastrtps_c__pyext
[1.987s] [ 94%] Built target project1__rosidl_typesupport_c__pyext
[1.987s] [ 94%] Built target project1__rosidl_typesupport_introspection_c__pyext
[3.379s] [ 97%] [32m[1mLinking CXX executable talker1_node[0m
[3.508s] [ 97%] Built target talker1_node
[5.471s] [100%] [32m[1mLinking CXX executable listener_node[0m
[5.684s] [100%] Built target listener_node
[5.692s] Invoked command in '/home/tdt/tool/ros/build/project1' returned '0': CMAKE_PREFIX_PATH=/home/tdt/tool/ros/install/my_msgs:/home/tdt/tool/ros/install/project1:/opt/ros/humble /usr/bin/cmake --build /home/tdt/tool/ros/build/project1 -- -j24 -l24
[5.693s] Invoking command in '/home/tdt/tool/ros/build/project1': CMAKE_PREFIX_PATH=/home/tdt/tool/ros/install/my_msgs:/home/tdt/tool/ros/install/project1:/opt/ros/humble /usr/bin/cmake --install /home/tdt/tool/ros/build/project1
[5.697s] -- Install configuration: ""
[5.698s] -- Installing: /home/tdt/tool/ros/install/project1/share/ament_index/resource_index/rosidl_interfaces/project1
[5.698s] -- Installing: /home/tdt/tool/ros/install/project1/include/project1/project1
[5.698s] -- Installing: /home/tdt/tool/ros/install/project1/include/project1/project1/msg
[5.698s] -- Installing: /home/tdt/tool/ros/install/project1/include/project1/project1/msg/detail
[5.701s] -- Installing: /home/tdt/tool/ros/install/project1/include/project1/project1/msg/detail/msg1__functions.h
[5.701s] -- Installing: /home/tdt/tool/ros/install/project1/include/project1/project1/msg/detail/msg1__functions.c
[5.701s] -- Installing: /home/tdt/tool/ros/install/project1/include/project1/project1/msg/detail/msg1__struct.h
[5.701s] -- Installing: /home/tdt/tool/ros/install/project1/include/project1/project1/msg/detail/msg1__type_support.h
[5.701s] -- Installing: /home/tdt/tool/ros/install/project1/include/project1/project1/msg/msg1.h
[5.701s] -- Installing: /home/tdt/tool/ros/install/project1/include/project1/project1/msg/rosidl_generator_c__visibility_control.h
[5.701s] -- Installing: /home/tdt/tool/ros/install/project1/share/project1/environment/library_path.sh
[5.701s] -- Installing: /home/tdt/tool/ros/install/project1/share/project1/environment/library_path.dsv
[5.701s] -- Installing: /home/tdt/tool/ros/install/project1/lib/libproject1__rosidl_generator_c.so
[5.701s] -- Set runtime path of "/home/tdt/tool/ros/install/project1/lib/libproject1__rosidl_generator_c.so" to ""
[5.701s] -- Up-to-date: /home/tdt/tool/ros/install/project1/include/project1/project1
[5.701s] -- Up-to-date: /home/tdt/tool/ros/install/project1/include/project1/project1/msg
[5.701s] -- Up-to-date: /home/tdt/tool/ros/install/project1/include/project1/project1/msg/detail
[5.701s] -- Installing: /home/tdt/tool/ros/install/project1/include/project1/project1/msg/detail/msg1__rosidl_typesupport_fastrtps_c.h
[5.701s] -- Installing: /home/tdt/tool/ros/install/project1/include/project1/project1/msg/rosidl_typesupport_fastrtps_c__visibility_control.h
[5.701s] -- Installing: /home/tdt/tool/ros/install/project1/lib/libproject1__rosidl_typesupport_fastrtps_c.so
[5.701s] -- Set runtime path of "/home/tdt/tool/ros/install/project1/lib/libproject1__rosidl_typesupport_fastrtps_c.so" to ""
[5.701s] -- Up-to-date: /home/tdt/tool/ros/install/project1/include/project1/project1
[5.701s] -- Up-to-date: /home/tdt/tool/ros/install/project1/include/project1/project1/msg
[5.701s] -- Up-to-date: /home/tdt/tool/ros/install/project1/include/project1/project1/msg/detail
[5.701s] -- Installing: /home/tdt/tool/ros/install/project1/include/project1/project1/msg/detail/msg1__builder.hpp
[5.701s] -- Installing: /home/tdt/tool/ros/install/project1/include/project1/project1/msg/detail/msg1__traits.hpp
[5.701s] -- Installing: /home/tdt/tool/ros/install/project1/include/project1/project1/msg/detail/msg1__type_support.hpp
[5.701s] -- Installing: /home/tdt/tool/ros/install/project1/include/project1/project1/msg/detail/msg1__struct.hpp
[5.701s] -- Installing: /home/tdt/tool/ros/install/project1/include/project1/project1/msg/rosidl_generator_cpp__visibility_control.hpp
[5.701s] -- Installing: /home/tdt/tool/ros/install/project1/include/project1/project1/msg/msg1.hpp
[5.701s] -- Up-to-date: /home/tdt/tool/ros/install/project1/include/project1/project1
[5.701s] -- Up-to-date: /home/tdt/tool/ros/install/project1/include/project1/project1/msg
[5.701s] -- Up-to-date: /home/tdt/tool/ros/install/project1/include/project1/project1/msg/detail
[5.701s] -- Installing: /home/tdt/tool/ros/install/project1/include/project1/project1/msg/detail/dds_fastrtps
[5.701s] -- Installing: /home/tdt/tool/ros/install/project1/include/project1/project1/msg/detail/msg1__rosidl_typesupport_fastrtps_cpp.hpp
[5.701s] -- Installing: /home/tdt/tool/ros/install/project1/include/project1/project1/msg/rosidl_typesupport_fastrtps_cpp__visibility_control.h
[5.701s] -- Installing: /home/tdt/tool/ros/install/project1/lib/libproject1__rosidl_typesupport_fastrtps_cpp.so
[5.701s] -- Set runtime path of "/home/tdt/tool/ros/install/project1/lib/libproject1__rosidl_typesupport_fastrtps_cpp.so" to ""
[5.701s] -- Up-to-date: /home/tdt/tool/ros/install/project1/include/project1/project1
[5.701s] -- Up-to-date: /home/tdt/tool/ros/install/project1/include/project1/project1/msg
[5.701s] -- Up-to-date: /home/tdt/tool/ros/install/project1/include/project1/project1/msg/detail
[5.701s] -- Installing: /home/tdt/tool/ros/install/project1/include/project1/project1/msg/detail/msg1__type_support.c
[5.701s] -- Installing: /home/tdt/tool/ros/install/project1/include/project1/project1/msg/detail/msg1__rosidl_typesupport_introspection_c.h
[5.702s] -- Installing: /home/tdt/tool/ros/install/project1/include/project1/project1/msg/rosidl_typesupport_introspection_c__visibility_control.h
[5.702s] -- Installing: /home/tdt/tool/ros/install/project1/lib/libproject1__rosidl_typesupport_introspection_c.so
[5.702s] -- Set runtime path of "/home/tdt/tool/ros/install/project1/lib/libproject1__rosidl_typesupport_introspection_c.so" to ""
[5.702s] -- Installing: /home/tdt/tool/ros/install/project1/lib/libproject1__rosidl_typesupport_c.so
[5.702s] -- Set runtime path of "/home/tdt/tool/ros/install/project1/lib/libproject1__rosidl_typesupport_c.so" to ""
[5.702s] -- Up-to-date: /home/tdt/tool/ros/install/project1/include/project1/project1
[5.702s] -- Up-to-date: /home/tdt/tool/ros/install/project1/include/project1/project1/msg
[5.702s] -- Up-to-date: /home/tdt/tool/ros/install/project1/include/project1/project1/msg/detail
[5.702s] -- Installing: /home/tdt/tool/ros/install/project1/include/project1/project1/msg/detail/msg1__rosidl_typesupport_introspection_cpp.hpp
[5.702s] -- Installing: /home/tdt/tool/ros/install/project1/include/project1/project1/msg/detail/msg1__type_support.cpp
[5.702s] -- Installing: /home/tdt/tool/ros/install/project1/lib/libproject1__rosidl_typesupport_introspection_cpp.so
[5.702s] -- Set runtime path of "/home/tdt/tool/ros/install/project1/lib/libproject1__rosidl_typesupport_introspection_cpp.so" to ""
[5.702s] -- Installing: /home/tdt/tool/ros/install/project1/lib/libproject1__rosidl_typesupport_cpp.so
[5.702s] -- Set runtime path of "/home/tdt/tool/ros/install/project1/lib/libproject1__rosidl_typesupport_cpp.so" to ""
[5.702s] -- Installing: /home/tdt/tool/ros/install/project1/share/project1/environment/pythonpath.sh
[5.702s] -- Installing: /home/tdt/tool/ros/install/project1/share/project1/environment/pythonpath.dsv
[5.702s] -- Installing: /home/tdt/tool/ros/install/project1/local/lib/python3.10/dist-packages/project1-0.0.0-py3.10.egg-info
[5.702s] -- Installing: /home/tdt/tool/ros/install/project1/local/lib/python3.10/dist-packages/project1-0.0.0-py3.10.egg-info/SOURCES.txt
[5.702s] -- Installing: /home/tdt/tool/ros/install/project1/local/lib/python3.10/dist-packages/project1-0.0.0-py3.10.egg-info/dependency_links.txt
[5.702s] -- Installing: /home/tdt/tool/ros/install/project1/local/lib/python3.10/dist-packages/project1-0.0.0-py3.10.egg-info/PKG-INFO
[5.702s] -- Installing: /home/tdt/tool/ros/install/project1/local/lib/python3.10/dist-packages/project1-0.0.0-py3.10.egg-info/top_level.txt
[5.702s] -- Installing: /home/tdt/tool/ros/install/project1/local/lib/python3.10/dist-packages/project1
[5.702s] -- Installing: /home/tdt/tool/ros/install/project1/local/lib/python3.10/dist-packages/project1/__init__.py
[5.702s] -- Installing: /home/tdt/tool/ros/install/project1/local/lib/python3.10/dist-packages/project1/_project1_s.ep.rosidl_typesupport_introspection_c.c
[5.702s] -- Installing: /home/tdt/tool/ros/install/project1/local/lib/python3.10/dist-packages/project1/msg
[5.702s] -- Installing: /home/tdt/tool/ros/install/project1/local/lib/python3.10/dist-packages/project1/msg/__init__.py
[5.702s] -- Installing: /home/tdt/tool/ros/install/project1/local/lib/python3.10/dist-packages/project1/msg/_msg1.py
[5.702s] -- Installing: /home/tdt/tool/ros/install/project1/local/lib/python3.10/dist-packages/project1/msg/_msg1_s.c
[5.702s] -- Installing: /home/tdt/tool/ros/install/project1/local/lib/python3.10/dist-packages/project1/libproject1__rosidl_generator_py.so
[5.702s] -- Installing: /home/tdt/tool/ros/install/project1/local/lib/python3.10/dist-packages/project1/project1_s__rosidl_typesupport_fastrtps_c.cpython-310-x86_64-linux-gnu.so
[5.702s] -- Installing: /home/tdt/tool/ros/install/project1/local/lib/python3.10/dist-packages/project1/project1_s__rosidl_typesupport_c.cpython-310-x86_64-linux-gnu.so
[5.702s] -- Installing: /home/tdt/tool/ros/install/project1/local/lib/python3.10/dist-packages/project1/_project1_s.ep.rosidl_typesupport_fastrtps_c.c
[5.702s] -- Installing: /home/tdt/tool/ros/install/project1/local/lib/python3.10/dist-packages/project1/_project1_s.ep.rosidl_typesupport_c.c
[5.702s] -- Installing: /home/tdt/tool/ros/install/project1/local/lib/python3.10/dist-packages/project1/project1_s__rosidl_typesupport_introspection_c.cpython-310-x86_64-linux-gnu.so
[5.720s] Listing '/home/tdt/tool/ros/install/project1/local/lib/python3.10/dist-packages/project1'...
[5.720s] Compiling '/home/tdt/tool/ros/install/project1/local/lib/python3.10/dist-packages/project1/__init__.py'...
[5.720s] Listing '/home/tdt/tool/ros/install/project1/local/lib/python3.10/dist-packages/project1/msg'...
[5.720s] Compiling '/home/tdt/tool/ros/install/project1/local/lib/python3.10/dist-packages/project1/msg/__init__.py'...
[5.720s] Compiling '/home/tdt/tool/ros/install/project1/local/lib/python3.10/dist-packages/project1/msg/_msg1.py'...
[5.722s] -- Installing: /home/tdt/tool/ros/install/project1/local/lib/python3.10/dist-packages/project1/project1_s__rosidl_typesupport_fastrtps_c.cpython-310-x86_64-linux-gnu.so
[5.723s] -- Set runtime path of "/home/tdt/tool/ros/install/project1/local/lib/python3.10/dist-packages/project1/project1_s__rosidl_typesupport_fastrtps_c.cpython-310-x86_64-linux-gnu.so" to ""
[5.723s] -- Installing: /home/tdt/tool/ros/install/project1/local/lib/python3.10/dist-packages/project1/project1_s__rosidl_typesupport_introspection_c.cpython-310-x86_64-linux-gnu.so
[5.723s] -- Set runtime path of "/home/tdt/tool/ros/install/project1/local/lib/python3.10/dist-packages/project1/project1_s__rosidl_typesupport_introspection_c.cpython-310-x86_64-linux-gnu.so" to ""
[5.723s] -- Installing: /home/tdt/tool/ros/install/project1/local/lib/python3.10/dist-packages/project1/project1_s__rosidl_typesupport_c.cpython-310-x86_64-linux-gnu.so
[5.723s] -- Set runtime path of "/home/tdt/tool/ros/install/project1/local/lib/python3.10/dist-packages/project1/project1_s__rosidl_typesupport_c.cpython-310-x86_64-linux-gnu.so" to ""
[5.723s] -- Installing: /home/tdt/tool/ros/install/project1/lib/libproject1__rosidl_generator_py.so
[5.723s] -- Set runtime path of "/home/tdt/tool/ros/install/project1/lib/libproject1__rosidl_generator_py.so" to ""
[5.723s] -- Installing: /home/tdt/tool/ros/install/project1/share/project1/msg/Msg1.idl
[5.723s] -- Installing: /home/tdt/tool/ros/install/project1/share/project1/msg/Msg1.msg
[5.723s] -- Up-to-date: /home/tdt/tool/ros/install/project1/include
[5.723s] -- Up-to-date: /home/tdt/tool/ros/install/project1/include/project1
[5.724s] -- Installing: /home/tdt/tool/ros/install/project1/lib/project1/talker1_node
[5.725s] -- Set runtime path of "/home/tdt/tool/ros/install/project1/lib/project1/talker1_node" to ""
[5.725s] -- Installing: /home/tdt/tool/ros/install/project1/lib/project1/listener_node
[5.726s] -- Set runtime path of "/home/tdt/tool/ros/install/project1/lib/project1/listener_node" to ""
[5.726s] -- Installing: /home/tdt/tool/ros/install/project1/share/ament_index/resource_index/package_run_dependencies/project1
[5.727s] -- Up-to-date: /home/tdt/tool/ros/install/project1/share/ament_index/resource_index/parent_prefix_path/project1
[5.727s] -- Up-to-date: /home/tdt/tool/ros/install/project1/share/project1/environment/ament_prefix_path.sh
[5.727s] -- Installing: /home/tdt/tool/ros/install/project1/share/project1/environment/ament_prefix_path.dsv
[5.727s] -- Up-to-date: /home/tdt/tool/ros/install/project1/share/project1/environment/path.sh
[5.727s] -- Installing: /home/tdt/tool/ros/install/project1/share/project1/environment/path.dsv
[5.727s] -- Up-to-date: /home/tdt/tool/ros/install/project1/share/project1/local_setup.bash
[5.727s] -- Installing: /home/tdt/tool/ros/install/project1/share/project1/local_setup.sh
[5.727s] -- Up-to-date: /home/tdt/tool/ros/install/project1/share/project1/local_setup.zsh
[5.727s] -- Installing: /home/tdt/tool/ros/install/project1/share/project1/local_setup.dsv
[5.727s] -- Installing: /home/tdt/tool/ros/install/project1/share/project1/package.dsv
[5.727s] -- Up-to-date: /home/tdt/tool/ros/install/project1/share/ament_index/resource_index/packages/project1
[5.727s] -- Installing: /home/tdt/tool/ros/install/project1/share/project1/cmake/export_project1__rosidl_generator_cExport.cmake
[5.727s] -- Installing: /home/tdt/tool/ros/install/project1/share/project1/cmake/export_project1__rosidl_generator_cExport-noconfig.cmake
[5.727s] -- Installing: /home/tdt/tool/ros/install/project1/share/project1/cmake/export_project1__rosidl_typesupport_fastrtps_cExport.cmake
[5.727s] -- Installing: /home/tdt/tool/ros/install/project1/share/project1/cmake/export_project1__rosidl_typesupport_fastrtps_cExport-noconfig.cmake
[5.727s] -- Installing: /home/tdt/tool/ros/install/project1/share/project1/cmake/export_project1__rosidl_generator_cppExport.cmake
[5.727s] -- Installing: /home/tdt/tool/ros/install/project1/share/project1/cmake/export_project1__rosidl_typesupport_fastrtps_cppExport.cmake
[5.727s] -- Installing: /home/tdt/tool/ros/install/project1/share/project1/cmake/export_project1__rosidl_typesupport_fastrtps_cppExport-noconfig.cmake
[5.727s] -- Installing: /home/tdt/tool/ros/install/project1/share/project1/cmake/project1__rosidl_typesupport_introspection_cExport.cmake
[5.727s] -- Installing: /home/tdt/tool/ros/install/project1/share/project1/cmake/project1__rosidl_typesupport_introspection_cExport-noconfig.cmake
[5.727s] -- Installing: /home/tdt/tool/ros/install/project1/share/project1/cmake/project1__rosidl_typesupport_cExport.cmake
[5.727s] -- Installing: /home/tdt/tool/ros/install/project1/share/project1/cmake/project1__rosidl_typesupport_cExport-noconfig.cmake
[5.727s] -- Installing: /home/tdt/tool/ros/install/project1/share/project1/cmake/project1__rosidl_typesupport_introspection_cppExport.cmake
[5.727s] -- Installing: /home/tdt/tool/ros/install/project1/share/project1/cmake/project1__rosidl_typesupport_introspection_cppExport-noconfig.cmake
[5.727s] -- Installing: /home/tdt/tool/ros/install/project1/share/project1/cmake/project1__rosidl_typesupport_cppExport.cmake
[5.727s] -- Installing: /home/tdt/tool/ros/install/project1/share/project1/cmake/project1__rosidl_typesupport_cppExport-noconfig.cmake
[5.727s] -- Installing: /home/tdt/tool/ros/install/project1/share/project1/cmake/export_project1__rosidl_generator_pyExport.cmake
[5.727s] -- Installing: /home/tdt/tool/ros/install/project1/share/project1/cmake/export_project1__rosidl_generator_pyExport-noconfig.cmake
[5.727s] -- Installing: /home/tdt/tool/ros/install/project1/share/project1/cmake/rosidl_cmake-extras.cmake
[5.727s] -- Installing: /home/tdt/tool/ros/install/project1/share/project1/cmake/ament_cmake_export_dependencies-extras.cmake
[5.727s] -- Installing: /home/tdt/tool/ros/install/project1/share/project1/cmake/ament_cmake_export_include_directories-extras.cmake
[5.727s] -- Installing: /home/tdt/tool/ros/install/project1/share/project1/cmake/ament_cmake_export_libraries-extras.cmake
[5.727s] -- Installing: /home/tdt/tool/ros/install/project1/share/project1/cmake/ament_cmake_export_targets-extras.cmake
[5.727s] -- Installing: /home/tdt/tool/ros/install/project1/share/project1/cmake/rosidl_cmake_export_typesupport_targets-extras.cmake
[5.727s] -- Installing: /home/tdt/tool/ros/install/project1/share/project1/cmake/rosidl_cmake_export_typesupport_libraries-extras.cmake
[5.727s] -- Installing: /home/tdt/tool/ros/install/project1/share/project1/cmake/project1Config.cmake
[5.727s] -- Up-to-date: /home/tdt/tool/ros/install/project1/share/project1/cmake/project1Config-version.cmake
[5.727s] -- Installing: /home/tdt/tool/ros/install/project1/share/project1/package.xml
[5.729s] Invoked command in '/home/tdt/tool/ros/build/project1' returned '0': CMAKE_PREFIX_PATH=/home/tdt/tool/ros/install/my_msgs:/home/tdt/tool/ros/install/project1:/opt/ros/humble /usr/bin/cmake --install /home/tdt/tool/ros/build/project1
