[0.005s] Invoking command in '/home/tdt/tool/ros/project1/build/project1': CMAKE_PREFIX_PATH=${CMAKE_PREFIX_PATH}:/opt/ros/humble /usr/bin/cmake --build /home/tdt/tool/ros/project1/build/project1 -- -j24 -l24
[0.019s] -- Found ament_cmake: 1.3.12 (/opt/ros/humble/share/ament_cmake/cmake)
[0.078s] -- Found ament_cmake_auto: 1.3.12 (/opt/ros/humble/share/ament_cmake_auto/cmake)
[0.108s] -- Using all available rosidl_typesupport_c: rosidl_typesupport_fastrtps_c;rosidl_typesupport_introspection_c
[0.108s] -- Found rosidl_adapter: 3.1.7 (/opt/ros/humble/share/rosidl_adapter/cmake)
[0.122s] -- Using all available rosidl_typesupport_cpp: rosidl_typesupport_fastrtps_cpp;rosidl_typesupport_introspection_cpp
[0.150s] -- Found rmw_implementation_cmake: 6.1.2 (/opt/ros/humble/share/rmw_implementation_cmake/cmake)
[0.151s] -- Found rmw_fastrtps_cpp: 6.2.8 (/opt/ros/humble/share/rmw_fastrtps_cpp/cmake)
[0.194s] -- Using RMW implementation 'rmw_fastrtps_cpp' as default
[0.223s] [0mIn this package, headers install destination is set to `include` by ament_auto_package. It is recommended to install `include/project1` instead and will be the default behavior of ament_auto_package from ROS 2 Kilted Kaiju. On distributions before Kilted, ament_auto_package behaves the same way when you use USE_SCOPED_HEADER_INSTALL_DIR option.[0m
[0.224s] -- Configuring done
[0.230s] -- Generating done
[0.232s] -- Build files have been written to: /home/tdt/tool/ros/project1/build/project1
[0.248s] [35m[1mConsolidate compiler generated dependencies of target listener_node[0m
[0.248s] [35m[1mConsolidate compiler generated dependencies of target talker1_node[0m
[0.258s] [ 50%] [32mBuilding CXX object CMakeFiles/talker1_node.dir/src/talker1.cpp.o[0m
[0.258s] [ 50%] [32mBuilding CXX object CMakeFiles/listener_node.dir/src/listener.cpp.o[0m
[0.366s] [01m[K/home/tdt/tool/ros/project1/src/listener.cpp:5:10:[m[K [01;31m[Kfatal error: [m[Kopencv2/opencv.hpp: No such file or directory
[0.366s]     5 | #include [01;31m[K<opencv2/opencv.hpp>[m[K
[0.366s]       |          [01;31m[K^~~~~~~~~~~~~~~~~~~~[m[K
[0.366s] compilation terminated.
[0.368s] gmake[2]: *** [CMakeFiles/listener_node.dir/build.make:76: CMakeFiles/listener_node.dir/src/listener.cpp.o] Error 1
[0.368s] gmake[1]: *** [CMakeFiles/Makefile2:165: CMakeFiles/listener_node.dir/all] Error 2
[0.368s] gmake[1]: *** Waiting for unfinished jobs....
[2.110s] [ 75%] [32m[1mLinking CXX executable talker1_node[0m
[2.198s] [ 75%] Built target talker1_node
[2.199s] gmake: *** [Makefile:146: all] Error 2
[2.201s] Invoked command in '/home/tdt/tool/ros/project1/build/project1' returned '2': CMAKE_PREFIX_PATH=${CMAKE_PREFIX_PATH}:/opt/ros/humble /usr/bin/cmake --build /home/tdt/tool/ros/project1/build/project1 -- -j24 -l24
