[0.007s] Invoking command in '/home/tdt/tool/ros/build/my_msgs': CMAKE_PREFIX_PATH=${CMAKE_PREFIX_PATH}:/opt/ros/humble /usr/bin/cmake --build /home/tdt/tool/ros/build/my_msgs -- -j24 -l24
[0.030s] -- Found ament_cmake: 1.3.12 (/opt/ros/humble/share/ament_cmake/cmake)
[0.102s] -- Found rclcpp: 16.0.15 (/opt/ros/humble/share/rclcpp/cmake)
[0.118s] -- Found rosidl_generator_c: 3.1.7 (/opt/ros/humble/share/rosidl_generator_c/cmake)
[0.119s] -- Found rosidl_adapter: 3.1.7 (/opt/ros/humble/share/rosidl_adapter/cmake)
[0.122s] -- Found rosidl_generator_cpp: 3.1.7 (/opt/ros/humble/share/rosidl_generator_cpp/cmake)
[0.126s] -- Using all available rosidl_typesupport_c: rosidl_typesupport_fastrtps_c;rosidl_typesupport_introspection_c
[0.132s] -- Using all available rosidl_typesupport_cpp: rosidl_typesupport_fastrtps_cpp;rosidl_typesupport_introspection_cpp
[0.145s] -- Found rmw_implementation_cmake: 6.1.2 (/opt/ros/humble/share/rmw_implementation_cmake/cmake)
[0.146s] -- Found rmw_fastrtps_cpp: 6.2.8 (/opt/ros/humble/share/rmw_fastrtps_cpp/cmake)
[0.190s] -- Using RMW implementation 'rmw_fastrtps_cpp' as default
[0.211s] -- Found rclpy: 3.3.17 (/opt/ros/humble/share/rclpy/cmake)
[0.211s] -- Found rosidl_default_generators: 1.2.0 (/opt/ros/humble/share/rosidl_default_generators/cmake)
[0.361s] -- Found ament_cmake_cppcheck: 0.12.14 (/opt/ros/humble/share/ament_cmake_cppcheck/cmake)
[0.362s] -- Found ament_cmake_cpplint: 0.12.14 (/opt/ros/humble/share/ament_cmake_cpplint/cmake)
[0.362s] -- Found ament_cmake_uncrustify: 0.12.14 (/opt/ros/humble/share/ament_cmake_uncrustify/cmake)
[0.364s] -- Found ament_cmake_ros: 0.10.0 (/opt/ros/humble/share/ament_cmake_ros/cmake)
[0.557s] -- Using all available rosidl_typesupport_c: rosidl_typesupport_fastrtps_c;rosidl_typesupport_introspection_c
[0.629s] -- Using all available rosidl_typesupport_cpp: rosidl_typesupport_fastrtps_cpp;rosidl_typesupport_introspection_cpp
[0.642s] -- Found PythonInterp: /usr/bin/python3 (found suitable version "3.10.12", minimum required is "3.6") 
[0.643s] -- Found python_cmake_module: 0.10.0 (/opt/ros/humble/share/python_cmake_module/cmake)
[0.656s] -- Found PythonLibs: /usr/lib/x86_64-linux-gnu/libpython3.10.so (found suitable version "3.10.12", minimum required is "3.5") 
[0.656s] -- Using PYTHON_EXECUTABLE: /usr/bin/python3
[0.656s] -- Using PYTHON_INCLUDE_DIRS: /usr/include/python3.10
[0.656s] -- Using PYTHON_LIBRARIES: /usr/lib/x86_64-linux-gnu/libpython3.10.so
[0.668s] -- Found PythonExtra: .so  
[0.689s] -- Found ament_cmake_flake8: 0.12.14 (/opt/ros/humble/share/ament_cmake_flake8/cmake)
[0.689s] -- Found ament_cmake_pep257: 0.12.14 (/opt/ros/humble/share/ament_cmake_pep257/cmake)
[0.693s] -- Configuring done
[0.706s] -- Generating done
[0.719s] -- Build files have been written to: /home/tdt/tool/ros/build/my_msgs
[0.744s] [  3%] [34m[1mGenerating C code for ROS interfaces[0m
[0.752s] [  6%] [34m[1mGenerating C++ code for ROS interfaces[0m
[0.758s] [  6%] Built target ament_cmake_python_copy_my_msgs
[0.881s] [  6%] Built target my_msgs__cpp
[0.886s] running egg_info
[0.887s] creating my_msgs.egg-info
[0.887s] writing my_msgs.egg-info/PKG-INFO
[0.887s] writing dependency_links to my_msgs.egg-info/dependency_links.txt
[0.887s] [  9%] [32mBuilding C object CMakeFiles/my_msgs__rosidl_generator_c.dir/rosidl_generator_c/my_msgs/msg/detail/msg1__functions.c.o[0m
[0.887s] writing top-level names to my_msgs.egg-info/top_level.txt
[0.887s] writing manifest file 'my_msgs.egg-info/SOURCES.txt'
[0.888s] [ 12%] [34m[1mGenerating C++ type support for eProsima Fast-RTPS[0m
[0.890s] [ 16%] [34m[1mGenerating C++ type support dispatch for ROS interfaces[0m
[0.890s] [ 19%] [34m[1mGenerating C++ introspection for ROS interfaces[0m
[0.893s] reading manifest file 'my_msgs.egg-info/SOURCES.txt'
[0.893s] writing manifest file 'my_msgs.egg-info/SOURCES.txt'
[0.914s] [ 19%] Built target ament_cmake_python_build_my_msgs_egg
[0.940s] [ 22%] [32m[1mLinking C shared library libmy_msgs__rosidl_generator_c.so[0m
[0.967s] [ 22%] Built target my_msgs__rosidl_generator_c
[0.973s] [ 25%] [34m[1mGenerating C type support for eProsima Fast-RTPS[0m
[0.973s] [ 29%] [34m[1mGenerating C introspection for ROS interfaces[0m
[0.975s] [ 32%] [34m[1mGenerating C type support dispatch for ROS interfaces[0m
[1.044s] [ 35%] [32mBuilding CXX object CMakeFiles/my_msgs__rosidl_typesupport_introspection_cpp.dir/rosidl_typesupport_introspection_cpp/my_msgs/msg/detail/msg1__type_support.cpp.o[0m
[1.050s] [ 38%] [32mBuilding CXX object CMakeFiles/my_msgs__rosidl_typesupport_cpp.dir/rosidl_typesupport_cpp/my_msgs/msg/msg1__type_support.cpp.o[0m
[1.051s] [ 41%] [32mBuilding CXX object CMakeFiles/my_msgs__rosidl_typesupport_fastrtps_cpp.dir/rosidl_typesupport_fastrtps_cpp/my_msgs/msg/detail/dds_fastrtps/msg1__type_support.cpp.o[0m
[1.143s] [ 45%] [32mBuilding CXX object CMakeFiles/my_msgs__rosidl_typesupport_fastrtps_c.dir/rosidl_typesupport_fastrtps_c/my_msgs/msg/detail/msg1__type_support_c.cpp.o[0m
[1.158s] [ 48%] [32mBuilding CXX object CMakeFiles/my_msgs__rosidl_typesupport_c.dir/rosidl_typesupport_c/my_msgs/msg/msg1__type_support.cpp.o[0m
[1.181s] [ 51%] [32m[1mLinking CXX shared library libmy_msgs__rosidl_typesupport_c.so[0m
[1.209s] [ 54%] [32mBuilding C object CMakeFiles/my_msgs__rosidl_typesupport_introspection_c.dir/rosidl_typesupport_introspection_c/my_msgs/msg/detail/msg1__type_support.c.o[0m
[1.220s] [ 54%] Built target my_msgs__rosidl_typesupport_c
[1.235s] [ 58%] [32m[1mLinking CXX shared library libmy_msgs__rosidl_typesupport_cpp.so[0m
[1.242s] [ 61%] [32m[1mLinking C shared library libmy_msgs__rosidl_typesupport_introspection_c.so[0m
[1.270s] [ 61%] Built target my_msgs__rosidl_typesupport_cpp
[1.270s] [ 61%] Built target my_msgs__rosidl_typesupport_introspection_c
[1.297s] [ 64%] [32m[1mLinking CXX shared library libmy_msgs__rosidl_typesupport_introspection_cpp.so[0m
[1.306s] [ 67%] [32m[1mLinking CXX shared library libmy_msgs__rosidl_typesupport_fastrtps_cpp.so[0m
[1.342s] [ 67%] Built target my_msgs__rosidl_typesupport_introspection_cpp
[1.356s] [ 70%] [32m[1mLinking CXX shared library libmy_msgs__rosidl_typesupport_fastrtps_c.so[0m
[1.358s] [ 70%] Built target my_msgs__rosidl_typesupport_fastrtps_cpp
[1.403s] [ 70%] Built target my_msgs__rosidl_typesupport_fastrtps_c
[1.419s] [ 70%] Built target my_msgs
[1.432s] [ 74%] [34m[1mGenerating Python code for ROS interfaces[0m
[1.584s] [ 74%] Built target my_msgs__py
[1.596s] [ 77%] [32mBuilding C object CMakeFiles/my_msgs__rosidl_generator_py.dir/rosidl_generator_py/my_msgs/msg/_msg1_s.c.o[0m
[1.656s] [ 80%] [32m[1mLinking C shared library rosidl_generator_py/my_msgs/libmy_msgs__rosidl_generator_py.so[0m
[1.681s] [ 80%] Built target my_msgs__rosidl_generator_py
[1.695s] [ 83%] [32mBuilding C object CMakeFiles/my_msgs__rosidl_typesupport_fastrtps_c__pyext.dir/rosidl_generator_py/my_msgs/_my_msgs_s.ep.rosidl_typesupport_fastrtps_c.c.o[0m
[1.696s] [ 87%] [32mBuilding C object CMakeFiles/my_msgs__rosidl_typesupport_introspection_c__pyext.dir/rosidl_generator_py/my_msgs/_my_msgs_s.ep.rosidl_typesupport_introspection_c.c.o[0m
[1.699s] [ 90%] [32mBuilding C object CMakeFiles/my_msgs__rosidl_typesupport_c__pyext.dir/rosidl_generator_py/my_msgs/_my_msgs_s.ep.rosidl_typesupport_c.c.o[0m
[1.754s] [ 93%] [32m[1mLinking C shared library rosidl_generator_py/my_msgs/my_msgs_s__rosidl_typesupport_introspection_c.cpython-310-x86_64-linux-gnu.so[0m
[1.760s] [ 96%] [32m[1mLinking C shared library rosidl_generator_py/my_msgs/my_msgs_s__rosidl_typesupport_c.cpython-310-x86_64-linux-gnu.so[0m
[1.775s] [100%] [32m[1mLinking C shared library rosidl_generator_py/my_msgs/my_msgs_s__rosidl_typesupport_fastrtps_c.cpython-310-x86_64-linux-gnu.so[0m
[1.780s] [100%] Built target my_msgs__rosidl_typesupport_introspection_c__pyext
[1.789s] [100%] Built target my_msgs__rosidl_typesupport_c__pyext
[1.798s] [100%] Built target my_msgs__rosidl_typesupport_fastrtps_c__pyext
[1.806s] Invoked command in '/home/tdt/tool/ros/build/my_msgs' returned '0': CMAKE_PREFIX_PATH=${CMAKE_PREFIX_PATH}:/opt/ros/humble /usr/bin/cmake --build /home/tdt/tool/ros/build/my_msgs -- -j24 -l24
[1.807s] Invoking command in '/home/tdt/tool/ros/build/my_msgs': CMAKE_PREFIX_PATH=${CMAKE_PREFIX_PATH}:/opt/ros/humble /usr/bin/cmake --install /home/tdt/tool/ros/build/my_msgs
[1.812s] -- Install configuration: ""
[1.813s] -- Installing: /home/tdt/tool/ros/install/my_msgs/share/ament_index/resource_index/rosidl_interfaces/my_msgs
[1.813s] -- Installing: /home/tdt/tool/ros/install/my_msgs/include/my_msgs/my_msgs
[1.813s] -- Installing: /home/tdt/tool/ros/install/my_msgs/include/my_msgs/my_msgs/msg
[1.813s] -- Installing: /home/tdt/tool/ros/install/my_msgs/include/my_msgs/my_msgs/msg/detail
[1.813s] -- Installing: /home/tdt/tool/ros/install/my_msgs/include/my_msgs/my_msgs/msg/detail/msg1__functions.h
[1.813s] -- Installing: /home/tdt/tool/ros/install/my_msgs/include/my_msgs/my_msgs/msg/detail/msg1__functions.c
[1.813s] -- Installing: /home/tdt/tool/ros/install/my_msgs/include/my_msgs/my_msgs/msg/detail/msg1__struct.h
[1.814s] -- Installing: /home/tdt/tool/ros/install/my_msgs/include/my_msgs/my_msgs/msg/detail/msg1__type_support.h
[1.814s] -- Installing: /home/tdt/tool/ros/install/my_msgs/include/my_msgs/my_msgs/msg/msg1.h
[1.814s] -- Installing: /home/tdt/tool/ros/install/my_msgs/include/my_msgs/my_msgs/msg/rosidl_generator_c__visibility_control.h
[1.814s] -- Installing: /home/tdt/tool/ros/install/my_msgs/share/my_msgs/environment/library_path.sh
[1.814s] -- Installing: /home/tdt/tool/ros/install/my_msgs/share/my_msgs/environment/library_path.dsv
[1.814s] -- Installing: /home/tdt/tool/ros/install/my_msgs/lib/libmy_msgs__rosidl_generator_c.so
[1.814s] -- Set runtime path of "/home/tdt/tool/ros/install/my_msgs/lib/libmy_msgs__rosidl_generator_c.so" to ""
[1.814s] -- Up-to-date: /home/tdt/tool/ros/install/my_msgs/include/my_msgs/my_msgs
[1.814s] -- Up-to-date: /home/tdt/tool/ros/install/my_msgs/include/my_msgs/my_msgs/msg
[1.814s] -- Up-to-date: /home/tdt/tool/ros/install/my_msgs/include/my_msgs/my_msgs/msg/detail
[1.814s] -- Installing: /home/tdt/tool/ros/install/my_msgs/include/my_msgs/my_msgs/msg/detail/msg1__rosidl_typesupport_fastrtps_c.h
[1.814s] -- Installing: /home/tdt/tool/ros/install/my_msgs/include/my_msgs/my_msgs/msg/rosidl_typesupport_fastrtps_c__visibility_control.h
[1.814s] -- Installing: /home/tdt/tool/ros/install/my_msgs/lib/libmy_msgs__rosidl_typesupport_fastrtps_c.so
[1.814s] -- Set runtime path of "/home/tdt/tool/ros/install/my_msgs/lib/libmy_msgs__rosidl_typesupport_fastrtps_c.so" to ""
[1.814s] -- Up-to-date: /home/tdt/tool/ros/install/my_msgs/include/my_msgs/my_msgs
[1.814s] -- Up-to-date: /home/tdt/tool/ros/install/my_msgs/include/my_msgs/my_msgs/msg
[1.814s] -- Up-to-date: /home/tdt/tool/ros/install/my_msgs/include/my_msgs/my_msgs/msg/detail
[1.814s] -- Installing: /home/tdt/tool/ros/install/my_msgs/include/my_msgs/my_msgs/msg/detail/msg1__builder.hpp
[1.814s] -- Installing: /home/tdt/tool/ros/install/my_msgs/include/my_msgs/my_msgs/msg/detail/msg1__traits.hpp
[1.814s] -- Installing: /home/tdt/tool/ros/install/my_msgs/include/my_msgs/my_msgs/msg/detail/msg1__type_support.hpp
[1.814s] -- Installing: /home/tdt/tool/ros/install/my_msgs/include/my_msgs/my_msgs/msg/detail/msg1__struct.hpp
[1.815s] -- Installing: /home/tdt/tool/ros/install/my_msgs/include/my_msgs/my_msgs/msg/rosidl_generator_cpp__visibility_control.hpp
[1.815s] -- Installing: /home/tdt/tool/ros/install/my_msgs/include/my_msgs/my_msgs/msg/msg1.hpp
[1.815s] -- Up-to-date: /home/tdt/tool/ros/install/my_msgs/include/my_msgs/my_msgs
[1.815s] -- Up-to-date: /home/tdt/tool/ros/install/my_msgs/include/my_msgs/my_msgs/msg
[1.815s] -- Up-to-date: /home/tdt/tool/ros/install/my_msgs/include/my_msgs/my_msgs/msg/detail
[1.815s] -- Installing: /home/tdt/tool/ros/install/my_msgs/include/my_msgs/my_msgs/msg/detail/dds_fastrtps
[1.815s] -- Installing: /home/tdt/tool/ros/install/my_msgs/include/my_msgs/my_msgs/msg/detail/msg1__rosidl_typesupport_fastrtps_cpp.hpp
[1.815s] -- Installing: /home/tdt/tool/ros/install/my_msgs/include/my_msgs/my_msgs/msg/rosidl_typesupport_fastrtps_cpp__visibility_control.h
[1.815s] -- Installing: /home/tdt/tool/ros/install/my_msgs/lib/libmy_msgs__rosidl_typesupport_fastrtps_cpp.so
[1.815s] -- Set runtime path of "/home/tdt/tool/ros/install/my_msgs/lib/libmy_msgs__rosidl_typesupport_fastrtps_cpp.so" to ""
[1.815s] -- Up-to-date: /home/tdt/tool/ros/install/my_msgs/include/my_msgs/my_msgs
[1.815s] -- Up-to-date: /home/tdt/tool/ros/install/my_msgs/include/my_msgs/my_msgs/msg
[1.815s] -- Up-to-date: /home/tdt/tool/ros/install/my_msgs/include/my_msgs/my_msgs/msg/detail
[1.815s] -- Installing: /home/tdt/tool/ros/install/my_msgs/include/my_msgs/my_msgs/msg/detail/msg1__type_support.c
[1.815s] -- Installing: /home/tdt/tool/ros/install/my_msgs/include/my_msgs/my_msgs/msg/detail/msg1__rosidl_typesupport_introspection_c.h
[1.815s] -- Installing: /home/tdt/tool/ros/install/my_msgs/include/my_msgs/my_msgs/msg/rosidl_typesupport_introspection_c__visibility_control.h
[1.815s] -- Installing: /home/tdt/tool/ros/install/my_msgs/lib/libmy_msgs__rosidl_typesupport_introspection_c.so
[1.815s] -- Set runtime path of "/home/tdt/tool/ros/install/my_msgs/lib/libmy_msgs__rosidl_typesupport_introspection_c.so" to ""
[1.815s] -- Installing: /home/tdt/tool/ros/install/my_msgs/lib/libmy_msgs__rosidl_typesupport_c.so
[1.815s] -- Set runtime path of "/home/tdt/tool/ros/install/my_msgs/lib/libmy_msgs__rosidl_typesupport_c.so" to ""
[1.815s] -- Up-to-date: /home/tdt/tool/ros/install/my_msgs/include/my_msgs/my_msgs
[1.815s] -- Up-to-date: /home/tdt/tool/ros/install/my_msgs/include/my_msgs/my_msgs/msg
[1.815s] -- Up-to-date: /home/tdt/tool/ros/install/my_msgs/include/my_msgs/my_msgs/msg/detail
[1.815s] -- Installing: /home/tdt/tool/ros/install/my_msgs/include/my_msgs/my_msgs/msg/detail/msg1__rosidl_typesupport_introspection_cpp.hpp
[1.815s] -- Installing: /home/tdt/tool/ros/install/my_msgs/include/my_msgs/my_msgs/msg/detail/msg1__type_support.cpp
[1.815s] -- Installing: /home/tdt/tool/ros/install/my_msgs/lib/libmy_msgs__rosidl_typesupport_introspection_cpp.so
[1.815s] -- Set runtime path of "/home/tdt/tool/ros/install/my_msgs/lib/libmy_msgs__rosidl_typesupport_introspection_cpp.so" to ""
[1.815s] -- Installing: /home/tdt/tool/ros/install/my_msgs/lib/libmy_msgs__rosidl_typesupport_cpp.so
[1.815s] -- Set runtime path of "/home/tdt/tool/ros/install/my_msgs/lib/libmy_msgs__rosidl_typesupport_cpp.so" to ""
[1.815s] -- Installing: /home/tdt/tool/ros/install/my_msgs/share/my_msgs/environment/pythonpath.sh
[1.815s] -- Installing: /home/tdt/tool/ros/install/my_msgs/share/my_msgs/environment/pythonpath.dsv
[1.815s] -- Installing: /home/tdt/tool/ros/install/my_msgs/local/lib/python3.10/dist-packages/my_msgs-0.0.0-py3.10.egg-info
[1.815s] -- Installing: /home/tdt/tool/ros/install/my_msgs/local/lib/python3.10/dist-packages/my_msgs-0.0.0-py3.10.egg-info/SOURCES.txt
[1.815s] -- Installing: /home/tdt/tool/ros/install/my_msgs/local/lib/python3.10/dist-packages/my_msgs-0.0.0-py3.10.egg-info/dependency_links.txt
[1.815s] -- Installing: /home/tdt/tool/ros/install/my_msgs/local/lib/python3.10/dist-packages/my_msgs-0.0.0-py3.10.egg-info/PKG-INFO
[1.816s] -- Installing: /home/tdt/tool/ros/install/my_msgs/local/lib/python3.10/dist-packages/my_msgs-0.0.0-py3.10.egg-info/top_level.txt
[1.816s] -- Installing: /home/tdt/tool/ros/install/my_msgs/local/lib/python3.10/dist-packages/my_msgs
[1.816s] -- Installing: /home/tdt/tool/ros/install/my_msgs/local/lib/python3.10/dist-packages/my_msgs/libmy_msgs__rosidl_generator_py.so
[1.816s] -- Installing: /home/tdt/tool/ros/install/my_msgs/local/lib/python3.10/dist-packages/my_msgs/_my_msgs_s.ep.rosidl_typesupport_introspection_c.c
[1.816s] -- Installing: /home/tdt/tool/ros/install/my_msgs/local/lib/python3.10/dist-packages/my_msgs/__init__.py
[1.816s] -- Installing: /home/tdt/tool/ros/install/my_msgs/local/lib/python3.10/dist-packages/my_msgs/msg
[1.816s] -- Installing: /home/tdt/tool/ros/install/my_msgs/local/lib/python3.10/dist-packages/my_msgs/msg/__init__.py
[1.816s] -- Installing: /home/tdt/tool/ros/install/my_msgs/local/lib/python3.10/dist-packages/my_msgs/msg/_msg1.py
[1.816s] -- Installing: /home/tdt/tool/ros/install/my_msgs/local/lib/python3.10/dist-packages/my_msgs/msg/_msg1_s.c
[1.816s] -- Installing: /home/tdt/tool/ros/install/my_msgs/local/lib/python3.10/dist-packages/my_msgs/my_msgs_s__rosidl_typesupport_introspection_c.cpython-310-x86_64-linux-gnu.so
[1.816s] -- Installing: /home/tdt/tool/ros/install/my_msgs/local/lib/python3.10/dist-packages/my_msgs/_my_msgs_s.ep.rosidl_typesupport_fastrtps_c.c
[1.816s] -- Installing: /home/tdt/tool/ros/install/my_msgs/local/lib/python3.10/dist-packages/my_msgs/my_msgs_s__rosidl_typesupport_c.cpython-310-x86_64-linux-gnu.so
[1.816s] -- Installing: /home/tdt/tool/ros/install/my_msgs/local/lib/python3.10/dist-packages/my_msgs/_my_msgs_s.ep.rosidl_typesupport_c.c
[1.816s] -- Installing: /home/tdt/tool/ros/install/my_msgs/local/lib/python3.10/dist-packages/my_msgs/my_msgs_s__rosidl_typesupport_fastrtps_c.cpython-310-x86_64-linux-gnu.so
[1.838s] Listing '/home/tdt/tool/ros/install/my_msgs/local/lib/python3.10/dist-packages/my_msgs'...
[1.838s] Compiling '/home/tdt/tool/ros/install/my_msgs/local/lib/python3.10/dist-packages/my_msgs/__init__.py'...
[1.838s] Listing '/home/tdt/tool/ros/install/my_msgs/local/lib/python3.10/dist-packages/my_msgs/msg'...
[1.838s] Compiling '/home/tdt/tool/ros/install/my_msgs/local/lib/python3.10/dist-packages/my_msgs/msg/__init__.py'...
[1.838s] Compiling '/home/tdt/tool/ros/install/my_msgs/local/lib/python3.10/dist-packages/my_msgs/msg/_msg1.py'...
[1.841s] -- Installing: /home/tdt/tool/ros/install/my_msgs/local/lib/python3.10/dist-packages/my_msgs/my_msgs_s__rosidl_typesupport_fastrtps_c.cpython-310-x86_64-linux-gnu.so
[1.842s] -- Set runtime path of "/home/tdt/tool/ros/install/my_msgs/local/lib/python3.10/dist-packages/my_msgs/my_msgs_s__rosidl_typesupport_fastrtps_c.cpython-310-x86_64-linux-gnu.so" to ""
[1.842s] -- Installing: /home/tdt/tool/ros/install/my_msgs/local/lib/python3.10/dist-packages/my_msgs/my_msgs_s__rosidl_typesupport_introspection_c.cpython-310-x86_64-linux-gnu.so
[1.842s] -- Set runtime path of "/home/tdt/tool/ros/install/my_msgs/local/lib/python3.10/dist-packages/my_msgs/my_msgs_s__rosidl_typesupport_introspection_c.cpython-310-x86_64-linux-gnu.so" to ""
[1.842s] -- Installing: /home/tdt/tool/ros/install/my_msgs/local/lib/python3.10/dist-packages/my_msgs/my_msgs_s__rosidl_typesupport_c.cpython-310-x86_64-linux-gnu.so
[1.842s] -- Set runtime path of "/home/tdt/tool/ros/install/my_msgs/local/lib/python3.10/dist-packages/my_msgs/my_msgs_s__rosidl_typesupport_c.cpython-310-x86_64-linux-gnu.so" to ""
[1.842s] -- Installing: /home/tdt/tool/ros/install/my_msgs/lib/libmy_msgs__rosidl_generator_py.so
[1.842s] -- Set runtime path of "/home/tdt/tool/ros/install/my_msgs/lib/libmy_msgs__rosidl_generator_py.so" to ""
[1.845s] -- Installing: /home/tdt/tool/ros/install/my_msgs/share/my_msgs/msg/Msg1.idl
[1.847s] -- Installing: /home/tdt/tool/ros/install/my_msgs/share/my_msgs/msg/Msg1.msg
[1.847s] -- Installing: /home/tdt/tool/ros/install/my_msgs/share/ament_index/resource_index/package_run_dependencies/my_msgs
[1.847s] -- Up-to-date: /home/tdt/tool/ros/install/my_msgs/share/ament_index/resource_index/parent_prefix_path/my_msgs
[1.847s] -- Up-to-date: /home/tdt/tool/ros/install/my_msgs/share/my_msgs/environment/ament_prefix_path.sh
[1.848s] -- Installing: /home/tdt/tool/ros/install/my_msgs/share/my_msgs/environment/ament_prefix_path.dsv
[1.848s] -- Up-to-date: /home/tdt/tool/ros/install/my_msgs/share/my_msgs/environment/path.sh
[1.848s] -- Installing: /home/tdt/tool/ros/install/my_msgs/share/my_msgs/environment/path.dsv
[1.848s] -- Up-to-date: /home/tdt/tool/ros/install/my_msgs/share/my_msgs/local_setup.bash
[1.848s] -- Installing: /home/tdt/tool/ros/install/my_msgs/share/my_msgs/local_setup.sh
[1.848s] -- Up-to-date: /home/tdt/tool/ros/install/my_msgs/share/my_msgs/local_setup.zsh
[1.848s] -- Installing: /home/tdt/tool/ros/install/my_msgs/share/my_msgs/local_setup.dsv
[1.848s] -- Installing: /home/tdt/tool/ros/install/my_msgs/share/my_msgs/package.dsv
[1.848s] -- Up-to-date: /home/tdt/tool/ros/install/my_msgs/share/ament_index/resource_index/packages/my_msgs
[1.848s] -- Installing: /home/tdt/tool/ros/install/my_msgs/share/my_msgs/cmake/export_my_msgs__rosidl_generator_cExport.cmake
[1.848s] -- Installing: /home/tdt/tool/ros/install/my_msgs/share/my_msgs/cmake/export_my_msgs__rosidl_generator_cExport-noconfig.cmake
[1.848s] -- Installing: /home/tdt/tool/ros/install/my_msgs/share/my_msgs/cmake/export_my_msgs__rosidl_typesupport_fastrtps_cExport.cmake
[1.848s] -- Installing: /home/tdt/tool/ros/install/my_msgs/share/my_msgs/cmake/export_my_msgs__rosidl_typesupport_fastrtps_cExport-noconfig.cmake
[1.848s] -- Installing: /home/tdt/tool/ros/install/my_msgs/share/my_msgs/cmake/export_my_msgs__rosidl_generator_cppExport.cmake
[1.848s] -- Installing: /home/tdt/tool/ros/install/my_msgs/share/my_msgs/cmake/export_my_msgs__rosidl_typesupport_fastrtps_cppExport.cmake
[1.848s] -- Installing: /home/tdt/tool/ros/install/my_msgs/share/my_msgs/cmake/export_my_msgs__rosidl_typesupport_fastrtps_cppExport-noconfig.cmake
[1.848s] -- Installing: /home/tdt/tool/ros/install/my_msgs/share/my_msgs/cmake/my_msgs__rosidl_typesupport_introspection_cExport.cmake
[1.848s] -- Installing: /home/tdt/tool/ros/install/my_msgs/share/my_msgs/cmake/my_msgs__rosidl_typesupport_introspection_cExport-noconfig.cmake
[1.848s] -- Installing: /home/tdt/tool/ros/install/my_msgs/share/my_msgs/cmake/my_msgs__rosidl_typesupport_cExport.cmake
[1.848s] -- Installing: /home/tdt/tool/ros/install/my_msgs/share/my_msgs/cmake/my_msgs__rosidl_typesupport_cExport-noconfig.cmake
[1.848s] -- Installing: /home/tdt/tool/ros/install/my_msgs/share/my_msgs/cmake/my_msgs__rosidl_typesupport_introspection_cppExport.cmake
[1.848s] -- Installing: /home/tdt/tool/ros/install/my_msgs/share/my_msgs/cmake/my_msgs__rosidl_typesupport_introspection_cppExport-noconfig.cmake
[1.848s] -- Installing: /home/tdt/tool/ros/install/my_msgs/share/my_msgs/cmake/my_msgs__rosidl_typesupport_cppExport.cmake
[1.848s] -- Installing: /home/tdt/tool/ros/install/my_msgs/share/my_msgs/cmake/my_msgs__rosidl_typesupport_cppExport-noconfig.cmake
[1.848s] -- Installing: /home/tdt/tool/ros/install/my_msgs/share/my_msgs/cmake/export_my_msgs__rosidl_generator_pyExport.cmake
[1.848s] -- Installing: /home/tdt/tool/ros/install/my_msgs/share/my_msgs/cmake/export_my_msgs__rosidl_generator_pyExport-noconfig.cmake
[1.848s] -- Installing: /home/tdt/tool/ros/install/my_msgs/share/my_msgs/cmake/rosidl_cmake-extras.cmake
[1.848s] -- Installing: /home/tdt/tool/ros/install/my_msgs/share/my_msgs/cmake/ament_cmake_export_dependencies-extras.cmake
[1.848s] -- Installing: /home/tdt/tool/ros/install/my_msgs/share/my_msgs/cmake/ament_cmake_export_include_directories-extras.cmake
[1.848s] -- Installing: /home/tdt/tool/ros/install/my_msgs/share/my_msgs/cmake/ament_cmake_export_libraries-extras.cmake
[1.848s] -- Installing: /home/tdt/tool/ros/install/my_msgs/share/my_msgs/cmake/ament_cmake_export_targets-extras.cmake
[1.848s] -- Installing: /home/tdt/tool/ros/install/my_msgs/share/my_msgs/cmake/rosidl_cmake_export_typesupport_targets-extras.cmake
[1.848s] -- Installing: /home/tdt/tool/ros/install/my_msgs/share/my_msgs/cmake/rosidl_cmake_export_typesupport_libraries-extras.cmake
[1.848s] -- Installing: /home/tdt/tool/ros/install/my_msgs/share/my_msgs/cmake/my_msgsConfig.cmake
[1.848s] -- Up-to-date: /home/tdt/tool/ros/install/my_msgs/share/my_msgs/cmake/my_msgsConfig-version.cmake
[1.848s] -- Installing: /home/tdt/tool/ros/install/my_msgs/share/my_msgs/package.xml
[1.848s] Invoked command in '/home/tdt/tool/ros/build/my_msgs' returned '0': CMAKE_PREFIX_PATH=${CMAKE_PREFIX_PATH}:/opt/ros/humble /usr/bin/cmake --install /home/tdt/tool/ros/build/my_msgs
