[0.009s] Invoking command in '/home/tdt/tool/ros/build/my_custom_msgs': CMAKE_PREFIX_PATH=${CMAKE_PREFIX_PATH}:/opt/ros/humble /usr/bin/cmake /home/tdt/tool/ros/src/my_msgs -DCMAKE_INSTALL_PREFIX=/home/tdt/tool/ros/install/my_custom_msgs
[0.018s] -- Found ament_cmake: 1.3.12 (/opt/ros/humble/share/ament_cmake/cmake)
[0.101s] -- Found rclcpp: 16.0.15 (/opt/ros/humble/share/rclcpp/cmake)
[0.119s] -- Found rosidl_generator_c: 3.1.7 (/opt/ros/humble/share/rosidl_generator_c/cmake)
[0.121s] -- Found rosidl_adapter: 3.1.7 (/opt/ros/humble/share/rosidl_adapter/cmake)
[0.125s] -- Found rosidl_generator_cpp: 3.1.7 (/opt/ros/humble/share/rosidl_generator_cpp/cmake)
[0.130s] -- Using all available rosidl_typesupport_c: rosidl_typesupport_fastrtps_c;rosidl_typesupport_introspection_c
[0.137s] -- Using all available rosidl_typesupport_cpp: rosidl_typesupport_fastrtps_cpp;rosidl_typesupport_introspection_cpp
[0.153s] -- Found rmw_implementation_cmake: 6.1.2 (/opt/ros/humble/share/rmw_implementation_cmake/cmake)
[0.153s] -- Found rmw_fastrtps_cpp: 6.2.8 (/opt/ros/humble/share/rmw_fastrtps_cpp/cmake)
[0.198s] -- Using RMW implementation 'rmw_fastrtps_cpp' as default
[0.220s] -- Found rclpy: 3.3.17 (/opt/ros/humble/share/rclpy/cmake)
[0.221s] -- Found rosidl_default_generators: 1.2.0 (/opt/ros/humble/share/rosidl_default_generators/cmake)
[0.316s] -- Configuring incomplete, errors occurred!
[0.316s] See also "/home/tdt/tool/ros/build/my_custom_msgs/CMakeFiles/CMakeOutput.log".
[0.316s] [31mCMake Error at /opt/ros/humble/share/ament_cmake_core/cmake/core/ament_package_xml.cmake:53 (message):
[0.316s]   ament_package_xml() package name 'my_custom_msgs' in '/package.xml' does
[0.316s]   not match current PROJECT_NAME 'my_msgs'.  You must call project() with the
[0.316s]   same package name before.
[0.316s] Call Stack (most recent call first):
[0.316s]   /opt/ros/humble/share/rosidl_cmake/cmake/rosidl_generate_interfaces.cmake:226 (ament_package_xml)
[0.316s]   CMakeLists.txt:22 (rosidl_generate_interfaces)
[0.316s] 
[0.316s] [0m
[0.321s] Invoked command in '/home/tdt/tool/ros/build/my_custom_msgs' returned '1': CMAKE_PREFIX_PATH=${CMAKE_PREFIX_PATH}:/opt/ros/humble /usr/bin/cmake /home/tdt/tool/ros/src/my_msgs -DCMAKE_INSTALL_PREFIX=/home/tdt/tool/ros/install/my_custom_msgs
