[0.069s] [34mcolcon[0m [1;30mDEBUG[0m [32mCommand line arguments: ['/usr/bin/colcon', 'build'][0m
[0.069s] [34mcolcon[0m [1;30mDEBUG[0m [32mParsed command line arguments: Namespace(log_base=None, log_level=None, verb_name='build', build_base='build', install_base='install', merge_install=False, symlink_install=False, test_result_base=None, continue_on_error=False, executor='parallel', parallel_workers=24, event_handlers=None, ignore_user_meta=False, metas=['./colcon.meta'], base_paths=['.'], packages_ignore=None, packages_ignore_regex=None, paths=None, packages_up_to=None, packages_up_to_regex=None, packages_above=None, packages_above_and_dependencies=None, packages_above_depth=None, packages_select_by_dep=None, packages_skip_by_dep=None, packages_skip_up_to=None, packages_select_build_failed=False, packages_skip_build_finished=False, packages_select_test_failures=False, packages_skip_test_passed=False, packages_select=None, packages_skip=None, packages_select_regex=None, packages_skip_regex=None, packages_start=None, packages_end=None, allow_overriding=[], cmake_args=None, cmake_target=None, cmake_target_skip_unavailable=False, cmake_clean_cache=False, cmake_clean_first=False, cmake_force_configure=False, ament_cmake_args=None, catkin_cmake_args=None, catkin_skip_building_tests=False, verb_parser=<colcon_defaults.argument_parser.defaults.DefaultArgumentsDecorator object at 0x7c653420a590>, verb_extension=<colcon_core.verb.build.BuildVerb object at 0x7c6534348040>, main=<bound method BuildVerb.main of <colcon_core.verb.build.BuildVerb object at 0x7c6534348040>>)[0m
[0.132s] [34mcolcon.colcon_core.package_discovery[0m [1;30mLevel 1[0m discover_packages(colcon_meta) check parameters
[0.132s] [34mcolcon.colcon_core.package_discovery[0m [1;30mLevel 1[0m discover_packages(recursive) check parameters
[0.132s] [34mcolcon.colcon_core.package_discovery[0m [1;30mLevel 1[0m discover_packages(ignore) check parameters
[0.132s] [34mcolcon.colcon_core.package_discovery[0m [1;30mLevel 1[0m discover_packages(path) check parameters
[0.132s] [34mcolcon.colcon_core.package_discovery[0m [1;30mLevel 1[0m discover_packages(colcon_meta) discover
[0.132s] [34mcolcon.colcon_core.package_discovery[0m [1;30mLevel 1[0m discover_packages(recursive) discover
[0.132s] [34mcolcon.colcon_core.package_discovery[0m [1;30mINFO[0m Crawling recursively for packages in '/home/tdt/tool/ros'
[0.132s] [34mcolcon.colcon_core.package_identification[0m [1;30mLevel 1[0m _identify(.) by extensions ['ignore', 'ignore_ament_install']
[0.132s] [34mcolcon.colcon_core.package_identification[0m [1;30mLevel 1[0m _identify(.) by extension 'ignore'
[0.132s] [34mcolcon.colcon_core.package_identification[0m [1;30mLevel 1[0m _identify(.) by extension 'ignore_ament_install'
[0.132s] [34mcolcon.colcon_core.package_identification[0m [1;30mLevel 1[0m _identify(.) by extensions ['colcon_pkg']
[0.132s] [34mcolcon.colcon_core.package_identification[0m [1;30mLevel 1[0m _identify(.) by extension 'colcon_pkg'
[0.132s] [34mcolcon.colcon_core.package_identification[0m [1;30mLevel 1[0m _identify(.) by extensions ['colcon_meta']
[0.132s] [34mcolcon.colcon_core.package_identification[0m [1;30mLevel 1[0m _identify(.) by extension 'colcon_meta'
[0.132s] [34mcolcon.colcon_core.package_identification[0m [1;30mLevel 1[0m _identify(.) by extensions ['ros']
[0.132s] [34mcolcon.colcon_core.package_identification[0m [1;30mLevel 1[0m _identify(.) by extension 'ros'
[0.137s] [34mcolcon.colcon_core.package_identification[0m [1;30mLevel 1[0m _identify(.) by extensions ['cmake', 'python']
[0.137s] [34mcolcon.colcon_core.package_identification[0m [1;30mLevel 1[0m _identify(.) by extension 'cmake'
[0.137s] [34mcolcon.colcon_core.package_identification[0m [1;30mLevel 1[0m _identify(.) by extension 'python'
[0.137s] [34mcolcon.colcon_core.package_identification[0m [1;30mLevel 1[0m _identify(.) by extensions ['python_setup_py']
[0.137s] [34mcolcon.colcon_core.package_identification[0m [1;30mLevel 1[0m _identify(.) by extension 'python_setup_py'
[0.137s] [34mcolcon.colcon_core.package_identification[0m [1;30mLevel 1[0m _identify(build) by extensions ['ignore', 'ignore_ament_install']
[0.137s] [34mcolcon.colcon_core.package_identification[0m [1;30mLevel 1[0m _identify(build) by extension 'ignore'
[0.137s] [34mcolcon.colcon_core.package_identification[0m [1;30mLevel 1[0m _identify(build) ignored
[0.137s] [34mcolcon.colcon_core.package_identification[0m [1;30mLevel 1[0m _identify(install) by extensions ['ignore', 'ignore_ament_install']
[0.137s] [34mcolcon.colcon_core.package_identification[0m [1;30mLevel 1[0m _identify(install) by extension 'ignore'
[0.137s] [34mcolcon.colcon_core.package_identification[0m [1;30mLevel 1[0m _identify(install) ignored
[0.137s] [34mcolcon.colcon_core.package_identification[0m [1;30mLevel 1[0m _identify(log) by extensions ['ignore', 'ignore_ament_install']
[0.137s] [34mcolcon.colcon_core.package_identification[0m [1;30mLevel 1[0m _identify(log) by extension 'ignore'
[0.137s] [34mcolcon.colcon_core.package_identification[0m [1;30mLevel 1[0m _identify(log) ignored
[0.137s] [34mcolcon.colcon_core.package_identification[0m [1;30mLevel 1[0m _identify(src) by extensions ['ignore', 'ignore_ament_install']
[0.137s] [34mcolcon.colcon_core.package_identification[0m [1;30mLevel 1[0m _identify(src) by extension 'ignore'
[0.137s] [34mcolcon.colcon_core.package_identification[0m [1;30mLevel 1[0m _identify(src) by extension 'ignore_ament_install'
[0.137s] [34mcolcon.colcon_core.package_identification[0m [1;30mLevel 1[0m _identify(src) by extensions ['colcon_pkg']
[0.137s] [34mcolcon.colcon_core.package_identification[0m [1;30mLevel 1[0m _identify(src) by extension 'colcon_pkg'
[0.137s] [34mcolcon.colcon_core.package_identification[0m [1;30mLevel 1[0m _identify(src) by extensions ['colcon_meta']
[0.137s] [34mcolcon.colcon_core.package_identification[0m [1;30mLevel 1[0m _identify(src) by extension 'colcon_meta'
[0.137s] [34mcolcon.colcon_core.package_identification[0m [1;30mLevel 1[0m _identify(src) by extensions ['ros']
[0.137s] [34mcolcon.colcon_core.package_identification[0m [1;30mLevel 1[0m _identify(src) by extension 'ros'
[0.137s] [34mcolcon.colcon_core.package_identification[0m [1;30mLevel 1[0m _identify(src) by extensions ['cmake', 'python']
[0.137s] [34mcolcon.colcon_core.package_identification[0m [1;30mLevel 1[0m _identify(src) by extension 'cmake'
[0.137s] [34mcolcon.colcon_core.package_identification[0m [1;30mLevel 1[0m _identify(src) by extension 'python'
[0.137s] [34mcolcon.colcon_core.package_identification[0m [1;30mLevel 1[0m _identify(src) by extensions ['python_setup_py']
[0.137s] [34mcolcon.colcon_core.package_identification[0m [1;30mLevel 1[0m _identify(src) by extension 'python_setup_py'
[0.138s] [34mcolcon.colcon_core.package_identification[0m [1;30mLevel 1[0m _identify(src/my_msgs) by extensions ['ignore', 'ignore_ament_install']
[0.138s] [34mcolcon.colcon_core.package_identification[0m [1;30mLevel 1[0m _identify(src/my_msgs) by extension 'ignore'
[0.138s] [34mcolcon.colcon_core.package_identification[0m [1;30mLevel 1[0m _identify(src/my_msgs) by extension 'ignore_ament_install'
[0.138s] [34mcolcon.colcon_core.package_identification[0m [1;30mLevel 1[0m _identify(src/my_msgs) by extensions ['colcon_pkg']
[0.138s] [34mcolcon.colcon_core.package_identification[0m [1;30mLevel 1[0m _identify(src/my_msgs) by extension 'colcon_pkg'
[0.138s] [34mcolcon.colcon_core.package_identification[0m [1;30mLevel 1[0m _identify(src/my_msgs) by extensions ['colcon_meta']
[0.138s] [34mcolcon.colcon_core.package_identification[0m [1;30mLevel 1[0m _identify(src/my_msgs) by extension 'colcon_meta'
[0.138s] [34mcolcon.colcon_core.package_identification[0m [1;30mLevel 1[0m _identify(src/my_msgs) by extensions ['ros']
[0.138s] [34mcolcon.colcon_core.package_identification[0m [1;30mLevel 1[0m _identify(src/my_msgs) by extension 'ros'
[0.138s] [34mcolcon.colcon_core.package_identification[0m [1;30mDEBUG[0m [32mFailed to parse potential ROS package manifest in'src/my_msgs': Error(s) in package 'src/my_msgs/package.xml':
Error(s):
- The manifest of package "my_msgs" (with format version 2) must not contain the following tags: member_of_group[0m
[0.139s] [34mcolcon.colcon_core.package_identification[0m [1;30mLevel 1[0m _identify(src/my_msgs) by extensions ['cmake', 'python']
[0.139s] [34mcolcon.colcon_core.package_identification[0m [1;30mLevel 1[0m _identify(src/my_msgs) by extension 'cmake'
[0.139s] [34mcolcon.colcon_core.package_identification[0m [1;30mLevel 1[0m _identify(src/my_msgs) by extension 'python'
[0.139s] [34mcolcon.colcon_core.package_identification[0m [1;30mDEBUG[0m [32mPackage 'src/my_msgs' with type 'cmake' and name 'my_msgs'[0m
[0.139s] [34mcolcon.colcon_core.package_identification[0m [1;30mLevel 1[0m _identify(src/project1) by extensions ['ignore', 'ignore_ament_install']
[0.139s] [34mcolcon.colcon_core.package_identification[0m [1;30mLevel 1[0m _identify(src/project1) by extension 'ignore'
[0.139s] [34mcolcon.colcon_core.package_identification[0m [1;30mLevel 1[0m _identify(src/project1) by extension 'ignore_ament_install'
[0.139s] [34mcolcon.colcon_core.package_identification[0m [1;30mLevel 1[0m _identify(src/project1) by extensions ['colcon_pkg']
[0.139s] [34mcolcon.colcon_core.package_identification[0m [1;30mLevel 1[0m _identify(src/project1) by extension 'colcon_pkg'
[0.139s] [34mcolcon.colcon_core.package_identification[0m [1;30mLevel 1[0m _identify(src/project1) by extensions ['colcon_meta']
[0.139s] [34mcolcon.colcon_core.package_identification[0m [1;30mLevel 1[0m _identify(src/project1) by extension 'colcon_meta'
[0.139s] [34mcolcon.colcon_core.package_identification[0m [1;30mLevel 1[0m _identify(src/project1) by extensions ['ros']
[0.139s] [34mcolcon.colcon_core.package_identification[0m [1;30mLevel 1[0m _identify(src/project1) by extension 'ros'
[0.140s] [34mcolcon.colcon_core.package_identification[0m [1;30mDEBUG[0m [32mPackage 'src/project1' with type 'ros.ament_cmake' and name 'project1'[0m
[0.140s] [34mcolcon.colcon_core.package_discovery[0m [1;30mLevel 1[0m discover_packages(recursive) using defaults
[0.140s] [34mcolcon.colcon_core.package_discovery[0m [1;30mLevel 1[0m discover_packages(ignore) discover
[0.140s] [34mcolcon.colcon_core.package_discovery[0m [1;30mLevel 1[0m discover_packages(ignore) using defaults
[0.140s] [34mcolcon.colcon_core.package_discovery[0m [1;30mLevel 1[0m discover_packages(path) discover
[0.140s] [34mcolcon.colcon_core.package_discovery[0m [1;30mLevel 1[0m discover_packages(path) using defaults
[0.153s] [34mcolcon.colcon_core.package_discovery[0m [1;30mLevel 1[0m discover_packages(prefix_path) check parameters
[0.153s] [34mcolcon.colcon_core.package_discovery[0m [1;30mLevel 1[0m discover_packages(prefix_path) discover
[0.153s] [34mcolcon.colcon_installed_package_information.package_discovery[0m [1;30mDEBUG[0m [32mFound 2 installed packages in /home/tdt/tool/ros/install[0m
[0.154s] [34mcolcon.colcon_installed_package_information.package_discovery[0m [1;30mDEBUG[0m [32mFound 271 installed packages in /opt/ros/humble[0m
[0.154s] [34mcolcon.colcon_core.package_discovery[0m [1;30mLevel 1[0m discover_packages(prefix_path) using defaults
[0.168s] [34mcolcon.colcon_core.verb[0m [1;30mLevel 5[0m set package 'my_msgs' build argument 'cmake_args' from command line to 'None'
[0.168s] [34mcolcon.colcon_core.verb[0m [1;30mLevel 5[0m set package 'my_msgs' build argument 'cmake_target' from command line to 'None'
[0.168s] [34mcolcon.colcon_core.verb[0m [1;30mLevel 5[0m set package 'my_msgs' build argument 'cmake_target_skip_unavailable' from command line to 'False'
[0.168s] [34mcolcon.colcon_core.verb[0m [1;30mLevel 5[0m set package 'my_msgs' build argument 'cmake_clean_cache' from command line to 'False'
[0.168s] [34mcolcon.colcon_core.verb[0m [1;30mLevel 5[0m set package 'my_msgs' build argument 'cmake_clean_first' from command line to 'False'
[0.168s] [34mcolcon.colcon_core.verb[0m [1;30mLevel 5[0m set package 'my_msgs' build argument 'cmake_force_configure' from command line to 'False'
[0.168s] [34mcolcon.colcon_core.verb[0m [1;30mLevel 5[0m set package 'my_msgs' build argument 'ament_cmake_args' from command line to 'None'
[0.168s] [34mcolcon.colcon_core.verb[0m [1;30mLevel 5[0m set package 'my_msgs' build argument 'catkin_cmake_args' from command line to 'None'
[0.168s] [34mcolcon.colcon_core.verb[0m [1;30mLevel 5[0m set package 'my_msgs' build argument 'catkin_skip_building_tests' from command line to 'False'
[0.168s] [34mcolcon.colcon_core.verb[0m [1;30mDEBUG[0m [32mBuilding package 'my_msgs' with the following arguments: {'ament_cmake_args': None, 'build_base': '/home/tdt/tool/ros/build/my_msgs', 'catkin_cmake_args': None, 'catkin_skip_building_tests': False, 'cmake_args': None, 'cmake_clean_cache': False, 'cmake_clean_first': False, 'cmake_force_configure': False, 'cmake_target': None, 'cmake_target_skip_unavailable': False, 'install_base': '/home/tdt/tool/ros/install/my_msgs', 'merge_install': False, 'path': '/home/tdt/tool/ros/src/my_msgs', 'symlink_install': False, 'test_result_base': None}[0m
[0.169s] [34mcolcon.colcon_core.verb[0m [1;30mLevel 5[0m set package 'project1' build argument 'cmake_args' from command line to 'None'
[0.169s] [34mcolcon.colcon_core.verb[0m [1;30mLevel 5[0m set package 'project1' build argument 'cmake_target' from command line to 'None'
[0.169s] [34mcolcon.colcon_core.verb[0m [1;30mLevel 5[0m set package 'project1' build argument 'cmake_target_skip_unavailable' from command line to 'False'
[0.169s] [34mcolcon.colcon_core.verb[0m [1;30mLevel 5[0m set package 'project1' build argument 'cmake_clean_cache' from command line to 'False'
[0.169s] [34mcolcon.colcon_core.verb[0m [1;30mLevel 5[0m set package 'project1' build argument 'cmake_clean_first' from command line to 'False'
[0.169s] [34mcolcon.colcon_core.verb[0m [1;30mLevel 5[0m set package 'project1' build argument 'cmake_force_configure' from command line to 'False'
[0.169s] [34mcolcon.colcon_core.verb[0m [1;30mLevel 5[0m set package 'project1' build argument 'ament_cmake_args' from command line to 'None'
[0.169s] [34mcolcon.colcon_core.verb[0m [1;30mLevel 5[0m set package 'project1' build argument 'catkin_cmake_args' from command line to 'None'
[0.169s] [34mcolcon.colcon_core.verb[0m [1;30mLevel 5[0m set package 'project1' build argument 'catkin_skip_building_tests' from command line to 'False'
[0.169s] [34mcolcon.colcon_core.verb[0m [1;30mDEBUG[0m [32mBuilding package 'project1' with the following arguments: {'ament_cmake_args': None, 'build_base': '/home/tdt/tool/ros/build/project1', 'catkin_cmake_args': None, 'catkin_skip_building_tests': False, 'cmake_args': None, 'cmake_clean_cache': False, 'cmake_clean_first': False, 'cmake_force_configure': False, 'cmake_target': None, 'cmake_target_skip_unavailable': False, 'install_base': '/home/tdt/tool/ros/install/project1', 'merge_install': False, 'path': '/home/tdt/tool/ros/src/project1', 'symlink_install': False, 'test_result_base': None}[0m
[0.169s] [34mcolcon.colcon_core.executor[0m [1;30mINFO[0m Executing jobs using 'parallel' executor
[0.170s] [34mcolcon.colcon_parallel_executor.executor.parallel[0m [1;30mDEBUG[0m [32mrun_until_complete[0m
[0.170s] [34mcolcon.colcon_cmake.task.cmake.build[0m [1;30mINFO[0m Building CMake package in '/home/tdt/tool/ros/src/my_msgs'
[0.171s] [34mcolcon.colcon_core.plugin_system[0m [1;30mINFO[0m Skipping extension 'colcon_core.shell.bat': Not used on non-Windows systems
[0.172s] [34mcolcon.colcon_core.shell[0m [1;30mINFO[0m Skip shell extension 'powershell' for command environment: Not usable outside of PowerShell
[0.172s] [34mcolcon.colcon_core.shell[0m [1;30mDEBUG[0m [32mSkip shell extension 'dsv' for command environment[0m
[0.174s] [34mcolcon.colcon_ros.task.ament_cmake.build[0m [1;30mINFO[0m Building ROS package in '/home/tdt/tool/ros/src/project1' with build type 'ament_cmake'
[0.174s] [34mcolcon.colcon_cmake.task.cmake.build[0m [1;30mINFO[0m Building CMake package in '/home/tdt/tool/ros/src/project1'
[0.174s] [34mcolcon.colcon_core.shell[0m [1;30mINFO[0m Skip shell extension 'powershell' for command environment: Not usable outside of PowerShell
[0.174s] [34mcolcon.colcon_core.shell[0m [1;30mDEBUG[0m [32mSkip shell extension 'dsv' for command environment[0m
[0.178s] [34mcolcon.colcon_core.event_handler.log_command[0m [1;30mDEBUG[0m [32mInvoking command in '/home/tdt/tool/ros/build/my_msgs': /usr/bin/cmake --build /home/tdt/tool/ros/build/my_msgs -- -j24 -l24[0m
[0.181s] [34mcolcon.colcon_core.event_handler.log_command[0m [1;30mDEBUG[0m [32mInvoking command in '/home/tdt/tool/ros/build/project1': CMAKE_PREFIX_PATH=${CMAKE_PREFIX_PATH}:/opt/ros/humble /usr/bin/cmake --build /home/tdt/tool/ros/build/project1 -- -j24 -l24[0m
[0.221s] [34mcolcon.colcon_core.event_handler.log_command[0m [1;30mDEBUG[0m [32mInvoked command in '/home/tdt/tool/ros/build/project1' returned '0': CMAKE_PREFIX_PATH=${CMAKE_PREFIX_PATH}:/opt/ros/humble /usr/bin/cmake --build /home/tdt/tool/ros/build/project1 -- -j24 -l24[0m
[0.229s] [34mcolcon.colcon_core.event_handler.log_command[0m [1;30mDEBUG[0m [32mInvoking command in '/home/tdt/tool/ros/build/project1': CMAKE_PREFIX_PATH=${CMAKE_PREFIX_PATH}:/opt/ros/humble /usr/bin/cmake --install /home/tdt/tool/ros/build/project1[0m
[0.236s] [34mcolcon.colcon_core.environment[0m [1;30mLevel 1[0m create_environment_scripts_only(project1)
[0.237s] [34mcolcon.colcon_core.event_handler.log_command[0m [1;30mDEBUG[0m [32mInvoked command in '/home/tdt/tool/ros/build/project1' returned '0': CMAKE_PREFIX_PATH=${CMAKE_PREFIX_PATH}:/opt/ros/humble /usr/bin/cmake --install /home/tdt/tool/ros/build/project1[0m
[0.238s] [34mcolcon.colcon_core.environment[0m [1;30mLevel 1[0m checking '/home/tdt/tool/ros/install/project1' for CMake module files
[0.238s] [34mcolcon.colcon_core.environment[0m [1;30mLevel 1[0m checking '/home/tdt/tool/ros/install/project1' for CMake config files
[0.238s] [34mcolcon.colcon_core.shell[0m [1;30mLevel 1[0m create_environment_hook('project1', 'cmake_prefix_path')
[0.238s] [34mcolcon.colcon_core.shell[0m [1;30mINFO[0m Creating environment hook '/home/tdt/tool/ros/install/project1/share/project1/hook/cmake_prefix_path.ps1'
[0.238s] [34mcolcon.colcon_core.shell[0m [1;30mINFO[0m Creating environment descriptor '/home/tdt/tool/ros/install/project1/share/project1/hook/cmake_prefix_path.dsv'
[0.239s] [34mcolcon.colcon_core.shell[0m [1;30mINFO[0m Creating environment hook '/home/tdt/tool/ros/install/project1/share/project1/hook/cmake_prefix_path.sh'
[0.239s] [34mcolcon.colcon_core.environment[0m [1;30mLevel 1[0m checking '/home/tdt/tool/ros/install/project1/lib'
[0.239s] [34mcolcon.colcon_core.environment[0m [1;30mLevel 1[0m checking '/home/tdt/tool/ros/install/project1/bin'
[0.239s] [34mcolcon.colcon_core.environment[0m [1;30mLevel 1[0m checking '/home/tdt/tool/ros/install/project1/lib/pkgconfig/project1.pc'
[0.240s] [34mcolcon.colcon_core.environment[0m [1;30mLevel 1[0m checking '/home/tdt/tool/ros/install/project1/lib/python3.10/site-packages'
[0.240s] [34mcolcon.colcon_core.environment[0m [1;30mLevel 1[0m checking '/home/tdt/tool/ros/install/project1/bin'
[0.240s] [34mcolcon.colcon_core.shell[0m [1;30mINFO[0m Creating package script '/home/tdt/tool/ros/install/project1/share/project1/package.ps1'
[0.240s] [34mcolcon.colcon_core.shell[0m [1;30mINFO[0m Creating package descriptor '/home/tdt/tool/ros/install/project1/share/project1/package.dsv'
[0.240s] [34mcolcon.colcon_core.shell[0m [1;30mINFO[0m Creating package script '/home/tdt/tool/ros/install/project1/share/project1/package.sh'
[0.241s] [34mcolcon.colcon_core.shell[0m [1;30mINFO[0m Creating package script '/home/tdt/tool/ros/install/project1/share/project1/package.bash'
[0.241s] [34mcolcon.colcon_core.shell[0m [1;30mINFO[0m Creating package script '/home/tdt/tool/ros/install/project1/share/project1/package.zsh'
[0.242s] [34mcolcon.colcon_core.environment[0m [1;30mLevel 1[0m create_file_with_runtime_dependencies(/home/tdt/tool/ros/install/project1/share/colcon-core/packages/project1)
[0.242s] [34mcolcon.colcon_core.environment[0m [1;30mLevel 1[0m create_environment_scripts_only(project1)
[0.242s] [34mcolcon.colcon_core.environment[0m [1;30mLevel 1[0m checking '/home/tdt/tool/ros/install/project1' for CMake module files
[0.242s] [34mcolcon.colcon_core.environment[0m [1;30mLevel 1[0m checking '/home/tdt/tool/ros/install/project1' for CMake config files
[0.242s] [34mcolcon.colcon_core.shell[0m [1;30mLevel 1[0m create_environment_hook('project1', 'cmake_prefix_path')
[0.242s] [34mcolcon.colcon_core.shell[0m [1;30mINFO[0m Creating environment hook '/home/tdt/tool/ros/install/project1/share/project1/hook/cmake_prefix_path.ps1'
[0.243s] [34mcolcon.colcon_core.shell[0m [1;30mINFO[0m Creating environment descriptor '/home/tdt/tool/ros/install/project1/share/project1/hook/cmake_prefix_path.dsv'
[0.243s] [34mcolcon.colcon_core.shell[0m [1;30mINFO[0m Creating environment hook '/home/tdt/tool/ros/install/project1/share/project1/hook/cmake_prefix_path.sh'
[0.243s] [34mcolcon.colcon_core.environment[0m [1;30mLevel 1[0m checking '/home/tdt/tool/ros/install/project1/lib'
[0.243s] [34mcolcon.colcon_core.environment[0m [1;30mLevel 1[0m checking '/home/tdt/tool/ros/install/project1/bin'
[0.243s] [34mcolcon.colcon_core.environment[0m [1;30mLevel 1[0m checking '/home/tdt/tool/ros/install/project1/lib/pkgconfig/project1.pc'
[0.244s] [34mcolcon.colcon_core.environment[0m [1;30mLevel 1[0m checking '/home/tdt/tool/ros/install/project1/lib/python3.10/site-packages'
[0.244s] [34mcolcon.colcon_core.environment[0m [1;30mLevel 1[0m checking '/home/tdt/tool/ros/install/project1/bin'
[0.244s] [34mcolcon.colcon_core.shell[0m [1;30mINFO[0m Creating package script '/home/tdt/tool/ros/install/project1/share/project1/package.ps1'
[0.244s] [34mcolcon.colcon_core.shell[0m [1;30mINFO[0m Creating package descriptor '/home/tdt/tool/ros/install/project1/share/project1/package.dsv'
[0.244s] [34mcolcon.colcon_core.shell[0m [1;30mINFO[0m Creating package script '/home/tdt/tool/ros/install/project1/share/project1/package.sh'
[0.245s] [34mcolcon.colcon_core.shell[0m [1;30mINFO[0m Creating package script '/home/tdt/tool/ros/install/project1/share/project1/package.bash'
[0.245s] [34mcolcon.colcon_core.shell[0m [1;30mINFO[0m Creating package script '/home/tdt/tool/ros/install/project1/share/project1/package.zsh'
[0.245s] [34mcolcon.colcon_core.environment[0m [1;30mLevel 1[0m create_file_with_runtime_dependencies(/home/tdt/tool/ros/install/project1/share/colcon-core/packages/project1)
[0.325s] [34mcolcon.colcon_core.event_handler.log_command[0m [1;30mDEBUG[0m [32mInvoked command in '/home/tdt/tool/ros/build/my_msgs' returned '2': /usr/bin/cmake --build /home/tdt/tool/ros/build/my_msgs -- -j24 -l24[0m
[0.335s] [34mcolcon.colcon_parallel_executor.executor.parallel[0m [1;30mDEBUG[0m [32mclosing loop[0m
[0.335s] [34mcolcon.colcon_parallel_executor.executor.parallel[0m [1;30mDEBUG[0m [32mloop closed[0m
[0.335s] [34mcolcon.colcon_parallel_executor.executor.parallel[0m [1;30mDEBUG[0m [32mrun_until_complete finished with '2'[0m
[0.335s] [34mcolcon.colcon_core.event_reactor[0m [1;30mDEBUG[0m [32mjoining thread[0m
[0.339s] [34mcolcon.colcon_core.plugin_system[0m [1;30mINFO[0m Skipping extension 'colcon_notification.desktop_notification.terminal_notifier': Not used on non-Darwin systems
[0.339s] [34mcolcon.colcon_core.plugin_system[0m [1;30mINFO[0m Skipping extension 'colcon_notification.desktop_notification.win32': Not used on non-Windows systems
[0.339s] [34mcolcon.colcon_notification.desktop_notification[0m [1;30mINFO[0m Sending desktop notification using 'notify2'
[0.346s] [34mcolcon.colcon_core.event_reactor[0m [1;30mDEBUG[0m [32mjoined thread[0m
[0.346s] [34mcolcon.colcon_core.shell[0m [1;30mINFO[0m Creating prefix script '/home/tdt/tool/ros/install/local_setup.ps1'
[0.346s] [34mcolcon.colcon_core.shell[0m [1;30mINFO[0m Creating prefix util module '/home/tdt/tool/ros/install/_local_setup_util_ps1.py'
[0.347s] [34mcolcon.colcon_core.shell[0m [1;30mINFO[0m Creating prefix chain script '/home/tdt/tool/ros/install/setup.ps1'
[0.348s] [34mcolcon.colcon_core.shell[0m [1;30mINFO[0m Creating prefix script '/home/tdt/tool/ros/install/local_setup.sh'
[0.348s] [34mcolcon.colcon_core.shell[0m [1;30mINFO[0m Creating prefix util module '/home/tdt/tool/ros/install/_local_setup_util_sh.py'
[0.348s] [34mcolcon.colcon_core.shell[0m [1;30mINFO[0m Creating prefix chain script '/home/tdt/tool/ros/install/setup.sh'
[0.348s] [34mcolcon.colcon_core.shell[0m [1;30mINFO[0m Creating prefix script '/home/tdt/tool/ros/install/local_setup.bash'
[0.349s] [34mcolcon.colcon_core.shell[0m [1;30mINFO[0m Creating prefix chain script '/home/tdt/tool/ros/install/setup.bash'
[0.349s] [34mcolcon.colcon_core.shell[0m [1;30mINFO[0m Creating prefix script '/home/tdt/tool/ros/install/local_setup.zsh'
[0.349s] [34mcolcon.colcon_core.shell[0m [1;30mINFO[0m Creating prefix chain script '/home/tdt/tool/ros/install/setup.zsh'
