[0.008s] Invoking command in '/home/tdt/tool/ros/build/my_msgs': CMAKE_PREFIX_PATH=${CMAKE_PREFIX_PATH}:/opt/ros/humble /usr/bin/cmake --build /home/tdt/tool/ros/build/my_msgs -- -j24 -l24
[0.046s] [  3%] Built target my_msgs__cpp
[0.047s] [ 12%] Built target my_msgs__rosidl_generator_c
[0.055s] [ 12%] Built target ament_cmake_python_copy_my_msgs
[0.065s] [ 25%] Built target my_msgs__rosidl_typesupport_cpp
[0.066s] [ 32%] Built target my_msgs__rosidl_typesupport_c
[0.066s] [ 41%] Built target my_msgs__rosidl_typesupport_introspection_c
[0.067s] [ 51%] Built target my_msgs__rosidl_typesupport_fastrtps_c
[0.067s] [ 61%] Built target my_msgs__rosidl_typesupport_fastrtps_cpp
[0.068s] [ 70%] Built target my_msgs__rosidl_typesupport_introspection_cpp
[0.085s] [ 70%] Built target my_msgs
[0.100s] [ 74%] Built target my_msgs__py
[0.115s] [ 80%] Built target my_msgs__rosidl_generator_py
[0.136s] [ 87%] Built target my_msgs__rosidl_typesupport_fastrtps_c__pyext
[0.136s] [ 93%] Built target my_msgs__rosidl_typesupport_c__pyext
[0.136s] [100%] Built target my_msgs__rosidl_typesupport_introspection_c__pyext
[0.183s] running egg_info
[0.183s] writing my_msgs.egg-info/PKG-INFO
[0.183s] writing dependency_links to my_msgs.egg-info/dependency_links.txt
[0.184s] writing top-level names to my_msgs.egg-info/top_level.txt
[0.185s] reading manifest file 'my_msgs.egg-info/SOURCES.txt'
[0.185s] writing manifest file 'my_msgs.egg-info/SOURCES.txt'
[0.201s] [100%] Built target ament_cmake_python_build_my_msgs_egg
[0.209s] Invoked command in '/home/tdt/tool/ros/build/my_msgs' returned '0': CMAKE_PREFIX_PATH=${CMAKE_PREFIX_PATH}:/opt/ros/humble /usr/bin/cmake --build /home/tdt/tool/ros/build/my_msgs -- -j24 -l24
[0.215s] Invoking command in '/home/tdt/tool/ros/build/my_msgs': CMAKE_PREFIX_PATH=${CMAKE_PREFIX_PATH}:/opt/ros/humble /usr/bin/cmake --install /home/tdt/tool/ros/build/my_msgs
[0.221s] -- Install configuration: ""
[0.221s] -- Up-to-date: /home/tdt/tool/ros/install/my_msgs/share/ament_index/resource_index/rosidl_interfaces/my_msgs
[0.221s] -- Up-to-date: /home/tdt/tool/ros/install/my_msgs/include/my_msgs/my_msgs
[0.221s] -- Up-to-date: /home/tdt/tool/ros/install/my_msgs/include/my_msgs/my_msgs/msg
[0.221s] -- Up-to-date: /home/tdt/tool/ros/install/my_msgs/include/my_msgs/my_msgs/msg/detail
[0.221s] -- Up-to-date: /home/tdt/tool/ros/install/my_msgs/include/my_msgs/my_msgs/msg/detail/msg1__functions.h
[0.221s] -- Up-to-date: /home/tdt/tool/ros/install/my_msgs/include/my_msgs/my_msgs/msg/detail/msg1__functions.c
[0.221s] -- Up-to-date: /home/tdt/tool/ros/install/my_msgs/include/my_msgs/my_msgs/msg/detail/msg1__struct.h
[0.221s] -- Up-to-date: /home/tdt/tool/ros/install/my_msgs/include/my_msgs/my_msgs/msg/detail/msg1__type_support.h
[0.221s] -- Up-to-date: /home/tdt/tool/ros/install/my_msgs/include/my_msgs/my_msgs/msg/msg1.h
[0.221s] -- Up-to-date: /home/tdt/tool/ros/install/my_msgs/include/my_msgs/my_msgs/msg/rosidl_generator_c__visibility_control.h
[0.221s] -- Up-to-date: /home/tdt/tool/ros/install/my_msgs/share/my_msgs/environment/library_path.sh
[0.221s] -- Up-to-date: /home/tdt/tool/ros/install/my_msgs/share/my_msgs/environment/library_path.dsv
[0.221s] -- Up-to-date: /home/tdt/tool/ros/install/my_msgs/lib/libmy_msgs__rosidl_generator_c.so
[0.221s] -- Up-to-date: /home/tdt/tool/ros/install/my_msgs/include/my_msgs/my_msgs
[0.221s] -- Up-to-date: /home/tdt/tool/ros/install/my_msgs/include/my_msgs/my_msgs/msg
[0.221s] -- Up-to-date: /home/tdt/tool/ros/install/my_msgs/include/my_msgs/my_msgs/msg/detail
[0.221s] -- Up-to-date: /home/tdt/tool/ros/install/my_msgs/include/my_msgs/my_msgs/msg/detail/msg1__rosidl_typesupport_fastrtps_c.h
[0.221s] -- Up-to-date: /home/tdt/tool/ros/install/my_msgs/include/my_msgs/my_msgs/msg/rosidl_typesupport_fastrtps_c__visibility_control.h
[0.221s] -- Up-to-date: /home/tdt/tool/ros/install/my_msgs/lib/libmy_msgs__rosidl_typesupport_fastrtps_c.so
[0.221s] -- Up-to-date: /home/tdt/tool/ros/install/my_msgs/include/my_msgs/my_msgs
[0.221s] -- Up-to-date: /home/tdt/tool/ros/install/my_msgs/include/my_msgs/my_msgs/msg
[0.221s] -- Up-to-date: /home/tdt/tool/ros/install/my_msgs/include/my_msgs/my_msgs/msg/detail
[0.221s] -- Up-to-date: /home/tdt/tool/ros/install/my_msgs/include/my_msgs/my_msgs/msg/detail/msg1__builder.hpp
[0.222s] -- Up-to-date: /home/tdt/tool/ros/install/my_msgs/include/my_msgs/my_msgs/msg/detail/msg1__traits.hpp
[0.222s] -- Up-to-date: /home/tdt/tool/ros/install/my_msgs/include/my_msgs/my_msgs/msg/detail/msg1__type_support.hpp
[0.222s] -- Up-to-date: /home/tdt/tool/ros/install/my_msgs/include/my_msgs/my_msgs/msg/detail/msg1__struct.hpp
[0.222s] -- Up-to-date: /home/tdt/tool/ros/install/my_msgs/include/my_msgs/my_msgs/msg/rosidl_generator_cpp__visibility_control.hpp
[0.222s] -- Up-to-date: /home/tdt/tool/ros/install/my_msgs/include/my_msgs/my_msgs/msg/msg1.hpp
[0.222s] -- Up-to-date: /home/tdt/tool/ros/install/my_msgs/include/my_msgs/my_msgs
[0.222s] -- Up-to-date: /home/tdt/tool/ros/install/my_msgs/include/my_msgs/my_msgs/msg
[0.222s] -- Up-to-date: /home/tdt/tool/ros/install/my_msgs/include/my_msgs/my_msgs/msg/detail
[0.222s] -- Up-to-date: /home/tdt/tool/ros/install/my_msgs/include/my_msgs/my_msgs/msg/detail/dds_fastrtps
[0.222s] -- Up-to-date: /home/tdt/tool/ros/install/my_msgs/include/my_msgs/my_msgs/msg/detail/msg1__rosidl_typesupport_fastrtps_cpp.hpp
[0.222s] -- Up-to-date: /home/tdt/tool/ros/install/my_msgs/include/my_msgs/my_msgs/msg/rosidl_typesupport_fastrtps_cpp__visibility_control.h
[0.222s] -- Up-to-date: /home/tdt/tool/ros/install/my_msgs/lib/libmy_msgs__rosidl_typesupport_fastrtps_cpp.so
[0.222s] -- Up-to-date: /home/tdt/tool/ros/install/my_msgs/include/my_msgs/my_msgs
[0.223s] -- Up-to-date: /home/tdt/tool/ros/install/my_msgs/include/my_msgs/my_msgs/msg
[0.223s] -- Up-to-date: /home/tdt/tool/ros/install/my_msgs/include/my_msgs/my_msgs/msg/detail
[0.223s] -- Up-to-date: /home/tdt/tool/ros/install/my_msgs/include/my_msgs/my_msgs/msg/detail/msg1__type_support.c
[0.223s] -- Up-to-date: /home/tdt/tool/ros/install/my_msgs/include/my_msgs/my_msgs/msg/detail/msg1__rosidl_typesupport_introspection_c.h
[0.223s] -- Up-to-date: /home/tdt/tool/ros/install/my_msgs/include/my_msgs/my_msgs/msg/rosidl_typesupport_introspection_c__visibility_control.h
[0.223s] -- Up-to-date: /home/tdt/tool/ros/install/my_msgs/lib/libmy_msgs__rosidl_typesupport_introspection_c.so
[0.223s] -- Up-to-date: /home/tdt/tool/ros/install/my_msgs/lib/libmy_msgs__rosidl_typesupport_c.so
[0.223s] -- Up-to-date: /home/tdt/tool/ros/install/my_msgs/include/my_msgs/my_msgs
[0.223s] -- Up-to-date: /home/tdt/tool/ros/install/my_msgs/include/my_msgs/my_msgs/msg
[0.223s] -- Up-to-date: /home/tdt/tool/ros/install/my_msgs/include/my_msgs/my_msgs/msg/detail
[0.223s] -- Up-to-date: /home/tdt/tool/ros/install/my_msgs/include/my_msgs/my_msgs/msg/detail/msg1__rosidl_typesupport_introspection_cpp.hpp
[0.223s] -- Up-to-date: /home/tdt/tool/ros/install/my_msgs/include/my_msgs/my_msgs/msg/detail/msg1__type_support.cpp
[0.223s] -- Up-to-date: /home/tdt/tool/ros/install/my_msgs/lib/libmy_msgs__rosidl_typesupport_introspection_cpp.so
[0.223s] -- Up-to-date: /home/tdt/tool/ros/install/my_msgs/lib/libmy_msgs__rosidl_typesupport_cpp.so
[0.223s] -- Up-to-date: /home/tdt/tool/ros/install/my_msgs/share/my_msgs/environment/pythonpath.sh
[0.223s] -- Up-to-date: /home/tdt/tool/ros/install/my_msgs/share/my_msgs/environment/pythonpath.dsv
[0.223s] -- Up-to-date: /home/tdt/tool/ros/install/my_msgs/local/lib/python3.10/dist-packages/my_msgs-0.0.0-py3.10.egg-info
[0.223s] -- Installing: /home/tdt/tool/ros/install/my_msgs/local/lib/python3.10/dist-packages/my_msgs-0.0.0-py3.10.egg-info/SOURCES.txt
[0.223s] -- Installing: /home/tdt/tool/ros/install/my_msgs/local/lib/python3.10/dist-packages/my_msgs-0.0.0-py3.10.egg-info/dependency_links.txt
[0.223s] -- Installing: /home/tdt/tool/ros/install/my_msgs/local/lib/python3.10/dist-packages/my_msgs-0.0.0-py3.10.egg-info/PKG-INFO
[0.223s] -- Installing: /home/tdt/tool/ros/install/my_msgs/local/lib/python3.10/dist-packages/my_msgs-0.0.0-py3.10.egg-info/top_level.txt
[0.223s] -- Up-to-date: /home/tdt/tool/ros/install/my_msgs/local/lib/python3.10/dist-packages/my_msgs
[0.223s] -- Up-to-date: /home/tdt/tool/ros/install/my_msgs/local/lib/python3.10/dist-packages/my_msgs/libmy_msgs__rosidl_generator_py.so
[0.223s] -- Up-to-date: /home/tdt/tool/ros/install/my_msgs/local/lib/python3.10/dist-packages/my_msgs/_my_msgs_s.ep.rosidl_typesupport_introspection_c.c
[0.223s] -- Up-to-date: /home/tdt/tool/ros/install/my_msgs/local/lib/python3.10/dist-packages/my_msgs/__init__.py
[0.223s] -- Up-to-date: /home/tdt/tool/ros/install/my_msgs/local/lib/python3.10/dist-packages/my_msgs/msg
[0.223s] -- Up-to-date: /home/tdt/tool/ros/install/my_msgs/local/lib/python3.10/dist-packages/my_msgs/msg/__init__.py
[0.223s] -- Up-to-date: /home/tdt/tool/ros/install/my_msgs/local/lib/python3.10/dist-packages/my_msgs/msg/_msg1.py
[0.223s] -- Up-to-date: /home/tdt/tool/ros/install/my_msgs/local/lib/python3.10/dist-packages/my_msgs/msg/_msg1_s.c
[0.223s] -- Up-to-date: /home/tdt/tool/ros/install/my_msgs/local/lib/python3.10/dist-packages/my_msgs/my_msgs_s__rosidl_typesupport_introspection_c.cpython-310-x86_64-linux-gnu.so
[0.223s] -- Up-to-date: /home/tdt/tool/ros/install/my_msgs/local/lib/python3.10/dist-packages/my_msgs/_my_msgs_s.ep.rosidl_typesupport_fastrtps_c.c
[0.223s] -- Up-to-date: /home/tdt/tool/ros/install/my_msgs/local/lib/python3.10/dist-packages/my_msgs/my_msgs_s__rosidl_typesupport_c.cpython-310-x86_64-linux-gnu.so
[0.223s] -- Up-to-date: /home/tdt/tool/ros/install/my_msgs/local/lib/python3.10/dist-packages/my_msgs/_my_msgs_s.ep.rosidl_typesupport_c.c
[0.223s] -- Up-to-date: /home/tdt/tool/ros/install/my_msgs/local/lib/python3.10/dist-packages/my_msgs/my_msgs_s__rosidl_typesupport_fastrtps_c.cpython-310-x86_64-linux-gnu.so
[0.243s] Listing '/home/tdt/tool/ros/install/my_msgs/local/lib/python3.10/dist-packages/my_msgs'...
[0.243s] Listing '/home/tdt/tool/ros/install/my_msgs/local/lib/python3.10/dist-packages/my_msgs/msg'...
[0.246s] -- Up-to-date: /home/tdt/tool/ros/install/my_msgs/local/lib/python3.10/dist-packages/my_msgs/my_msgs_s__rosidl_typesupport_fastrtps_c.cpython-310-x86_64-linux-gnu.so
[0.246s] -- Up-to-date: /home/tdt/tool/ros/install/my_msgs/local/lib/python3.10/dist-packages/my_msgs/my_msgs_s__rosidl_typesupport_introspection_c.cpython-310-x86_64-linux-gnu.so
[0.246s] -- Up-to-date: /home/tdt/tool/ros/install/my_msgs/local/lib/python3.10/dist-packages/my_msgs/my_msgs_s__rosidl_typesupport_c.cpython-310-x86_64-linux-gnu.so
[0.246s] -- Up-to-date: /home/tdt/tool/ros/install/my_msgs/lib/libmy_msgs__rosidl_generator_py.so
[0.246s] -- Up-to-date: /home/tdt/tool/ros/install/my_msgs/share/my_msgs/msg/Msg1.idl
[0.246s] -- Up-to-date: /home/tdt/tool/ros/install/my_msgs/share/my_msgs/msg/Msg1.msg
[0.246s] -- Up-to-date: /home/tdt/tool/ros/install/my_msgs/share/ament_index/resource_index/package_run_dependencies/my_msgs
[0.247s] -- Up-to-date: /home/tdt/tool/ros/install/my_msgs/share/ament_index/resource_index/parent_prefix_path/my_msgs
[0.248s] -- Up-to-date: /home/tdt/tool/ros/install/my_msgs/share/my_msgs/environment/ament_prefix_path.sh
[0.248s] -- Up-to-date: /home/tdt/tool/ros/install/my_msgs/share/my_msgs/environment/ament_prefix_path.dsv
[0.248s] -- Up-to-date: /home/tdt/tool/ros/install/my_msgs/share/my_msgs/environment/path.sh
[0.248s] -- Up-to-date: /home/tdt/tool/ros/install/my_msgs/share/my_msgs/environment/path.dsv
[0.248s] -- Up-to-date: /home/tdt/tool/ros/install/my_msgs/share/my_msgs/local_setup.bash
[0.248s] -- Up-to-date: /home/tdt/tool/ros/install/my_msgs/share/my_msgs/local_setup.sh
[0.248s] -- Up-to-date: /home/tdt/tool/ros/install/my_msgs/share/my_msgs/local_setup.zsh
[0.248s] -- Up-to-date: /home/tdt/tool/ros/install/my_msgs/share/my_msgs/local_setup.dsv
[0.248s] -- Installing: /home/tdt/tool/ros/install/my_msgs/share/my_msgs/package.dsv
[0.248s] -- Up-to-date: /home/tdt/tool/ros/install/my_msgs/share/ament_index/resource_index/packages/my_msgs
[0.248s] -- Up-to-date: /home/tdt/tool/ros/install/my_msgs/share/my_msgs/cmake/export_my_msgs__rosidl_generator_cExport.cmake
[0.248s] -- Up-to-date: /home/tdt/tool/ros/install/my_msgs/share/my_msgs/cmake/export_my_msgs__rosidl_generator_cExport-noconfig.cmake
[0.248s] -- Up-to-date: /home/tdt/tool/ros/install/my_msgs/share/my_msgs/cmake/export_my_msgs__rosidl_typesupport_fastrtps_cExport.cmake
[0.248s] -- Up-to-date: /home/tdt/tool/ros/install/my_msgs/share/my_msgs/cmake/export_my_msgs__rosidl_typesupport_fastrtps_cExport-noconfig.cmake
[0.248s] -- Up-to-date: /home/tdt/tool/ros/install/my_msgs/share/my_msgs/cmake/export_my_msgs__rosidl_generator_cppExport.cmake
[0.248s] -- Up-to-date: /home/tdt/tool/ros/install/my_msgs/share/my_msgs/cmake/export_my_msgs__rosidl_typesupport_fastrtps_cppExport.cmake
[0.248s] -- Up-to-date: /home/tdt/tool/ros/install/my_msgs/share/my_msgs/cmake/export_my_msgs__rosidl_typesupport_fastrtps_cppExport-noconfig.cmake
[0.248s] -- Up-to-date: /home/tdt/tool/ros/install/my_msgs/share/my_msgs/cmake/my_msgs__rosidl_typesupport_introspection_cExport.cmake
[0.248s] -- Up-to-date: /home/tdt/tool/ros/install/my_msgs/share/my_msgs/cmake/my_msgs__rosidl_typesupport_introspection_cExport-noconfig.cmake
[0.248s] -- Up-to-date: /home/tdt/tool/ros/install/my_msgs/share/my_msgs/cmake/my_msgs__rosidl_typesupport_cExport.cmake
[0.249s] -- Up-to-date: /home/tdt/tool/ros/install/my_msgs/share/my_msgs/cmake/my_msgs__rosidl_typesupport_cExport-noconfig.cmake
[0.249s] -- Up-to-date: /home/tdt/tool/ros/install/my_msgs/share/my_msgs/cmake/my_msgs__rosidl_typesupport_introspection_cppExport.cmake
[0.249s] -- Up-to-date: /home/tdt/tool/ros/install/my_msgs/share/my_msgs/cmake/my_msgs__rosidl_typesupport_introspection_cppExport-noconfig.cmake
[0.249s] -- Up-to-date: /home/tdt/tool/ros/install/my_msgs/share/my_msgs/cmake/my_msgs__rosidl_typesupport_cppExport.cmake
[0.249s] -- Up-to-date: /home/tdt/tool/ros/install/my_msgs/share/my_msgs/cmake/my_msgs__rosidl_typesupport_cppExport-noconfig.cmake
[0.249s] -- Up-to-date: /home/tdt/tool/ros/install/my_msgs/share/my_msgs/cmake/export_my_msgs__rosidl_generator_pyExport.cmake
[0.249s] -- Up-to-date: /home/tdt/tool/ros/install/my_msgs/share/my_msgs/cmake/export_my_msgs__rosidl_generator_pyExport-noconfig.cmake
[0.249s] -- Up-to-date: /home/tdt/tool/ros/install/my_msgs/share/my_msgs/cmake/rosidl_cmake-extras.cmake
[0.249s] -- Up-to-date: /home/tdt/tool/ros/install/my_msgs/share/my_msgs/cmake/ament_cmake_export_dependencies-extras.cmake
[0.249s] -- Up-to-date: /home/tdt/tool/ros/install/my_msgs/share/my_msgs/cmake/ament_cmake_export_include_directories-extras.cmake
[0.249s] -- Up-to-date: /home/tdt/tool/ros/install/my_msgs/share/my_msgs/cmake/ament_cmake_export_libraries-extras.cmake
[0.249s] -- Up-to-date: /home/tdt/tool/ros/install/my_msgs/share/my_msgs/cmake/ament_cmake_export_targets-extras.cmake
[0.249s] -- Up-to-date: /home/tdt/tool/ros/install/my_msgs/share/my_msgs/cmake/rosidl_cmake_export_typesupport_targets-extras.cmake
[0.249s] -- Up-to-date: /home/tdt/tool/ros/install/my_msgs/share/my_msgs/cmake/rosidl_cmake_export_typesupport_libraries-extras.cmake
[0.249s] -- Up-to-date: /home/tdt/tool/ros/install/my_msgs/share/my_msgs/cmake/my_msgsConfig.cmake
[0.249s] -- Up-to-date: /home/tdt/tool/ros/install/my_msgs/share/my_msgs/cmake/my_msgsConfig-version.cmake
[0.249s] -- Up-to-date: /home/tdt/tool/ros/install/my_msgs/share/my_msgs/package.xml
[0.250s] Invoked command in '/home/tdt/tool/ros/build/my_msgs' returned '0': CMAKE_PREFIX_PATH=${CMAKE_PREFIX_PATH}:/opt/ros/humble /usr/bin/cmake --install /home/tdt/tool/ros/build/my_msgs
