[0.006s] Invoking command in '/home/tdt/tool/ros/build/project1': CMAKE_PREFIX_PATH=/home/tdt/tool/ros/install/my_msgs:/home/tdt/tool/ros/install/project1:/opt/ros/humble LD_LIBRARY_PATH=/home/tdt/tool/ros/install/my_msgs/lib:/home/tdt/tool/ros/install/project1/lib:/opt/ros/humble/opt/rviz_ogre_vendor/lib:/opt/ros/humble/lib/x86_64-linux-gnu:/opt/ros/humble/lib /usr/bin/cmake --build /home/tdt/tool/ros/build/project1 -- -j24 -l24
[0.026s] -- Found ament_cmake: 1.3.12 (/opt/ros/humble/share/ament_cmake/cmake)
[0.107s] -- Found ament_cmake_auto: 1.3.12 (/opt/ros/humble/share/ament_cmake_auto/cmake)
[0.108s] -- Found my_msgs: 0.0.0 (/home/tdt/tool/ros/install/my_msgs/share/my_msgs/cmake)
[0.121s] -- Found rosidl_generator_c: 3.1.7 (/opt/ros/humble/share/rosidl_generator_c/cmake)
[0.122s] -- Found rosidl_adapter: 3.1.7 (/opt/ros/humble/share/rosidl_adapter/cmake)
[0.125s] -- Found rosidl_generator_cpp: 3.1.7 (/opt/ros/humble/share/rosidl_generator_cpp/cmake)
[0.130s] -- Using all available rosidl_typesupport_c: rosidl_typesupport_fastrtps_c;rosidl_typesupport_introspection_c
[0.136s] -- Using all available rosidl_typesupport_cpp: rosidl_typesupport_fastrtps_cpp;rosidl_typesupport_introspection_cpp
[0.204s] -- Found rmw_implementation_cmake: 6.1.2 (/opt/ros/humble/share/rmw_implementation_cmake/cmake)
[0.205s] -- Found rmw_fastrtps_cpp: 6.2.8 (/opt/ros/humble/share/rmw_fastrtps_cpp/cmake)
[0.270s] -- Using RMW implementation 'rmw_fastrtps_cpp' as default
[0.441s] -- Found ament_cmake_cppcheck: 0.12.14 (/opt/ros/humble/share/ament_cmake_cppcheck/cmake)
[0.441s] -- Found ament_cmake_cpplint: 0.12.14 (/opt/ros/humble/share/ament_cmake_cpplint/cmake)
[0.442s] -- Found ament_cmake_uncrustify: 0.12.14 (/opt/ros/humble/share/ament_cmake_uncrustify/cmake)
[0.442s] -- Found ament_cmake_ros: 0.10.0 (/opt/ros/humble/share/ament_cmake_ros/cmake)
[0.681s] -- Using all available rosidl_typesupport_c: rosidl_typesupport_fastrtps_c;rosidl_typesupport_introspection_c
[0.770s] -- Using all available rosidl_typesupport_cpp: rosidl_typesupport_fastrtps_cpp;rosidl_typesupport_introspection_cpp
[0.785s] -- Found python_cmake_module: 0.10.0 (/opt/ros/humble/share/python_cmake_module/cmake)
[0.800s] -- Using PYTHON_EXECUTABLE: /usr/bin/python3
[0.800s] -- Using PYTHON_INCLUDE_DIRS: /usr/include/python3.10
[0.800s] -- Using PYTHON_LIBRARIES: /usr/lib/x86_64-linux-gnu/libpython3.10.so
[0.815s] -- Found ament_cmake_flake8: 0.12.14 (/opt/ros/humble/share/ament_cmake_flake8/cmake)
[0.815s] -- Found ament_cmake_pep257: 0.12.14 (/opt/ros/humble/share/ament_cmake_pep257/cmake)
[0.822s] -- Configuring done
[0.847s] -- Generating done
[0.859s] -- Build files have been written to: /home/tdt/tool/ros/build/project1
[0.884s] [35m[1mConsolidate compiler generated dependencies of target talker1_node[0m
[0.886s] [35m[1mConsolidate compiler generated dependencies of target project1__rosidl_generator_c[0m
[0.886s] [35m[1mConsolidate compiler generated dependencies of target listener1_node[0m
[0.892s] [  2%] Built target project1__cpp
[0.896s] [ 11%] Built target project1__rosidl_generator_c
[0.898s] [35m[1mConsolidate compiler generated dependencies of target project1__rosidl_typesupport_cpp[0m
[0.900s] [35m[1mConsolidate compiler generated dependencies of target project1__rosidl_typesupport_fastrtps_cpp[0m
[0.901s] [35m[1mConsolidate compiler generated dependencies of target project1__rosidl_typesupport_introspection_cpp[0m
[0.901s] [ 11%] Built target ament_cmake_python_copy_project1
[0.903s] [ 14%] [32mBuilding CXX object CMakeFiles/listener1_node.dir/src/listener1.cpp.o[0m
[0.905s] [35m[1mConsolidate compiler generated dependencies of target project1__rosidl_typesupport_fastrtps_c[0m
[0.905s] [35m[1mConsolidate compiler generated dependencies of target project1__rosidl_typesupport_c[0m
[0.905s] [35m[1mConsolidate compiler generated dependencies of target project1__rosidl_typesupport_introspection_c[0m
[0.905s] [ 17%] [32mBuilding CXX object CMakeFiles/talker1_node.dir/src/talker1.cpp.o[0m
[0.910s] [ 25%] Built target project1__rosidl_typesupport_cpp
[0.912s] [ 34%] Built target project1__rosidl_typesupport_introspection_cpp
[0.912s] [ 42%] Built target project1__rosidl_typesupport_fastrtps_cpp
[0.918s] [ 51%] Built target project1__rosidl_typesupport_introspection_c
[0.918s] [ 60%] Built target project1__rosidl_typesupport_c
[0.924s] [ 68%] Built target project1__rosidl_typesupport_fastrtps_c
[0.944s] [ 68%] Built target project1
[0.967s] [ 71%] Built target project1__py
[0.980s] [35m[1mConsolidate compiler generated dependencies of target project1__rosidl_generator_py[0m
[0.989s] [ 77%] Built target project1__rosidl_generator_py
[0.999s] [35m[1mConsolidate compiler generated dependencies of target project1__rosidl_typesupport_c__pyext[0m
[1.001s] [35m[1mConsolidate compiler generated dependencies of target project1__rosidl_typesupport_fastrtps_c__pyext[0m
[1.005s] [35m[1mConsolidate compiler generated dependencies of target project1__rosidl_typesupport_introspection_c__pyext[0m
[1.011s] [ 82%] Built target project1__rosidl_typesupport_c__pyext
[1.013s] [ 88%] Built target project1__rosidl_typesupport_fastrtps_c__pyext
[1.013s] [ 94%] Built target project1__rosidl_typesupport_introspection_c__pyext
[1.096s] running egg_info
[1.096s] writing project1.egg-info/PKG-INFO
[1.096s] writing dependency_links to project1.egg-info/dependency_links.txt
[1.096s] writing top-level names to project1.egg-info/top_level.txt
[1.098s] reading manifest file 'project1.egg-info/SOURCES.txt'
[1.098s] writing manifest file 'project1.egg-info/SOURCES.txt'
[1.117s] [ 94%] Built target ament_cmake_python_build_project1_egg
[3.358s] [ 97%] [32m[1mLinking CXX executable talker1_node[0m
[3.479s] [ 97%] Built target talker1_node
[5.860s] [100%] [32m[1mLinking CXX executable listener1_node[0m
[6.111s] [100%] Built target listener1_node
[6.119s] Invoked command in '/home/tdt/tool/ros/build/project1' returned '0': CMAKE_PREFIX_PATH=/home/tdt/tool/ros/install/my_msgs:/home/tdt/tool/ros/install/project1:/opt/ros/humble LD_LIBRARY_PATH=/home/tdt/tool/ros/install/my_msgs/lib:/home/tdt/tool/ros/install/project1/lib:/opt/ros/humble/opt/rviz_ogre_vendor/lib:/opt/ros/humble/lib/x86_64-linux-gnu:/opt/ros/humble/lib /usr/bin/cmake --build /home/tdt/tool/ros/build/project1 -- -j24 -l24
[6.119s] Invoking command in '/home/tdt/tool/ros/build/project1': CMAKE_PREFIX_PATH=/home/tdt/tool/ros/install/my_msgs:/home/tdt/tool/ros/install/project1:/opt/ros/humble LD_LIBRARY_PATH=/home/tdt/tool/ros/install/my_msgs/lib:/home/tdt/tool/ros/install/project1/lib:/opt/ros/humble/opt/rviz_ogre_vendor/lib:/opt/ros/humble/lib/x86_64-linux-gnu:/opt/ros/humble/lib /usr/bin/cmake --install /home/tdt/tool/ros/build/project1
[6.123s] -- Install configuration: ""
[6.124s] -- Up-to-date: /home/tdt/tool/ros/install/project1/share/ament_index/resource_index/rosidl_interfaces/project1
[6.124s] -- Up-to-date: /home/tdt/tool/ros/install/project1/include/project1/project1
[6.124s] -- Up-to-date: /home/tdt/tool/ros/install/project1/include/project1/project1/msg
[6.124s] -- Up-to-date: /home/tdt/tool/ros/install/project1/include/project1/project1/msg/detail
[6.124s] -- Up-to-date: /home/tdt/tool/ros/install/project1/include/project1/project1/msg/detail/msg1__functions.h
[6.124s] -- Up-to-date: /home/tdt/tool/ros/install/project1/include/project1/project1/msg/detail/msg1__functions.c
[6.124s] -- Up-to-date: /home/tdt/tool/ros/install/project1/include/project1/project1/msg/detail/msg1__struct.h
[6.124s] -- Up-to-date: /home/tdt/tool/ros/install/project1/include/project1/project1/msg/detail/msg1__type_support.h
[6.124s] -- Up-to-date: /home/tdt/tool/ros/install/project1/include/project1/project1/msg/msg1.h
[6.124s] -- Up-to-date: /home/tdt/tool/ros/install/project1/include/project1/project1/msg/rosidl_generator_c__visibility_control.h
[6.124s] -- Up-to-date: /home/tdt/tool/ros/install/project1/share/project1/environment/library_path.sh
[6.124s] -- Installing: /home/tdt/tool/ros/install/project1/share/project1/environment/library_path.dsv
[6.124s] -- Up-to-date: /home/tdt/tool/ros/install/project1/lib/libproject1__rosidl_generator_c.so
[6.124s] -- Up-to-date: /home/tdt/tool/ros/install/project1/include/project1/project1
[6.124s] -- Up-to-date: /home/tdt/tool/ros/install/project1/include/project1/project1/msg
[6.124s] -- Up-to-date: /home/tdt/tool/ros/install/project1/include/project1/project1/msg/detail
[6.124s] -- Up-to-date: /home/tdt/tool/ros/install/project1/include/project1/project1/msg/detail/msg1__rosidl_typesupport_fastrtps_c.h
[6.125s] -- Up-to-date: /home/tdt/tool/ros/install/project1/include/project1/project1/msg/rosidl_typesupport_fastrtps_c__visibility_control.h
[6.125s] -- Up-to-date: /home/tdt/tool/ros/install/project1/lib/libproject1__rosidl_typesupport_fastrtps_c.so
[6.125s] -- Up-to-date: /home/tdt/tool/ros/install/project1/include/project1/project1
[6.125s] -- Up-to-date: /home/tdt/tool/ros/install/project1/include/project1/project1/msg
[6.125s] -- Up-to-date: /home/tdt/tool/ros/install/project1/include/project1/project1/msg/detail
[6.125s] -- Up-to-date: /home/tdt/tool/ros/install/project1/include/project1/project1/msg/detail/msg1__builder.hpp
[6.125s] -- Up-to-date: /home/tdt/tool/ros/install/project1/include/project1/project1/msg/detail/msg1__traits.hpp
[6.125s] -- Up-to-date: /home/tdt/tool/ros/install/project1/include/project1/project1/msg/detail/msg1__type_support.hpp
[6.125s] -- Up-to-date: /home/tdt/tool/ros/install/project1/include/project1/project1/msg/detail/msg1__struct.hpp
[6.125s] -- Up-to-date: /home/tdt/tool/ros/install/project1/include/project1/project1/msg/rosidl_generator_cpp__visibility_control.hpp
[6.125s] -- Up-to-date: /home/tdt/tool/ros/install/project1/include/project1/project1/msg/msg1.hpp
[6.125s] -- Up-to-date: /home/tdt/tool/ros/install/project1/include/project1/project1
[6.125s] -- Up-to-date: /home/tdt/tool/ros/install/project1/include/project1/project1/msg
[6.125s] -- Up-to-date: /home/tdt/tool/ros/install/project1/include/project1/project1/msg/detail
[6.125s] -- Up-to-date: /home/tdt/tool/ros/install/project1/include/project1/project1/msg/detail/dds_fastrtps
[6.125s] -- Up-to-date: /home/tdt/tool/ros/install/project1/include/project1/project1/msg/detail/msg1__rosidl_typesupport_fastrtps_cpp.hpp
[6.126s] -- Up-to-date: /home/tdt/tool/ros/install/project1/include/project1/project1/msg/rosidl_typesupport_fastrtps_cpp__visibility_control.h
[6.126s] -- Up-to-date: /home/tdt/tool/ros/install/project1/lib/libproject1__rosidl_typesupport_fastrtps_cpp.so
[6.126s] -- Up-to-date: /home/tdt/tool/ros/install/project1/include/project1/project1
[6.126s] -- Up-to-date: /home/tdt/tool/ros/install/project1/include/project1/project1/msg
[6.126s] -- Up-to-date: /home/tdt/tool/ros/install/project1/include/project1/project1/msg/detail
[6.126s] -- Up-to-date: /home/tdt/tool/ros/install/project1/include/project1/project1/msg/detail/msg1__type_support.c
[6.126s] -- Up-to-date: /home/tdt/tool/ros/install/project1/include/project1/project1/msg/detail/msg1__rosidl_typesupport_introspection_c.h
[6.126s] -- Up-to-date: /home/tdt/tool/ros/install/project1/include/project1/project1/msg/rosidl_typesupport_introspection_c__visibility_control.h
[6.126s] -- Up-to-date: /home/tdt/tool/ros/install/project1/lib/libproject1__rosidl_typesupport_introspection_c.so
[6.126s] -- Up-to-date: /home/tdt/tool/ros/install/project1/lib/libproject1__rosidl_typesupport_c.so
[6.126s] -- Up-to-date: /home/tdt/tool/ros/install/project1/include/project1/project1
[6.126s] -- Up-to-date: /home/tdt/tool/ros/install/project1/include/project1/project1/msg
[6.126s] -- Up-to-date: /home/tdt/tool/ros/install/project1/include/project1/project1/msg/detail
[6.126s] -- Up-to-date: /home/tdt/tool/ros/install/project1/include/project1/project1/msg/detail/msg1__rosidl_typesupport_introspection_cpp.hpp
[6.126s] -- Up-to-date: /home/tdt/tool/ros/install/project1/include/project1/project1/msg/detail/msg1__type_support.cpp
[6.126s] -- Up-to-date: /home/tdt/tool/ros/install/project1/lib/libproject1__rosidl_typesupport_introspection_cpp.so
[6.126s] -- Up-to-date: /home/tdt/tool/ros/install/project1/lib/libproject1__rosidl_typesupport_cpp.so
[6.126s] -- Up-to-date: /home/tdt/tool/ros/install/project1/share/project1/environment/pythonpath.sh
[6.126s] -- Installing: /home/tdt/tool/ros/install/project1/share/project1/environment/pythonpath.dsv
[6.126s] -- Up-to-date: /home/tdt/tool/ros/install/project1/local/lib/python3.10/dist-packages/project1-0.0.0-py3.10.egg-info
[6.126s] -- Installing: /home/tdt/tool/ros/install/project1/local/lib/python3.10/dist-packages/project1-0.0.0-py3.10.egg-info/SOURCES.txt
[6.126s] -- Installing: /home/tdt/tool/ros/install/project1/local/lib/python3.10/dist-packages/project1-0.0.0-py3.10.egg-info/dependency_links.txt
[6.126s] -- Installing: /home/tdt/tool/ros/install/project1/local/lib/python3.10/dist-packages/project1-0.0.0-py3.10.egg-info/PKG-INFO
[6.126s] -- Installing: /home/tdt/tool/ros/install/project1/local/lib/python3.10/dist-packages/project1-0.0.0-py3.10.egg-info/top_level.txt
[6.126s] -- Up-to-date: /home/tdt/tool/ros/install/project1/local/lib/python3.10/dist-packages/project1
[6.126s] -- Installing: /home/tdt/tool/ros/install/project1/local/lib/python3.10/dist-packages/project1/__init__.py
[6.126s] -- Up-to-date: /home/tdt/tool/ros/install/project1/local/lib/python3.10/dist-packages/project1/_project1_s.ep.rosidl_typesupport_introspection_c.c
[6.126s] -- Up-to-date: /home/tdt/tool/ros/install/project1/local/lib/python3.10/dist-packages/project1/msg
[6.126s] -- Up-to-date: /home/tdt/tool/ros/install/project1/local/lib/python3.10/dist-packages/project1/msg/__init__.py
[6.126s] -- Up-to-date: /home/tdt/tool/ros/install/project1/local/lib/python3.10/dist-packages/project1/msg/_msg1.py
[6.126s] -- Up-to-date: /home/tdt/tool/ros/install/project1/local/lib/python3.10/dist-packages/project1/msg/_msg1_s.c
[6.126s] -- Up-to-date: /home/tdt/tool/ros/install/project1/local/lib/python3.10/dist-packages/project1/libproject1__rosidl_generator_py.so
[6.126s] -- Up-to-date: /home/tdt/tool/ros/install/project1/local/lib/python3.10/dist-packages/project1/project1_s__rosidl_typesupport_fastrtps_c.cpython-310-x86_64-linux-gnu.so
[6.127s] -- Up-to-date: /home/tdt/tool/ros/install/project1/local/lib/python3.10/dist-packages/project1/project1_s__rosidl_typesupport_c.cpython-310-x86_64-linux-gnu.so
[6.127s] -- Up-to-date: /home/tdt/tool/ros/install/project1/local/lib/python3.10/dist-packages/project1/_project1_s.ep.rosidl_typesupport_fastrtps_c.c
[6.127s] -- Up-to-date: /home/tdt/tool/ros/install/project1/local/lib/python3.10/dist-packages/project1/_project1_s.ep.rosidl_typesupport_c.c
[6.127s] -- Up-to-date: /home/tdt/tool/ros/install/project1/local/lib/python3.10/dist-packages/project1/project1_s__rosidl_typesupport_introspection_c.cpython-310-x86_64-linux-gnu.so
[6.151s] Listing '/home/tdt/tool/ros/install/project1/local/lib/python3.10/dist-packages/project1'...
[6.151s] Compiling '/home/tdt/tool/ros/install/project1/local/lib/python3.10/dist-packages/project1/__init__.py'...
[6.151s] Listing '/home/tdt/tool/ros/install/project1/local/lib/python3.10/dist-packages/project1/msg'...
[6.153s] -- Up-to-date: /home/tdt/tool/ros/install/project1/local/lib/python3.10/dist-packages/project1/project1_s__rosidl_typesupport_fastrtps_c.cpython-310-x86_64-linux-gnu.so
[6.153s] -- Up-to-date: /home/tdt/tool/ros/install/project1/local/lib/python3.10/dist-packages/project1/project1_s__rosidl_typesupport_introspection_c.cpython-310-x86_64-linux-gnu.so
[6.153s] -- Up-to-date: /home/tdt/tool/ros/install/project1/local/lib/python3.10/dist-packages/project1/project1_s__rosidl_typesupport_c.cpython-310-x86_64-linux-gnu.so
[6.153s] -- Up-to-date: /home/tdt/tool/ros/install/project1/lib/libproject1__rosidl_generator_py.so
[6.154s] -- Up-to-date: /home/tdt/tool/ros/install/project1/share/project1/msg/Msg1.idl
[6.154s] -- Up-to-date: /home/tdt/tool/ros/install/project1/share/project1/msg/Msg1.msg
[6.154s] -- Up-to-date: /home/tdt/tool/ros/install/project1/include/project1
[6.154s] -- Up-to-date: /home/tdt/tool/ros/install/project1/include/project1/project1
[6.154s] -- Installing: /home/tdt/tool/ros/install/project1/lib/project1/talker1_node
[6.155s] -- Set runtime path of "/home/tdt/tool/ros/install/project1/lib/project1/talker1_node" to ""
[6.155s] -- Installing: /home/tdt/tool/ros/install/project1/lib/project1/listener1_node
[6.156s] -- Set runtime path of "/home/tdt/tool/ros/install/project1/lib/project1/listener1_node" to ""
[6.156s] -- Up-to-date: /home/tdt/tool/ros/install/project1/share/ament_index/resource_index/package_run_dependencies/project1
[6.156s] -- Up-to-date: /home/tdt/tool/ros/install/project1/share/ament_index/resource_index/parent_prefix_path/project1
[6.156s] -- Up-to-date: /home/tdt/tool/ros/install/project1/share/project1/environment/ament_prefix_path.sh
[6.157s] -- Installing: /home/tdt/tool/ros/install/project1/share/project1/environment/ament_prefix_path.dsv
[6.157s] -- Up-to-date: /home/tdt/tool/ros/install/project1/share/project1/environment/path.sh
[6.157s] -- Installing: /home/tdt/tool/ros/install/project1/share/project1/environment/path.dsv
[6.157s] -- Up-to-date: /home/tdt/tool/ros/install/project1/share/project1/local_setup.bash
[6.157s] -- Up-to-date: /home/tdt/tool/ros/install/project1/share/project1/local_setup.sh
[6.157s] -- Up-to-date: /home/tdt/tool/ros/install/project1/share/project1/local_setup.zsh
[6.157s] -- Installing: /home/tdt/tool/ros/install/project1/share/project1/local_setup.dsv
[6.157s] -- Installing: /home/tdt/tool/ros/install/project1/share/project1/package.dsv
[6.158s] -- Up-to-date: /home/tdt/tool/ros/install/project1/share/ament_index/resource_index/packages/project1
[6.158s] -- Up-to-date: /home/tdt/tool/ros/install/project1/share/project1/cmake/export_project1__rosidl_generator_cExport.cmake
[6.158s] -- Up-to-date: /home/tdt/tool/ros/install/project1/share/project1/cmake/export_project1__rosidl_generator_cExport-noconfig.cmake
[6.158s] -- Up-to-date: /home/tdt/tool/ros/install/project1/share/project1/cmake/export_project1__rosidl_typesupport_fastrtps_cExport.cmake
[6.158s] -- Up-to-date: /home/tdt/tool/ros/install/project1/share/project1/cmake/export_project1__rosidl_typesupport_fastrtps_cExport-noconfig.cmake
[6.158s] -- Up-to-date: /home/tdt/tool/ros/install/project1/share/project1/cmake/export_project1__rosidl_generator_cppExport.cmake
[6.158s] -- Up-to-date: /home/tdt/tool/ros/install/project1/share/project1/cmake/export_project1__rosidl_typesupport_fastrtps_cppExport.cmake
[6.158s] -- Up-to-date: /home/tdt/tool/ros/install/project1/share/project1/cmake/export_project1__rosidl_typesupport_fastrtps_cppExport-noconfig.cmake
[6.158s] -- Up-to-date: /home/tdt/tool/ros/install/project1/share/project1/cmake/project1__rosidl_typesupport_introspection_cExport.cmake
[6.158s] -- Up-to-date: /home/tdt/tool/ros/install/project1/share/project1/cmake/project1__rosidl_typesupport_introspection_cExport-noconfig.cmake
[6.158s] -- Up-to-date: /home/tdt/tool/ros/install/project1/share/project1/cmake/project1__rosidl_typesupport_cExport.cmake
[6.158s] -- Up-to-date: /home/tdt/tool/ros/install/project1/share/project1/cmake/project1__rosidl_typesupport_cExport-noconfig.cmake
[6.158s] -- Up-to-date: /home/tdt/tool/ros/install/project1/share/project1/cmake/project1__rosidl_typesupport_introspection_cppExport.cmake
[6.158s] -- Up-to-date: /home/tdt/tool/ros/install/project1/share/project1/cmake/project1__rosidl_typesupport_introspection_cppExport-noconfig.cmake
[6.158s] -- Up-to-date: /home/tdt/tool/ros/install/project1/share/project1/cmake/project1__rosidl_typesupport_cppExport.cmake
[6.158s] -- Up-to-date: /home/tdt/tool/ros/install/project1/share/project1/cmake/project1__rosidl_typesupport_cppExport-noconfig.cmake
[6.158s] -- Up-to-date: /home/tdt/tool/ros/install/project1/share/project1/cmake/export_project1__rosidl_generator_pyExport.cmake
[6.158s] -- Up-to-date: /home/tdt/tool/ros/install/project1/share/project1/cmake/export_project1__rosidl_generator_pyExport-noconfig.cmake
[6.158s] -- Up-to-date: /home/tdt/tool/ros/install/project1/share/project1/cmake/rosidl_cmake-extras.cmake
[6.158s] -- Up-to-date: /home/tdt/tool/ros/install/project1/share/project1/cmake/ament_cmake_export_dependencies-extras.cmake
[6.158s] -- Installing: /home/tdt/tool/ros/install/project1/share/project1/cmake/ament_cmake_export_include_directories-extras.cmake
[6.158s] -- Up-to-date: /home/tdt/tool/ros/install/project1/share/project1/cmake/ament_cmake_export_libraries-extras.cmake
[6.158s] -- Up-to-date: /home/tdt/tool/ros/install/project1/share/project1/cmake/ament_cmake_export_targets-extras.cmake
[6.158s] -- Up-to-date: /home/tdt/tool/ros/install/project1/share/project1/cmake/rosidl_cmake_export_typesupport_targets-extras.cmake
[6.158s] -- Up-to-date: /home/tdt/tool/ros/install/project1/share/project1/cmake/rosidl_cmake_export_typesupport_libraries-extras.cmake
[6.158s] -- Up-to-date: /home/tdt/tool/ros/install/project1/share/project1/cmake/project1Config.cmake
[6.158s] -- Up-to-date: /home/tdt/tool/ros/install/project1/share/project1/cmake/project1Config-version.cmake
[6.158s] -- Up-to-date: /home/tdt/tool/ros/install/project1/share/project1/package.xml
[6.159s] Invoked command in '/home/tdt/tool/ros/build/project1' returned '0': CMAKE_PREFIX_PATH=/home/tdt/tool/ros/install/my_msgs:/home/tdt/tool/ros/install/project1:/opt/ros/humble LD_LIBRARY_PATH=/home/tdt/tool/ros/install/my_msgs/lib:/home/tdt/tool/ros/install/project1/lib:/opt/ros/humble/opt/rviz_ogre_vendor/lib:/opt/ros/humble/lib/x86_64-linux-gnu:/opt/ros/humble/lib /usr/bin/cmake --install /home/tdt/tool/ros/build/project1
