[35m[1mConsolidate compiler generated dependencies of target talker1_node[0m
[  5%] Built target project1__cpp
[ 11%] Built target project1__rosidl_generator_c
[ 17%] Built target listener1_node
[ 20%] [32mBuilding CXX object CMakeFiles/talker1_node.dir/src/talker1.cpp.o[0m
[ 20%] Built target ament_cmake_python_copy_project1
[ 28%] Built target project1__rosidl_typesupport_introspection_c
[ 37%] Built target project1__rosidl_typesupport_introspection_cpp
[ 45%] Built target project1__rosidl_typesupport_c
[ 54%] Built target project1__rosidl_typesupport_fastrtps_c
[ 62%] Built target project1__rosidl_typesupport_cpp
[ 71%] Built target project1__rosidl_typesupport_fastrtps_cpp
[ 71%] Built target project1
[ 74%] Built target project1__py
[ 80%] Built target project1__rosidl_generator_py
[ 85%] Built target project1__rosidl_typesupport_introspection_c__pyext
[ 91%] Built target project1__rosidl_typesupport_fastrtps_c__pyext
[ 97%] Built target project1__rosidl_typesupport_c__pyext
running egg_info
writing project1.egg-info/PKG-INFO
writing dependency_links to project1.egg-info/dependency_links.txt
writing top-level names to project1.egg-info/top_level.txt
reading manifest file 'project1.egg-info/SOURCES.txt'
writing manifest file 'project1.egg-info/SOURCES.txt'
[ 97%] Built target ament_cmake_python_build_project1_egg
[100%] [32m[1mLinking CXX executable talker1_node[0m
[100%] Built target talker1_node
-- Install configuration: ""
-- Up-to-date: /home/tdt/tool/ros/install/project1/share/ament_index/resource_index/rosidl_interfaces/project1
-- Up-to-date: /home/tdt/tool/ros/install/project1/include/project1/project1
-- Up-to-date: /home/tdt/tool/ros/install/project1/include/project1/project1/msg
-- Up-to-date: /home/tdt/tool/ros/install/project1/include/project1/project1/msg/detail
-- Up-to-date: /home/tdt/tool/ros/install/project1/include/project1/project1/msg/detail/msg1__functions.h
-- Up-to-date: /home/tdt/tool/ros/install/project1/include/project1/project1/msg/detail/msg1__functions.c
-- Up-to-date: /home/tdt/tool/ros/install/project1/include/project1/project1/msg/detail/msg1__struct.h
-- Up-to-date: /home/tdt/tool/ros/install/project1/include/project1/project1/msg/detail/msg1__type_support.h
-- Up-to-date: /home/tdt/tool/ros/install/project1/include/project1/project1/msg/msg1.h
-- Up-to-date: /home/tdt/tool/ros/install/project1/include/project1/project1/msg/rosidl_generator_c__visibility_control.h
-- Up-to-date: /home/tdt/tool/ros/install/project1/share/project1/environment/library_path.sh
-- Up-to-date: /home/tdt/tool/ros/install/project1/share/project1/environment/library_path.dsv
-- Up-to-date: /home/tdt/tool/ros/install/project1/lib/libproject1__rosidl_generator_c.so
-- Up-to-date: /home/tdt/tool/ros/install/project1/include/project1/project1
-- Up-to-date: /home/tdt/tool/ros/install/project1/include/project1/project1/msg
-- Up-to-date: /home/tdt/tool/ros/install/project1/include/project1/project1/msg/detail
-- Up-to-date: /home/tdt/tool/ros/install/project1/include/project1/project1/msg/detail/msg1__rosidl_typesupport_fastrtps_c.h
-- Up-to-date: /home/tdt/tool/ros/install/project1/include/project1/project1/msg/rosidl_typesupport_fastrtps_c__visibility_control.h
-- Up-to-date: /home/tdt/tool/ros/install/project1/lib/libproject1__rosidl_typesupport_fastrtps_c.so
-- Up-to-date: /home/tdt/tool/ros/install/project1/include/project1/project1
-- Up-to-date: /home/tdt/tool/ros/install/project1/include/project1/project1/msg
-- Up-to-date: /home/tdt/tool/ros/install/project1/include/project1/project1/msg/detail
-- Up-to-date: /home/tdt/tool/ros/install/project1/include/project1/project1/msg/detail/msg1__builder.hpp
-- Up-to-date: /home/tdt/tool/ros/install/project1/include/project1/project1/msg/detail/msg1__traits.hpp
-- Up-to-date: /home/tdt/tool/ros/install/project1/include/project1/project1/msg/detail/msg1__type_support.hpp
-- Up-to-date: /home/tdt/tool/ros/install/project1/include/project1/project1/msg/detail/msg1__struct.hpp
-- Up-to-date: /home/tdt/tool/ros/install/project1/include/project1/project1/msg/rosidl_generator_cpp__visibility_control.hpp
-- Up-to-date: /home/tdt/tool/ros/install/project1/include/project1/project1/msg/msg1.hpp
-- Up-to-date: /home/tdt/tool/ros/install/project1/include/project1/project1
-- Up-to-date: /home/tdt/tool/ros/install/project1/include/project1/project1/msg
-- Up-to-date: /home/tdt/tool/ros/install/project1/include/project1/project1/msg/detail
-- Up-to-date: /home/tdt/tool/ros/install/project1/include/project1/project1/msg/detail/dds_fastrtps
-- Up-to-date: /home/tdt/tool/ros/install/project1/include/project1/project1/msg/detail/msg1__rosidl_typesupport_fastrtps_cpp.hpp
-- Up-to-date: /home/tdt/tool/ros/install/project1/include/project1/project1/msg/rosidl_typesupport_fastrtps_cpp__visibility_control.h
-- Up-to-date: /home/tdt/tool/ros/install/project1/lib/libproject1__rosidl_typesupport_fastrtps_cpp.so
-- Up-to-date: /home/tdt/tool/ros/install/project1/include/project1/project1
-- Up-to-date: /home/tdt/tool/ros/install/project1/include/project1/project1/msg
-- Up-to-date: /home/tdt/tool/ros/install/project1/include/project1/project1/msg/detail
-- Up-to-date: /home/tdt/tool/ros/install/project1/include/project1/project1/msg/detail/msg1__type_support.c
-- Up-to-date: /home/tdt/tool/ros/install/project1/include/project1/project1/msg/detail/msg1__rosidl_typesupport_introspection_c.h
-- Up-to-date: /home/tdt/tool/ros/install/project1/include/project1/project1/msg/rosidl_typesupport_introspection_c__visibility_control.h
-- Up-to-date: /home/tdt/tool/ros/install/project1/lib/libproject1__rosidl_typesupport_introspection_c.so
-- Up-to-date: /home/tdt/tool/ros/install/project1/lib/libproject1__rosidl_typesupport_c.so
-- Up-to-date: /home/tdt/tool/ros/install/project1/include/project1/project1
-- Up-to-date: /home/tdt/tool/ros/install/project1/include/project1/project1/msg
-- Up-to-date: /home/tdt/tool/ros/install/project1/include/project1/project1/msg/detail
-- Up-to-date: /home/tdt/tool/ros/install/project1/include/project1/project1/msg/detail/msg1__rosidl_typesupport_introspection_cpp.hpp
-- Up-to-date: /home/tdt/tool/ros/install/project1/include/project1/project1/msg/detail/msg1__type_support.cpp
-- Up-to-date: /home/tdt/tool/ros/install/project1/lib/libproject1__rosidl_typesupport_introspection_cpp.so
-- Up-to-date: /home/tdt/tool/ros/install/project1/lib/libproject1__rosidl_typesupport_cpp.so
-- Up-to-date: /home/tdt/tool/ros/install/project1/share/project1/environment/pythonpath.sh
-- Up-to-date: /home/tdt/tool/ros/install/project1/share/project1/environment/pythonpath.dsv
-- Up-to-date: /home/tdt/tool/ros/install/project1/local/lib/python3.10/dist-packages/project1-0.0.0-py3.10.egg-info
-- Installing: /home/tdt/tool/ros/install/project1/local/lib/python3.10/dist-packages/project1-0.0.0-py3.10.egg-info/SOURCES.txt
-- Installing: /home/tdt/tool/ros/install/project1/local/lib/python3.10/dist-packages/project1-0.0.0-py3.10.egg-info/dependency_links.txt
-- Installing: /home/tdt/tool/ros/install/project1/local/lib/python3.10/dist-packages/project1-0.0.0-py3.10.egg-info/PKG-INFO
-- Installing: /home/tdt/tool/ros/install/project1/local/lib/python3.10/dist-packages/project1-0.0.0-py3.10.egg-info/top_level.txt
-- Up-to-date: /home/tdt/tool/ros/install/project1/local/lib/python3.10/dist-packages/project1
-- Up-to-date: /home/tdt/tool/ros/install/project1/local/lib/python3.10/dist-packages/project1/__init__.py
-- Up-to-date: /home/tdt/tool/ros/install/project1/local/lib/python3.10/dist-packages/project1/_project1_s.ep.rosidl_typesupport_introspection_c.c
-- Up-to-date: /home/tdt/tool/ros/install/project1/local/lib/python3.10/dist-packages/project1/msg
-- Up-to-date: /home/tdt/tool/ros/install/project1/local/lib/python3.10/dist-packages/project1/msg/__init__.py
-- Up-to-date: /home/tdt/tool/ros/install/project1/local/lib/python3.10/dist-packages/project1/msg/_msg1.py
-- Up-to-date: /home/tdt/tool/ros/install/project1/local/lib/python3.10/dist-packages/project1/msg/_msg1_s.c
-- Up-to-date: /home/tdt/tool/ros/install/project1/local/lib/python3.10/dist-packages/project1/libproject1__rosidl_generator_py.so
-- Up-to-date: /home/tdt/tool/ros/install/project1/local/lib/python3.10/dist-packages/project1/project1_s__rosidl_typesupport_fastrtps_c.cpython-310-x86_64-linux-gnu.so
-- Up-to-date: /home/tdt/tool/ros/install/project1/local/lib/python3.10/dist-packages/project1/project1_s__rosidl_typesupport_c.cpython-310-x86_64-linux-gnu.so
-- Up-to-date: /home/tdt/tool/ros/install/project1/local/lib/python3.10/dist-packages/project1/_project1_s.ep.rosidl_typesupport_fastrtps_c.c
-- Up-to-date: /home/tdt/tool/ros/install/project1/local/lib/python3.10/dist-packages/project1/_project1_s.ep.rosidl_typesupport_c.c
-- Up-to-date: /home/tdt/tool/ros/install/project1/local/lib/python3.10/dist-packages/project1/project1_s__rosidl_typesupport_introspection_c.cpython-310-x86_64-linux-gnu.so
Listing '/home/tdt/tool/ros/install/project1/local/lib/python3.10/dist-packages/project1'...
Listing '/home/tdt/tool/ros/install/project1/local/lib/python3.10/dist-packages/project1/msg'...
-- Up-to-date: /home/tdt/tool/ros/install/project1/local/lib/python3.10/dist-packages/project1/project1_s__rosidl_typesupport_fastrtps_c.cpython-310-x86_64-linux-gnu.so
-- Up-to-date: /home/tdt/tool/ros/install/project1/local/lib/python3.10/dist-packages/project1/project1_s__rosidl_typesupport_introspection_c.cpython-310-x86_64-linux-gnu.so
-- Up-to-date: /home/tdt/tool/ros/install/project1/local/lib/python3.10/dist-packages/project1/project1_s__rosidl_typesupport_c.cpython-310-x86_64-linux-gnu.so
-- Up-to-date: /home/tdt/tool/ros/install/project1/lib/libproject1__rosidl_generator_py.so
-- Up-to-date: /home/tdt/tool/ros/install/project1/share/project1/msg/Msg1.idl
-- Up-to-date: /home/tdt/tool/ros/install/project1/share/project1/msg/Msg1.msg
-- Up-to-date: /home/tdt/tool/ros/install/project1/include/project1
-- Up-to-date: /home/tdt/tool/ros/install/project1/include/project1/project1
-- Installing: /home/tdt/tool/ros/install/project1/lib/project1/talker1_node
-- Set runtime path of "/home/tdt/tool/ros/install/project1/lib/project1/talker1_node" to ""
-- Up-to-date: /home/tdt/tool/ros/install/project1/lib/project1/listener1_node
-- Up-to-date: /home/tdt/tool/ros/install/project1/share/ament_index/resource_index/package_run_dependencies/project1
-- Up-to-date: /home/tdt/tool/ros/install/project1/share/ament_index/resource_index/parent_prefix_path/project1
-- Up-to-date: /home/tdt/tool/ros/install/project1/share/project1/environment/ament_prefix_path.sh
-- Up-to-date: /home/tdt/tool/ros/install/project1/share/project1/environment/ament_prefix_path.dsv
-- Up-to-date: /home/tdt/tool/ros/install/project1/share/project1/environment/path.sh
-- Up-to-date: /home/tdt/tool/ros/install/project1/share/project1/environment/path.dsv
-- Up-to-date: /home/tdt/tool/ros/install/project1/share/project1/local_setup.bash
-- Up-to-date: /home/tdt/tool/ros/install/project1/share/project1/local_setup.sh
-- Up-to-date: /home/tdt/tool/ros/install/project1/share/project1/local_setup.zsh
-- Up-to-date: /home/tdt/tool/ros/install/project1/share/project1/local_setup.dsv
-- Installing: /home/tdt/tool/ros/install/project1/share/project1/package.dsv
-- Up-to-date: /home/tdt/tool/ros/install/project1/share/ament_index/resource_index/packages/project1
-- Up-to-date: /home/tdt/tool/ros/install/project1/share/project1/cmake/export_project1__rosidl_generator_cExport.cmake
-- Up-to-date: /home/tdt/tool/ros/install/project1/share/project1/cmake/export_project1__rosidl_generator_cExport-noconfig.cmake
-- Up-to-date: /home/tdt/tool/ros/install/project1/share/project1/cmake/export_project1__rosidl_typesupport_fastrtps_cExport.cmake
-- Up-to-date: /home/tdt/tool/ros/install/project1/share/project1/cmake/export_project1__rosidl_typesupport_fastrtps_cExport-noconfig.cmake
-- Up-to-date: /home/tdt/tool/ros/install/project1/share/project1/cmake/export_project1__rosidl_generator_cppExport.cmake
-- Up-to-date: /home/tdt/tool/ros/install/project1/share/project1/cmake/export_project1__rosidl_typesupport_fastrtps_cppExport.cmake
-- Up-to-date: /home/tdt/tool/ros/install/project1/share/project1/cmake/export_project1__rosidl_typesupport_fastrtps_cppExport-noconfig.cmake
-- Up-to-date: /home/tdt/tool/ros/install/project1/share/project1/cmake/project1__rosidl_typesupport_introspection_cExport.cmake
-- Up-to-date: /home/tdt/tool/ros/install/project1/share/project1/cmake/project1__rosidl_typesupport_introspection_cExport-noconfig.cmake
-- Up-to-date: /home/tdt/tool/ros/install/project1/share/project1/cmake/project1__rosidl_typesupport_cExport.cmake
-- Up-to-date: /home/tdt/tool/ros/install/project1/share/project1/cmake/project1__rosidl_typesupport_cExport-noconfig.cmake
-- Up-to-date: /home/tdt/tool/ros/install/project1/share/project1/cmake/project1__rosidl_typesupport_introspection_cppExport.cmake
-- Up-to-date: /home/tdt/tool/ros/install/project1/share/project1/cmake/project1__rosidl_typesupport_introspection_cppExport-noconfig.cmake
-- Up-to-date: /home/tdt/tool/ros/install/project1/share/project1/cmake/project1__rosidl_typesupport_cppExport.cmake
-- Up-to-date: /home/tdt/tool/ros/install/project1/share/project1/cmake/project1__rosidl_typesupport_cppExport-noconfig.cmake
-- Up-to-date: /home/tdt/tool/ros/install/project1/share/project1/cmake/export_project1__rosidl_generator_pyExport.cmake
-- Up-to-date: /home/tdt/tool/ros/install/project1/share/project1/cmake/export_project1__rosidl_generator_pyExport-noconfig.cmake
-- Up-to-date: /home/tdt/tool/ros/install/project1/share/project1/cmake/rosidl_cmake-extras.cmake
-- Up-to-date: /home/tdt/tool/ros/install/project1/share/project1/cmake/ament_cmake_export_dependencies-extras.cmake
-- Up-to-date: /home/tdt/tool/ros/install/project1/share/project1/cmake/ament_cmake_export_include_directories-extras.cmake
-- Up-to-date: /home/tdt/tool/ros/install/project1/share/project1/cmake/ament_cmake_export_libraries-extras.cmake
-- Up-to-date: /home/tdt/tool/ros/install/project1/share/project1/cmake/ament_cmake_export_targets-extras.cmake
-- Up-to-date: /home/tdt/tool/ros/install/project1/share/project1/cmake/rosidl_cmake_export_typesupport_targets-extras.cmake
-- Up-to-date: /home/tdt/tool/ros/install/project1/share/project1/cmake/rosidl_cmake_export_typesupport_libraries-extras.cmake
-- Up-to-date: /home/tdt/tool/ros/install/project1/share/project1/cmake/project1Config.cmake
-- Up-to-date: /home/tdt/tool/ros/install/project1/share/project1/cmake/project1Config-version.cmake
-- Up-to-date: /home/tdt/tool/ros/install/project1/share/project1/package.xml
